Log file open, 04/23/19 17:32:33
LogWindows: Failed to load 'aqProf.dll' (GetLastError=126)
LogWindows: File 'aqProf.dll' does not exist
LogWindows: Failed to load 'VtuneApi.dll' (GetLastError=126)
LogWindows: File 'VtuneApi.dll' does not exist
LogWindows: Failed to load 'VtuneApi32e.dll' (GetLastError=126)
LogWindows: File 'VtuneApi32e.dll' does not exist
LogConsoleResponse: Display: Failed to find resolution value strings in scalability ini. Falling back to default.
LogInit: Display: Running engine for game: OPSYN
LogPakFile: Registered encryption key '00000000000000000000000000000000': 0 pak files mounted, 0 remain pending
LogPlatformFile: Not using cached read wrapper
LogTaskGraph: Started task graph with 5 named threads and 23 total threads with 3 sets of task threads.
LogStats: Stats thread started at 0.298544
LogD3D11RHI: Loaded GFSDK_Aftermath_Lib.x64.dll
LogICUInternationalization: ICU TimeZone Detection - Raw Offset: -5:00, Platform Override: ''
LogPluginManager: Mounting plugin Paper2D
LogPluginManager: Mounting plugin AISupport
LogPluginManager: Mounting plugin LightPropagationVolume
LogPluginManager: Mounting plugin ActorLayerUtilities
LogPluginManager: Mounting plugin CLionSourceCodeAccess
LogPluginManager: Mounting plugin CodeLiteSourceCodeAccess
LogPluginManager: Mounting plugin GitSourceControl
LogPluginManager: Mounting plugin KDevelopSourceCodeAccess
LogPluginManager: Mounting plugin NullSourceCodeAccess
LogPluginManager: Mounting plugin PerforceSourceControl
LogPluginManager: Mounting plugin SubversionSourceControl
LogPluginManager: Mounting plugin UObjectPlugin
LogPluginManager: Mounting plugin VisualStudioCodeSourceCodeAccess
LogPluginManager: Mounting plugin VisualStudioSourceCodeAccess
LogPluginManager: Mounting plugin XCodeSourceCodeAccess
LogPluginManager: Mounting plugin AssetManagerEditor
LogPluginManager: Mounting plugin CryptoKeys
LogPluginManager: Mounting plugin DataValidation
LogPluginManager: Mounting plugin FacialAnimation
LogPluginManager: Mounting plugin GameplayTagsEditor
LogPluginManager: Mounting plugin MacGraphicsSwitching
LogPluginManager: Mounting plugin MeshEditor
LogPluginManager: Mounting plugin MobileLauncherProfileWizard
LogPluginManager: Mounting plugin PluginBrowser
LogPluginManager: Mounting plugin SpeedTreeImporter
LogPluginManager: Mounting plugin DatasmithContent
LogPluginManager: Mounting plugin VariantManagerContent
LogPluginManager: Mounting plugin AlembicImporter
LogPluginManager: Mounting plugin AppleImageUtils
LogPluginManager: Mounting plugin AppleVision
LogPluginManager: Mounting plugin BackChannel
LogPluginManager: Mounting plugin CharacterAI
LogPluginManager: Mounting plugin GeometryCache
LogPluginManager: Mounting plugin HTML5Networking
LogPluginManager: Mounting plugin ProxyLODPlugin
LogPluginManager: Mounting plugin MagicLeap
LogPluginManager: Mounting plugin MagicLeapMedia
LogPluginManager: Mounting plugin AndroidMedia
LogPluginManager: Mounting plugin AvfMedia
LogPluginManager: Mounting plugin ImgMedia
LogPluginManager: Mounting plugin LinearTimecode
LogPluginManager: Mounting plugin MediaCompositing
LogPluginManager: Mounting plugin MediaPlayerEditor
LogPluginManager: Mounting plugin WebMMedia
LogPluginManager: Mounting plugin WmfMedia
LogPluginManager: Mounting plugin TcpMessaging
LogPluginManager: Mounting plugin UdpMessaging
LogPluginManager: Mounting plugin ActorSequence
LogPluginManager: Mounting plugin LevelSequenceEditor
LogPluginManager: Mounting plugin MatineeToLevelSequence
LogPluginManager: Mounting plugin NetcodeUnitTest
LogPluginManager: Mounting plugin NUTUnrealEngine4
LogPluginManager: Mounting plugin OnlineSubsystemGooglePlay
LogPluginManager: Mounting plugin OnlineSubsystemIOS
LogPluginManager: Mounting plugin OnlineSubsystem
LogPluginManager: Mounting plugin OnlineSubsystemNull
LogPluginManager: Mounting plugin OnlineSubsystemUtils
LogPluginManager: Mounting plugin LauncherChunkInstaller
LogPluginManager: Mounting plugin AndroidDeviceProfileSelector
LogPluginManager: Mounting plugin AndroidMoviePlayer
LogPluginManager: Mounting plugin AndroidPermission
LogPluginManager: Mounting plugin AppleMoviePlayer
LogPluginManager: Mounting plugin ArchVisCharacter
LogPluginManager: Mounting plugin AudioCapture
LogPluginManager: Mounting plugin CableComponent
LogPluginManager: Mounting plugin CustomMeshComponent
LogPluginManager: Mounting plugin EditableMesh
LogPluginManager: Mounting plugin ExampleDeviceProfileSelector
LogPluginManager: Mounting plugin Firebase
LogPluginManager: Mounting plugin GoogleCloudMessaging
LogPluginManager: Mounting plugin IOSDeviceProfileSelector
LogPluginManager: Mounting plugin LeapMotion
LogPluginManager: Mounting plugin LinuxDeviceProfileSelector
LogPluginManager: Mounting plugin LocationServicesBPLibrary
LogPluginManager: Mounting plugin MobilePatchingUtils
LogPluginManager: Mounting plugin OculusVR
LogPluginManager: Mounting plugin PhysXVehicles
LogPluginManager: Mounting plugin ProceduralMeshComponent
LogPluginManager: Mounting plugin RuntimePhysXCooking
LogPluginManager: Mounting plugin SteamVR
LogPluginManager: Mounting plugin WebMMoviePlayer
LogPluginManager: Mounting plugin WindowsMoviePlayer
LogPluginManager: Mounting plugin OSC
LogStreaming: Display: Took  0.117s to configure plugins.
LogInit: Using libcurl 7.55.1-DEV
LogInit:  - built for x86_64-pc-win32
LogInit:  - supports SSL with OpenSSL/1.0.2h
LogInit:  - supports HTTP deflate (compression) using libz 1.2.8
LogInit:  - other features:
LogInit:      CURL_VERSION_SSL
LogInit:      CURL_VERSION_LIBZ
LogInit:      CURL_VERSION_IPV6
LogInit:      CURL_VERSION_ASYNCHDNS
LogInit:      CURL_VERSION_LARGEFILE
LogInit:      CURL_VERSION_IDN
LogInit:  CurlRequestOptions (configurable via config and command line):
LogInit:  - bVerifyPeer = true  - Libcurl will verify peer certificate
LogInit:  - bUseHttpProxy = false  - Libcurl will NOT use HTTP proxy
LogInit:  - bDontReuseConnections = false  - Libcurl will reuse connections
LogInit:  - MaxHostConnections = 16  - Libcurl will limit the number of connections to a host
LogInit:  - LocalHostAddr = Default
LogInit:  - BufferSize = 65536
LogInit: WinSock: version 1.1 (2.2), MaxSocks=32767, MaxUdp=65467
LogHMD: Failed initializing OVRPlugin 1.28.0
LogInit: Build: ++UE4+Release-4.21-CL-4613538
LogInit: Engine Version: 4.21.1-4613538+++UE4+Release-4.21
LogInit: Compatible Engine Version: 4.21.0-4541578+++UE4+Release-4.21
LogInit: Net CL: 4541578
LogInit: OS: Windows 10 (), CPU: Intel(R) Core(TM) i7-7700HQ CPU @ 2.80GHz, GPU: Intel(R) HD Graphics 630
LogInit: Compiled (64-bit): Nov 30 2018 04:13:25
LogInit: Compiled with Visual C++: 19.13.26129.00
LogInit: Build Configuration: Development
LogInit: Branch Name: ++UE4+Release-4.21
LogInit: Command Line: 
LogInit: Base Directory: C:/Program Files/Epic Games/UE_4.21/Engine/Binaries/Win64/
LogInit: Installed Engine Build: 1
LogDevObjectVersion: Number of dev versions registered: 22
LogDevObjectVersion:   Dev-Blueprints (B0D832E4-1F89-4F0D-ACCF-7EB736FD4AA2): 10
LogDevObjectVersion:   Dev-Build (E1C64328-A22C-4D53-A36C-8E866417BD8C): 0
LogDevObjectVersion:   Dev-Core (375EC13C-06E4-48FB-B500-84F0262A717E): 2
LogDevObjectVersion:   Dev-Editor (E4B068ED-F494-42E9-A231-DA0B2E46BB41): 26
LogDevObjectVersion:   Dev-Framework (CFFC743F-43B0-4480-9391-14DF171D2073): 34
LogDevObjectVersion:   Dev-Mobile (B02B49B5-BB20-44E9-A304-32B752E40360): 2
LogDevObjectVersion:   Dev-Networking (A4E4105C-59A1-49B5-A7C5-40C4547EDFEE): 0
LogDevObjectVersion:   Dev-Online (39C831C9-5AE6-47DC-9A44-9C173E1C8E7C): 0
LogDevObjectVersion:   Dev-Physics (78F01B33-EBEA-4F98-B9B4-84EACCB95AA2): 0
LogDevObjectVersion:   Dev-Platform (6631380F-2D4D-43E0-8009-CF276956A95A): 0
LogDevObjectVersion:   Dev-Rendering (12F88B9F-8875-4AFC-A67C-D90C383ABD29): 27
LogDevObjectVersion:   Dev-Sequencer (7B5AE74C-D270-4C10-A958-57980B212A5A): 9
LogDevObjectVersion:   Dev-VR (D7296918-1DD6-4BDD-9DE2-64A83CC13884): 2
LogDevObjectVersion:   Dev-LoadTimes (C2A15278-BFE7-4AFE-6C17-90FF531DF755): 1
LogDevObjectVersion:   Private-Geometry (6EACA3D4-40EC-4CC1-B786-8BED09428FC5): 3
LogDevObjectVersion:   Dev-AnimPhys (29E575DD-E0A3-4627-9D10-D276232CDCEA): 17
LogDevObjectVersion:   Dev-Anim (AF43A65D-7FD3-4947-9873-3E8ED9C1BB05): 2
LogDevObjectVersion:   Dev-ReflectionCapture (6B266CEC-1EC7-4B8F-A30B-E4D90942FC07): 1
LogDevObjectVersion:   Dev-Automation (0DF73D61-A23F-47EA-B727-89E90C41499A): 1
LogDevObjectVersion:   FortniteMain (601D1886-AC64-4F84-AA16-D3DE0DEAC7D6): 17
LogDevObjectVersion:   Dev-Enterprise (9DFFBCD6-494F-0158-E221-12823C92A888): 4
LogDevObjectVersion:   Dev-Niagara (F2AED0AC-9AFE-416F-8664-AA7FFA26D6FC): 1
LogStreaming: Display: Took  0.002s to delete old logs.
LogInit: Presizing for max 8388607 objects, including 0 objects not considered by GC, pre-allocating 0 bytes for permanent pool.
LogInit: Object subsystem initialized
LogConfig: Setting CVar [[con.DebugEarlyDefault:1]]
LogConfig: Setting CVar [[r.setres:1280x720]]
[2019.04.23-21.32.34:511][  0]LogConfig: Setting CVar [[r.VSync:0]]
[2019.04.23-21.32.34:511][  0]LogConfig: Setting CVar [[r.RHICmdBypass:0]]
[2019.04.23-21.32.34:511][  0]LogConfig: Applying CVar settings from Section [/Script/Engine.RendererSettings] File [C:/Users/luste/Documents/GitHub/OPSYN-Out-of-Place-Synthesizer-/OPSYN/Saved/Config/Windows/Engine.ini]
[2019.04.23-21.32.34:511][  0]LogConfig: Setting CVar [[r.GPUCrashDebugging:0]]
[2019.04.23-21.32.34:511][  0]LogConfig: Applying CVar settings from Section [/Script/Engine.RendererOverrideSettings] File [C:/Users/luste/Documents/GitHub/OPSYN-Out-of-Place-Synthesizer-/OPSYN/Saved/Config/Windows/Engine.ini]
[2019.04.23-21.32.34:511][  0]LogConfig: Applying CVar settings from Section [/Script/Engine.StreamingSettings] File [C:/Users/luste/Documents/GitHub/OPSYN-Out-of-Place-Synthesizer-/OPSYN/Saved/Config/Windows/Engine.ini]
[2019.04.23-21.32.34:511][  0]LogConfig: Setting CVar [[s.MinBulkDataSizeForAsyncLoading:131072]]
[2019.04.23-21.32.34:511][  0]LogConfig: Setting CVar [[s.AsyncLoadingThreadEnabled:0]]
[2019.04.23-21.32.34:511][  0]LogConfig: Setting CVar [[s.EventDrivenLoaderEnabled:1]]
[2019.04.23-21.32.34:512][  0]LogConfig: Setting CVar [[s.WarnIfTimeLimitExceeded:0]]
[2019.04.23-21.32.34:512][  0]LogConfig: Setting CVar [[s.TimeLimitExceededMultiplier:1.5]]
[2019.04.23-21.32.34:512][  0]LogConfig: Setting CVar [[s.TimeLimitExceededMinTime:0.005]]
[2019.04.23-21.32.34:512][  0]LogConfig: Setting CVar [[s.UseBackgroundLevelStreaming:1]]
[2019.04.23-21.32.34:512][  0]LogConfig: Setting CVar [[s.PriorityAsyncLoadingExtraTime:15.0]]
[2019.04.23-21.32.34:512][  0]LogConfig: Setting CVar [[s.LevelStreamingActorsUpdateTimeLimit:5.0]]
[2019.04.23-21.32.34:512][  0]LogConfig: Setting CVar [[s.PriorityLevelStreamingActorsUpdateExtraTime:5.0]]
[2019.04.23-21.32.34:512][  0]LogConfig: Setting CVar [[s.LevelStreamingComponentsRegistrationGranularity:10]]
[2019.04.23-21.32.34:512][  0]LogConfig: Setting CVar [[s.UnregisterComponentsTimeLimit:1.0]]
[2019.04.23-21.32.34:512][  0]LogConfig: Setting CVar [[s.LevelStreamingComponentsUnregistrationGranularity:5]]
[2019.04.23-21.32.34:512][  0]LogConfig: Applying CVar settings from Section [/Script/Engine.GarbageCollectionSettings] File [C:/Users/luste/Documents/GitHub/OPSYN-Out-of-Place-Synthesizer-/OPSYN/Saved/Config/Windows/Engine.ini]
[2019.04.23-21.32.34:512][  0]LogConfig: Setting CVar [[gc.MaxObjectsNotConsideredByGC:1]]
[2019.04.23-21.32.34:512][  0]LogConfig: Setting CVar [[gc.SizeOfPermanentObjectPool:0]]
[2019.04.23-21.32.34:512][  0]LogConfig: Setting CVar [[gc.FlushStreamingOnGC:0]]
[2019.04.23-21.32.34:512][  0]LogConfig: Setting CVar [[gc.NumRetriesBeforeForcingGC:10]]
[2019.04.23-21.32.34:512][  0]LogConfig: Setting CVar [[gc.AllowParallelGC:1]]
[2019.04.23-21.32.34:512][  0]LogConfig: Setting CVar [[gc.TimeBetweenPurgingPendingKillObjects:61.1]]
[2019.04.23-21.32.34:512][  0]LogConfig: Setting CVar [[gc.MaxObjectsInEditor:8388607]]
[2019.04.23-21.32.34:512][  0]LogConfig: Setting CVar [[gc.IncrementalBeginDestroyEnabled:1]]
[2019.04.23-21.32.34:512][  0]LogConfig: Setting CVar [[gc.CreateGCClusters:1]]
[2019.04.23-21.32.34:512][  0]LogConfig: Setting CVar [[gc.MergeGCClusters:0]]
[2019.04.23-21.32.34:512][  0]LogConfig: Setting CVar [[gc.MinGCClusterSize:5]]
[2019.04.23-21.32.34:512][  0]LogConfig: Setting CVar [[gc.ActorClusteringEnabled:0]]
[2019.04.23-21.32.34:512][  0]LogConfig: Setting CVar [[gc.BlueprintClusteringEnabled:0]]
[2019.04.23-21.32.34:512][  0]LogConfig: Setting CVar [[gc.UseDisregardForGCOnDedicatedServers:0]]
[2019.04.23-21.32.34:512][  0]LogConfig: Applying CVar settings from Section [/Script/Engine.NetworkSettings] File [C:/Users/luste/Documents/GitHub/OPSYN-Out-of-Place-Synthesizer-/OPSYN/Saved/Config/Windows/Engine.ini]
[2019.04.23-21.32.34:512][  0]LogConfig: Applying CVar settings from Section [/Script/UnrealEd.CookerSettings] File [C:/Users/luste/Documents/GitHub/OPSYN-Out-of-Place-Synthesizer-/OPSYN/Saved/Config/Windows/Engine.ini]
[2019.04.23-21.32.34:517][  0]LogConfig: Applying CVar settings from Section [ViewDistanceQuality@3] File [C:/Users/luste/Documents/GitHub/OPSYN-Out-of-Place-Synthesizer-/OPSYN/Saved/Config/Windows/Scalability.ini]
[2019.04.23-21.32.34:517][  0]LogConfig: Setting CVar [[r.SkeletalMeshLODBias:0]]
[2019.04.23-21.32.34:517][  0]LogConfig: Setting CVar [[r.ViewDistanceScale:1.0]]
[2019.04.23-21.32.34:517][  0]LogConfig: Applying CVar settings from Section [AntiAliasingQuality@3] File [C:/Users/luste/Documents/GitHub/OPSYN-Out-of-Place-Synthesizer-/OPSYN/Saved/Config/Windows/Scalability.ini]
[2019.04.23-21.32.34:517][  0]LogConfig: Setting CVar [[r.PostProcessAAQuality:4]]
[2019.04.23-21.32.34:517][  0]LogConfig: Applying CVar settings from Section [ShadowQuality@3] File [C:/Users/luste/Documents/GitHub/OPSYN-Out-of-Place-Synthesizer-/OPSYN/Saved/Config/Windows/Scalability.ini]
[2019.04.23-21.32.34:517][  0]LogConfig: Setting CVar [[r.LightFunctionQuality:1]]
[2019.04.23-21.32.34:517][  0]LogConfig: Setting CVar [[r.ShadowQuality:5]]
[2019.04.23-21.32.34:517][  0]LogConfig: Setting CVar [[r.Shadow.CSM.MaxCascades:10]]
[2019.04.23-21.32.34:517][  0]LogConfig: Setting CVar [[r.Shadow.MaxResolution:2048]]
[2019.04.23-21.32.34:517][  0]LogConfig: Setting CVar [[r.Shadow.MaxCSMResolution:2048]]
[2019.04.23-21.32.34:517][  0]LogConfig: Setting CVar [[r.Shadow.RadiusThreshold:0.01]]
[2019.04.23-21.32.34:517][  0]LogConfig: Setting CVar [[r.Shadow.DistanceScale:1.0]]
[2019.04.23-21.32.34:517][  0]LogConfig: Setting CVar [[r.Shadow.CSM.TransitionScale:1.0]]
[2019.04.23-21.32.34:517][  0]LogConfig: Setting CVar [[r.Shadow.PreShadowResolutionFactor:1.0]]
[2019.04.23-21.32.34:517][  0]LogConfig: Setting CVar [[r.DistanceFieldShadowing:1]]
[2019.04.23-21.32.34:517][  0]LogConfig: Setting CVar [[r.DistanceFieldAO:1]]
[2019.04.23-21.32.34:517][  0]LogConfig: Setting CVar [[r.AOQuality:2]]
[2019.04.23-21.32.34:517][  0]LogConfig: Setting CVar [[r.VolumetricFog:1]]
[2019.04.23-21.32.34:517][  0]LogConfig: Setting CVar [[r.VolumetricFog.GridPixelSize:8]]
[2019.04.23-21.32.34:517][  0]LogConfig: Setting CVar [[r.VolumetricFog.GridSizeZ:128]]
[2019.04.23-21.32.34:517][  0]LogConfig: Setting CVar [[r.VolumetricFog.HistoryMissSupersampleCount:4]]
[2019.04.23-21.32.34:517][  0]LogConfig: Setting CVar [[r.LightMaxDrawDistanceScale:1]]
[2019.04.23-21.32.34:517][  0]LogConfig: Setting CVar [[r.CapsuleShadows:1]]
[2019.04.23-21.32.34:517][  0]LogConfig: Applying CVar settings from Section [PostProcessQuality@3] File [C:/Users/luste/Documents/GitHub/OPSYN-Out-of-Place-Synthesizer-/OPSYN/Saved/Config/Windows/Scalability.ini]
[2019.04.23-21.32.34:517][  0]LogConfig: Setting CVar [[r.MotionBlurQuality:4]]
[2019.04.23-21.32.34:517][  0]LogConfig: Setting CVar [[r.AmbientOcclusionMipLevelFactor:0.4]]
[2019.04.23-21.32.34:517][  0]LogConfig: Setting CVar [[r.AmbientOcclusionMaxQuality:100]]
[2019.04.23-21.32.34:517][  0]LogConfig: Setting CVar [[r.AmbientOcclusionLevels:-1]]
[2019.04.23-21.32.34:517][  0]LogConfig: Setting CVar [[r.AmbientOcclusionRadiusScale:1.0]]
[2019.04.23-21.32.34:517][  0]LogConfig: Setting CVar [[r.DepthOfFieldQuality:2]]
[2019.04.23-21.32.34:517][  0]LogConfig: Setting CVar [[r.RenderTargetPoolMin:400]]
[2019.04.23-21.32.34:517][  0]LogConfig: Setting CVar [[r.LensFlareQuality:2]]
[2019.04.23-21.32.34:517][  0]LogConfig: Setting CVar [[r.SceneColorFringeQuality:1]]
[2019.04.23-21.32.34:517][  0]LogConfig: Setting CVar [[r.EyeAdaptationQuality:2]]
[2019.04.23-21.32.34:517][  0]LogConfig: Setting CVar [[r.BloomQuality:5]]
[2019.04.23-21.32.34:517][  0]LogConfig: Setting CVar [[r.FastBlurThreshold:100]]
[2019.04.23-21.32.34:517][  0]LogConfig: Setting CVar [[r.Upscale.Quality:3]]
[2019.04.23-21.32.34:517][  0]LogConfig: Setting CVar [[r.Tonemapper.GrainQuantization:1]]
[2019.04.23-21.32.34:517][  0]LogConfig: Setting CVar [[r.LightShaftQuality:1]]
[2019.04.23-21.32.34:517][  0]LogConfig: Setting CVar [[r.Filter.SizeScale:1]]
[2019.04.23-21.32.34:517][  0]LogConfig: Setting CVar [[r.Tonemapper.Quality:5]]
[2019.04.23-21.32.34:517][  0]LogConfig: Setting CVar [[r.DOF.Gather.AccumulatorQuality:1        ; higher gathering accumulator quality]]
[2019.04.23-21.32.34:517][  0]LogConfig: Setting CVar [[r.DOF.Gather.PostfilterMethod:1          ; Median3x3 postfilering method]]
[2019.04.23-21.32.34:517][  0]LogConfig: Setting CVar [[r.DOF.Gather.EnableBokehSettings:0       ; no bokeh simulation when gathering]]
[2019.04.23-21.32.34:517][  0]LogConfig: Setting CVar [[r.DOF.Gather.RingCount:4                 ; medium number of samples when gathering]]
[2019.04.23-21.32.34:517][  0]LogConfig: Setting CVar [[r.DOF.Scatter.ForegroundCompositing:1    ; additive foreground scattering]]
[2019.04.23-21.32.34:517][  0]LogConfig: Setting CVar [[r.DOF.Scatter.BackgroundCompositing:2    ; additive background scattering]]
[2019.04.23-21.32.34:517][  0]LogConfig: Setting CVar [[r.DOF.Scatter.EnableBokehSettings:1      ; bokeh simulation when scattering]]
[2019.04.23-21.32.34:517][  0]LogConfig: Setting CVar [[r.DOF.Scatter.MaxSpriteRatio:0.1         ; only a maximum of 10% of scattered bokeh]]
[2019.04.23-21.32.34:517][  0]LogConfig: Setting CVar [[r.DOF.Recombine.Quality:1                ; cheap slight out of focus]]
[2019.04.23-21.32.34:517][  0]LogConfig: Setting CVar [[r.DOF.Recombine.EnableBokehSettings:0    ; no bokeh simulation on slight out of focus]]
[2019.04.23-21.32.34:517][  0]LogConfig: Setting CVar [[r.DOF.TemporalAAQuality:1                ; more stable temporal accumulation]]
[2019.04.23-21.32.34:517][  0]LogConfig: Setting CVar [[r.DOF.Kernel.MaxForegroundRadius:0.025]]
[2019.04.23-21.32.34:517][  0]LogConfig: Setting CVar [[r.DOF.Kernel.MaxBackgroundRadius:0.025]]
[2019.04.23-21.32.34:518][  0]LogConfig: Applying CVar settings from Section [TextureQuality@3] File [C:/Users/luste/Documents/GitHub/OPSYN-Out-of-Place-Synthesizer-/OPSYN/Saved/Config/Windows/Scalability.ini]
[2019.04.23-21.32.34:518][  0]LogConfig: Setting CVar [[r.Streaming.MipBias:0]]
[2019.04.23-21.32.34:518][  0]LogConfig: Setting CVar [[r.Streaming.AmortizeCPUToGPUCopy:0]]
[2019.04.23-21.32.34:518][  0]LogConfig: Setting CVar [[r.Streaming.MaxNumTexturesToStreamPerFrame:0]]
[2019.04.23-21.32.34:518][  0]LogConfig: Setting CVar [[r.Streaming.Boost:1]]
[2019.04.23-21.32.34:518][  0]LogConfig: Setting CVar [[r.MaxAnisotropy:8]]
[2019.04.23-21.32.34:518][  0]LogConfig: Setting CVar [[r.Streaming.LimitPoolSizeToVRAM:0]]
[2019.04.23-21.32.34:518][  0]LogConfig: Setting CVar [[r.Streaming.PoolSize:1000]]
[2019.04.23-21.32.34:518][  0]LogConfig: Setting CVar [[r.Streaming.MaxEffectiveScreenSize:0]]
[2019.04.23-21.32.34:518][  0]LogConfig: Applying CVar settings from Section [EffectsQuality@3] File [C:/Users/luste/Documents/GitHub/OPSYN-Out-of-Place-Synthesizer-/OPSYN/Saved/Config/Windows/Scalability.ini]
[2019.04.23-21.32.34:518][  0]LogConfig: Setting CVar [[r.TranslucencyLightingVolumeDim:64]]
[2019.04.23-21.32.34:518][  0]LogConfig: Setting CVar [[r.RefractionQuality:2]]
[2019.04.23-21.32.34:518][  0]LogConfig: Setting CVar [[r.SSR.Quality:3]]
[2019.04.23-21.32.34:518][  0]LogConfig: Setting CVar [[r.SceneColorFormat:4]]
[2019.04.23-21.32.34:518][  0]LogConfig: Setting CVar [[r.DetailMode:2]]
[2019.04.23-21.32.34:518][  0]LogConfig: Setting CVar [[r.TranslucencyVolumeBlur:1]]
[2019.04.23-21.32.34:518][  0]LogConfig: Setting CVar [[r.MaterialQualityLevel:1 ; High quality]]
[2019.04.23-21.32.34:518][  0]LogConfig: Setting CVar [[r.SSS.Scale:1]]
[2019.04.23-21.32.34:518][  0]LogConfig: Setting CVar [[r.SSS.SampleSet:2]]
[2019.04.23-21.32.34:518][  0]LogConfig: Setting CVar [[r.SSS.Quality:1]]
[2019.04.23-21.32.34:518][  0]LogConfig: Setting CVar [[r.SSS.HalfRes:1]]
[2019.04.23-21.32.34:518][  0]LogConfig: Setting CVar [[r.EmitterSpawnRateScale:1.0]]
[2019.04.23-21.32.34:518][  0]LogConfig: Setting CVar [[r.ParticleLightQuality:2]]
[2019.04.23-21.32.34:518][  0]LogConfig: Applying CVar settings from Section [FoliageQuality@3] File [C:/Users/luste/Documents/GitHub/OPSYN-Out-of-Place-Synthesizer-/OPSYN/Saved/Config/Windows/Scalability.ini]
[2019.04.23-21.32.34:518][  0]LogConfig: Setting CVar [[foliage.DensityScale:1.0]]
[2019.04.23-21.32.34:518][  0]LogConfig: Setting CVar [[grass.DensityScale:1.0]]
[2019.04.23-21.32.34:518][  0]LogInit: Selected Device Profile: [Windows]
[2019.04.23-21.32.34:518][  0]LogInit: Applying CVar settings loaded from the selected device profile: [Windows]
[2019.04.23-21.32.34:533][  0]LogHAL: Display: Platform has ~ 16 GB [17065697280 / 17179869184 / 16], which maps to Larger [LargestMinGB=32, LargerMinGB=12, DefaultMinGB=8, SmallerMinGB=6, SmallestMinGB=0)
[2019.04.23-21.32.34:533][  0]LogConfig: Setting CVar [[r.Vulkan.UseRealUBs:1]]
[2019.04.23-21.32.34:533][  0]LogInit: Going up to parent DeviceProfile []
[2019.04.23-21.32.34:533][  0]LogConfig: Applying CVar settings from Section [ViewDistanceQuality@3] File [C:/Users/luste/Documents/GitHub/OPSYN-Out-of-Place-Synthesizer-/OPSYN/Saved/Config/Windows/Scalability.ini]
[2019.04.23-21.32.34:533][  0]LogConfig: Setting CVar [[r.SkeletalMeshLODBias:0]]
[2019.04.23-21.32.34:533][  0]LogConfig: Setting CVar [[r.ViewDistanceScale:1.0]]
[2019.04.23-21.32.34:533][  0]LogConfig: Applying CVar settings from Section [AntiAliasingQuality@3] File [C:/Users/luste/Documents/GitHub/OPSYN-Out-of-Place-Synthesizer-/OPSYN/Saved/Config/Windows/Scalability.ini]
[2019.04.23-21.32.34:533][  0]LogConfig: Setting CVar [[r.PostProcessAAQuality:4]]
[2019.04.23-21.32.34:533][  0]LogConfig: Applying CVar settings from Section [ShadowQuality@3] File [C:/Users/luste/Documents/GitHub/OPSYN-Out-of-Place-Synthesizer-/OPSYN/Saved/Config/Windows/Scalability.ini]
[2019.04.23-21.32.34:533][  0]LogConfig: Setting CVar [[r.LightFunctionQuality:1]]
[2019.04.23-21.32.34:533][  0]LogConfig: Setting CVar [[r.ShadowQuality:5]]
[2019.04.23-21.32.34:533][  0]LogConfig: Setting CVar [[r.Shadow.CSM.MaxCascades:10]]
[2019.04.23-21.32.34:533][  0]LogConfig: Setting CVar [[r.Shadow.MaxResolution:2048]]
[2019.04.23-21.32.34:533][  0]LogConfig: Setting CVar [[r.Shadow.MaxCSMResolution:2048]]
[2019.04.23-21.32.34:533][  0]LogConfig: Setting CVar [[r.Shadow.RadiusThreshold:0.01]]
[2019.04.23-21.32.34:533][  0]LogConfig: Setting CVar [[r.Shadow.DistanceScale:1.0]]
[2019.04.23-21.32.34:533][  0]LogConfig: Setting CVar [[r.Shadow.CSM.TransitionScale:1.0]]
[2019.04.23-21.32.34:533][  0]LogConfig: Setting CVar [[r.Shadow.PreShadowResolutionFactor:1.0]]
[2019.04.23-21.32.34:533][  0]LogConfig: Setting CVar [[r.DistanceFieldShadowing:1]]
[2019.04.23-21.32.34:533][  0]LogConfig: Setting CVar [[r.DistanceFieldAO:1]]
[2019.04.23-21.32.34:533][  0]LogConfig: Setting CVar [[r.AOQuality:2]]
[2019.04.23-21.32.34:533][  0]LogConfig: Setting CVar [[r.VolumetricFog:1]]
[2019.04.23-21.32.34:533][  0]LogConfig: Setting CVar [[r.VolumetricFog.GridPixelSize:8]]
[2019.04.23-21.32.34:533][  0]LogConfig: Setting CVar [[r.VolumetricFog.GridSizeZ:128]]
[2019.04.23-21.32.34:533][  0]LogConfig: Setting CVar [[r.VolumetricFog.HistoryMissSupersampleCount:4]]
[2019.04.23-21.32.34:533][  0]LogConfig: Setting CVar [[r.LightMaxDrawDistanceScale:1]]
[2019.04.23-21.32.34:534][  0]LogConfig: Setting CVar [[r.CapsuleShadows:1]]
[2019.04.23-21.32.34:534][  0]LogConfig: Applying CVar settings from Section [PostProcessQuality@3] File [C:/Users/luste/Documents/GitHub/OPSYN-Out-of-Place-Synthesizer-/OPSYN/Saved/Config/Windows/Scalability.ini]
[2019.04.23-21.32.34:534][  0]LogConfig: Setting CVar [[r.MotionBlurQuality:4]]
[2019.04.23-21.32.34:534][  0]LogConfig: Setting CVar [[r.AmbientOcclusionMipLevelFactor:0.4]]
[2019.04.23-21.32.34:534][  0]LogConfig: Setting CVar [[r.AmbientOcclusionMaxQuality:100]]
[2019.04.23-21.32.34:534][  0]LogConfig: Setting CVar [[r.AmbientOcclusionLevels:-1]]
[2019.04.23-21.32.34:534][  0]LogConfig: Setting CVar [[r.AmbientOcclusionRadiusScale:1.0]]
[2019.04.23-21.32.34:534][  0]LogConfig: Setting CVar [[r.DepthOfFieldQuality:2]]
[2019.04.23-21.32.34:534][  0]LogConfig: Setting CVar [[r.RenderTargetPoolMin:400]]
[2019.04.23-21.32.34:534][  0]LogConfig: Setting CVar [[r.LensFlareQuality:2]]
[2019.04.23-21.32.34:534][  0]LogConfig: Setting CVar [[r.SceneColorFringeQuality:1]]
[2019.04.23-21.32.34:534][  0]LogConfig: Setting CVar [[r.EyeAdaptationQuality:2]]
[2019.04.23-21.32.34:534][  0]LogConfig: Setting CVar [[r.BloomQuality:5]]
[2019.04.23-21.32.34:534][  0]LogConfig: Setting CVar [[r.FastBlurThreshold:100]]
[2019.04.23-21.32.34:534][  0]LogConfig: Setting CVar [[r.Upscale.Quality:3]]
[2019.04.23-21.32.34:534][  0]LogConfig: Setting CVar [[r.Tonemapper.GrainQuantization:1]]
[2019.04.23-21.32.34:534][  0]LogConfig: Setting CVar [[r.LightShaftQuality:1]]
[2019.04.23-21.32.34:534][  0]LogConfig: Setting CVar [[r.Filter.SizeScale:1]]
[2019.04.23-21.32.34:534][  0]LogConfig: Setting CVar [[r.Tonemapper.Quality:5]]
[2019.04.23-21.32.34:534][  0]LogConfig: Setting CVar [[r.DOF.Gather.AccumulatorQuality:1        ; higher gathering accumulator quality]]
[2019.04.23-21.32.34:534][  0]LogConfig: Setting CVar [[r.DOF.Gather.PostfilterMethod:1          ; Median3x3 postfilering method]]
[2019.04.23-21.32.34:534][  0]LogConfig: Setting CVar [[r.DOF.Gather.EnableBokehSettings:0       ; no bokeh simulation when gathering]]
[2019.04.23-21.32.34:534][  0]LogConfig: Setting CVar [[r.DOF.Gather.RingCount:4                 ; medium number of samples when gathering]]
[2019.04.23-21.32.34:534][  0]LogConfig: Setting CVar [[r.DOF.Scatter.ForegroundCompositing:1    ; additive foreground scattering]]
[2019.04.23-21.32.34:534][  0]LogConfig: Setting CVar [[r.DOF.Scatter.BackgroundCompositing:2    ; additive background scattering]]
[2019.04.23-21.32.34:534][  0]LogConfig: Setting CVar [[r.DOF.Scatter.EnableBokehSettings:1      ; bokeh simulation when scattering]]
[2019.04.23-21.32.34:534][  0]LogConfig: Setting CVar [[r.DOF.Scatter.MaxSpriteRatio:0.1         ; only a maximum of 10% of scattered bokeh]]
[2019.04.23-21.32.34:534][  0]LogConfig: Setting CVar [[r.DOF.Recombine.Quality:1                ; cheap slight out of focus]]
[2019.04.23-21.32.34:534][  0]LogConfig: Setting CVar [[r.DOF.Recombine.EnableBokehSettings:0    ; no bokeh simulation on slight out of focus]]
[2019.04.23-21.32.34:534][  0]LogConfig: Setting CVar [[r.DOF.TemporalAAQuality:1                ; more stable temporal accumulation]]
[2019.04.23-21.32.34:534][  0]LogConfig: Setting CVar [[r.DOF.Kernel.MaxForegroundRadius:0.025]]
[2019.04.23-21.32.34:534][  0]LogConfig: Setting CVar [[r.DOF.Kernel.MaxBackgroundRadius:0.025]]
[2019.04.23-21.32.34:534][  0]LogConfig: Applying CVar settings from Section [TextureQuality@3] File [C:/Users/luste/Documents/GitHub/OPSYN-Out-of-Place-Synthesizer-/OPSYN/Saved/Config/Windows/Scalability.ini]
[2019.04.23-21.32.34:534][  0]LogConfig: Setting CVar [[r.Streaming.MipBias:0]]
[2019.04.23-21.32.34:534][  0]LogConfig: Setting CVar [[r.Streaming.AmortizeCPUToGPUCopy:0]]
[2019.04.23-21.32.34:534][  0]LogConfig: Setting CVar [[r.Streaming.MaxNumTexturesToStreamPerFrame:0]]
[2019.04.23-21.32.34:534][  0]LogConfig: Setting CVar [[r.Streaming.Boost:1]]
[2019.04.23-21.32.34:534][  0]LogConfig: Setting CVar [[r.MaxAnisotropy:8]]
[2019.04.23-21.32.34:534][  0]LogConfig: Setting CVar [[r.Streaming.LimitPoolSizeToVRAM:0]]
[2019.04.23-21.32.34:534][  0]LogConfig: Setting CVar [[r.Streaming.PoolSize:1000]]
[2019.04.23-21.32.34:534][  0]LogConfig: Setting CVar [[r.Streaming.MaxEffectiveScreenSize:0]]
[2019.04.23-21.32.34:534][  0]LogConfig: Applying CVar settings from Section [EffectsQuality@3] File [C:/Users/luste/Documents/GitHub/OPSYN-Out-of-Place-Synthesizer-/OPSYN/Saved/Config/Windows/Scalability.ini]
[2019.04.23-21.32.34:534][  0]LogConfig: Setting CVar [[r.TranslucencyLightingVolumeDim:64]]
[2019.04.23-21.32.34:534][  0]LogConfig: Setting CVar [[r.RefractionQuality:2]]
[2019.04.23-21.32.34:534][  0]LogConfig: Setting CVar [[r.SSR.Quality:3]]
[2019.04.23-21.32.34:534][  0]LogConfig: Setting CVar [[r.SceneColorFormat:4]]
[2019.04.23-21.32.34:534][  0]LogConfig: Setting CVar [[r.DetailMode:2]]
[2019.04.23-21.32.34:534][  0]LogConfig: Setting CVar [[r.TranslucencyVolumeBlur:1]]
[2019.04.23-21.32.34:534][  0]LogConfig: Setting CVar [[r.MaterialQualityLevel:1 ; High quality]]
[2019.04.23-21.32.34:534][  0]LogConfig: Setting CVar [[r.SSS.Scale:1]]
[2019.04.23-21.32.34:534][  0]LogConfig: Setting CVar [[r.SSS.SampleSet:2]]
[2019.04.23-21.32.34:534][  0]LogConfig: Setting CVar [[r.SSS.Quality:1]]
[2019.04.23-21.32.34:534][  0]LogConfig: Setting CVar [[r.SSS.HalfRes:1]]
[2019.04.23-21.32.34:534][  0]LogConfig: Setting CVar [[r.EmitterSpawnRateScale:1.0]]
[2019.04.23-21.32.34:534][  0]LogConfig: Setting CVar [[r.ParticleLightQuality:2]]
[2019.04.23-21.32.34:534][  0]LogConfig: Applying CVar settings from Section [FoliageQuality@3] File [C:/Users/luste/Documents/GitHub/OPSYN-Out-of-Place-Synthesizer-/OPSYN/Saved/Config/Windows/Scalability.ini]
[2019.04.23-21.32.34:534][  0]LogConfig: Setting CVar [[foliage.DensityScale:1.0]]
[2019.04.23-21.32.34:534][  0]LogConfig: Setting CVar [[grass.DensityScale:1.0]]
[2019.04.23-21.32.34:534][  0]LogConfig: Applying CVar settings from Section [Startup] File [../../../Engine/Config/ConsoleVariables.ini]
[2019.04.23-21.32.34:534][  0]LogConfig: Setting CVar [[net.UseAdaptiveNetUpdateFrequency:0]]
[2019.04.23-21.32.34:534][  0]LogConfig: Applying CVar settings from Section [ConsoleVariables] File [C:/Users/luste/Documents/GitHub/OPSYN-Out-of-Place-Synthesizer-/OPSYN/Saved/Config/Windows/Engine.ini]
[2019.04.23-21.32.34:535][  0]LogInit: Computer: LAPTOP-SD3MDD22
[2019.04.23-21.32.34:535][  0]LogInit: User: luste
[2019.04.23-21.32.34:535][  0]LogInit: CPU Page size=4096, Cores=4
[2019.04.23-21.32.34:535][  0]LogInit: High frequency timer resolution =10.000000 MHz
[2019.04.23-21.32.34:535][  0]LogMemory: Memory total: Physical=15.9GB (16GB approx)
[2019.04.23-21.32.34:535][  0]LogMemory: Platform Memory Stats for Windows
[2019.04.23-21.32.34:535][  0]LogMemory: Process Physical Memory: 106.54 MB used, 106.55 MB peak
[2019.04.23-21.32.34:535][  0]LogMemory: Process Virtual Memory: 93.60 MB used, 93.60 MB peak
[2019.04.23-21.32.34:535][  0]LogMemory: Physical Memory: 8430.54 MB used,  7844.58 MB free, 16275.12 MB total
[2019.04.23-21.32.34:535][  0]LogMemory: Virtual Memory: 4668.60 MB used,  134213056.00 MB free, 134217728.00 MB total
[2019.04.23-21.32.34:565][  0]LogInit: Using OS detected language (en-US).
[2019.04.23-21.32.34:565][  0]LogInit: Using OS detected locale (en-US).
[2019.04.23-21.32.34:565][  0]LogTextLocalizationManager: No specific localization for 'en-US' exists, so the 'en' localization will be used.
[2019.04.23-21.32.35:030][  0]LogStreaming: Display: Took  0.465s to InitEngineTextLocalization.
[2019.04.23-21.32.35:030][  0]LogInit: Setting process to per monitor DPI aware
[2019.04.23-21.32.35:084][  0]LogSlate: New Slate User Created.  User Index 0, Is Virtual User: 0
[2019.04.23-21.32.35:084][  0]LogSlate: Slate User Registered.  User Index 0, Is Virtual User: 0
[2019.04.23-21.32.35:377][  0]LogHMD: Failed to initialize OpenVR with code 126
[2019.04.23-21.32.35:377][  0]LogD3D11RHI: D3D11 adapters:
[2019.04.23-21.32.35:450][  0]LogD3D11RHI:    0. 'NVIDIA GeForce GTX 1060' (Feature Level 11_0)
[2019.04.23-21.32.35:450][  0]LogD3D11RHI:       6052/0/8137 MB DedicatedVideo/DedicatedSystem/SharedSystem, Outputs:1, VendorId:0x10de
[2019.04.23-21.32.35:465][  0]LogD3D11RHI:    1. 'Intel(R) HD Graphics 630' (Feature Level 11_0)
[2019.04.23-21.32.35:465][  0]LogD3D11RHI:       128/0/8137 MB DedicatedVideo/DedicatedSystem/SharedSystem, Outputs:0, VendorId:0x8086
[2019.04.23-21.32.35:466][  0]LogD3D11RHI:    2. 'Microsoft Basic Render Driver' (Feature Level 11_0)
[2019.04.23-21.32.35:466][  0]LogD3D11RHI:       0/0/8137 MB DedicatedVideo/DedicatedSystem/SharedSystem, Outputs:0, VendorId:0x1414
[2019.04.23-21.32.35:466][  0]LogD3D11RHI: Chosen D3D11 Adapter: 0
[2019.04.23-21.32.35:501][  0]LogD3D11RHI: Creating new Direct3DDevice
[2019.04.23-21.32.35:501][  0]LogD3D11RHI:     GPU DeviceId: 0x1c20 (for the marketing name, search the web for "GPU Device Id")
[2019.04.23-21.32.35:501][  0]LogWindows: EnumDisplayDevices:
[2019.04.23-21.32.35:501][  0]LogWindows:    0. 'Intel(R) HD Graphics 630' (P:1 D:1)
[2019.04.23-21.32.35:501][  0]LogWindows:    1. 'Intel(R) HD Graphics 630' (P:0 D:0)
[2019.04.23-21.32.35:502][  0]LogWindows:    2. 'Intel(R) HD Graphics 630' (P:0 D:0)
[2019.04.23-21.32.35:502][  0]LogWindows:    3. 'NVIDIA GeForce GTX 1060' (P:0 D:0)
[2019.04.23-21.32.35:502][  0]LogWindows: DebugString: PrimaryIsNotTheChoosenAdapter PrimaryIsNotTheChoosenAdapter PrimaryIsNotTheChoosenAdapter 
[2019.04.23-21.32.35:502][  0]LogD3D11RHI:     Adapter Name: NVIDIA GeForce GTX 1060
[2019.04.23-21.32.35:502][  0]LogD3D11RHI:   Driver Version: 416.34 (internal:25.21.14.1634, unified:416.34)
[2019.04.23-21.32.35:502][  0]LogD3D11RHI:      Driver Date: 10-10-2018
[2019.04.23-21.32.35:502][  0]LogRHI: Texture pool is 4236 MB (70% of 6052 MB)
[2019.04.23-21.32.35:566][  0]LogD3D11RHI: Async texture creation enabled
[2019.04.23-21.32.35:607][  0]LogD3D11RHI: GPU Timing Frequency: 1000.000000 (Debug: 2 2)
[2019.04.23-21.32.35:980][  0]LogTemp: Display: Loaded TP AllDesktopTargetPlatform
[2019.04.23-21.32.35:996][  0]LogTemp: Display: Loaded TP MacClientTargetPlatform
[2019.04.23-21.32.36:010][  0]LogTemp: Display: Loaded TP MacNoEditorTargetPlatform
[2019.04.23-21.32.36:024][  0]LogTemp: Display: Loaded TP MacServerTargetPlatform
[2019.04.23-21.32.36:041][  0]LogTemp: Display: Loaded TP MacTargetPlatform
[2019.04.23-21.32.36:055][  0]LogTemp: Display: Loaded TP WindowsClientTargetPlatform
[2019.04.23-21.32.36:070][  0]LogTemp: Display: Loaded TP WindowsNoEditorTargetPlatform
[2019.04.23-21.32.36:086][  0]LogTemp: Display: Loaded TP WindowsServerTargetPlatform
[2019.04.23-21.32.36:093][  0]LogTemp: Display: Loaded TP WindowsTargetPlatform
[2019.04.23-21.32.36:177][  0]LogTemp: Display: Loaded TP AndroidTargetPlatform
[2019.04.23-21.32.36:177][  0]LogTemp: Display: Loaded TP AndroidTargetPlatform
[2019.04.23-21.32.36:177][  0]LogTemp: Display: Loaded TP AndroidTargetPlatform
[2019.04.23-21.32.36:177][  0]LogTemp: Display: Loaded TP AndroidTargetPlatform
[2019.04.23-21.32.36:177][  0]LogTemp: Display: Loaded TP AndroidTargetPlatform
[2019.04.23-21.32.36:177][  0]LogTemp: Display: Loaded TP AndroidTargetPlatform
[2019.04.23-21.32.36:177][  0]LogTemp: Display: Loaded TP AndroidTargetPlatform
[2019.04.23-21.32.36:177][  0]LogTemp: Display: Loaded TP AndroidTargetPlatform
[2019.04.23-21.32.36:177][  0]LogTemp: Display: Loaded TP AndroidTargetPlatform
[2019.04.23-21.32.36:177][  0]LogTemp: Display: Loaded TP AndroidTargetPlatform
[2019.04.23-21.32.36:177][  0]LogTemp: Display: Loaded TP AndroidTargetPlatform
[2019.04.23-21.32.36:177][  0]LogTemp: Display: Loaded TP AndroidTargetPlatform
[2019.04.23-21.32.36:177][  0]LogTemp: Display: Loaded TP AndroidTargetPlatform
[2019.04.23-21.32.36:177][  0]LogTemp: Display: Loaded TP AndroidTargetPlatform
[2019.04.23-21.32.36:177][  0]LogTemp: Display: Loaded TP AndroidTargetPlatform
[2019.04.23-21.32.36:177][  0]LogTemp: Display: Loaded TP AndroidTargetPlatform
[2019.04.23-21.32.36:177][  0]LogTemp: Display: Loaded TP AndroidTargetPlatform
[2019.04.23-21.32.36:177][  0]LogTemp: Display: Loaded TP AndroidTargetPlatform
[2019.04.23-21.32.36:178][  0]LogTemp: Display: Loaded TP HTML5TargetPlatform
[2019.04.23-21.32.36:244][  0]LogTemp: Display: Loaded TP IOSTargetPlatform
[2019.04.23-21.32.36:244][  0]LogTemp: Display: Loaded TP IOSTargetPlatform
[2019.04.23-21.32.36:269][  0]LogTemp: Display: Loaded TP TVOSTargetPlatform
[2019.04.23-21.32.36:269][  0]LogTemp: Display: Loaded TP TVOSTargetPlatform
[2019.04.23-21.32.36:282][  0]LogTemp: Display: Loaded TP LinuxClientTargetPlatform
[2019.04.23-21.32.36:298][  0]LogTemp: Display: Loaded TP LinuxNoEditorTargetPlatform
[2019.04.23-21.32.36:311][  0]LogTemp: Display: Loaded TP LinuxServerTargetPlatform
[2019.04.23-21.32.36:326][  0]LogTemp: Display: Loaded TP LinuxTargetPlatform
[2019.04.23-21.32.36:374][  0]LogTemp: Display: Loaded TP LuminTargetPlatform
[2019.04.23-21.32.36:375][  0]LogTemp: Display: Loaded TP LuminTargetPlatform
[2019.04.23-21.32.36:375][  0]LogTargetPlatformManager: Display: Building Assets For Windows
[2019.04.23-21.32.36:445][  0]LogShaderCompilers: Guid format shader working directory is -38 characters bigger than the processId version (../../../../../../Users/luste/Documents/GitHub/OPSYN-Out-of-Place-Synthesizer-/OPSYN/Intermediate/Shaders/WorkingDirectory/1348/).
[2019.04.23-21.32.36:445][  0]LogShaderCompilers: Cleaned the shader compiler working directory 'C:/Users/luste/AppData/Local/Temp/UnrealShaderWorkingDir/A1C27ECC4D34C7F37B6411992A4E07D1/'.
[2019.04.23-21.32.36:447][  0]LogXGEController: Cannot use XGE Controller as Incredibuild is not installed on this machine.
[2019.04.23-21.32.36:447][  0]LogShaderCompilers: Cannot use XGE Shader Compiler as Incredibuild is not installed on this machine.
[2019.04.23-21.32.36:447][  0]LogShaderCompilers: Display: Using Local Shader Compiler.
[2019.04.23-21.32.37:051][  0]LogDerivedDataCache: Display: Max Cache Size: 512 MB
[2019.04.23-21.32.37:118][  0]LogDerivedDataCache: Loaded boot cache 0.07s 71MB C:/Users/luste/AppData/Local/UnrealEngine/4.21/DerivedDataCache/Boot.ddc.
[2019.04.23-21.32.37:119][  0]LogDerivedDataCache: Display: Loaded Boot cache: C:/Users/luste/AppData/Local/UnrealEngine/4.21/DerivedDataCache/Boot.ddc
[2019.04.23-21.32.37:119][  0]LogDerivedDataCache: FDerivedDataBackendGraph:  Pak pak cache file ../../../../../../Users/luste/Documents/GitHub/OPSYN-Out-of-Place-Synthesizer-/OPSYN/DerivedDataCache/DDC.ddp not found, will not use a pak cache.
[2019.04.23-21.32.37:119][  0]LogDerivedDataCache: Unable to find inner node Pak for hierarchical cache Hierarchy.
[2019.04.23-21.32.37:119][  0]LogDerivedDataCache: FDerivedDataBackendGraph:  CompressedPak pak cache file ../../../../../../Users/luste/Documents/GitHub/OPSYN-Out-of-Place-Synthesizer-/OPSYN/DerivedDataCache/Compressed.ddp not found, will not use a pak cache.
[2019.04.23-21.32.37:119][  0]LogDerivedDataCache: Unable to find inner node CompressedPak for hierarchical cache Hierarchy.
[2019.04.23-21.32.37:138][  0]LogDerivedDataCache: Display: Pak cache opened for reading ../../../Engine/DerivedDataCache/Compressed.ddp.
[2019.04.23-21.32.37:138][  0]LogDerivedDataCache: FDerivedDataBackendGraph:  EnterprisePak pak cache file ../../../Enterprise/DerivedDataCache/Compressed.ddp not found, will not use a pak cache.
[2019.04.23-21.32.37:138][  0]LogDerivedDataCache: Unable to find inner node EnterprisePak for hierarchical cache Hierarchy.
[2019.04.23-21.32.37:152][  0]LogDerivedDataCache: Using Local data cache path C:/Users/luste/AppData/Local/UnrealEngine/Common/DerivedDataCache: Writable
[2019.04.23-21.32.37:152][  0]LogDerivedDataCache: Shared data cache path not found in *engine.ini, will not use an Shared cache.
[2019.04.23-21.32.37:152][  0]LogDerivedDataCache: Unable to find inner node Shared for hierarchical cache Hierarchy.
[2019.04.23-21.32.37:181][  0]LogMaterial: Verifying Global Shaders for PCD3D_SM5
[2019.04.23-21.32.37:182][  0]LogSlate: Using FreeType 2.6.0
[2019.04.23-21.32.37:183][  0]LogSlate: SlateFontServices - WITH_FREETYPE: 1, WITH_HARFBUZZ: 1
[2019.04.23-21.32.37:283][  0]LogAssetRegistry: FAssetRegistry took 0.0345 seconds to start up
[2019.04.23-21.32.37:670][  0]LogInit: Selected Device Profile: [Windows]
[2019.04.23-21.32.37:843][  0]LogSimplygon: Simplygon DLL not present - disabling.
[2019.04.23-21.32.37:845][  0]LogMeshReduction: Using SimplygonSwarm for distributed automatic mesh merging
[2019.04.23-21.32.37:845][  0]LogMeshReduction: Using ProxyLODMeshReduction for automatic mesh merging
[2019.04.23-21.32.37:845][  0]LogMeshReduction: Using QuadricMeshReduction for automatic static mesh reduction
[2019.04.23-21.32.37:845][  0]LogMeshReduction: No automatic skeletal mesh reduction module available
[2019.04.23-21.32.37:863][  0]LogNetVersion: OPSYN 1.0.0, NetCL: 4541578, EngineNetVer: 5, GameNetVer: 0 (Checksum: 2167866302)
[2019.04.23-21.32.38:580][  0]LogPackageLocalizationCache: Processed 12 localized package path(s) for 2 prioritized culture(s) in 0.131024 seconds
[2019.04.23-21.32.38:586][  0]LogUObjectArray: 39775 objects as part of root set at end of initial load.
[2019.04.23-21.32.38:586][  0]LogUObjectAllocator: 6914656 out of 0 bytes used by permanent object pool.
[2019.04.23-21.32.38:586][  0]LogUObjectArray: CloseDisregardForGC: 0/0 objects in disregard for GC pool
[2019.04.23-21.32.39:556][  0]LogTcpMessaging: Initializing TcpMessaging bridge
[2019.04.23-21.32.39:570][  0]LogUdpMessaging: Initializing bridge on interface 0.0.0.0:0 to multicast group 230.0.0.1:6666.
[2019.04.23-21.32.40:276][  0]LogOSC: Display: Update settings
[2019.04.23-21.32.40:276][  0]LogOSC: Display: Send targets cleared
[2019.04.23-21.32.40:276][  0]LogOSC: Display: Send target added: 127.0.0.1:8000
[2019.04.23-21.32.40:276][  0]LogOSC: Display: Send target added: 10.0.0.1:6000
[2019.04.23-21.32.40:276][  0]LogOSC: Display: Send target added: 10.0.0.1:6020
[2019.04.23-21.32.40:276][  0]LogOSC: Display: Send target added: 10.0.0.1:6464
[2019.04.23-21.32.40:276][  0]LogOSC: Display: Startup succeed
[2019.04.23-21.32.40:317][  0]SourceControl: Source control is disabled
[2019.04.23-21.32.40:318][  0]SourceControl: Source control is disabled
[2019.04.23-21.32.40:320][  0]SourceControl: Source control is disabled
[2019.04.23-21.32.40:321][  0]SourceControl: Source control is disabled
[2019.04.23-21.32.40:496][  0]LogAndroidPermission: UAndroidPermissionCallbackProxy::GetInstance
[2019.04.23-21.32.40:597][  0]LogWindows: Failed to load '../../../Engine/Binaries/ThirdParty/LeapMotion/Win64/LeapC.dll' (GetLastError=126)
[2019.04.23-21.32.40:597][  0]LogWindows: File '../../../Engine/Binaries/ThirdParty/LeapMotion/Win64/LeapC.dll' does not exist
[2019.04.23-21.32.40:597][  0]LeapMotionLog: Leap Plugin started v3.2.0
[2019.04.23-21.32.40:600][  0]LogOcInput: OculusInput pre-init called
[2019.04.23-21.32.40:747][  0]LogClass: Warning: ObjectProperty FMappedBoneAnimData::BodyStateSkeleton is not initialized properly
[2019.04.23-21.32.40:747][  0]LogClass: Warning: FBodyStateDeviceConfig::InputType is not initialized properly
[2019.04.23-21.32.40:747][  0]LogClass: Warning: FLeapStats::FrameExtrapolationInMS is not initialized properly
[2019.04.23-21.32.40:747][  0]LogClass: Display: 3 Uninitialized script stuct members found
[2019.04.23-21.32.40:748][  0]LogAutomationTest: Warning: ObjectProperty FMappedBoneAnimData::BodyStateSkeleton is not initialized properly
[2019.04.23-21.32.40:748][  0]LogAutomationTest: Warning: FBodyStateDeviceConfig::InputType is not initialized properly
[2019.04.23-21.32.40:748][  0]LogAutomationTest: Warning: FLeapStats::FrameExtrapolationInMS is not initialized properly
[2019.04.23-21.32.40:748][  0]LogEngine: Initializing Engine...
[2019.04.23-21.32.40:775][  0]LogHMD: Failed to initialize OpenVR with code 126
[2019.04.23-21.32.40:777][  0]LogStats: UGameplayTagsManager::ConstructGameplayTagTree: ImportINI prefixes -  0.000 s
[2019.04.23-21.32.40:777][  0]LogStats: UGameplayTagsManager::ConstructGameplayTagTree: Construct from data asset -  0.000 s
[2019.04.23-21.32.40:777][  0]LogStats: UGameplayTagsManager::ConstructGameplayTagTree: ImportINI -  0.000 s
[2019.04.23-21.32.40:777][  0]LogStats: UGameplayTagsManager::ConstructGameplayTagTree: GameplayTagTreeChangedEvent.Broadcast -  0.000 s
[2019.04.23-21.32.41:071][  0]LogInit: Initializing FReadOnlyCVARCache
[2019.04.23-21.32.41:086][  0]LogAIModule: Creating AISystem for world Untitled
[2019.04.23-21.32.41:152][  0]LogInit: XAudio2 using 'Speakers (Realtek High Definition Audio)' : 2 channels at 48 kHz using 32 bits per sample (channel mask 0x3)
[2019.04.23-21.32.41:224][  0]LogInit: FAudioDevice initialized.
[2019.04.23-21.32.41:224][  0]LogNetVersion: Set ProjectVersion to 1.0.0.0. Version Checksum will be recalculated on next use.
[2019.04.23-21.32.41:288][  0]LogDerivedDataCache: Saved boot cache 0.06s 71MB C:/Users/luste/AppData/Local/UnrealEngine/4.21/DerivedDataCache/Boot.ddc.
[2019.04.23-21.32.41:303][  0]LogInit: Texture streaming: Enabled
[2019.04.23-21.32.41:322][  0]LogEngineSessionManager: EngineSessionManager initialized
[2019.04.23-21.32.41:337][  0]LogInit: Transaction tracking system initialized
[2019.04.23-21.32.41:366][  0]BlueprintLog: New page: Editor Load
[2019.04.23-21.32.41:453][  0]LocalizationService: Localization service is disabled
[2019.04.23-21.32.41:998][  0]LogFileCache: Scanning file cache for directory 'C:/Users/luste/Documents/GitHub/OPSYN-Out-of-Place-Synthesizer-/OPSYN/Content/' took 0.02s
[2019.04.23-21.32.41:998][  0]LogCook: Display: Max memory allowance for cook 16384mb min free memory 0mb
[2019.04.23-21.32.41:998][  0]LogCook: Display: Mobile HDR setting 1
[2019.04.23-21.32.41:998][  0]LogGameplayTags: Display: UGameplayTagsManager::DoneAddingNativeTags. DelegateIsBound: 0
[2019.04.23-21.32.41:998][  0]LogStats: UGameplayTagsManager::ConstructGameplayTagTree: ImportINI prefixes -  0.000 s
[2019.04.23-21.32.41:998][  0]LogStats: UGameplayTagsManager::ConstructGameplayTagTree: Construct from data asset -  0.000 s
[2019.04.23-21.32.41:999][  0]LogStats: UGameplayTagsManager::ConstructGameplayTagTree: ImportINI -  0.000 s
[2019.04.23-21.32.41:999][  0]LogStats: UGameplayTagsManager::ConstructGameplayTagTree: GameplayTagTreeChangedEvent.Broadcast -  0.000 s
[2019.04.23-21.32.42:148][  0]SourceControl: Source control is disabled
[2019.04.23-21.32.42:149][  0]Cmd: MAP LOAD FILE="../../../Engine/Content/Maps/Templates/Template_Default.umap" TEMPLATE=1 SHOWPROGRESS=1 FEATURELEVEL=3
[2019.04.23-21.32.42:149][  0]LightingResults: New page: Lighting Build
[2019.04.23-21.32.42:151][  0]MapCheck: New page: Map Check
[2019.04.23-21.32.42:151][  0]LightingResults: New page: Lighting Build
[2019.04.23-21.32.42:345][  0]LogAIModule: Creating AISystem for world Untitled_1
[2019.04.23-21.32.42:353][  0]LogEditorServer: Finished looking for orphan Actors (0.000 secs)
[2019.04.23-21.32.42:379][  0]Cmd: MAP CHECKDEP NOCLEARLOG
[2019.04.23-21.32.42:379][  0]MapCheck: Map check complete: 0 Error(s), 0 Warning(s), took 0.138ms to complete.
[2019.04.23-21.32.42:379][  0]LogFileHelpers: Loading map 'Template_Default' took 0.230
[2019.04.23-21.32.42:491][  0]LogSlate: Updating window title bar state: overlay mode, drag disabled, window buttons hidden, title bar hidden
[2019.04.23-21.32.42:498][  0]LogSlate: Updating window title bar state: overlay mode, drag disabled, window buttons hidden, title bar hidden
[2019.04.23-21.32.42:510][  0]LogSlate: Updating window title bar state: overlay mode, drag disabled, window buttons hidden, title bar hidden
[2019.04.23-21.32.42:518][  0]LogSlate: Updating window title bar state: overlay mode, drag disabled, window buttons hidden, title bar hidden
[2019.04.23-21.32.42:525][  0]LogCollectionManager: Loaded 0 collections in 0.001765 seconds
[2019.04.23-21.32.42:555][  0]LogFileCache: Scanning file cache for directory 'C:/Users/luste/Documents/GitHub/OPSYN-Out-of-Place-Synthesizer-/OPSYN/Saved/Collections/' took 0.01s
[2019.04.23-21.32.42:555][  0]LogFileCache: Scanning file cache for directory 'C:/Users/luste/Documents/GitHub/OPSYN-Out-of-Place-Synthesizer-/OPSYN/Content/Developers/luste/Collections/' took 0.01s
[2019.04.23-21.32.42:555][  0]LogFileCache: Scanning file cache for directory 'C:/Users/luste/Documents/GitHub/OPSYN-Out-of-Place-Synthesizer-/OPSYN/Content/Collections/' took 0.00s
[2019.04.23-21.32.42:555][  0]LogCollectionManager: Rebuilt the GUID cache for 0 collections in 0.000001 seconds
[2019.04.23-21.32.42:567][  0]LogContentBrowser: Native class hierarchy populated in 0.0113 seconds. Added 2671 classes and 637 folders.
[2019.04.23-21.32.42:577][  0]LogContentBrowser: Native class hierarchy updated for 'WidgetCarousel' in 0.0003 seconds. Added 0 classes and 0 folders.
[2019.04.23-21.32.42:578][  0]LogPakFile: Registered encryption key '00000000000000000000000000000000': 0 pak files mounted, 0 remain pending
[2019.04.23-21.32.42:579][  0]LogPakFile: Registered encryption key '00000000000000000000000000000000': 0 pak files mounted, 0 remain pending
[2019.04.23-21.32.42:580][  0]LogPakFile: Registered encryption key '00000000000000000000000000000000': 0 pak files mounted, 0 remain pending
[2019.04.23-21.32.42:580][  0]LogPakFile: Registered encryption key '00000000000000000000000000000000': 0 pak files mounted, 0 remain pending
[2019.04.23-21.32.42:581][  0]LogPakFile: Registered encryption key '00000000000000000000000000000000': 0 pak files mounted, 0 remain pending
[2019.04.23-21.32.42:581][  0]LogPakFile: Registered encryption key '00000000000000000000000000000000': 0 pak files mounted, 0 remain pending
[2019.04.23-21.32.42:582][  0]LogPakFile: Registered encryption key '00000000000000000000000000000000': 0 pak files mounted, 0 remain pending
[2019.04.23-21.32.42:582][  0]LogPakFile: Registered encryption key '00000000000000000000000000000000': 0 pak files mounted, 0 remain pending
[2019.04.23-21.32.42:582][  0]LogPakFile: Registered encryption key '00000000000000000000000000000000': 0 pak files mounted, 0 remain pending
[2019.04.23-21.32.42:583][  0]LogPakFile: Registered encryption key '00000000000000000000000000000000': 0 pak files mounted, 0 remain pending
[2019.04.23-21.32.42:583][  0]LogPakFile: Registered encryption key '00000000000000000000000000000000': 0 pak files mounted, 0 remain pending
[2019.04.23-21.32.42:583][  0]LogPakFile: Registered encryption key '00000000000000000000000000000000': 0 pak files mounted, 0 remain pending
[2019.04.23-21.32.42:584][  0]LogPakFile: Registered encryption key '00000000000000000000000000000000': 0 pak files mounted, 0 remain pending
[2019.04.23-21.32.42:584][  0]LogPakFile: Registered encryption key '00000000000000000000000000000000': 0 pak files mounted, 0 remain pending
[2019.04.23-21.32.42:585][  0]LogPakFile: Registered encryption key '00000000000000000000000000000000': 0 pak files mounted, 0 remain pending
[2019.04.23-21.32.42:585][  0]LogPakFile: Registered encryption key '00000000000000000000000000000000': 0 pak files mounted, 0 remain pending
[2019.04.23-21.32.42:586][  0]LogPakFile: Registered encryption key '00000000000000000000000000000000': 0 pak files mounted, 0 remain pending
[2019.04.23-21.32.42:587][  0]LogPakFile: Registered encryption key '00000000000000000000000000000000': 0 pak files mounted, 0 remain pending
[2019.04.23-21.32.42:588][  0]LogPakFile: Registered encryption key '00000000000000000000000000000000': 0 pak files mounted, 0 remain pending
[2019.04.23-21.32.42:588][  0]LogPakFile: Registered encryption key '00000000000000000000000000000000': 0 pak files mounted, 0 remain pending
[2019.04.23-21.32.42:589][  0]LogPakFile: Registered encryption key '00000000000000000000000000000000': 0 pak files mounted, 0 remain pending
[2019.04.23-21.32.42:590][  0]LogPakFile: Registered encryption key '00000000000000000000000000000000': 0 pak files mounted, 0 remain pending
[2019.04.23-21.32.42:590][  0]LogPakFile: Registered encryption key '00000000000000000000000000000000': 0 pak files mounted, 0 remain pending
[2019.04.23-21.32.42:591][  0]LogPakFile: Registered encryption key '00000000000000000000000000000000': 0 pak files mounted, 0 remain pending
[2019.04.23-21.32.42:591][  0]LogPakFile: Registered encryption key '00000000000000000000000000000000': 0 pak files mounted, 0 remain pending
[2019.04.23-21.32.42:592][  0]LogPakFile: Registered encryption key '00000000000000000000000000000000': 0 pak files mounted, 0 remain pending
[2019.04.23-21.32.42:623][  0]LogContentBrowser: Native class hierarchy updated for 'AddContentDialog' in 0.0005 seconds. Added 0 classes and 0 folders.
[2019.04.23-21.32.42:628][  0]LogContentBrowser: Native class hierarchy updated for 'SceneOutliner' in 0.0005 seconds. Added 1 classes and 2 folders.
[2019.04.23-21.32.42:648][  0]LogSlate: Took 0.000186 seconds to synchronously load lazily loaded font '../../../Engine/Content/Slate/Fonts/Roboto-Regular.ttf' (155K)
[2019.04.23-21.32.42:650][  0]LogSlate: Took 0.000161 seconds to synchronously load lazily loaded font '../../../Engine/Content/Slate/Fonts/Roboto-Bold.ttf' (160K)
[2019.04.23-21.32.42:659][  0]LogSlate: Took 0.000230 seconds to synchronously load lazily loaded font '../../../Engine/Content/Editor/Slate/Fonts/FontAwesome.ttf' (139K)
[2019.04.23-21.32.42:753][  0]LogRenderer: Reallocating scene render targets to support 912x360 Format 10 NumSamples 1 (Frame:1).
[2019.04.23-21.32.43:046][  0]LogContentBrowser: Native class hierarchy updated for 'HierarchicalLODOutliner' in 0.0004 seconds. Added 0 classes and 0 folders.
[2019.04.23-21.32.43:047][  0]LogLoad: (Engine Initialization) Total time: 10.94 seconds
[2019.04.23-21.32.43:047][  0]LogLoad: (Engine Initialization) Total Blueprint compile time: 0.00 seconds
[2019.04.23-21.32.43:081][  0]LeapMotionLog: ServiceMessageLoop started.
[2019.04.23-21.32.43:081][  0]BodyStateLog: BodyState::DeviceAttached: Leap Motion (1)
[2019.04.23-21.32.43:082][  0]BodyStateLog: BodyState::DeviceAttached: HMD (2)
[2019.04.23-21.32.43:152][  0]LogContentStreaming: Texture pool size now 1000 MB
[2019.04.23-21.32.43:223][  1]LeapMotionLog: LeapService: OnConnect.
[2019.04.23-21.32.43:223][  1]LogAssetRegistry: Asset discovery search completed in 5.9638 seconds
[2019.04.23-21.32.43:225][  1]LogCollectionManager: Rebuilt the object cache for 0 collections in 0.000000 seconds (found 0 objects)
[2019.04.23-21.32.43:225][  1]LogCollectionManager: Fixed up redirectors for 0 collections in 0.000049 seconds (updated 0 objects)
[2019.04.23-21.32.46:644][200]LogSlate: FSceneViewport::OnFocusLost() reason 0
[2019.04.23-21.32.48:755][321]LogSlate: Took 0.000665 seconds to synchronously load lazily loaded font '../../../Engine/Content/Slate/Fonts/Roboto-Light.ttf' (167K)
[2019.04.23-21.32.51:668][321]LogAIModule: Creating AISystem for world OPSYN1
[2019.04.23-21.32.51:677][321]LogSlate: New Slate User Created.  User Index 8, Is Virtual User: 1
[2019.04.23-21.32.51:677][321]LogSlate: Slate User Registered.  User Index 8, Is Virtual User: 1
[2019.04.23-21.32.51:726][321]LogAssetEditorManager: Opening Asset editor for World /Game/OPSYN1.OPSYN1
[2019.04.23-21.32.51:774][321]Cmd: MAP LOAD FILE="../../../../../../Users/luste/Documents/GitHub/OPSYN-Out-of-Place-Synthesizer-/OPSYN/Content/OPSYN1.umap" TEMPLATE=0 SHOWPROGRESS=1 FEATURELEVEL=3
[2019.04.23-21.32.51:774][321]LightingResults: New page: Lighting Build
[2019.04.23-21.32.51:775][321]LoadErrors: New page: Loading map: OPSYN1.umap
[2019.04.23-21.32.51:775][321]MapCheck: New page: Map Check
[2019.04.23-21.32.51:775][321]LightingResults: New page: Lighting Build
[2019.04.23-21.32.51:866][321]LogEditorServer: Finished looking for orphan Actors (0.000 secs)
[2019.04.23-21.32.51:927][321]Cmd: MAP CHECKDEP NOCLEARLOG
[2019.04.23-21.32.51:929][321]MapCheck: Map check complete: 0 Error(s), 0 Warning(s), took 1.782ms to complete.
[2019.04.23-21.32.51:929][321]LogFileHelpers: Loading map 'OPSYN1' took 0.156
[2019.04.23-21.32.54:800][456]LogTemp: Repeating last play command: New Editor Window (PIE)
[2019.04.23-21.32.54:826][456]LogBlueprintUserMessages: Early PlayInEditor Detection: Level '/Game/OPSYN1.OPSYN1:PersistentLevel' has LevelScriptBlueprint '/Game/OPSYN1.OPSYN1:PersistentLevel.OPSYN1' with GeneratedClass '/Game/OPSYN1.OPSYN1_C' with ClassGeneratedBy '/Game/OPSYN1.OPSYN1:PersistentLevel.OPSYN1'
[2019.04.23-21.32.54:826][456]LogOSC: Display: Stop listening
[2019.04.23-21.32.54:838][456]LogOSC: Display: Listen to port 8060
[2019.04.23-21.32.54:838][456]LogPlayLevel: PlayLevel: No blueprints needed recompiling
[2019.04.23-21.32.54:838][456]PIE: New page: PIE session: OPSYN1 (Apr 23, 2019, 1:32:54 PM)
[2019.04.23-21.32.54:851][456]LogPlayLevel: Creating play world package: /Game/UEDPIE_0_OPSYN1
[2019.04.23-21.32.54:867][456]LogPlayLevel: PIE: StaticDuplicateObject took: (0.014746s)
[2019.04.23-21.32.54:868][456]LogAIModule: Creating AISystem for world OPSYN1
[2019.04.23-21.32.54:868][456]LogPlayLevel: PIE: World Init took: (0.001329s)
[2019.04.23-21.32.54:868][456]LogPlayLevel: PIE: Created PIE world by copying editor world from /Game/OPSYN1.OPSYN1 to /Game/UEDPIE_0_OPSYN1.OPSYN1 (0.016994s)
[2019.04.23-21.32.54:904][456]LogInit: XAudio2 using 'Speakers (Realtek High Definition Audio)' : 2 channels at 48 kHz using 32 bits per sample (channel mask 0x3)
[2019.04.23-21.32.54:926][456]LogInit: FAudioDevice initialized.
[2019.04.23-21.32.54:935][456]LogSlate: Updating window title bar state: overlay mode, drag disabled, window buttons hidden, title bar hidden
[2019.04.23-21.32.55:185][456]LogLoad: Game class is 'GameModeBase'
[2019.04.23-21.32.55:193][456]LogTemp: Bone cache synced: 0
[2019.04.23-21.32.55:193][456]LogTemp: Bone cache synced: 20
[2019.04.23-21.32.55:194][456]LogTemp: Bone cache synced: 0
[2019.04.23-21.32.55:194][456]LogTemp: Bone cache synced: 20
[2019.04.23-21.32.55:195][456]LogTemp: Bone cache synced: 0
[2019.04.23-21.32.55:195][456]LogTemp: Bone cache synced: 20
[2019.04.23-21.32.55:196][456]LogTemp: Bone cache synced: 0
[2019.04.23-21.32.55:196][456]LogTemp: Bone cache synced: 20
[2019.04.23-21.32.55:197][456]LogTemp: Bone cache synced: 0
[2019.04.23-21.32.55:197][456]LogTemp: Bone cache synced: 20
[2019.04.23-21.32.55:197][456]LogTemp: Bone cache synced: 0
[2019.04.23-21.32.55:197][456]LogTemp: Bone cache synced: 20
[2019.04.23-21.32.55:197][456]LogWorld: Bringing World /Game/UEDPIE_0_OPSYN1.OPSYN1 up for play (max tick rate 60) at 2019.04.23-17.32.55
[2019.04.23-21.32.55:198][456]LeapMotionLog: AddEventDelegate (1).
[2019.04.23-21.32.55:198][456]LeapMotionLog: AddEventDelegate (2).
[2019.04.23-21.32.55:199][456]LogWorld: Bringing up level for play took: 0.011644
[2019.04.23-21.32.55:217][456]LogContentBrowser: Native class hierarchy updated for 'MovieSceneCapture' in 0.0006 seconds. Added 20 classes and 0 folders.
[2019.04.23-21.32.55:222][456]LogBlueprintUserMessages: [OSC_BP_2] BP STARTED
[2019.04.23-21.32.55:223][456]LogBlueprintUserMessages: [None] spawned
[2019.04.23-21.32.55:223][456]LogBlueprintUserMessages: [None] spawned
[2019.04.23-21.32.55:223][456]LogBlueprintUserMessages: [LeapHandsPawn_2] Adjusting Origin for None
[2019.04.23-21.32.55:228][456]PIE: Play in editor start time for /Game/UEDPIE_0_OPSYN1 0.037
[2019.04.23-21.32.55:228][456]LogBlueprintUserMessages: Late PlayInEditor Detection: Level '/Game/OPSYN1.OPSYN1:PersistentLevel' has LevelScriptBlueprint '/Game/OPSYN1.OPSYN1:PersistentLevel.OPSYN1' with GeneratedClass '/Game/OPSYN1.OPSYN1_C' with ClassGeneratedBy '/Game/OPSYN1.OPSYN1:PersistentLevel.OPSYN1'
[2019.04.23-21.32.55:231][456]LogBlueprintUserMessages: [None] 0.0
[2019.04.23-21.32.55:232][456]LogBlueprintUserMessages: [None] 0.0
[2019.04.23-21.32.56:632][510]LogRenderer: Reallocating scene render targets to support 1536x800 Format 10 NumSamples 1 (Frame:56).
[2019.04.23-21.33.10:956][ 91]LogBlueprintUserMessages: Early EndPlayMap Detection: Level '/Game/OPSYN1.OPSYN1:PersistentLevel' has LevelScriptBlueprint '/Game/OPSYN1.OPSYN1:PersistentLevel.OPSYN1' with GeneratedClass '/Game/OPSYN1.OPSYN1_C' with ClassGeneratedBy '/Game/OPSYN1.OPSYN1:PersistentLevel.OPSYN1'
[2019.04.23-21.33.10:957][ 91]LogOSC: Display: Stop listening
[2019.04.23-21.33.11:032][ 91]LogSlate: Updating window title bar state: overlay mode, drag disabled, window buttons hidden, title bar hidden
[2019.04.23-21.33.11:055][ 91]LogSlate: Window 'OPSYN Game Preview Standalone (64-bit/PCD3D_SM5)' being destroyed
[2019.04.23-21.33.11:096][ 91]LogPlayLevel: Display: Shutting down PIE online subsystems
[2019.04.23-21.33.11:097][ 91]LogBlueprintUserMessages: Late EndPlayMap Detection: Level '/Game/OPSYN1.OPSYN1:PersistentLevel' has LevelScriptBlueprint '/Game/OPSYN1.OPSYN1:PersistentLevel.OPSYN1' with GeneratedClass '/Game/OPSYN1.OPSYN1_C' with ClassGeneratedBy '/Game/OPSYN1.OPSYN1:PersistentLevel.OPSYN1'
[2019.04.23-21.33.11:154][ 92]LogPlayLevel: Display: Destroying online subsystem :Context_3
[2019.04.23-21.33.12:804][176]LogSlate: Window 'OPSYN - Unreal Editor' being destroyed
[2019.04.23-21.33.12:805][176]LogWindowsTextInputMethodSystem: Display: IME system now deactivated.
[2019.04.23-21.33.13:064][177]Cmd: QUIT_EDITOR
[2019.04.23-21.33.13:416][177]LogExit: Preparing to exit.
[2019.04.23-21.33.13:697][177]LogOSC: Display: Stop listening
[2019.04.23-21.33.13:742][177]LogExit: Editor shut down
[2019.04.23-21.33.13:743][177]LogExit: Transaction tracking system shut down
[2019.04.23-21.33.13:979][177]LogExit: Object subsystem successfully closed.
[2019.04.23-21.33.14:151][177]LogShaderCompilers: Display: Shaders left to compile 0
[2019.04.23-21.33.14:154][177]LogD3D11RHI: Shutdown
[2019.04.23-21.33.14:154][177]LogD3D11RHI: CleanupD3DDevice
[2019.04.23-21.33.14:197][177]LogD3D11RHI: ~FD3D11DynamicRHI
[2019.04.23-21.33.14:228][177]LogModuleManager: Shutting down and abandoning module MovieSceneCapture (638)
[2019.04.23-21.33.14:228][177]LogModuleManager: Shutting down and abandoning module Voice (636)
[2019.04.23-21.33.14:228][177]LogModuleManager: Shutting down and abandoning module HierarchicalLODOutliner (634)
[2019.04.23-21.33.14:228][177]LogModuleManager: Shutting down and abandoning module SceneOutliner (632)
[2019.04.23-21.33.14:228][177]LogModuleManager: Shutting down and abandoning module AddContentDialog (630)
[2019.04.23-21.33.14:229][177]LogModuleManager: Shutting down and abandoning module WidgetCarousel (629)
[2019.04.23-21.33.14:229][177]LogModuleManager: Shutting down and abandoning module EditorWidgets (626)
[2019.04.23-21.33.14:229][177]LogModuleManager: Shutting down and abandoning module CollectionManager (624)
[2019.04.23-21.33.14:230][177]LogModuleManager: Shutting down and abandoning module HierarchicalLODUtilities (622)
[2019.04.23-21.33.14:230][177]LogModuleManager: Shutting down and abandoning module StatsViewer (620)
[2019.04.23-21.33.14:230][177]LogModuleManager: Shutting down and abandoning module FoliageEdit (618)
[2019.04.23-21.33.14:230][177]LogModuleManager: Shutting down and abandoning module LandscapeEditor (616)
[2019.04.23-21.33.14:230][177]LogModuleManager: Shutting down and abandoning module MeshPaintMode (614)
[2019.04.23-21.33.14:230][177]LogModuleManager: Shutting down and abandoning module SceneDepthPickerMode (612)
[2019.04.23-21.33.14:230][177]LogModuleManager: Shutting down and abandoning module ActorPickerMode (610)
[2019.04.23-21.33.14:230][177]LogModuleManager: Shutting down and abandoning module GeometryMode (608)
[2019.04.23-21.33.14:230][177]LogModuleManager: Shutting down and abandoning module TextureAlignMode (606)
[2019.04.23-21.33.14:230][177]LogModuleManager: Shutting down and abandoning module BspMode (604)
[2019.04.23-21.33.14:230][177]LogModuleManager: Shutting down and abandoning module PIEPreviewDeviceProfileSelector (602)
[2019.04.23-21.33.14:230][177]LogModuleManager: Shutting down and abandoning module SequenceRecorderSections (600)
[2019.04.23-21.33.14:230][177]LogModuleManager: Shutting down and abandoning module AutomationWorker (598)
[2019.04.23-21.33.14:230][177]LogModuleManager: Shutting down and abandoning module AudioCaptureEditor (596)
[2019.04.23-21.33.14:230][177]LogModuleManager: Shutting down and abandoning module MatineeToLevelSequence (594)
[2019.04.23-21.33.14:230][177]LogModuleManager: Shutting down and abandoning module LevelSequenceEditor (592)
[2019.04.23-21.33.14:230][177]LogModuleManager: Shutting down and abandoning module PlacementMode (591)
[2019.04.23-21.33.14:230][177]LogModuleManager: Shutting down and abandoning module MaterialEditor (590)
[2019.04.23-21.33.14:230][177]LogModuleManager: Shutting down and abandoning module WmfMediaFactory (586)
[2019.04.23-21.33.14:230][177]LogModuleManager: Shutting down and abandoning module WmfMediaEditor (584)
[2019.04.23-21.33.14:230][177]LogModuleManager: Shutting down and abandoning module WebMMediaFactory (582)
[2019.04.23-21.33.14:230][177]LogModuleManager: Shutting down and abandoning module WebMMediaEditor (580)
[2019.04.23-21.33.14:230][177]LogModuleManager: Shutting down and abandoning module WebMMedia (578)
[2019.04.23-21.33.14:230][177]LogModuleManager: Shutting down and abandoning module MediaPlayerEditor (576)
[2019.04.23-21.33.14:230][177]LogModuleManager: Shutting down and abandoning module MediaCompositingEditor (574)
[2019.04.23-21.33.14:230][177]LogModuleManager: Shutting down and abandoning module SequenceRecorder (573)
[2019.04.23-21.33.14:231][177]LogModuleManager: Shutting down and abandoning module OpenExrWrapper (570)
[2019.04.23-21.33.14:231][177]LogModuleManager: Shutting down and abandoning module ImgMediaFactory (568)
[2019.04.23-21.33.14:231][177]LogModuleManager: Shutting down and abandoning module ImgMediaEditor (566)
[2019.04.23-21.33.14:231][177]LogModuleManager: Shutting down and abandoning module AvfMediaFactory (564)
[2019.04.23-21.33.14:231][177]LogModuleManager: Shutting down and abandoning module AvfMediaEditor (562)
[2019.04.23-21.33.14:231][177]LogModuleManager: Shutting down and abandoning module AndroidMediaFactory (560)
[2019.04.23-21.33.14:231][177]LogModuleManager: Shutting down and abandoning module AndroidMediaEditor (558)
[2019.04.23-21.33.14:231][177]LogModuleManager: Shutting down and abandoning module MagicLeapCameraPreviewFactory (556)
[2019.04.23-21.33.14:231][177]LogModuleManager: Shutting down and abandoning module MagicLeapMediaFactory (554)
[2019.04.23-21.33.14:231][177]LogModuleManager: Shutting down and abandoning module MagicLeapMediaEditor (552)
[2019.04.23-21.33.14:231][177]LogModuleManager: Shutting down and abandoning module CharacterAI (550)
[2019.04.23-21.33.14:231][177]LogModuleManager: Shutting down and abandoning module SmartSnapping (548)
[2019.04.23-21.33.14:231][177]LogModuleManager: Shutting down and abandoning module SessionServices (546)
[2019.04.23-21.33.14:231][177]LogModuleManager: Shutting down and abandoning module ViewportSnapping (544)
[2019.04.23-21.33.14:231][177]LogModuleManager: Shutting down and abandoning module ViewportInteraction (542)
[2019.04.23-21.33.14:231][177]LogModuleManager: Shutting down and abandoning module ClothPainter (540)
[2019.04.23-21.33.14:231][177]LogModuleManager: Shutting down and abandoning module SkeletalMeshEditor (539)
[2019.04.23-21.33.14:231][177]LogModuleManager: Shutting down and abandoning module LogVisualizer (536)
[2019.04.23-21.33.14:231][177]LogModuleManager: Shutting down and abandoning module IntroTutorials (534)
[2019.04.23-21.33.14:231][177]LogModuleManager: Shutting down and abandoning module GameProjectGeneration (533)
[2019.04.23-21.33.14:231][177]LogModuleManager: Shutting down and abandoning module LuminPlatformEditor (530)
[2019.04.23-21.33.14:231][177]LogModuleManager: Shutting down and abandoning module IOSPlatformEditor (528)
[2019.04.23-21.33.14:231][177]LogModuleManager: Shutting down and abandoning module HTML5PlatformEditor (526)
[2019.04.23-21.33.14:231][177]LogModuleManager: Shutting down and abandoning module AndroidPlatformEditor (524)
[2019.04.23-21.33.14:231][177]LogModuleManager: Shutting down and abandoning module AndroidDeviceDetection (523)
[2019.04.23-21.33.14:717][177]LogModuleManager: Shutting down and abandoning module WindowsPlatformEditor (520)
[2019.04.23-21.33.14:717][177]LogModuleManager: Shutting down and abandoning module LuminRuntimeSettings (518)
[2019.04.23-21.33.14:717][177]LogModuleManager: Shutting down and abandoning module IOSRuntimeSettings (516)
[2019.04.23-21.33.14:717][177]LogModuleManager: Shutting down and abandoning module AndroidRuntimeSettings (514)
[2019.04.23-21.33.14:717][177]LogModuleManager: Shutting down and abandoning module TimeManagementEditor (512)
[2019.04.23-21.33.14:717][177]LogModuleManager: Shutting down and abandoning module InputBindingEditor (510)
[2019.04.23-21.33.14:717][177]LogModuleManager: Shutting down and abandoning module MergeActors (508)
[2019.04.23-21.33.14:717][177]LogModuleManager: Shutting down and abandoning module LocalizationDashboard (506)
[2019.04.23-21.33.14:717][177]LogModuleManager: Shutting down and abandoning module LocalizationService (505)
[2019.04.23-21.33.14:717][177]LogModuleManager: Shutting down and abandoning module HardwareTargeting (502)
[2019.04.23-21.33.14:717][177]LogModuleManager: Shutting down and abandoning module DeviceProfileEditor (500)
[2019.04.23-21.33.14:717][177]LogModuleManager: Shutting down and abandoning module UndoHistory (498)
[2019.04.23-21.33.14:717][177]LogModuleManager: Shutting down and abandoning module XmlParser (496)
[2019.04.23-21.33.14:717][177]LogModuleManager: Shutting down and abandoning module Blutility (494)
[2019.04.23-21.33.14:717][177]LogModuleManager: Shutting down and abandoning module ProjectSettingsViewer (492)
[2019.04.23-21.33.14:717][177]LogModuleManager: Shutting down and abandoning module ProjectTargetPlatformEditor (491)
[2019.04.23-21.33.14:718][177]LogModuleManager: Shutting down and abandoning module EditorSettingsViewer (488)
[2019.04.23-21.33.14:718][177]LogModuleManager: Shutting down and abandoning module SettingsEditor (486)
[2019.04.23-21.33.14:718][177]LogModuleManager: Shutting down and abandoning module ProjectLauncher (484)
[2019.04.23-21.33.14:718][177]LogModuleManager: Shutting down and abandoning module SessionFrontend (482)
[2019.04.23-21.33.14:718][177]LogModuleManager: Shutting down and abandoning module ProfilerClient (480)
[2019.04.23-21.33.14:718][177]LogModuleManager: Shutting down and abandoning module DeviceManager (478)
[2019.04.23-21.33.14:718][177]LogModuleManager: Shutting down and abandoning module TargetDeviceServices (477)
[2019.04.23-21.33.14:781][177]LogModuleManager: Shutting down and abandoning module AutomationController (474)
[2019.04.23-21.33.14:781][177]LogModuleManager: Shutting down and abandoning module AutomationWindow (472)
[2019.04.23-21.33.14:782][177]LogModuleManager: Shutting down and abandoning module Layers (470)
[2019.04.23-21.33.14:782][177]LogModuleManager: Shutting down and abandoning module ComponentVisualizers (468)
[2019.04.23-21.33.14:782][177]LogModuleManager: Shutting down and abandoning module DetailCustomizations (466)
[2019.04.23-21.33.14:782][177]LogModuleManager: Shutting down and abandoning module PackagesDialog (464)
[2019.04.23-21.33.14:782][177]LogModuleManager: Shutting down and abandoning module Persona (462)
[2019.04.23-21.33.14:783][177]LogModuleManager: Shutting down and abandoning module AdvancedPreviewScene (461)
[2019.04.23-21.33.14:783][177]LogModuleManager: Shutting down and abandoning module AnimGraph (459)
[2019.04.23-21.33.14:783][177]LogModuleManager: Shutting down and abandoning module Kismet (456)
[2019.04.23-21.33.14:786][177]LogModuleManager: Shutting down and abandoning module GraphEditor (454)
[2019.04.23-21.33.14:786][177]LogModuleManager: Shutting down and abandoning module ClassViewer (452)
[2019.04.23-21.33.14:786][177]LogModuleManager: Shutting down and abandoning module Toolbox (450)
[2019.04.23-21.33.14:786][177]LogModuleManager: Shutting down and abandoning module DesktopPlatform (449)
[2019.04.23-21.33.14:786][177]LogModuleManager: Shutting down and abandoning module ModuleUI (446)
[2019.04.23-21.33.14:786][177]LogModuleManager: Shutting down and abandoning module MovieSceneTools (444)
[2019.04.23-21.33.14:786][177]LogModuleManager: Shutting down and abandoning module OutputLog (442)
[2019.04.23-21.33.14:786][177]LogModuleManager: Shutting down and abandoning module GammaUI (440)
[2019.04.23-21.33.14:786][177]LogModuleManager: Shutting down and abandoning module Documentation (438)
[2019.04.23-21.33.14:786][177]LogModuleManager: Shutting down and abandoning module MovieSceneTracks (436)
[2019.04.23-21.33.14:786][177]LogModuleManager: Shutting down and abandoning module MovieScene (434)
[2019.04.23-21.33.14:786][177]LogModuleManager: Shutting down and abandoning module StreamingPauseRendering (432)
[2019.04.23-21.33.14:786][177]LogModuleManager: Shutting down and abandoning module LauncherPlatform (430)
[2019.04.23-21.33.14:786][177]LogModuleManager: Shutting down and abandoning module AnalyticsET (428)
[2019.04.23-21.33.14:786][177]LogModuleManager: Shutting down and abandoning module PortalServices (426)
[2019.04.23-21.33.14:786][177]LogModuleManager: Shutting down and abandoning module PortalRpc (424)
[2019.04.23-21.33.14:786][177]LogModuleManager: Shutting down and abandoning module MessagingRpc (422)
[2019.04.23-21.33.14:786][177]LogModuleManager: Shutting down and abandoning module AIModule (420)
[2019.04.23-21.33.14:786][177]LogModuleManager: Shutting down and abandoning module GameplayDebugger (419)
[2019.04.23-21.33.14:786][177]LogModuleManager: Shutting down and abandoning module AITestSuite (417)
[2019.04.23-21.33.14:786][177]LogModuleManager: Shutting down and abandoning module NavigationSystem (415)
[2019.04.23-21.33.14:786][177]LogModuleManager: Shutting down and abandoning module ImageWriteQueue (412)
[2019.04.23-21.33.14:789][177]LogModuleManager: Shutting down and abandoning module ProfilerService (410)
[2019.04.23-21.33.14:930][177]LogModuleManager: Shutting down and abandoning module TaskGraph (408)
[2019.04.23-21.33.14:930][177]LogModuleManager: Shutting down and abandoning module SteamVRController (406)
[2019.04.23-21.33.14:930][177]LogModuleManager: Shutting down and abandoning module ProceduralMeshComponentEditor (404)
[2019.04.23-21.33.14:930][177]LogModuleManager: Shutting down and abandoning module ProceduralMeshComponent (402)
[2019.04.23-21.33.14:930][177]LogModuleManager: Shutting down and abandoning module OculusInput (400)
[2019.04.23-21.33.14:930][177]LogModuleManager: Shutting down and abandoning module MobilePatchingUtils (398)
[2019.04.23-21.33.14:930][177]LogModuleManager: Shutting down and abandoning module LeapMotion (396)
[2019.04.23-21.33.14:930][177]LeapMotionLog: Leap Plugin shutdown.
[2019.04.23-21.33.14:930][177]BodyStateLog: Id: 1
[2019.04.23-21.33.14:930][177]LogUObjectArray: Warning: Empty slot
[2019.04.23-21.33.14:930][177]BodyStateLog: BodyState::Device Detached: Leap Motion (1)
[2019.04.23-22.24.35:708][177]LeapMotionLog: ServiceMessageLoop stopped.
[2019.04.23-22.24.35:708][177]LeapMotionLog: Connection successfully closed.
[2019.04.23-22.24.35:709][177]LogModuleManager: Shutting down and abandoning module EditableMesh (394)
[2019.04.23-22.24.35:709][177]LogModuleManager: Shutting down and abandoning module CustomMeshComponent (392)
[2019.04.23-22.24.35:709][177]LogModuleManager: Shutting down and abandoning module CableComponent (390)
[2019.04.23-22.24.35:709][177]LogModuleManager: Shutting down and abandoning module AudioCapture (388)
[2019.04.23-22.24.35:709][177]LogModuleManager: Shutting down and abandoning module ArchVisCharacter (386)
[2019.04.23-22.24.35:709][177]LogModuleManager: Shutting down and abandoning module AndroidPermission (384)
[2019.04.23-22.24.35:709][177]LogModuleManager: Shutting down and abandoning module NUTUnrealEngine4 (382)
[2019.04.23-22.24.35:709][177]LogModuleManager: Shutting down and abandoning module NetcodeUnitTest (380)
[2019.04.23-22.24.35:710][177]LogModuleManager: Shutting down and abandoning module MediaCompositing (378)
[2019.04.23-22.24.35:710][177]LogModuleManager: Shutting down and abandoning module LinearTimecode (376)
[2019.04.23-22.24.35:710][177]LogModuleManager: Shutting down and abandoning module ImgMedia (374)
[2019.04.23-22.24.35:715][177]LogModuleManager: Shutting down and abandoning module HTML5Networking (372)
[2019.04.23-22.24.35:715][177]LogModuleManager: Shutting down and abandoning module GeometryCacheTracks (370)
[2019.04.23-22.24.35:715][177]LogModuleManager: Shutting down and abandoning module GeometryCacheSequencer (368)
[2019.04.23-22.24.35:715][177]LogModuleManager: Shutting down and abandoning module BackChannel (366)
[2019.04.23-22.24.35:715][177]LogModuleManager: Shutting down and abandoning module AppleVision (364)
[2019.04.23-22.24.35:716][177]LogModuleManager: Shutting down and abandoning module AppleImageUtilsBlueprintSupport (362)
[2019.04.23-22.24.35:716][177]LogModuleManager: Shutting down and abandoning module AppleImageUtils (360)
[2019.04.23-22.24.35:716][177]LogModuleManager: Shutting down and abandoning module AlembicImporter (358)
[2019.04.23-22.24.35:716][177]LogModuleManager: Shutting down and abandoning module AlembicLibrary (357)
[2019.04.23-22.24.35:716][177]LogModuleManager: Shutting down and abandoning module GeometryCache (356)
[2019.04.23-22.24.35:716][177]LogModuleManager: Shutting down and abandoning module GeometryCacheEd (355)
[2019.04.23-22.24.35:716][177]LogModuleManager: Shutting down and abandoning module VariantManagerContent (350)
[2019.04.23-22.24.35:716][177]LogModuleManager: Shutting down and abandoning module DatasmithContentEditor (348)
[2019.04.23-22.24.35:716][177]LogModuleManager: Shutting down and abandoning module SpeedTreeImporter (346)
[2019.04.23-22.24.35:716][177]LogModuleManager: Shutting down and abandoning module PluginBrowser (344)
[2019.04.23-22.24.35:718][177]LogModuleManager: Shutting down and abandoning module MobileLauncherProfileWizard (342)
[2019.04.23-22.24.35:719][177]LogModuleManager: Shutting down and abandoning module PolygonModeling (340)
[2019.04.23-22.24.35:719][177]LogModuleManager: Shutting down and abandoning module MeshEditor (338)
[2019.04.23-22.24.35:719][177]LogModuleManager: Shutting down and abandoning module CryptoKeysOpenSSL (336)
[2019.04.23-22.24.35:720][177]LogModuleManager: Shutting down and abandoning module CryptoKeys (334)
[2019.04.23-22.24.35:720][177]LogModuleManager: Shutting down and abandoning module VisualStudioSourceCodeAccess (332)
[2019.04.23-22.24.35:720][177]LogModuleManager: Shutting down and abandoning module VisualStudioCodeSourceCodeAccess (330)
[2019.04.23-22.24.35:720][177]LogModuleManager: Shutting down and abandoning module UObjectPlugin (328)
[2019.04.23-22.24.35:720][177]LogModuleManager: Shutting down and abandoning module SubversionSourceControl (326)
[2019.04.23-22.24.35:722][177]LogModuleManager: Shutting down and abandoning module PerforceSourceControl (324)
[2019.04.23-22.24.35:726][177]LogModuleManager: Shutting down and abandoning module GitSourceControl (322)
[2019.04.23-22.24.35:728][177]LogModuleManager: Shutting down and abandoning module SourceControl (321)
[2019.04.23-22.24.35:728][177]LogModuleManager: Shutting down and abandoning module CLionSourceCodeAccess (318)
[2019.04.23-22.24.35:729][177]LogModuleManager: Shutting down and abandoning module ActorLayerUtilitiesEditor (316)
[2019.04.23-22.24.35:729][177]LogModuleManager: Shutting down and abandoning module ActorLayerUtilities (314)
[2019.04.23-22.24.35:729][177]LogModuleManager: Shutting down and abandoning module LightPropagationVolumeEditor (312)
[2019.04.23-22.24.35:729][177]LogModuleManager: Shutting down and abandoning module PaperTiledImporter (310)
[2019.04.23-22.24.35:729][177]LogModuleManager: Shutting down and abandoning module PaperSpriteSheetImporter (308)
[2019.04.23-22.24.35:729][177]LogModuleManager: Shutting down and abandoning module Paper2DEditor (306)
[2019.04.23-22.24.35:730][177]LogModuleManager: Shutting down and abandoning module MeshPaint (305)
[2019.04.23-22.24.35:731][177]LogModuleManager: Shutting down and abandoning module OPSYN (302)
[2019.04.23-22.24.35:731][177]LogModuleManager: Shutting down and abandoning module OSC (300)
[2019.04.23-22.24.35:731][177]LogOSC: Display: Shutdown
[2019.04.23-22.24.35:731][177]LogModuleManager: Shutting down and abandoning module RuntimePhysXCooking (298)
[2019.04.23-22.24.35:731][177]LogModuleManager: Shutting down and abandoning module PhysXVehiclesEditor (296)
[2019.04.23-22.24.35:731][177]LogModuleManager: Shutting down and abandoning module PhysXVehicles (294)
[2019.04.23-22.24.35:731][177]LogModuleManager: Shutting down and abandoning module OculusEditor (292)
[2019.04.23-22.24.35:732][177]LogModuleManager: Shutting down and abandoning module LocationServicesBPLibrary (290)
[2019.04.23-22.24.35:732][177]LogModuleManager: Shutting down and abandoning module BodyState (288)
[2019.04.23-22.24.35:732][177]BodyStateLog: Id: 2
[2019.04.23-22.24.35:732][177]LogUObjectArray: Warning: Empty slot
[2019.04.23-22.24.35:732][177]BodyStateLog: BodyState::Device Detached: HMD (0)
[2019.04.23-22.24.35:732][177]LogUObjectArray: Warning: Empty slot
[2019.04.23-22.24.35:732][177]LogModuleManager: Shutting down and abandoning module LeapMotionEditor (286)
[2019.04.23-22.24.35:732][177]LogModuleManager: Shutting down and abandoning module ActorSequence (284)
[2019.04.23-22.24.35:732][177]LogModuleManager: Shutting down and abandoning module UdpMessaging (282)
[2019.04.23-22.24.35:834][177]LogModuleManager: Shutting down and abandoning module TcpMessaging (280)
[2019.04.23-22.24.35:934][177]LogModuleManager: Shutting down and abandoning module MagicLeapAudio (278)
[2019.04.23-22.24.35:934][177]LogModuleManager: Shutting down and abandoning module GameplayTagsEditor (276)
[2019.04.23-22.24.35:934][177]LogModuleManager: Shutting down and abandoning module FacialAnimationEditor (274)
[2019.04.23-22.24.35:934][177]LogModuleManager: Shutting down and abandoning module FacialAnimation (272)
[2019.04.23-22.24.35:934][177]LogModuleManager: Shutting down and abandoning module DataValidation (270)
[2019.04.23-22.24.35:934][177]LogModuleManager: Shutting down and abandoning module AssetManagerEditor (268)
[2019.04.23-22.24.35:934][177]LogModuleManager: Shutting down and abandoning module LevelEditor (267)
[2019.04.23-22.24.35:935][177]LogModuleManager: Shutting down and abandoning module PixelInspectorModule (266)
[2019.04.23-22.24.35:936][177]LogModuleManager: Shutting down and abandoning module CommonMenuExtensions (264)
[2019.04.23-22.24.35:936][177]LogModuleManager: Shutting down and abandoning module MainFrame (262)
[2019.04.23-22.24.35:936][177]LogModuleManager: Shutting down and abandoning module HotReload (261)
[2019.04.23-22.24.35:937][177]LogModuleManager: Shutting down and abandoning module ContentBrowser (257)
[2019.04.23-22.24.35:938][177]LogModuleManager: Shutting down and abandoning module TreeMap (255)
[2019.04.23-22.24.35:938][177]LogModuleManager: Shutting down and abandoning module LightPropagationVolumeRuntime (252)
[2019.04.23-22.24.35:939][177]LogModuleManager: Shutting down and abandoning module AISupportModule (250)
[2019.04.23-22.24.35:939][177]LogModuleManager: Shutting down and abandoning module Paper2D (248)
[2019.04.23-22.24.35:939][177]LogModuleManager: Shutting down and abandoning module WindowsMoviePlayer (246)
[2019.04.23-22.24.35:939][177]LogModuleManager: Shutting down and abandoning module WebMMoviePlayer (244)
[2019.04.23-22.24.35:939][177]LogModuleManager: Shutting down and abandoning module WmfMedia (242)
[2019.04.23-22.24.35:941][177]LogModuleManager: Shutting down and abandoning module Media (241)
[2019.04.23-22.24.35:948][177]LogModuleManager: Shutting down and abandoning module PacketHandler (238)
[2019.04.23-22.24.35:948][177]LogModuleManager: Shutting down and abandoning module ClothingSystemEditor (236)
[2019.04.23-22.24.35:948][177]LogModuleManager: Shutting down and abandoning module ClothingSystemRuntime (234)
[2019.04.23-22.24.35:949][177]LogModuleManager: Shutting down and abandoning module MediaAssets (232)
[2019.04.23-22.24.35:949][177]LogModuleManager: Shutting down and abandoning module Overlay (230)
[2019.04.23-22.24.35:949][177]LogModuleManager: Shutting down and abandoning module OverlayEditor (229)
[2019.04.23-22.24.35:949][177]LogModuleManager: Shutting down and abandoning module VREditor (226)
[2019.04.23-22.24.35:950][177]LogModuleManager: Shutting down and abandoning module StringTableEditor (224)
[2019.04.23-22.24.35:951][177]LogModuleManager: Shutting down and abandoning module GameplayTasksEditor (222)
[2019.04.23-22.24.35:951][177]LogModuleManager: Shutting down and abandoning module BehaviorTreeEditor (220)
[2019.04.23-22.24.35:952][177]LogModuleManager: Shutting down and abandoning module FunctionalTesting (218)
[2019.04.23-22.24.35:952][177]LogModuleManager: Shutting down and abandoning module CollisionAnalyzer (216)
[2019.04.23-22.24.35:954][177]LogModuleManager: Shutting down and abandoning module WorkspaceMenuStructure (215)
[2019.04.23-22.24.35:954][177]LogModuleManager: Shutting down and abandoning module UMG (212)
[2019.04.23-22.24.35:954][177]LogModuleManager: Shutting down and abandoning module UMGEditor (211)
[2019.04.23-22.24.35:954][177]LogModuleManager: Shutting down and abandoning module Sequencer (210)
[2019.04.23-22.24.35:955][177]LogModuleManager: Shutting down and abandoning module MessageLog (207)
[2019.04.23-22.24.35:955][177]LogModuleManager: Shutting down and abandoning module SlateReflector (202)
[2019.04.23-22.24.35:956][177]LogModuleManager: Shutting down and abandoning module Slate (200)
[2019.04.23-22.24.35:956][177]LogModuleManager: Shutting down and abandoning module EditorStyle (198)
[2019.04.23-22.24.35:959][177]LogModuleManager: Shutting down and abandoning module MRMesh (196)
[2019.04.23-22.24.35:959][177]LogModuleManager: Shutting down and abandoning module SourceCodeAccess (194)
[2019.04.23-22.24.35:959][177]LogModuleManager: Shutting down and abandoning module HeadMountedDisplay (192)
[2019.04.23-22.24.35:959][177]LogModuleManager: Shutting down and abandoning module XAudio2 (190)
[2019.04.23-22.24.35:959][177]LogModuleManager: Shutting down and abandoning module Networking (188)
[2019.04.23-22.24.35:959][177]LogModuleManager: Shutting down and abandoning module Core (186)
[2019.04.23-22.24.35:959][177]LogModuleManager: Shutting down and abandoning module LevelSequence (184)
[2019.04.23-22.24.35:959][177]LogModuleManager: Shutting down and abandoning module KismetCompiler (182)
[2019.04.23-22.24.35:959][177]LogModuleManager: Shutting down and abandoning module MeshUtilities (180)
[2019.04.23-22.24.35:960][177]LogModuleManager: Shutting down and abandoning module MeshMergeUtilities (179)
[2019.04.23-22.24.35:961][177]LogModuleManager: Shutting down and abandoning module MeshReductionInterface (178)
[2019.04.23-22.24.35:961][177]LogModuleManager: Shutting down and abandoning module SimplygonSwarm (177)
[2019.04.23-22.24.35:961][177]LogModuleManager: Shutting down and abandoning module ProxyLODMeshReduction (175)
[2019.04.23-22.24.35:962][177]LogModuleManager: Shutting down and abandoning module SimplygonMeshReduction (173)
[2019.04.23-22.24.35:962][177]LogModuleManager: Shutting down and abandoning module QuadricMeshReduction (171)
[2019.04.23-22.24.35:962][177]LogModuleManager: Shutting down and abandoning module MaterialBaking (167)
[2019.04.23-22.24.35:963][177]LogModuleManager: Shutting down and abandoning module DirectoryWatcher (163)
[2019.04.23-22.24.35:963][177]LogModuleManager: Shutting down and abandoning module DerivedDataCache (160)
[2019.04.23-22.24.36:028][177]LogDerivedDataCache: Shutdown
[2019.04.23-22.24.36:028][177]LogModuleManager: Shutting down and abandoning module XGEController (158)
[2019.04.23-22.24.36:028][177]LogModuleManager: Shutting down and abandoning module TargetPlatform (156)
[2019.04.23-22.24.36:028][177]LogModuleManager: Shutting down and abandoning module VulkanShaderFormat (155)
[2019.04.23-22.24.36:028][177]LogModuleManager: Shutting down and abandoning module ShaderFormatVectorVM (153)
[2019.04.23-22.24.36:028][177]LogModuleManager: Shutting down and abandoning module ShaderFormatOpenGL (151)
[2019.04.23-22.24.36:028][177]LogModuleManager: Shutting down and abandoning module ShaderFormatD3D (149)
[2019.04.23-22.24.36:028][177]LogModuleManager: Shutting down and abandoning module MetalShaderFormat (147)
[2019.04.23-22.24.36:028][177]LogModuleManager: Shutting down and abandoning module TextureFormatUncompressed (145)
[2019.04.23-22.24.36:028][177]LogModuleManager: Shutting down and abandoning module TextureFormatPVR (143)
[2019.04.23-22.24.36:028][177]LogModuleManager: Shutting down and abandoning module TextureFormatDXT (141)
[2019.04.23-22.24.36:028][177]LogModuleManager: Shutting down and abandoning module TextureFormatIntelISPCTexComp (139)
[2019.04.23-22.24.36:029][177]LogModuleManager: Shutting down and abandoning module TextureFormatASTC (137)
[2019.04.23-22.24.36:029][177]LogModuleManager: Shutting down and abandoning module ImageWrapper (136)
[2019.04.23-22.24.36:029][177]LogModuleManager: Shutting down and abandoning module TextureFormatAndroid (133)
[2019.04.23-22.24.36:029][177]LogModuleManager: Shutting down and abandoning module AudioFormatOpus (131)
[2019.04.23-22.24.36:029][177]LogModuleManager: Shutting down and abandoning module AudioFormatOgg (129)
[2019.04.23-22.24.36:029][177]LogModuleManager: Shutting down and abandoning module AudioFormatADPCM (127)
[2019.04.23-22.24.36:029][177]LogModuleManager: Shutting down and abandoning module LuminTargetPlatform (125)
[2019.04.23-22.24.36:029][177]LogModuleManager: Shutting down and abandoning module LinuxTargetPlatform (123)
[2019.04.23-22.24.36:029][177]LogModuleManager: Shutting down and abandoning module LinuxServerTargetPlatform (121)
[2019.04.23-22.24.36:029][177]LogModuleManager: Shutting down and abandoning module LinuxNoEditorTargetPlatform (119)
[2019.04.23-22.24.36:029][177]LogModuleManager: Shutting down and abandoning module LinuxClientTargetPlatform (117)
[2019.04.23-22.24.36:029][177]LogModuleManager: Shutting down and abandoning module TVOSTargetPlatform (115)
[2019.04.23-22.24.36:030][177]LogModuleManager: Shutting down and abandoning module Messaging (113)
[2019.04.23-22.24.36:030][177]LogModuleManager: Shutting down and abandoning module IOSTargetPlatform (111)
[2019.04.23-22.24.36:031][177]LogModuleManager: Shutting down and abandoning module HTML5TargetPlatform (109)
[2019.04.23-22.24.36:031][177]LogModuleManager: Shutting down and abandoning module AndroidTargetPlatform (107)
[2019.04.23-22.24.36:037][177]LogModuleManager: Shutting down and abandoning module WindowsTargetPlatform (105)
[2019.04.23-22.24.36:037][177]LogModuleManager: Shutting down and abandoning module WindowsServerTargetPlatform (103)
[2019.04.23-22.24.36:037][177]LogModuleManager: Shutting down and abandoning module WindowsNoEditorTargetPlatform (101)
[2019.04.23-22.24.36:038][177]LogModuleManager: Shutting down and abandoning module WindowsClientTargetPlatform (99)
[2019.04.23-22.24.36:038][177]LogModuleManager: Shutting down and abandoning module MacTargetPlatform (97)
[2019.04.23-22.24.36:038][177]LogModuleManager: Shutting down and abandoning module MacServerTargetPlatform (95)
[2019.04.23-22.24.36:038][177]LogModuleManager: Shutting down and abandoning module MacNoEditorTargetPlatform (93)
[2019.04.23-22.24.36:038][177]LogModuleManager: Shutting down and abandoning module MacClientTargetPlatform (91)
[2019.04.23-22.24.36:038][177]LogModuleManager: Shutting down and abandoning module AllDesktopTargetPlatform (89)
[2019.04.23-22.24.36:038][177]LogModuleManager: Shutting down and abandoning module InputCore (86)
[2019.04.23-22.24.36:038][177]LogModuleManager: Shutting down and abandoning module Settings (84)
[2019.04.23-22.24.36:038][177]LogModuleManager: Shutting down and abandoning module PhysXCooking (82)
[2019.04.23-22.24.36:038][177]LogModuleManager: Shutting down and abandoning module SteamVR (80)
[2019.04.23-22.24.36:038][177]LogHMD: Freeing OpenVRDLLHandle.
[2019.04.23-22.24.36:038][177]LogModuleManager: Shutting down and abandoning module OculusHMD (78)
[2019.04.23-22.24.36:038][177]LogModuleManager: Shutting down and abandoning module ExampleDeviceProfileSelector (76)
[2019.04.23-22.24.36:038][177]LogModuleManager: Shutting down and abandoning module LauncherChunkInstaller (74)
[2019.04.23-22.24.36:038][177]LogModuleManager: Shutting down and abandoning module OnlineBlueprintSupport (72)
[2019.04.23-22.24.36:038][177]LogModuleManager: Shutting down and abandoning module OnlineSubsystem (68)
[2019.04.23-22.24.36:039][177]LogModuleManager: Shutting down and abandoning module XMPP (63)
[2019.04.23-22.24.36:039][177]LogModuleManager: Shutting down and abandoning module WebSockets (62)
[2019.04.23-22.24.36:074][177]LogModuleManager: Shutting down and abandoning module HTTP (59)
[2019.04.23-22.24.36:074][177]LogHttp: Display: Http module shutting down, but needs to wait on 1 outstanding Http requests:
[2019.04.23-22.24.36:074][177]LogHttp: Display: 	verb=[POST] url=[https://datarouter.ol.epicgames.com/datarouter/api/v1/public/data?SessionID=%7B190D83CA-445E-95CC-B4B1-92A4F3DD8D29%7D&AppID=UEEditor.Rocket.Release&AppVersion=4.21.1-4613538%2B%2B%2BUE4%2BRelease-4.21&UserID=ad2ce3c842b0a61f8505f3bb91271840%7C5ac4efb3fdd94efd9448d5abd0820c37%7C3f082654-9d54-4b7d-bcd7-107a6bee479d&AppEnvironment=datacollector-binary&UploadType=eteventstream] status=Processing
[2019.04.23-22.24.36:103][177]LogModuleManager: Shutting down and abandoning module SSL (58)
[2019.04.23-22.24.36:104][177]LogModuleManager: Shutting down and abandoning module MagicLeapIdentity (54)
[2019.04.23-22.24.36:104][177]LogModuleManager: Shutting down and abandoning module MagicLeapHelperVulkan (52)
[2019.04.23-22.24.36:104][177]LogModuleManager: Shutting down and abandoning module MagicLeapHelperOpenGL (50)
[2019.04.23-22.24.36:104][177]LogModuleManager: Shutting down and abandoning module MagicLeapSecureStorage (48)
[2019.04.23-22.24.36:104][177]LogModuleManager: Shutting down and abandoning module MagicLeapHandTracking (46)
[2019.04.23-22.24.36:104][177]LogModuleManager: Shutting down and abandoning module MagicLeapEyeTracker (44)
[2019.04.23-22.24.36:104][177]LogModuleManager: Shutting down and abandoning module MagicLeapController (42)
[2019.04.23-22.24.36:105][177]LogSlate: Slate User Destroyed.  User Index 0, Is Virtual User: 0
[2019.04.23-22.24.36:105][177]LogSlate: Slate User Destroyed.  User Index 8, Is Virtual User: 1
[2019.04.23-22.24.36:105][177]LogModuleManager: Shutting down and abandoning module MagicLeap (40)
[2019.04.23-22.24.36:105][177]LogModuleManager: Shutting down and abandoning module DatasmithContent (38)
[2019.04.23-22.24.36:105][177]LogModuleManager: Shutting down and abandoning module AnimationModifiers (36)
[2019.04.23-22.24.36:105][177]LogModuleManager: Shutting down and abandoning module PropertyEditor (35)
[2019.04.23-22.24.36:105][177]LogModuleManager: Shutting down and abandoning module AudioEditor (32)
[2019.04.23-22.24.36:105][177]LogModuleManager: Shutting down and abandoning module TextureCompressor (30)
[2019.04.23-22.24.36:105][177]LogModuleManager: Shutting down and abandoning module ShaderCore (28)
[2019.04.23-22.24.36:105][177]LogModuleManager: Shutting down and abandoning module Landscape (26)
[2019.04.23-22.24.36:105][177]LogModuleManager: Shutting down and abandoning module SlateRHIRenderer (24)
[2019.04.23-22.24.36:106][177]LogModuleManager: Shutting down and abandoning module OpenGLDrv (22)
[2019.04.23-22.24.36:106][177]LogModuleManager: Shutting down and abandoning module D3D11RHI (20)
[2019.04.23-22.24.36:106][177]LogModuleManager: Shutting down and abandoning module AnimGraphRuntime (18)
[2019.04.23-22.24.36:106][177]LogModuleManager: Shutting down and abandoning module Renderer (16)
[2019.04.23-22.24.36:106][177]LogModuleManager: Shutting down and abandoning module Engine (14)
[2019.04.23-22.24.36:106][177]LogModuleManager: Shutting down and abandoning module CoreUObject (12)
[2019.04.23-22.24.36:106][177]LogModuleManager: Shutting down and abandoning module NetworkFile (10)
[2019.04.23-22.24.36:106][177]LogModuleManager: Shutting down and abandoning module CookedIterativeFile (8)
[2019.04.23-22.24.36:106][177]LogModuleManager: Shutting down and abandoning module StreamingFile (6)
[2019.04.23-22.24.36:106][177]LogModuleManager: Shutting down and abandoning module SandboxFile (4)
[2019.04.23-22.24.36:106][177]LogModuleManager: Shutting down and abandoning module PakFile (2)
[2019.04.23-22.24.36:114][177]LogExit: Exiting.
[2019.04.23-22.24.36:119][177]Log file closed, 04/23/19 18:24:36
