Log file open, 02/11/19 12:59:12
LogWindows: Failed to load 'aqProf.dll' (GetLastError=126)
LogWindows: File 'aqProf.dll' does not exist
LogWindows: Failed to load 'VtuneApi.dll' (GetLastError=126)
LogWindows: File 'VtuneApi.dll' does not exist
LogWindows: Failed to load 'VtuneApi32e.dll' (GetLastError=126)
LogWindows: File 'VtuneApi32e.dll' does not exist
LogConsoleResponse: Display: Failed to find resolution value strings in scalability ini. Falling back to default.
LogInit: Display: Running engine for game: OPSYN
LogPakFile: Registered encryption key '00000000000000000000000000000000': 0 pak files mounted, 0 remain pending
LogPlatformFile: Not using cached read wrapper
LogTaskGraph: Started task graph with 5 named threads and 23 total threads with 3 sets of task threads.
LogStats: Stats thread started at 0.819877
LogD3D11RHI: Loaded GFSDK_Aftermath_Lib.x64.dll
LogICUInternationalization: ICU TimeZone Detection - Raw Offset: -5:00, Platform Override: ''
LogPluginManager: Mounting plugin Paper2D
LogPluginManager: Mounting plugin AISupport
LogPluginManager: Mounting plugin LightPropagationVolume
LogPluginManager: Mounting plugin ActorLayerUtilities
LogPluginManager: Mounting plugin CLionSourceCodeAccess
LogPluginManager: Mounting plugin CodeLiteSourceCodeAccess
LogPluginManager: Mounting plugin GitSourceControl
LogPluginManager: Mounting plugin KDevelopSourceCodeAccess
LogPluginManager: Mounting plugin NullSourceCodeAccess
LogPluginManager: Mounting plugin PerforceSourceControl
LogPluginManager: Mounting plugin SubversionSourceControl
LogPluginManager: Mounting plugin UObjectPlugin
LogPluginManager: Mounting plugin VisualStudioCodeSourceCodeAccess
LogPluginManager: Mounting plugin VisualStudioSourceCodeAccess
LogPluginManager: Mounting plugin XCodeSourceCodeAccess
LogPluginManager: Mounting plugin AssetManagerEditor
LogPluginManager: Mounting plugin CryptoKeys
LogPluginManager: Mounting plugin DataValidation
LogPluginManager: Mounting plugin FacialAnimation
LogPluginManager: Mounting plugin GameplayTagsEditor
LogPluginManager: Mounting plugin MacGraphicsSwitching
LogPluginManager: Mounting plugin MeshEditor
LogPluginManager: Mounting plugin MobileLauncherProfileWizard
LogPluginManager: Mounting plugin PluginBrowser
LogPluginManager: Mounting plugin SpeedTreeImporter
LogPluginManager: Mounting plugin DatasmithContent
LogPluginManager: Mounting plugin VariantManagerContent
LogPluginManager: Mounting plugin AlembicImporter
LogPluginManager: Mounting plugin AppleImageUtils
LogPluginManager: Mounting plugin AppleVision
LogPluginManager: Mounting plugin BackChannel
LogPluginManager: Mounting plugin CharacterAI
LogPluginManager: Mounting plugin GeometryCache
LogPluginManager: Mounting plugin HTML5Networking
LogPluginManager: Mounting plugin ProxyLODPlugin
LogPluginManager: Mounting plugin MagicLeap
LogPluginManager: Mounting plugin MagicLeapMedia
LogPluginManager: Mounting plugin AndroidMedia
LogPluginManager: Mounting plugin AvfMedia
LogPluginManager: Mounting plugin ImgMedia
LogPluginManager: Mounting plugin LinearTimecode
LogPluginManager: Mounting plugin MediaCompositing
LogPluginManager: Mounting plugin MediaPlayerEditor
LogPluginManager: Mounting plugin WebMMedia
LogPluginManager: Mounting plugin WmfMedia
LogPluginManager: Mounting plugin TcpMessaging
LogPluginManager: Mounting plugin UdpMessaging
LogPluginManager: Mounting plugin ActorSequence
LogPluginManager: Mounting plugin LevelSequenceEditor
LogPluginManager: Mounting plugin MatineeToLevelSequence
LogPluginManager: Mounting plugin NetcodeUnitTest
LogPluginManager: Mounting plugin NUTUnrealEngine4
LogPluginManager: Mounting plugin OnlineSubsystemGooglePlay
LogPluginManager: Mounting plugin OnlineSubsystemIOS
LogPluginManager: Mounting plugin OnlineSubsystem
LogPluginManager: Mounting plugin OnlineSubsystemNull
LogPluginManager: Mounting plugin OnlineSubsystemUtils
LogPluginManager: Mounting plugin LauncherChunkInstaller
LogPluginManager: Mounting plugin AndroidDeviceProfileSelector
LogPluginManager: Mounting plugin AndroidMoviePlayer
LogPluginManager: Mounting plugin AndroidPermission
LogPluginManager: Mounting plugin AppleMoviePlayer
LogPluginManager: Mounting plugin ArchVisCharacter
LogPluginManager: Mounting plugin AudioCapture
LogPluginManager: Mounting plugin CableComponent
LogPluginManager: Mounting plugin CustomMeshComponent
LogPluginManager: Mounting plugin EditableMesh
LogPluginManager: Mounting plugin ExampleDeviceProfileSelector
LogPluginManager: Mounting plugin Firebase
LogPluginManager: Mounting plugin GoogleCloudMessaging
LogPluginManager: Mounting plugin IOSDeviceProfileSelector
LogPluginManager: Mounting plugin LeapMotion
LogPluginManager: Mounting plugin LinuxDeviceProfileSelector
LogPluginManager: Mounting plugin LocationServicesBPLibrary
LogPluginManager: Mounting plugin MobilePatchingUtils
LogPluginManager: Mounting plugin OculusVR
LogPluginManager: Mounting plugin PhysXVehicles
LogPluginManager: Mounting plugin ProceduralMeshComponent
LogPluginManager: Mounting plugin RuntimePhysXCooking
LogPluginManager: Mounting plugin SteamVR
LogPluginManager: Mounting plugin WebMMoviePlayer
LogPluginManager: Mounting plugin WindowsMoviePlayer
LogPluginManager: Mounting plugin OSC
LogStreaming: Display: Took  0.135s to configure plugins.
LogInit: Using libcurl 7.55.1-DEV
LogInit:  - built for x86_64-pc-win32
LogInit:  - supports SSL with OpenSSL/1.0.2h
LogInit:  - supports HTTP deflate (compression) using libz 1.2.8
LogInit:  - other features:
LogInit:      CURL_VERSION_SSL
LogInit:      CURL_VERSION_LIBZ
LogInit:      CURL_VERSION_IPV6
LogInit:      CURL_VERSION_ASYNCHDNS
LogInit:      CURL_VERSION_LARGEFILE
LogInit:      CURL_VERSION_IDN
LogInit:  CurlRequestOptions (configurable via config and command line):
LogInit:  - bVerifyPeer = true  - Libcurl will verify peer certificate
LogInit:  - bUseHttpProxy = false  - Libcurl will NOT use HTTP proxy
LogInit:  - bDontReuseConnections = false  - Libcurl will reuse connections
LogInit:  - MaxHostConnections = 16  - Libcurl will limit the number of connections to a host
LogInit:  - LocalHostAddr = Default
LogInit:  - BufferSize = 65536
LogInit: WinSock: version 1.1 (2.2), MaxSocks=32767, MaxUdp=65467
LogHMD: Failed initializing OVRPlugin 1.28.0
LogInit: Build: ++UE4+Release-4.21-CL-4613538
LogInit: Engine Version: 4.21.1-4613538+++UE4+Release-4.21
LogInit: Compatible Engine Version: 4.21.0-4541578+++UE4+Release-4.21
LogInit: Net CL: 4541578
LogInit: OS: Windows 10 (), CPU: Intel(R) Core(TM) i7-7700HQ CPU @ 2.80GHz, GPU: Intel(R) HD Graphics 630
LogInit: Compiled (64-bit): Nov 30 2018 04:13:25
LogInit: Compiled with Visual C++: 19.13.26129.00
LogInit: Build Configuration: Development
LogInit: Branch Name: ++UE4+Release-4.21
LogInit: Command Line: 
LogInit: Base Directory: C:/Program Files/Epic Games/UE_4.21/Engine/Binaries/Win64/
LogInit: Installed Engine Build: 1
LogDevObjectVersion: Number of dev versions registered: 22
LogDevObjectVersion:   Dev-Blueprints (B0D832E4-1F89-4F0D-ACCF-7EB736FD4AA2): 10
LogDevObjectVersion:   Dev-Build (E1C64328-A22C-4D53-A36C-8E866417BD8C): 0
LogDevObjectVersion:   Dev-Core (375EC13C-06E4-48FB-B500-84F0262A717E): 2
LogDevObjectVersion:   Dev-Editor (E4B068ED-F494-42E9-A231-DA0B2E46BB41): 26
LogDevObjectVersion:   Dev-Framework (CFFC743F-43B0-4480-9391-14DF171D2073): 34
LogDevObjectVersion:   Dev-Mobile (B02B49B5-BB20-44E9-A304-32B752E40360): 2
LogDevObjectVersion:   Dev-Networking (A4E4105C-59A1-49B5-A7C5-40C4547EDFEE): 0
LogDevObjectVersion:   Dev-Online (39C831C9-5AE6-47DC-9A44-9C173E1C8E7C): 0
LogDevObjectVersion:   Dev-Physics (78F01B33-EBEA-4F98-B9B4-84EACCB95AA2): 0
LogDevObjectVersion:   Dev-Platform (6631380F-2D4D-43E0-8009-CF276956A95A): 0
LogDevObjectVersion:   Dev-Rendering (12F88B9F-8875-4AFC-A67C-D90C383ABD29): 27
LogDevObjectVersion:   Dev-Sequencer (7B5AE74C-D270-4C10-A958-57980B212A5A): 9
LogDevObjectVersion:   Dev-VR (D7296918-1DD6-4BDD-9DE2-64A83CC13884): 2
LogDevObjectVersion:   Dev-LoadTimes (C2A15278-BFE7-4AFE-6C17-90FF531DF755): 1
LogDevObjectVersion:   Private-Geometry (6EACA3D4-40EC-4CC1-B786-8BED09428FC5): 3
LogDevObjectVersion:   Dev-AnimPhys (29E575DD-E0A3-4627-9D10-D276232CDCEA): 17
LogDevObjectVersion:   Dev-Anim (AF43A65D-7FD3-4947-9873-3E8ED9C1BB05): 2
LogDevObjectVersion:   Dev-ReflectionCapture (6B266CEC-1EC7-4B8F-A30B-E4D90942FC07): 1
LogDevObjectVersion:   Dev-Automation (0DF73D61-A23F-47EA-B727-89E90C41499A): 1
LogDevObjectVersion:   FortniteMain (601D1886-AC64-4F84-AA16-D3DE0DEAC7D6): 17
LogDevObjectVersion:   Dev-Enterprise (9DFFBCD6-494F-0158-E221-12823C92A888): 4
LogDevObjectVersion:   Dev-Niagara (F2AED0AC-9AFE-416F-8664-AA7FFA26D6FC): 1
LogStreaming: Display: Took  0.003s to delete old logs.
LogInit: Presizing for max 8388607 objects, including 0 objects not considered by GC, pre-allocating 0 bytes for permanent pool.
LogInit: Object subsystem initialized
LogConfig: Setting CVar [[con.DebugEarlyDefault:1]]
LogConfig: Setting CVar [[r.setres:1280x720]]
[2019.02.11-17.59.13:745][  0]LogConfig: Setting CVar [[r.VSync:0]]
[2019.02.11-17.59.13:745][  0]LogConfig: Setting CVar [[r.RHICmdBypass:0]]
[2019.02.11-17.59.13:745][  0]LogConfig: Applying CVar settings from Section [/Script/Engine.RendererSettings] File [C:/Users/luste/Documents/GitHub/OPSYN-Out-of-Place-Synthesizer-/OPSYN/Saved/Config/Windows/Engine.ini]
[2019.02.11-17.59.13:745][  0]LogConfig: Setting CVar [[r.GPUCrashDebugging:0]]
[2019.02.11-17.59.13:745][  0]LogConfig: Applying CVar settings from Section [/Script/Engine.RendererOverrideSettings] File [C:/Users/luste/Documents/GitHub/OPSYN-Out-of-Place-Synthesizer-/OPSYN/Saved/Config/Windows/Engine.ini]
[2019.02.11-17.59.13:745][  0]LogConfig: Applying CVar settings from Section [/Script/Engine.StreamingSettings] File [C:/Users/luste/Documents/GitHub/OPSYN-Out-of-Place-Synthesizer-/OPSYN/Saved/Config/Windows/Engine.ini]
[2019.02.11-17.59.13:745][  0]LogConfig: Setting CVar [[s.MinBulkDataSizeForAsyncLoading:131072]]
[2019.02.11-17.59.13:745][  0]LogConfig: Setting CVar [[s.AsyncLoadingThreadEnabled:0]]
[2019.02.11-17.59.13:745][  0]LogConfig: Setting CVar [[s.EventDrivenLoaderEnabled:1]]
[2019.02.11-17.59.13:745][  0]LogConfig: Setting CVar [[s.WarnIfTimeLimitExceeded:0]]
[2019.02.11-17.59.13:745][  0]LogConfig: Setting CVar [[s.TimeLimitExceededMultiplier:1.5]]
[2019.02.11-17.59.13:745][  0]LogConfig: Setting CVar [[s.TimeLimitExceededMinTime:0.005]]
[2019.02.11-17.59.13:745][  0]LogConfig: Setting CVar [[s.UseBackgroundLevelStreaming:1]]
[2019.02.11-17.59.13:745][  0]LogConfig: Setting CVar [[s.PriorityAsyncLoadingExtraTime:15.0]]
[2019.02.11-17.59.13:745][  0]LogConfig: Setting CVar [[s.LevelStreamingActorsUpdateTimeLimit:5.0]]
[2019.02.11-17.59.13:745][  0]LogConfig: Setting CVar [[s.PriorityLevelStreamingActorsUpdateExtraTime:5.0]]
[2019.02.11-17.59.13:745][  0]LogConfig: Setting CVar [[s.LevelStreamingComponentsRegistrationGranularity:10]]
[2019.02.11-17.59.13:745][  0]LogConfig: Setting CVar [[s.UnregisterComponentsTimeLimit:1.0]]
[2019.02.11-17.59.13:745][  0]LogConfig: Setting CVar [[s.LevelStreamingComponentsUnregistrationGranularity:5]]
[2019.02.11-17.59.13:745][  0]LogConfig: Applying CVar settings from Section [/Script/Engine.GarbageCollectionSettings] File [C:/Users/luste/Documents/GitHub/OPSYN-Out-of-Place-Synthesizer-/OPSYN/Saved/Config/Windows/Engine.ini]
[2019.02.11-17.59.13:745][  0]LogConfig: Setting CVar [[gc.MaxObjectsNotConsideredByGC:1]]
[2019.02.11-17.59.13:745][  0]LogConfig: Setting CVar [[gc.SizeOfPermanentObjectPool:0]]
[2019.02.11-17.59.13:745][  0]LogConfig: Setting CVar [[gc.FlushStreamingOnGC:0]]
[2019.02.11-17.59.13:745][  0]LogConfig: Setting CVar [[gc.NumRetriesBeforeForcingGC:10]]
[2019.02.11-17.59.13:745][  0]LogConfig: Setting CVar [[gc.AllowParallelGC:1]]
[2019.02.11-17.59.13:745][  0]LogConfig: Setting CVar [[gc.TimeBetweenPurgingPendingKillObjects:61.1]]
[2019.02.11-17.59.13:745][  0]LogConfig: Setting CVar [[gc.MaxObjectsInEditor:8388607]]
[2019.02.11-17.59.13:745][  0]LogConfig: Setting CVar [[gc.IncrementalBeginDestroyEnabled:1]]
[2019.02.11-17.59.13:745][  0]LogConfig: Setting CVar [[gc.CreateGCClusters:1]]
[2019.02.11-17.59.13:745][  0]LogConfig: Setting CVar [[gc.MergeGCClusters:0]]
[2019.02.11-17.59.13:745][  0]LogConfig: Setting CVar [[gc.MinGCClusterSize:5]]
[2019.02.11-17.59.13:745][  0]LogConfig: Setting CVar [[gc.ActorClusteringEnabled:0]]
[2019.02.11-17.59.13:745][  0]LogConfig: Setting CVar [[gc.BlueprintClusteringEnabled:0]]
[2019.02.11-17.59.13:745][  0]LogConfig: Setting CVar [[gc.UseDisregardForGCOnDedicatedServers:0]]
[2019.02.11-17.59.13:745][  0]LogConfig: Applying CVar settings from Section [/Script/Engine.NetworkSettings] File [C:/Users/luste/Documents/GitHub/OPSYN-Out-of-Place-Synthesizer-/OPSYN/Saved/Config/Windows/Engine.ini]
[2019.02.11-17.59.13:745][  0]LogConfig: Applying CVar settings from Section [/Script/UnrealEd.CookerSettings] File [C:/Users/luste/Documents/GitHub/OPSYN-Out-of-Place-Synthesizer-/OPSYN/Saved/Config/Windows/Engine.ini]
[2019.02.11-17.59.13:754][  0]LogConfig: Applying CVar settings from Section [ViewDistanceQuality@3] File [C:/Users/luste/Documents/GitHub/OPSYN-Out-of-Place-Synthesizer-/OPSYN/Saved/Config/Windows/Scalability.ini]
[2019.02.11-17.59.13:755][  0]LogConfig: Setting CVar [[r.SkeletalMeshLODBias:0]]
[2019.02.11-17.59.13:755][  0]LogConfig: Setting CVar [[r.ViewDistanceScale:1.0]]
[2019.02.11-17.59.13:755][  0]LogConfig: Applying CVar settings from Section [AntiAliasingQuality@3] File [C:/Users/luste/Documents/GitHub/OPSYN-Out-of-Place-Synthesizer-/OPSYN/Saved/Config/Windows/Scalability.ini]
[2019.02.11-17.59.13:755][  0]LogConfig: Setting CVar [[r.PostProcessAAQuality:4]]
[2019.02.11-17.59.13:755][  0]LogConfig: Applying CVar settings from Section [ShadowQuality@3] File [C:/Users/luste/Documents/GitHub/OPSYN-Out-of-Place-Synthesizer-/OPSYN/Saved/Config/Windows/Scalability.ini]
[2019.02.11-17.59.13:755][  0]LogConfig: Setting CVar [[r.LightFunctionQuality:1]]
[2019.02.11-17.59.13:755][  0]LogConfig: Setting CVar [[r.ShadowQuality:5]]
[2019.02.11-17.59.13:755][  0]LogConfig: Setting CVar [[r.Shadow.CSM.MaxCascades:10]]
[2019.02.11-17.59.13:755][  0]LogConfig: Setting CVar [[r.Shadow.MaxResolution:2048]]
[2019.02.11-17.59.13:755][  0]LogConfig: Setting CVar [[r.Shadow.MaxCSMResolution:2048]]
[2019.02.11-17.59.13:755][  0]LogConfig: Setting CVar [[r.Shadow.RadiusThreshold:0.01]]
[2019.02.11-17.59.13:755][  0]LogConfig: Setting CVar [[r.Shadow.DistanceScale:1.0]]
[2019.02.11-17.59.13:755][  0]LogConfig: Setting CVar [[r.Shadow.CSM.TransitionScale:1.0]]
[2019.02.11-17.59.13:755][  0]LogConfig: Setting CVar [[r.Shadow.PreShadowResolutionFactor:1.0]]
[2019.02.11-17.59.13:755][  0]LogConfig: Setting CVar [[r.DistanceFieldShadowing:1]]
[2019.02.11-17.59.13:755][  0]LogConfig: Setting CVar [[r.DistanceFieldAO:1]]
[2019.02.11-17.59.13:755][  0]LogConfig: Setting CVar [[r.AOQuality:2]]
[2019.02.11-17.59.13:755][  0]LogConfig: Setting CVar [[r.VolumetricFog:1]]
[2019.02.11-17.59.13:755][  0]LogConfig: Setting CVar [[r.VolumetricFog.GridPixelSize:8]]
[2019.02.11-17.59.13:755][  0]LogConfig: Setting CVar [[r.VolumetricFog.GridSizeZ:128]]
[2019.02.11-17.59.13:755][  0]LogConfig: Setting CVar [[r.VolumetricFog.HistoryMissSupersampleCount:4]]
[2019.02.11-17.59.13:755][  0]LogConfig: Setting CVar [[r.LightMaxDrawDistanceScale:1]]
[2019.02.11-17.59.13:755][  0]LogConfig: Setting CVar [[r.CapsuleShadows:1]]
[2019.02.11-17.59.13:755][  0]LogConfig: Applying CVar settings from Section [PostProcessQuality@3] File [C:/Users/luste/Documents/GitHub/OPSYN-Out-of-Place-Synthesizer-/OPSYN/Saved/Config/Windows/Scalability.ini]
[2019.02.11-17.59.13:755][  0]LogConfig: Setting CVar [[r.MotionBlurQuality:4]]
[2019.02.11-17.59.13:755][  0]LogConfig: Setting CVar [[r.AmbientOcclusionMipLevelFactor:0.4]]
[2019.02.11-17.59.13:755][  0]LogConfig: Setting CVar [[r.AmbientOcclusionMaxQuality:100]]
[2019.02.11-17.59.13:755][  0]LogConfig: Setting CVar [[r.AmbientOcclusionLevels:-1]]
[2019.02.11-17.59.13:755][  0]LogConfig: Setting CVar [[r.AmbientOcclusionRadiusScale:1.0]]
[2019.02.11-17.59.13:755][  0]LogConfig: Setting CVar [[r.DepthOfFieldQuality:2]]
[2019.02.11-17.59.13:755][  0]LogConfig: Setting CVar [[r.RenderTargetPoolMin:400]]
[2019.02.11-17.59.13:755][  0]LogConfig: Setting CVar [[r.LensFlareQuality:2]]
[2019.02.11-17.59.13:755][  0]LogConfig: Setting CVar [[r.SceneColorFringeQuality:1]]
[2019.02.11-17.59.13:755][  0]LogConfig: Setting CVar [[r.EyeAdaptationQuality:2]]
[2019.02.11-17.59.13:755][  0]LogConfig: Setting CVar [[r.BloomQuality:5]]
[2019.02.11-17.59.13:755][  0]LogConfig: Setting CVar [[r.FastBlurThreshold:100]]
[2019.02.11-17.59.13:755][  0]LogConfig: Setting CVar [[r.Upscale.Quality:3]]
[2019.02.11-17.59.13:755][  0]LogConfig: Setting CVar [[r.Tonemapper.GrainQuantization:1]]
[2019.02.11-17.59.13:755][  0]LogConfig: Setting CVar [[r.LightShaftQuality:1]]
[2019.02.11-17.59.13:755][  0]LogConfig: Setting CVar [[r.Filter.SizeScale:1]]
[2019.02.11-17.59.13:755][  0]LogConfig: Setting CVar [[r.Tonemapper.Quality:5]]
[2019.02.11-17.59.13:755][  0]LogConfig: Setting CVar [[r.DOF.Gather.AccumulatorQuality:1        ; higher gathering accumulator quality]]
[2019.02.11-17.59.13:755][  0]LogConfig: Setting CVar [[r.DOF.Gather.PostfilterMethod:1          ; Median3x3 postfilering method]]
[2019.02.11-17.59.13:755][  0]LogConfig: Setting CVar [[r.DOF.Gather.EnableBokehSettings:0       ; no bokeh simulation when gathering]]
[2019.02.11-17.59.13:755][  0]LogConfig: Setting CVar [[r.DOF.Gather.RingCount:4                 ; medium number of samples when gathering]]
[2019.02.11-17.59.13:756][  0]LogConfig: Setting CVar [[r.DOF.Scatter.ForegroundCompositing:1    ; additive foreground scattering]]
[2019.02.11-17.59.13:756][  0]LogConfig: Setting CVar [[r.DOF.Scatter.BackgroundCompositing:2    ; additive background scattering]]
[2019.02.11-17.59.13:756][  0]LogConfig: Setting CVar [[r.DOF.Scatter.EnableBokehSettings:1      ; bokeh simulation when scattering]]
[2019.02.11-17.59.13:756][  0]LogConfig: Setting CVar [[r.DOF.Scatter.MaxSpriteRatio:0.1         ; only a maximum of 10% of scattered bokeh]]
[2019.02.11-17.59.13:756][  0]LogConfig: Setting CVar [[r.DOF.Recombine.Quality:1                ; cheap slight out of focus]]
[2019.02.11-17.59.13:756][  0]LogConfig: Setting CVar [[r.DOF.Recombine.EnableBokehSettings:0    ; no bokeh simulation on slight out of focus]]
[2019.02.11-17.59.13:756][  0]LogConfig: Setting CVar [[r.DOF.TemporalAAQuality:1                ; more stable temporal accumulation]]
[2019.02.11-17.59.13:756][  0]LogConfig: Setting CVar [[r.DOF.Kernel.MaxForegroundRadius:0.025]]
[2019.02.11-17.59.13:756][  0]LogConfig: Setting CVar [[r.DOF.Kernel.MaxBackgroundRadius:0.025]]
[2019.02.11-17.59.13:756][  0]LogConfig: Applying CVar settings from Section [TextureQuality@3] File [C:/Users/luste/Documents/GitHub/OPSYN-Out-of-Place-Synthesizer-/OPSYN/Saved/Config/Windows/Scalability.ini]
[2019.02.11-17.59.13:756][  0]LogConfig: Setting CVar [[r.Streaming.MipBias:0]]
[2019.02.11-17.59.13:756][  0]LogConfig: Setting CVar [[r.Streaming.AmortizeCPUToGPUCopy:0]]
[2019.02.11-17.59.13:756][  0]LogConfig: Setting CVar [[r.Streaming.MaxNumTexturesToStreamPerFrame:0]]
[2019.02.11-17.59.13:756][  0]LogConfig: Setting CVar [[r.Streaming.Boost:1]]
[2019.02.11-17.59.13:756][  0]LogConfig: Setting CVar [[r.MaxAnisotropy:8]]
[2019.02.11-17.59.13:756][  0]LogConfig: Setting CVar [[r.Streaming.LimitPoolSizeToVRAM:0]]
[2019.02.11-17.59.13:756][  0]LogConfig: Setting CVar [[r.Streaming.PoolSize:1000]]
[2019.02.11-17.59.13:756][  0]LogConfig: Setting CVar [[r.Streaming.MaxEffectiveScreenSize:0]]
[2019.02.11-17.59.13:756][  0]LogConfig: Applying CVar settings from Section [EffectsQuality@3] File [C:/Users/luste/Documents/GitHub/OPSYN-Out-of-Place-Synthesizer-/OPSYN/Saved/Config/Windows/Scalability.ini]
[2019.02.11-17.59.13:756][  0]LogConfig: Setting CVar [[r.TranslucencyLightingVolumeDim:64]]
[2019.02.11-17.59.13:756][  0]LogConfig: Setting CVar [[r.RefractionQuality:2]]
[2019.02.11-17.59.13:756][  0]LogConfig: Setting CVar [[r.SSR.Quality:3]]
[2019.02.11-17.59.13:756][  0]LogConfig: Setting CVar [[r.SceneColorFormat:4]]
[2019.02.11-17.59.13:756][  0]LogConfig: Setting CVar [[r.DetailMode:2]]
[2019.02.11-17.59.13:756][  0]LogConfig: Setting CVar [[r.TranslucencyVolumeBlur:1]]
[2019.02.11-17.59.13:756][  0]LogConfig: Setting CVar [[r.MaterialQualityLevel:1 ; High quality]]
[2019.02.11-17.59.13:756][  0]LogConfig: Setting CVar [[r.SSS.Scale:1]]
[2019.02.11-17.59.13:756][  0]LogConfig: Setting CVar [[r.SSS.SampleSet:2]]
[2019.02.11-17.59.13:756][  0]LogConfig: Setting CVar [[r.SSS.Quality:1]]
[2019.02.11-17.59.13:756][  0]LogConfig: Setting CVar [[r.SSS.HalfRes:1]]
[2019.02.11-17.59.13:756][  0]LogConfig: Setting CVar [[r.EmitterSpawnRateScale:1.0]]
[2019.02.11-17.59.13:756][  0]LogConfig: Setting CVar [[r.ParticleLightQuality:2]]
[2019.02.11-17.59.13:756][  0]LogConfig: Applying CVar settings from Section [FoliageQuality@3] File [C:/Users/luste/Documents/GitHub/OPSYN-Out-of-Place-Synthesizer-/OPSYN/Saved/Config/Windows/Scalability.ini]
[2019.02.11-17.59.13:756][  0]LogConfig: Setting CVar [[foliage.DensityScale:1.0]]
[2019.02.11-17.59.13:756][  0]LogConfig: Setting CVar [[grass.DensityScale:1.0]]
[2019.02.11-17.59.13:757][  0]LogInit: Selected Device Profile: [Windows]
[2019.02.11-17.59.13:757][  0]LogInit: Applying CVar settings loaded from the selected device profile: [Windows]
[2019.02.11-17.59.13:810][  0]LogHAL: Display: Platform has ~ 16 GB [17065697280 / 17179869184 / 16], which maps to Larger [LargestMinGB=32, LargerMinGB=12, DefaultMinGB=8, SmallerMinGB=6, SmallestMinGB=0)
[2019.02.11-17.59.13:811][  0]LogConfig: Setting CVar [[r.Vulkan.UseRealUBs:1]]
[2019.02.11-17.59.13:811][  0]LogInit: Going up to parent DeviceProfile []
[2019.02.11-17.59.13:811][  0]LogConfig: Applying CVar settings from Section [ViewDistanceQuality@3] File [C:/Users/luste/Documents/GitHub/OPSYN-Out-of-Place-Synthesizer-/OPSYN/Saved/Config/Windows/Scalability.ini]
[2019.02.11-17.59.13:811][  0]LogConfig: Setting CVar [[r.SkeletalMeshLODBias:0]]
[2019.02.11-17.59.13:811][  0]LogConfig: Setting CVar [[r.ViewDistanceScale:1.0]]
[2019.02.11-17.59.13:811][  0]LogConfig: Applying CVar settings from Section [AntiAliasingQuality@3] File [C:/Users/luste/Documents/GitHub/OPSYN-Out-of-Place-Synthesizer-/OPSYN/Saved/Config/Windows/Scalability.ini]
[2019.02.11-17.59.13:811][  0]LogConfig: Setting CVar [[r.PostProcessAAQuality:4]]
[2019.02.11-17.59.13:811][  0]LogConfig: Applying CVar settings from Section [ShadowQuality@3] File [C:/Users/luste/Documents/GitHub/OPSYN-Out-of-Place-Synthesizer-/OPSYN/Saved/Config/Windows/Scalability.ini]
[2019.02.11-17.59.13:811][  0]LogConfig: Setting CVar [[r.LightFunctionQuality:1]]
[2019.02.11-17.59.13:811][  0]LogConfig: Setting CVar [[r.ShadowQuality:5]]
[2019.02.11-17.59.13:811][  0]LogConfig: Setting CVar [[r.Shadow.CSM.MaxCascades:10]]
[2019.02.11-17.59.13:811][  0]LogConfig: Setting CVar [[r.Shadow.MaxResolution:2048]]
[2019.02.11-17.59.13:811][  0]LogConfig: Setting CVar [[r.Shadow.MaxCSMResolution:2048]]
[2019.02.11-17.59.13:811][  0]LogConfig: Setting CVar [[r.Shadow.RadiusThreshold:0.01]]
[2019.02.11-17.59.13:811][  0]LogConfig: Setting CVar [[r.Shadow.DistanceScale:1.0]]
[2019.02.11-17.59.13:811][  0]LogConfig: Setting CVar [[r.Shadow.CSM.TransitionScale:1.0]]
[2019.02.11-17.59.13:811][  0]LogConfig: Setting CVar [[r.Shadow.PreShadowResolutionFactor:1.0]]
[2019.02.11-17.59.13:812][  0]LogConfig: Setting CVar [[r.DistanceFieldShadowing:1]]
[2019.02.11-17.59.13:812][  0]LogConfig: Setting CVar [[r.DistanceFieldAO:1]]
[2019.02.11-17.59.13:812][  0]LogConfig: Setting CVar [[r.AOQuality:2]]
[2019.02.11-17.59.13:812][  0]LogConfig: Setting CVar [[r.VolumetricFog:1]]
[2019.02.11-17.59.13:812][  0]LogConfig: Setting CVar [[r.VolumetricFog.GridPixelSize:8]]
[2019.02.11-17.59.13:812][  0]LogConfig: Setting CVar [[r.VolumetricFog.GridSizeZ:128]]
[2019.02.11-17.59.13:812][  0]LogConfig: Setting CVar [[r.VolumetricFog.HistoryMissSupersampleCount:4]]
[2019.02.11-17.59.13:812][  0]LogConfig: Setting CVar [[r.LightMaxDrawDistanceScale:1]]
[2019.02.11-17.59.13:812][  0]LogConfig: Setting CVar [[r.CapsuleShadows:1]]
[2019.02.11-17.59.13:812][  0]LogConfig: Applying CVar settings from Section [PostProcessQuality@3] File [C:/Users/luste/Documents/GitHub/OPSYN-Out-of-Place-Synthesizer-/OPSYN/Saved/Config/Windows/Scalability.ini]
[2019.02.11-17.59.13:812][  0]LogConfig: Setting CVar [[r.MotionBlurQuality:4]]
[2019.02.11-17.59.13:812][  0]LogConfig: Setting CVar [[r.AmbientOcclusionMipLevelFactor:0.4]]
[2019.02.11-17.59.13:812][  0]LogConfig: Setting CVar [[r.AmbientOcclusionMaxQuality:100]]
[2019.02.11-17.59.13:812][  0]LogConfig: Setting CVar [[r.AmbientOcclusionLevels:-1]]
[2019.02.11-17.59.13:812][  0]LogConfig: Setting CVar [[r.AmbientOcclusionRadiusScale:1.0]]
[2019.02.11-17.59.13:812][  0]LogConfig: Setting CVar [[r.DepthOfFieldQuality:2]]
[2019.02.11-17.59.13:812][  0]LogConfig: Setting CVar [[r.RenderTargetPoolMin:400]]
[2019.02.11-17.59.13:812][  0]LogConfig: Setting CVar [[r.LensFlareQuality:2]]
[2019.02.11-17.59.13:812][  0]LogConfig: Setting CVar [[r.SceneColorFringeQuality:1]]
[2019.02.11-17.59.13:812][  0]LogConfig: Setting CVar [[r.EyeAdaptationQuality:2]]
[2019.02.11-17.59.13:812][  0]LogConfig: Setting CVar [[r.BloomQuality:5]]
[2019.02.11-17.59.13:812][  0]LogConfig: Setting CVar [[r.FastBlurThreshold:100]]
[2019.02.11-17.59.13:812][  0]LogConfig: Setting CVar [[r.Upscale.Quality:3]]
[2019.02.11-17.59.13:812][  0]LogConfig: Setting CVar [[r.Tonemapper.GrainQuantization:1]]
[2019.02.11-17.59.13:812][  0]LogConfig: Setting CVar [[r.LightShaftQuality:1]]
[2019.02.11-17.59.13:812][  0]LogConfig: Setting CVar [[r.Filter.SizeScale:1]]
[2019.02.11-17.59.13:812][  0]LogConfig: Setting CVar [[r.Tonemapper.Quality:5]]
[2019.02.11-17.59.13:812][  0]LogConfig: Setting CVar [[r.DOF.Gather.AccumulatorQuality:1        ; higher gathering accumulator quality]]
[2019.02.11-17.59.13:812][  0]LogConfig: Setting CVar [[r.DOF.Gather.PostfilterMethod:1          ; Median3x3 postfilering method]]
[2019.02.11-17.59.13:812][  0]LogConfig: Setting CVar [[r.DOF.Gather.EnableBokehSettings:0       ; no bokeh simulation when gathering]]
[2019.02.11-17.59.13:812][  0]LogConfig: Setting CVar [[r.DOF.Gather.RingCount:4                 ; medium number of samples when gathering]]
[2019.02.11-17.59.13:812][  0]LogConfig: Setting CVar [[r.DOF.Scatter.ForegroundCompositing:1    ; additive foreground scattering]]
[2019.02.11-17.59.13:812][  0]LogConfig: Setting CVar [[r.DOF.Scatter.BackgroundCompositing:2    ; additive background scattering]]
[2019.02.11-17.59.13:812][  0]LogConfig: Setting CVar [[r.DOF.Scatter.EnableBokehSettings:1      ; bokeh simulation when scattering]]
[2019.02.11-17.59.13:812][  0]LogConfig: Setting CVar [[r.DOF.Scatter.MaxSpriteRatio:0.1         ; only a maximum of 10% of scattered bokeh]]
[2019.02.11-17.59.13:813][  0]LogConfig: Setting CVar [[r.DOF.Recombine.Quality:1                ; cheap slight out of focus]]
[2019.02.11-17.59.13:813][  0]LogConfig: Setting CVar [[r.DOF.Recombine.EnableBokehSettings:0    ; no bokeh simulation on slight out of focus]]
[2019.02.11-17.59.13:813][  0]LogConfig: Setting CVar [[r.DOF.TemporalAAQuality:1                ; more stable temporal accumulation]]
[2019.02.11-17.59.13:813][  0]LogConfig: Setting CVar [[r.DOF.Kernel.MaxForegroundRadius:0.025]]
[2019.02.11-17.59.13:813][  0]LogConfig: Setting CVar [[r.DOF.Kernel.MaxBackgroundRadius:0.025]]
[2019.02.11-17.59.13:813][  0]LogConfig: Applying CVar settings from Section [TextureQuality@3] File [C:/Users/luste/Documents/GitHub/OPSYN-Out-of-Place-Synthesizer-/OPSYN/Saved/Config/Windows/Scalability.ini]
[2019.02.11-17.59.13:813][  0]LogConfig: Setting CVar [[r.Streaming.MipBias:0]]
[2019.02.11-17.59.13:813][  0]LogConfig: Setting CVar [[r.Streaming.AmortizeCPUToGPUCopy:0]]
[2019.02.11-17.59.13:813][  0]LogConfig: Setting CVar [[r.Streaming.MaxNumTexturesToStreamPerFrame:0]]
[2019.02.11-17.59.13:813][  0]LogConfig: Setting CVar [[r.Streaming.Boost:1]]
[2019.02.11-17.59.13:813][  0]LogConfig: Setting CVar [[r.MaxAnisotropy:8]]
[2019.02.11-17.59.13:813][  0]LogConfig: Setting CVar [[r.Streaming.LimitPoolSizeToVRAM:0]]
[2019.02.11-17.59.13:813][  0]LogConfig: Setting CVar [[r.Streaming.PoolSize:1000]]
[2019.02.11-17.59.13:813][  0]LogConfig: Setting CVar [[r.Streaming.MaxEffectiveScreenSize:0]]
[2019.02.11-17.59.13:813][  0]LogConfig: Applying CVar settings from Section [EffectsQuality@3] File [C:/Users/luste/Documents/GitHub/OPSYN-Out-of-Place-Synthesizer-/OPSYN/Saved/Config/Windows/Scalability.ini]
[2019.02.11-17.59.13:813][  0]LogConfig: Setting CVar [[r.TranslucencyLightingVolumeDim:64]]
[2019.02.11-17.59.13:813][  0]LogConfig: Setting CVar [[r.RefractionQuality:2]]
[2019.02.11-17.59.13:813][  0]LogConfig: Setting CVar [[r.SSR.Quality:3]]
[2019.02.11-17.59.13:813][  0]LogConfig: Setting CVar [[r.SceneColorFormat:4]]
[2019.02.11-17.59.13:813][  0]LogConfig: Setting CVar [[r.DetailMode:2]]
[2019.02.11-17.59.13:813][  0]LogConfig: Setting CVar [[r.TranslucencyVolumeBlur:1]]
[2019.02.11-17.59.13:813][  0]LogConfig: Setting CVar [[r.MaterialQualityLevel:1 ; High quality]]
[2019.02.11-17.59.13:813][  0]LogConfig: Setting CVar [[r.SSS.Scale:1]]
[2019.02.11-17.59.13:813][  0]LogConfig: Setting CVar [[r.SSS.SampleSet:2]]
[2019.02.11-17.59.13:813][  0]LogConfig: Setting CVar [[r.SSS.Quality:1]]
[2019.02.11-17.59.13:813][  0]LogConfig: Setting CVar [[r.SSS.HalfRes:1]]
[2019.02.11-17.59.13:813][  0]LogConfig: Setting CVar [[r.EmitterSpawnRateScale:1.0]]
[2019.02.11-17.59.13:813][  0]LogConfig: Setting CVar [[r.ParticleLightQuality:2]]
[2019.02.11-17.59.13:813][  0]LogConfig: Applying CVar settings from Section [FoliageQuality@3] File [C:/Users/luste/Documents/GitHub/OPSYN-Out-of-Place-Synthesizer-/OPSYN/Saved/Config/Windows/Scalability.ini]
[2019.02.11-17.59.13:813][  0]LogConfig: Setting CVar [[foliage.DensityScale:1.0]]
[2019.02.11-17.59.13:813][  0]LogConfig: Setting CVar [[grass.DensityScale:1.0]]
[2019.02.11-17.59.13:814][  0]LogConfig: Applying CVar settings from Section [Startup] File [../../../Engine/Config/ConsoleVariables.ini]
[2019.02.11-17.59.13:827][  0]LogConfig: Setting CVar [[net.UseAdaptiveNetUpdateFrequency:0]]
[2019.02.11-17.59.13:827][  0]LogConfig: Applying CVar settings from Section [ConsoleVariables] File [C:/Users/luste/Documents/GitHub/OPSYN-Out-of-Place-Synthesizer-/OPSYN/Saved/Config/Windows/Engine.ini]
[2019.02.11-17.59.13:829][  0]LogInit: Computer: LAPTOP-SD3MDD22
[2019.02.11-17.59.13:829][  0]LogInit: User: luste
[2019.02.11-17.59.13:829][  0]LogInit: CPU Page size=4096, Cores=4
[2019.02.11-17.59.13:829][  0]LogInit: High frequency timer resolution =10.000000 MHz
[2019.02.11-17.59.13:830][  0]LogMemory: Memory total: Physical=15.9GB (16GB approx)
[2019.02.11-17.59.13:830][  0]LogMemory: Platform Memory Stats for Windows
[2019.02.11-17.59.13:830][  0]LogMemory: Process Physical Memory: 106.53 MB used, 106.54 MB peak
[2019.02.11-17.59.13:830][  0]LogMemory: Process Virtual Memory: 96.11 MB used, 96.11 MB peak
[2019.02.11-17.59.13:830][  0]LogMemory: Physical Memory: 6705.52 MB used,  9569.60 MB free, 16275.12 MB total
[2019.02.11-17.59.13:830][  0]LogMemory: Virtual Memory: 4671.25 MB used,  134213056.00 MB free, 134217728.00 MB total
[2019.02.11-17.59.14:137][  0]LogInit: Using OS detected language (en-US).
[2019.02.11-17.59.14:137][  0]LogInit: Using OS detected locale (en-US).
[2019.02.11-17.59.14:138][  0]LogTextLocalizationManager: No specific localization for 'en-US' exists, so the 'en' localization will be used.
[2019.02.11-17.59.14:751][  0]LogStreaming: Display: Took  0.614s to InitEngineTextLocalization.
[2019.02.11-17.59.14:752][  0]LogInit: Setting process to per monitor DPI aware
[2019.02.11-17.59.14:858][  0]LogSlate: New Slate User Created.  User Index 0, Is Virtual User: 0
[2019.02.11-17.59.14:858][  0]LogSlate: Slate User Registered.  User Index 0, Is Virtual User: 0
[2019.02.11-17.59.17:873][  0]LogHMD: Failed to initialize OpenVR with code 108
[2019.02.11-17.59.17:873][  0]LogD3D11RHI: D3D11 adapters:
[2019.02.11-17.59.17:942][  0]LogD3D11RHI:    0. 'NVIDIA GeForce GTX 1060' (Feature Level 11_0)
[2019.02.11-17.59.17:942][  0]LogD3D11RHI:       6052/0/8137 MB DedicatedVideo/DedicatedSystem/SharedSystem, Outputs:1, VendorId:0x10de
[2019.02.11-17.59.17:952][  0]LogD3D11RHI:    1. 'Intel(R) HD Graphics 630' (Feature Level 11_0)
[2019.02.11-17.59.17:952][  0]LogD3D11RHI:       128/0/8137 MB DedicatedVideo/DedicatedSystem/SharedSystem, Outputs:0, VendorId:0x8086
[2019.02.11-17.59.17:954][  0]LogD3D11RHI:    2. 'Microsoft Basic Render Driver' (Feature Level 11_0)
[2019.02.11-17.59.17:955][  0]LogD3D11RHI:       0/0/8137 MB DedicatedVideo/DedicatedSystem/SharedSystem, Outputs:0, VendorId:0x1414
[2019.02.11-17.59.17:955][  0]LogD3D11RHI: Chosen D3D11 Adapter: 0
[2019.02.11-17.59.17:987][  0]LogD3D11RHI: Creating new Direct3DDevice
[2019.02.11-17.59.17:987][  0]LogD3D11RHI:     GPU DeviceId: 0x1c20 (for the marketing name, search the web for "GPU Device Id")
[2019.02.11-17.59.17:987][  0]LogWindows: EnumDisplayDevices:
[2019.02.11-17.59.17:987][  0]LogWindows:    0. 'Intel(R) HD Graphics 630' (P:1 D:1)
[2019.02.11-17.59.17:988][  0]LogWindows:    1. 'Intel(R) HD Graphics 630' (P:0 D:0)
[2019.02.11-17.59.17:988][  0]LogWindows:    2. 'Intel(R) HD Graphics 630' (P:0 D:0)
[2019.02.11-17.59.17:988][  0]LogWindows:    3. 'NVIDIA GeForce GTX 1060' (P:0 D:0)
[2019.02.11-17.59.17:989][  0]LogWindows: DebugString: PrimaryIsNotTheChoosenAdapter PrimaryIsNotTheChoosenAdapter PrimaryIsNotTheChoosenAdapter 
[2019.02.11-17.59.17:989][  0]LogD3D11RHI:     Adapter Name: NVIDIA GeForce GTX 1060
[2019.02.11-17.59.17:989][  0]LogD3D11RHI:   Driver Version: 416.34 (internal:25.21.14.1634, unified:416.34)
[2019.02.11-17.59.17:989][  0]LogD3D11RHI:      Driver Date: 10-10-2018
[2019.02.11-17.59.17:990][  0]LogRHI: Texture pool is 4236 MB (70% of 6052 MB)
[2019.02.11-17.59.18:043][  0]LogD3D11RHI: Async texture creation enabled
[2019.02.11-17.59.18:095][  0]LogD3D11RHI: GPU Timing Frequency: 1000.000000 (Debug: 2 2)
[2019.02.11-17.59.18:515][  0]LogTemp: Display: Loaded TP AllDesktopTargetPlatform
[2019.02.11-17.59.18:530][  0]LogTemp: Display: Loaded TP MacClientTargetPlatform
[2019.02.11-17.59.18:546][  0]LogTemp: Display: Loaded TP MacNoEditorTargetPlatform
[2019.02.11-17.59.18:561][  0]LogTemp: Display: Loaded TP MacServerTargetPlatform
[2019.02.11-17.59.18:585][  0]LogTemp: Display: Loaded TP MacTargetPlatform
[2019.02.11-17.59.18:600][  0]LogTemp: Display: Loaded TP WindowsClientTargetPlatform
[2019.02.11-17.59.18:616][  0]LogTemp: Display: Loaded TP WindowsNoEditorTargetPlatform
[2019.02.11-17.59.18:631][  0]LogTemp: Display: Loaded TP WindowsServerTargetPlatform
[2019.02.11-17.59.18:639][  0]LogTemp: Display: Loaded TP WindowsTargetPlatform
[2019.02.11-17.59.18:731][  0]LogTemp: Display: Loaded TP AndroidTargetPlatform
[2019.02.11-17.59.18:731][  0]LogTemp: Display: Loaded TP AndroidTargetPlatform
[2019.02.11-17.59.18:731][  0]LogTemp: Display: Loaded TP AndroidTargetPlatform
[2019.02.11-17.59.18:731][  0]LogTemp: Display: Loaded TP AndroidTargetPlatform
[2019.02.11-17.59.18:731][  0]LogTemp: Display: Loaded TP AndroidTargetPlatform
[2019.02.11-17.59.18:731][  0]LogTemp: Display: Loaded TP AndroidTargetPlatform
[2019.02.11-17.59.18:731][  0]LogTemp: Display: Loaded TP AndroidTargetPlatform
[2019.02.11-17.59.18:731][  0]LogTemp: Display: Loaded TP AndroidTargetPlatform
[2019.02.11-17.59.18:731][  0]LogTemp: Display: Loaded TP AndroidTargetPlatform
[2019.02.11-17.59.18:731][  0]LogTemp: Display: Loaded TP AndroidTargetPlatform
[2019.02.11-17.59.18:731][  0]LogTemp: Display: Loaded TP AndroidTargetPlatform
[2019.02.11-17.59.18:731][  0]LogTemp: Display: Loaded TP AndroidTargetPlatform
[2019.02.11-17.59.18:731][  0]LogTemp: Display: Loaded TP AndroidTargetPlatform
[2019.02.11-17.59.18:731][  0]LogTemp: Display: Loaded TP AndroidTargetPlatform
[2019.02.11-17.59.18:731][  0]LogTemp: Display: Loaded TP AndroidTargetPlatform
[2019.02.11-17.59.18:731][  0]LogTemp: Display: Loaded TP AndroidTargetPlatform
[2019.02.11-17.59.18:731][  0]LogTemp: Display: Loaded TP AndroidTargetPlatform
[2019.02.11-17.59.18:731][  0]LogTemp: Display: Loaded TP AndroidTargetPlatform
[2019.02.11-17.59.18:733][  0]LogTemp: Display: Loaded TP HTML5TargetPlatform
[2019.02.11-17.59.18:814][  0]LogTemp: Display: Loaded TP IOSTargetPlatform
[2019.02.11-17.59.18:814][  0]LogTemp: Display: Loaded TP IOSTargetPlatform
[2019.02.11-17.59.18:839][  0]LogTemp: Display: Loaded TP TVOSTargetPlatform
[2019.02.11-17.59.18:839][  0]LogTemp: Display: Loaded TP TVOSTargetPlatform
[2019.02.11-17.59.18:855][  0]LogTemp: Display: Loaded TP LinuxClientTargetPlatform
[2019.02.11-17.59.18:869][  0]LogTemp: Display: Loaded TP LinuxNoEditorTargetPlatform
[2019.02.11-17.59.18:885][  0]LogTemp: Display: Loaded TP LinuxServerTargetPlatform
[2019.02.11-17.59.18:911][  0]LogTemp: Display: Loaded TP LinuxTargetPlatform
[2019.02.11-17.59.18:966][  0]LogTemp: Display: Loaded TP LuminTargetPlatform
[2019.02.11-17.59.18:966][  0]LogTemp: Display: Loaded TP LuminTargetPlatform
[2019.02.11-17.59.18:966][  0]LogTargetPlatformManager: Display: Building Assets For Windows
[2019.02.11-17.59.19:107][  0]LogShaderCompilers: Guid format shader working directory is -38 characters bigger than the processId version (../../../../../../Users/luste/Documents/GitHub/OPSYN-Out-of-Place-Synthesizer-/OPSYN/Intermediate/Shaders/WorkingDirectory/9252/).
[2019.02.11-17.59.19:107][  0]LogShaderCompilers: Cleaned the shader compiler working directory 'C:/Users/luste/AppData/Local/Temp/UnrealShaderWorkingDir/F2B918254B67D2A95371E0AF14F5A96B/'.
[2019.02.11-17.59.19:110][  0]LogXGEController: Cannot use XGE Controller as Incredibuild is not installed on this machine.
[2019.02.11-17.59.19:110][  0]LogShaderCompilers: Cannot use XGE Shader Compiler as Incredibuild is not installed on this machine.
[2019.02.11-17.59.19:110][  0]LogShaderCompilers: Display: Using Local Shader Compiler.
[2019.02.11-17.59.21:235][  0]LogDerivedDataCache: Display: Max Cache Size: 512 MB
[2019.02.11-17.59.21:336][  0]LogDerivedDataCache: Loaded boot cache 0.10s 71MB C:/Users/luste/AppData/Local/UnrealEngine/4.21/DerivedDataCache/Boot.ddc.
[2019.02.11-17.59.21:336][  0]LogDerivedDataCache: Display: Loaded Boot cache: C:/Users/luste/AppData/Local/UnrealEngine/4.21/DerivedDataCache/Boot.ddc
[2019.02.11-17.59.21:336][  0]LogDerivedDataCache: FDerivedDataBackendGraph:  Pak pak cache file ../../../../../../Users/luste/Documents/GitHub/OPSYN-Out-of-Place-Synthesizer-/OPSYN/DerivedDataCache/DDC.ddp not found, will not use a pak cache.
[2019.02.11-17.59.21:336][  0]LogDerivedDataCache: Unable to find inner node Pak for hierarchical cache Hierarchy.
[2019.02.11-17.59.21:336][  0]LogDerivedDataCache: FDerivedDataBackendGraph:  CompressedPak pak cache file ../../../../../../Users/luste/Documents/GitHub/OPSYN-Out-of-Place-Synthesizer-/OPSYN/DerivedDataCache/Compressed.ddp not found, will not use a pak cache.
[2019.02.11-17.59.21:336][  0]LogDerivedDataCache: Unable to find inner node CompressedPak for hierarchical cache Hierarchy.
[2019.02.11-17.59.21:360][  0]LogDerivedDataCache: Display: Pak cache opened for reading ../../../Engine/DerivedDataCache/Compressed.ddp.
[2019.02.11-17.59.21:360][  0]LogDerivedDataCache: FDerivedDataBackendGraph:  EnterprisePak pak cache file ../../../Enterprise/DerivedDataCache/Compressed.ddp not found, will not use a pak cache.
[2019.02.11-17.59.21:360][  0]LogDerivedDataCache: Unable to find inner node EnterprisePak for hierarchical cache Hierarchy.
[2019.02.11-17.59.21:374][  0]LogDerivedDataCache: Using Local data cache path C:/Users/luste/AppData/Local/UnrealEngine/Common/DerivedDataCache: Writable
[2019.02.11-17.59.21:374][  0]LogDerivedDataCache: Shared data cache path not found in *engine.ini, will not use an Shared cache.
[2019.02.11-17.59.21:374][  0]LogDerivedDataCache: Unable to find inner node Shared for hierarchical cache Hierarchy.
[2019.02.11-17.59.21:406][  0]LogMaterial: Verifying Global Shaders for PCD3D_SM5
[2019.02.11-17.59.21:414][  0]LogSlate: Using FreeType 2.6.0
[2019.02.11-17.59.21:437][  0]LogSlate: SlateFontServices - WITH_FREETYPE: 1, WITH_HARFBUZZ: 1
[2019.02.11-17.59.21:815][  0]LogAssetRegistry: FAssetRegistry took 0.0352 seconds to start up
[2019.02.11-17.59.22:245][  0]LogInit: Selected Device Profile: [Windows]
[2019.02.11-17.59.22:627][  0]LogSimplygon: Simplygon DLL not present - disabling.
[2019.02.11-17.59.22:647][  0]LogMeshReduction: Using SimplygonSwarm for distributed automatic mesh merging
[2019.02.11-17.59.22:647][  0]LogMeshReduction: Using ProxyLODMeshReduction for automatic mesh merging
[2019.02.11-17.59.22:648][  0]LogMeshReduction: Using QuadricMeshReduction for automatic static mesh reduction
[2019.02.11-17.59.22:648][  0]LogMeshReduction: No automatic skeletal mesh reduction module available
[2019.02.11-17.59.22:713][  0]LogNetVersion: OPSYN 1.0.0, NetCL: 4541578, EngineNetVer: 5, GameNetVer: 0 (Checksum: 2167866302)
[2019.02.11-17.59.24:388][  0]LogPackageLocalizationCache: Processed 12 localized package path(s) for 2 prioritized culture(s) in 0.158681 seconds
[2019.02.11-17.59.24:396][  0]LogUObjectArray: 39775 objects as part of root set at end of initial load.
[2019.02.11-17.59.24:396][  0]LogUObjectAllocator: 6914656 out of 0 bytes used by permanent object pool.
[2019.02.11-17.59.24:396][  0]LogUObjectArray: CloseDisregardForGC: 0/0 objects in disregard for GC pool
[2019.02.11-17.59.28:477][  0]LogTcpMessaging: Initializing TcpMessaging bridge
[2019.02.11-17.59.28:495][  0]LogUdpMessaging: Initializing bridge on interface 0.0.0.0:0 to multicast group 230.0.0.1:6666.
[2019.02.11-17.59.29:392][  0]LogOSC: Display: Update settings
[2019.02.11-17.59.29:392][  0]LogOSC: Display: Send targets cleared
[2019.02.11-17.59.29:392][  0]LogOSC: Display: Send target added: 127.0.0.1:8000
[2019.02.11-17.59.29:392][  0]LogOSC: Display: Send target added: 192.168.0.133:8080
[2019.02.11-17.59.29:392][  0]LogOSC: Display: Send target added: 192.168.0.189:7000
[2019.02.11-17.59.29:392][  0]LogOSC: Display: Send target added: 192.168.0.189:7010
[2019.02.11-17.59.29:392][  0]LogOSC: Display: Send target added: 192.168.0.189:9000
[2019.02.11-17.59.29:392][  0]LogOSC: Display: Startup succeed
[2019.02.11-17.59.29:551][  0]SourceControl: Source control is disabled
[2019.02.11-17.59.29:551][  0]SourceControl: Source control is disabled
[2019.02.11-17.59.29:561][  0]SourceControl: Source control is disabled
[2019.02.11-17.59.29:565][  0]SourceControl: Source control is disabled
[2019.02.11-17.59.29:910][  0]LogAndroidPermission: UAndroidPermissionCallbackProxy::GetInstance
[2019.02.11-17.59.30:098][  0]LogWindows: Failed to load '../../../Engine/Binaries/ThirdParty/LeapMotion/Win64/LeapC.dll' (GetLastError=126)
[2019.02.11-17.59.30:098][  0]LogWindows: File '../../../Engine/Binaries/ThirdParty/LeapMotion/Win64/LeapC.dll' does not exist
[2019.02.11-17.59.30:098][  0]LeapMotionLog: Leap Plugin started v3.2.0
[2019.02.11-17.59.30:109][  0]LogOcInput: OculusInput pre-init called
[2019.02.11-17.59.30:351][  0]LogClass: Warning: ObjectProperty FMappedBoneAnimData::BodyStateSkeleton is not initialized properly
[2019.02.11-17.59.30:351][  0]LogClass: Warning: FBodyStateDeviceConfig::InputType is not initialized properly
[2019.02.11-17.59.30:351][  0]LogClass: Warning: FLeapStats::FrameExtrapolationInMS is not initialized properly
[2019.02.11-17.59.30:351][  0]LogClass: Display: 3 Uninitialized script stuct members found
[2019.02.11-17.59.30:355][  0]LogAutomationTest: Warning: ObjectProperty FMappedBoneAnimData::BodyStateSkeleton is not initialized properly
[2019.02.11-17.59.30:355][  0]LogAutomationTest: Warning: FBodyStateDeviceConfig::InputType is not initialized properly
[2019.02.11-17.59.30:355][  0]LogAutomationTest: Warning: FLeapStats::FrameExtrapolationInMS is not initialized properly
[2019.02.11-17.59.30:359][  0]LogEngine: Initializing Engine...
[2019.02.11-17.59.30:402][  0]LogHMD: Failed to initialize OpenVR with code 108
[2019.02.11-17.59.30:406][  0]LogStats: UGameplayTagsManager::ConstructGameplayTagTree: ImportINI prefixes -  0.000 s
[2019.02.11-17.59.30:406][  0]LogStats: UGameplayTagsManager::ConstructGameplayTagTree: Construct from data asset -  0.000 s
[2019.02.11-17.59.30:406][  0]LogStats: UGameplayTagsManager::ConstructGameplayTagTree: ImportINI -  0.000 s
[2019.02.11-17.59.30:407][  0]LogStats: UGameplayTagsManager::ConstructGameplayTagTree: GameplayTagTreeChangedEvent.Broadcast -  0.000 s
[2019.02.11-17.59.30:942][  0]LogInit: Initializing FReadOnlyCVARCache
[2019.02.11-17.59.30:974][  0]LogAIModule: Creating AISystem for world Untitled
[2019.02.11-17.59.31:010][  0]LogInit: XAudio2 using 'Speakers (Realtek High Definition Audio)' : 2 channels at 48 kHz using 32 bits per sample (channel mask 0x3)
[2019.02.11-17.59.31:052][  0]LogInit: FAudioDevice initialized.
[2019.02.11-17.59.31:053][  0]LogNetVersion: Set ProjectVersion to 1.0.0.0. Version Checksum will be recalculated on next use.
[2019.02.11-17.59.31:115][  0]LogDerivedDataCache: Saved boot cache 0.06s 71MB C:/Users/luste/AppData/Local/UnrealEngine/4.21/DerivedDataCache/Boot.ddc.
[2019.02.11-17.59.31:127][  0]LogInit: Texture streaming: Enabled
[2019.02.11-17.59.31:154][  0]LogEngineSessionManager: EngineSessionManager initialized
[2019.02.11-17.59.31:178][  0]LogInit: Transaction tracking system initialized
[2019.02.11-17.59.31:234][  0]BlueprintLog: New page: Editor Load
[2019.02.11-17.59.31:416][  0]LocalizationService: Localization service is disabled
[2019.02.11-17.59.32:340][  0]LogFileCache: Scanning file cache for directory 'C:/Users/luste/Documents/GitHub/OPSYN-Out-of-Place-Synthesizer-/OPSYN/Content/' took 0.02s
[2019.02.11-17.59.32:340][  0]LogCook: Display: Max memory allowance for cook 16384mb min free memory 0mb
[2019.02.11-17.59.32:340][  0]LogCook: Display: Mobile HDR setting 1
[2019.02.11-17.59.32:340][  0]LogGameplayTags: Display: UGameplayTagsManager::DoneAddingNativeTags. DelegateIsBound: 0
[2019.02.11-17.59.32:340][  0]LogStats: UGameplayTagsManager::ConstructGameplayTagTree: ImportINI prefixes -  0.000 s
[2019.02.11-17.59.32:340][  0]LogStats: UGameplayTagsManager::ConstructGameplayTagTree: Construct from data asset -  0.000 s
[2019.02.11-17.59.32:340][  0]LogStats: UGameplayTagsManager::ConstructGameplayTagTree: ImportINI -  0.000 s
[2019.02.11-17.59.32:340][  0]LogStats: UGameplayTagsManager::ConstructGameplayTagTree: GameplayTagTreeChangedEvent.Broadcast -  0.000 s
[2019.02.11-17.59.32:732][  0]SourceControl: Source control is disabled
[2019.02.11-17.59.32:733][  0]Cmd: MAP LOAD FILE="../../../Engine/Content/Maps/Templates/Template_Default.umap" TEMPLATE=1 SHOWPROGRESS=1 FEATURELEVEL=3
[2019.02.11-17.59.32:742][  0]LightingResults: New page: Lighting Build
[2019.02.11-17.59.32:751][  0]MapCheck: New page: Map Check
[2019.02.11-17.59.32:751][  0]LightingResults: New page: Lighting Build
[2019.02.11-17.59.33:078][  0]LogAIModule: Creating AISystem for world Untitled_1
[2019.02.11-17.59.33:101][  0]LogEditorServer: Finished looking for orphan Actors (0.000 secs)
[2019.02.11-17.59.33:129][  0]Cmd: MAP CHECKDEP NOCLEARLOG
[2019.02.11-17.59.33:129][  0]MapCheck: Map check complete: 0 Error(s), 0 Warning(s), took 0.142ms to complete.
[2019.02.11-17.59.33:129][  0]LogFileHelpers: Loading map 'Template_Default' took 0.396
[2019.02.11-17.59.33:315][  0]LogSlate: Updating window title bar state: overlay mode, drag disabled, window buttons hidden, title bar hidden
[2019.02.11-17.59.33:325][  0]LogSlate: Updating window title bar state: overlay mode, drag disabled, window buttons hidden, title bar hidden
[2019.02.11-17.59.33:332][  0]LogSlate: Updating window title bar state: overlay mode, drag disabled, window buttons hidden, title bar hidden
[2019.02.11-17.59.33:342][  0]LogSlate: Updating window title bar state: overlay mode, drag disabled, window buttons hidden, title bar hidden
[2019.02.11-17.59.33:362][  0]LogCollectionManager: Loaded 0 collections in 0.001639 seconds
[2019.02.11-17.59.33:404][  0]LogFileCache: Scanning file cache for directory 'C:/Users/luste/Documents/GitHub/OPSYN-Out-of-Place-Synthesizer-/OPSYN/Saved/Collections/' took 0.01s
[2019.02.11-17.59.33:404][  0]LogFileCache: Scanning file cache for directory 'C:/Users/luste/Documents/GitHub/OPSYN-Out-of-Place-Synthesizer-/OPSYN/Content/Developers/luste/Collections/' took 0.01s
[2019.02.11-17.59.33:404][  0]LogFileCache: Scanning file cache for directory 'C:/Users/luste/Documents/GitHub/OPSYN-Out-of-Place-Synthesizer-/OPSYN/Content/Collections/' took 0.00s
[2019.02.11-17.59.33:404][  0]LogCollectionManager: Rebuilt the GUID cache for 0 collections in 0.000001 seconds
[2019.02.11-17.59.33:417][  0]LogContentBrowser: Native class hierarchy populated in 0.0120 seconds. Added 2671 classes and 637 folders.
[2019.02.11-17.59.33:431][  0]LogContentBrowser: Native class hierarchy updated for 'WidgetCarousel' in 0.0004 seconds. Added 0 classes and 0 folders.
[2019.02.11-17.59.33:447][  0]LogPakFile: Registered encryption key '00000000000000000000000000000000': 0 pak files mounted, 0 remain pending
[2019.02.11-17.59.33:456][  0]LogPakFile: Registered encryption key '00000000000000000000000000000000': 0 pak files mounted, 0 remain pending
[2019.02.11-17.59.33:482][  0]LogPakFile: Registered encryption key '00000000000000000000000000000000': 0 pak files mounted, 0 remain pending
[2019.02.11-17.59.33:489][  0]LogPakFile: Registered encryption key '00000000000000000000000000000000': 0 pak files mounted, 0 remain pending
[2019.02.11-17.59.33:496][  0]LogPakFile: Registered encryption key '00000000000000000000000000000000': 0 pak files mounted, 0 remain pending
[2019.02.11-17.59.33:509][  0]LogPakFile: Registered encryption key '00000000000000000000000000000000': 0 pak files mounted, 0 remain pending
[2019.02.11-17.59.33:515][  0]LogPakFile: Registered encryption key '00000000000000000000000000000000': 0 pak files mounted, 0 remain pending
[2019.02.11-17.59.33:522][  0]LogPakFile: Registered encryption key '00000000000000000000000000000000': 0 pak files mounted, 0 remain pending
[2019.02.11-17.59.33:530][  0]LogPakFile: Registered encryption key '00000000000000000000000000000000': 0 pak files mounted, 0 remain pending
[2019.02.11-17.59.33:544][  0]LogPakFile: Registered encryption key '00000000000000000000000000000000': 0 pak files mounted, 0 remain pending
[2019.02.11-17.59.33:551][  0]LogPakFile: Registered encryption key '00000000000000000000000000000000': 0 pak files mounted, 0 remain pending
[2019.02.11-17.59.33:560][  0]LogPakFile: Registered encryption key '00000000000000000000000000000000': 0 pak files mounted, 0 remain pending
[2019.02.11-17.59.33:571][  0]LogPakFile: Registered encryption key '00000000000000000000000000000000': 0 pak files mounted, 0 remain pending
[2019.02.11-17.59.33:580][  0]LogPakFile: Registered encryption key '00000000000000000000000000000000': 0 pak files mounted, 0 remain pending
[2019.02.11-17.59.33:587][  0]LogPakFile: Registered encryption key '00000000000000000000000000000000': 0 pak files mounted, 0 remain pending
[2019.02.11-17.59.33:596][  0]LogPakFile: Registered encryption key '00000000000000000000000000000000': 0 pak files mounted, 0 remain pending
[2019.02.11-17.59.33:638][  0]LogPakFile: Registered encryption key '00000000000000000000000000000000': 0 pak files mounted, 0 remain pending
[2019.02.11-17.59.33:648][  0]LogPakFile: Registered encryption key '00000000000000000000000000000000': 0 pak files mounted, 0 remain pending
[2019.02.11-17.59.33:655][  0]LogPakFile: Registered encryption key '00000000000000000000000000000000': 0 pak files mounted, 0 remain pending
[2019.02.11-17.59.33:664][  0]LogPakFile: Registered encryption key '00000000000000000000000000000000': 0 pak files mounted, 0 remain pending
[2019.02.11-17.59.33:715][  0]LogPakFile: Registered encryption key '00000000000000000000000000000000': 0 pak files mounted, 0 remain pending
[2019.02.11-17.59.33:724][  0]LogPakFile: Registered encryption key '00000000000000000000000000000000': 0 pak files mounted, 0 remain pending
[2019.02.11-17.59.33:732][  0]LogPakFile: Registered encryption key '00000000000000000000000000000000': 0 pak files mounted, 0 remain pending
[2019.02.11-17.59.33:745][  0]LogPakFile: Registered encryption key '00000000000000000000000000000000': 0 pak files mounted, 0 remain pending
[2019.02.11-17.59.33:753][  0]LogPakFile: Registered encryption key '00000000000000000000000000000000': 0 pak files mounted, 0 remain pending
[2019.02.11-17.59.33:761][  0]LogPakFile: Registered encryption key '00000000000000000000000000000000': 0 pak files mounted, 0 remain pending
[2019.02.11-17.59.33:932][  0]LogContentBrowser: Native class hierarchy updated for 'AddContentDialog' in 0.0005 seconds. Added 0 classes and 0 folders.
[2019.02.11-17.59.33:947][  0]LogContentBrowser: Native class hierarchy updated for 'SceneOutliner' in 0.0004 seconds. Added 1 classes and 2 folders.
[2019.02.11-17.59.34:012][  0]LogSlate: Took 0.011548 seconds to synchronously load lazily loaded font '../../../Engine/Content/Slate/Fonts/Roboto-Regular.ttf' (155K)
[2019.02.11-17.59.34:023][  0]LogSlate: Took 0.009231 seconds to synchronously load lazily loaded font '../../../Engine/Content/Slate/Fonts/Roboto-Bold.ttf' (160K)
[2019.02.11-17.59.34:042][  0]LogSlate: Took 0.011482 seconds to synchronously load lazily loaded font '../../../Engine/Content/Editor/Slate/Fonts/FontAwesome.ttf' (139K)
[2019.02.11-17.59.34:234][  0]LogRenderer: Reallocating scene render targets to support 964x288 Format 10 NumSamples 1 (Frame:1).
[2019.02.11-17.59.34:504][  0]LogContentBrowser: Native class hierarchy updated for 'HierarchicalLODOutliner' in 0.0004 seconds. Added 0 classes and 0 folders.
[2019.02.11-17.59.34:504][  0]LogLoad: (Engine Initialization) Total time: 26.12 seconds
[2019.02.11-17.59.34:504][  0]LogLoad: (Engine Initialization) Total Blueprint compile time: 0.00 seconds
[2019.02.11-17.59.34:530][  0]LeapMotionLog: ServiceMessageLoop started.
[2019.02.11-17.59.34:530][  0]BodyStateLog: BodyState::DeviceAttached: Leap Motion (1)
[2019.02.11-17.59.34:531][  0]BodyStateLog: BodyState::DeviceAttached: HMD (2)
[2019.02.11-17.59.34:605][  0]LogContentStreaming: Texture pool size now 1000 MB
[2019.02.11-17.59.34:678][  1]LeapMotionLog: LeapService: OnConnect.
[2019.02.11-17.59.34:678][  1]LogAssetRegistry: Asset discovery search completed in 12.8861 seconds
[2019.02.11-17.59.34:679][  1]LogCollectionManager: Rebuilt the object cache for 0 collections in 0.000000 seconds (found 0 objects)
[2019.02.11-17.59.34:680][  1]LogCollectionManager: Fixed up redirectors for 0 collections in 0.000066 seconds (updated 0 objects)
[2019.02.11-17.59.35:563][ 57]LogSlate: Took 0.006155 seconds to synchronously load lazily loaded font '../../../Engine/Content/Slate/Fonts/Roboto-Light.ttf' (167K)
[2019.02.11-18.00.07:680][524]LogSlate: FSceneViewport::OnFocusLost() reason 0
[2019.02.11-18.00.10:029][638]LogInit: XAudio2 using 'Speakers (Realtek High Definition Audio)' : 2 channels at 48 kHz using 32 bits per sample (channel mask 0x3)
[2019.02.11-18.00.11:526][639]LogAIModule: Creating AISystem for world OPSYN
[2019.02.11-18.00.11:562][639]LogAssetEditorManager: Opening Asset editor for World /Game/OPSYN.OPSYN
[2019.02.11-18.00.11:599][639]Cmd: MAP LOAD FILE="../../../../../../Users/luste/Documents/GitHub/OPSYN-Out-of-Place-Synthesizer-/OPSYN/Content/OPSYN.umap" TEMPLATE=0 SHOWPROGRESS=1 FEATURELEVEL=3
[2019.02.11-18.00.11:599][639]LightingResults: New page: Lighting Build
[2019.02.11-18.00.11:600][639]LoadErrors: New page: Loading map: OPSYN.umap
[2019.02.11-18.00.11:601][639]MapCheck: New page: Map Check
[2019.02.11-18.00.11:601][639]LightingResults: New page: Lighting Build
[2019.02.11-18.00.11:666][639]LogEditorServer: Finished looking for orphan Actors (0.000 secs)
[2019.02.11-18.00.11:728][639]Cmd: MAP CHECKDEP NOCLEARLOG
[2019.02.11-18.00.11:728][639]MapCheck: Map check complete: 0 Error(s), 0 Warning(s), took 0.141ms to complete.
[2019.02.11-18.00.11:728][639]LogFileHelpers: Loading map 'OPSYN' took 0.129
[2019.02.11-18.12.25:891][552]LogD3D11RHI: Timed out while waiting for GPU to catch up. (0.5 s)
[2019.02.11-18.16.12:814][824]LogD3D11RHI: Timed out while waiting for GPU to catch up. (0.5 s)
[2019.02.11-18.16.17:923][972]LogD3D11RHI: Timed out while waiting for GPU to catch up. (0.5 s)
[2019.02.11-18.16.36:818][566]LogD3D11RHI: Timed out while waiting for GPU to catch up. (0.5 s)
[2019.02.11-18.17.28:850][634]LogD3D11RHI: Timed out while waiting for GPU to catch up. (0.5 s)
[2019.02.11-18.20.54:538][ 32]LeapMotionLog: LeapServiceLog: Leap Motion Controller detected: LP48968462935
[2019.02.11-18.20.55:933][ 96]LeapMotionLog: OnDeviceFound Peripheral LP48968462935.
[2019.02.11-18.20.55:933][ 96]LeapMotionLog: LeapServiceLog: Firmware is up to date.
[2019.02.11-18.22.56:807][613]LogSlate: Window 'OPSYN - Unreal Editor' being destroyed
[2019.02.11-18.22.56:809][613]LogWindowsTextInputMethodSystem: Display: IME system now deactivated.
[2019.02.11-18.22.57:124][614]Cmd: QUIT_EDITOR
[2019.02.11-18.22.57:180][614]LogExit: Preparing to exit.
[2019.02.11-18.22.57:378][614]LogOSC: Display: Stop listening
[2019.02.11-18.22.57:448][614]LogExit: Editor shut down
[2019.02.11-18.22.57:449][614]LogExit: Transaction tracking system shut down
[2019.02.11-18.22.58:005][614]LogExit: Object subsystem successfully closed.
[2019.02.11-18.22.58:087][614]LogShaderCompilers: Display: Shaders left to compile 0
[2019.02.11-18.22.58:102][614]LogD3D11RHI: Shutdown
[2019.02.11-18.22.58:102][614]LogD3D11RHI: CleanupD3DDevice
[2019.02.11-18.22.58:109][614]LogD3D11RHI: ~FD3D11DynamicRHI
[2019.02.11-18.22.58:239][614]LogModuleManager: Shutting down and abandoning module HierarchicalLODOutliner (634)
[2019.02.11-18.22.58:239][614]LogModuleManager: Shutting down and abandoning module SceneOutliner (632)
[2019.02.11-18.22.58:239][614]LogModuleManager: Shutting down and abandoning module AddContentDialog (630)
[2019.02.11-18.22.58:241][614]LogModuleManager: Shutting down and abandoning module WidgetCarousel (629)
[2019.02.11-18.22.58:241][614]LogModuleManager: Shutting down and abandoning module EditorWidgets (626)
[2019.02.11-18.22.58:241][614]LogModuleManager: Shutting down and abandoning module CollectionManager (624)
[2019.02.11-18.22.58:242][614]LogModuleManager: Shutting down and abandoning module HierarchicalLODUtilities (622)
[2019.02.11-18.22.58:242][614]LogModuleManager: Shutting down and abandoning module StatsViewer (620)
[2019.02.11-18.22.58:242][614]LogModuleManager: Shutting down and abandoning module FoliageEdit (618)
[2019.02.11-18.22.58:242][614]LogModuleManager: Shutting down and abandoning module LandscapeEditor (616)
[2019.02.11-18.22.58:243][614]LogModuleManager: Shutting down and abandoning module MeshPaintMode (614)
[2019.02.11-18.22.58:244][614]LogModuleManager: Shutting down and abandoning module SceneDepthPickerMode (612)
[2019.02.11-18.22.58:244][614]LogModuleManager: Shutting down and abandoning module ActorPickerMode (610)
[2019.02.11-18.22.58:244][614]LogModuleManager: Shutting down and abandoning module GeometryMode (608)
[2019.02.11-18.22.58:244][614]LogModuleManager: Shutting down and abandoning module TextureAlignMode (606)
[2019.02.11-18.22.58:244][614]LogModuleManager: Shutting down and abandoning module BspMode (604)
[2019.02.11-18.22.58:244][614]LogModuleManager: Shutting down and abandoning module PIEPreviewDeviceProfileSelector (602)
[2019.02.11-18.22.58:244][614]LogModuleManager: Shutting down and abandoning module SequenceRecorderSections (600)
[2019.02.11-18.22.58:244][614]LogModuleManager: Shutting down and abandoning module AutomationWorker (598)
[2019.02.11-18.22.58:244][614]LogModuleManager: Shutting down and abandoning module AudioCaptureEditor (596)
[2019.02.11-18.22.58:244][614]LogModuleManager: Shutting down and abandoning module MatineeToLevelSequence (594)
[2019.02.11-18.22.58:244][614]LogModuleManager: Shutting down and abandoning module LevelSequenceEditor (592)
[2019.02.11-18.22.58:245][614]LogModuleManager: Shutting down and abandoning module PlacementMode (591)
[2019.02.11-18.22.58:246][614]LogModuleManager: Shutting down and abandoning module MaterialEditor (590)
[2019.02.11-18.22.58:248][614]LogModuleManager: Shutting down and abandoning module WmfMediaFactory (586)
[2019.02.11-18.22.58:248][614]LogModuleManager: Shutting down and abandoning module WmfMediaEditor (584)
[2019.02.11-18.22.58:249][614]LogModuleManager: Shutting down and abandoning module WebMMediaFactory (582)
[2019.02.11-18.22.58:249][614]LogModuleManager: Shutting down and abandoning module WebMMediaEditor (580)
[2019.02.11-18.22.58:249][614]LogModuleManager: Shutting down and abandoning module WebMMedia (578)
[2019.02.11-18.22.58:249][614]LogModuleManager: Shutting down and abandoning module MediaPlayerEditor (576)
[2019.02.11-18.22.58:249][614]LogModuleManager: Shutting down and abandoning module MediaCompositingEditor (574)
[2019.02.11-18.22.58:249][614]LogModuleManager: Shutting down and abandoning module SequenceRecorder (573)
[2019.02.11-18.22.58:249][614]LogModuleManager: Shutting down and abandoning module OpenExrWrapper (570)
[2019.02.11-18.22.58:249][614]LogModuleManager: Shutting down and abandoning module ImgMediaFactory (568)
[2019.02.11-18.22.58:249][614]LogModuleManager: Shutting down and abandoning module ImgMediaEditor (566)
[2019.02.11-18.22.58:250][614]LogModuleManager: Shutting down and abandoning module AvfMediaFactory (564)
[2019.02.11-18.22.58:250][614]LogModuleManager: Shutting down and abandoning module AvfMediaEditor (562)
[2019.02.11-18.22.58:250][614]LogModuleManager: Shutting down and abandoning module AndroidMediaFactory (560)
[2019.02.11-18.22.58:250][614]LogModuleManager: Shutting down and abandoning module AndroidMediaEditor (558)
[2019.02.11-18.22.58:250][614]LogModuleManager: Shutting down and abandoning module MagicLeapCameraPreviewFactory (556)
[2019.02.11-18.22.58:250][614]LogModuleManager: Shutting down and abandoning module MagicLeapMediaFactory (554)
[2019.02.11-18.22.58:250][614]LogModuleManager: Shutting down and abandoning module MagicLeapMediaEditor (552)
[2019.02.11-18.22.58:250][614]LogModuleManager: Shutting down and abandoning module CharacterAI (550)
[2019.02.11-18.22.58:250][614]LogModuleManager: Shutting down and abandoning module SmartSnapping (548)
[2019.02.11-18.22.58:250][614]LogModuleManager: Shutting down and abandoning module SessionServices (546)
[2019.02.11-18.22.58:250][614]LogModuleManager: Shutting down and abandoning module ViewportSnapping (544)
[2019.02.11-18.22.58:250][614]LogModuleManager: Shutting down and abandoning module ViewportInteraction (542)
[2019.02.11-18.22.58:250][614]LogModuleManager: Shutting down and abandoning module ClothPainter (540)
[2019.02.11-18.22.58:251][614]LogModuleManager: Shutting down and abandoning module SkeletalMeshEditor (539)
[2019.02.11-18.22.58:253][614]LogModuleManager: Shutting down and abandoning module LogVisualizer (536)
[2019.02.11-18.22.58:254][614]LogModuleManager: Shutting down and abandoning module IntroTutorials (534)
[2019.02.11-18.22.58:254][614]LogModuleManager: Shutting down and abandoning module GameProjectGeneration (533)
[2019.02.11-18.22.58:255][614]LogModuleManager: Shutting down and abandoning module LuminPlatformEditor (530)
[2019.02.11-18.22.58:255][614]LogModuleManager: Shutting down and abandoning module IOSPlatformEditor (528)
[2019.02.11-18.22.58:255][614]LogModuleManager: Shutting down and abandoning module HTML5PlatformEditor (526)
[2019.02.11-18.22.58:255][614]LogModuleManager: Shutting down and abandoning module AndroidPlatformEditor (524)
[2019.02.11-18.22.58:255][614]LogModuleManager: Shutting down and abandoning module AndroidDeviceDetection (523)
[2019.02.11-18.22.58:526][614]LogModuleManager: Shutting down and abandoning module WindowsPlatformEditor (520)
[2019.02.11-18.22.58:526][614]LogModuleManager: Shutting down and abandoning module LuminRuntimeSettings (518)
[2019.02.11-18.22.58:526][614]LogModuleManager: Shutting down and abandoning module IOSRuntimeSettings (516)
[2019.02.11-18.22.58:526][614]LogModuleManager: Shutting down and abandoning module AndroidRuntimeSettings (514)
[2019.02.11-18.22.58:526][614]LogModuleManager: Shutting down and abandoning module TimeManagementEditor (512)
[2019.02.11-18.22.58:526][614]LogModuleManager: Shutting down and abandoning module InputBindingEditor (510)
[2019.02.11-18.22.58:526][614]LogModuleManager: Shutting down and abandoning module MergeActors (508)
[2019.02.11-18.22.58:526][614]LogModuleManager: Shutting down and abandoning module LocalizationDashboard (506)
[2019.02.11-18.22.58:527][614]LogModuleManager: Shutting down and abandoning module LocalizationService (505)
[2019.02.11-18.22.58:527][614]LogModuleManager: Shutting down and abandoning module HardwareTargeting (502)
[2019.02.11-18.22.58:527][614]LogModuleManager: Shutting down and abandoning module DeviceProfileEditor (500)
[2019.02.11-18.22.58:527][614]LogModuleManager: Shutting down and abandoning module UndoHistory (498)
[2019.02.11-18.22.58:528][614]LogModuleManager: Shutting down and abandoning module XmlParser (496)
[2019.02.11-18.22.58:528][614]LogModuleManager: Shutting down and abandoning module Blutility (494)
[2019.02.11-18.22.58:528][614]LogModuleManager: Shutting down and abandoning module ProjectSettingsViewer (492)
[2019.02.11-18.22.58:528][614]LogModuleManager: Shutting down and abandoning module ProjectTargetPlatformEditor (491)
[2019.02.11-18.22.58:529][614]LogModuleManager: Shutting down and abandoning module EditorSettingsViewer (488)
[2019.02.11-18.22.58:529][614]LogModuleManager: Shutting down and abandoning module SettingsEditor (486)
[2019.02.11-18.22.58:529][614]LogModuleManager: Shutting down and abandoning module ProjectLauncher (484)
[2019.02.11-18.22.58:529][614]LogModuleManager: Shutting down and abandoning module SessionFrontend (482)
[2019.02.11-18.22.58:529][614]LogModuleManager: Shutting down and abandoning module ProfilerClient (480)
[2019.02.11-18.22.58:530][614]LogModuleManager: Shutting down and abandoning module DeviceManager (478)
[2019.02.11-18.22.58:530][614]LogModuleManager: Shutting down and abandoning module TargetDeviceServices (477)
[2019.02.11-18.22.58:595][614]LogModuleManager: Shutting down and abandoning module AutomationController (474)
[2019.02.11-18.22.58:595][614]LogModuleManager: Shutting down and abandoning module AutomationWindow (472)
[2019.02.11-18.22.58:596][614]LogModuleManager: Shutting down and abandoning module Layers (470)
[2019.02.11-18.22.58:598][614]LogModuleManager: Shutting down and abandoning module ComponentVisualizers (468)
[2019.02.11-18.22.58:598][614]LogModuleManager: Shutting down and abandoning module DetailCustomizations (466)
[2019.02.11-18.22.58:598][614]LogModuleManager: Shutting down and abandoning module PackagesDialog (464)
[2019.02.11-18.22.58:598][614]LogModuleManager: Shutting down and abandoning module Persona (462)
[2019.02.11-18.22.58:599][614]LogModuleManager: Shutting down and abandoning module AdvancedPreviewScene (461)
[2019.02.11-18.22.58:599][614]LogModuleManager: Shutting down and abandoning module AnimGraph (459)
[2019.02.11-18.22.58:599][614]LogModuleManager: Shutting down and abandoning module Kismet (456)
[2019.02.11-18.22.58:604][614]LogModuleManager: Shutting down and abandoning module GraphEditor (454)
[2019.02.11-18.22.58:606][614]LogModuleManager: Shutting down and abandoning module ClassViewer (452)
[2019.02.11-18.22.58:606][614]LogModuleManager: Shutting down and abandoning module Toolbox (450)
[2019.02.11-18.22.58:606][614]LogModuleManager: Shutting down and abandoning module DesktopPlatform (449)
[2019.02.11-18.22.58:606][614]LogModuleManager: Shutting down and abandoning module ModuleUI (446)
[2019.02.11-18.22.58:606][614]LogModuleManager: Shutting down and abandoning module MovieSceneTools (444)
[2019.02.11-18.22.58:606][614]LogModuleManager: Shutting down and abandoning module OutputLog (442)
[2019.02.11-18.22.58:606][614]LogModuleManager: Shutting down and abandoning module GammaUI (440)
[2019.02.11-18.22.58:607][614]LogModuleManager: Shutting down and abandoning module Documentation (438)
[2019.02.11-18.22.58:607][614]LogModuleManager: Shutting down and abandoning module MovieSceneTracks (436)
[2019.02.11-18.22.58:607][614]LogModuleManager: Shutting down and abandoning module MovieScene (434)
[2019.02.11-18.22.58:607][614]LogModuleManager: Shutting down and abandoning module StreamingPauseRendering (432)
[2019.02.11-18.22.58:607][614]LogModuleManager: Shutting down and abandoning module LauncherPlatform (430)
[2019.02.11-18.22.58:607][614]LogModuleManager: Shutting down and abandoning module AnalyticsET (428)
[2019.02.11-18.22.58:607][614]LogModuleManager: Shutting down and abandoning module PortalServices (426)
[2019.02.11-18.22.58:607][614]LogModuleManager: Shutting down and abandoning module PortalRpc (424)
[2019.02.11-18.22.58:607][614]LogModuleManager: Shutting down and abandoning module MessagingRpc (422)
[2019.02.11-18.22.58:607][614]LogModuleManager: Shutting down and abandoning module AIModule (420)
[2019.02.11-18.22.58:607][614]LogModuleManager: Shutting down and abandoning module GameplayDebugger (419)
[2019.02.11-18.22.58:607][614]LogModuleManager: Shutting down and abandoning module AITestSuite (417)
[2019.02.11-18.22.58:607][614]LogModuleManager: Shutting down and abandoning module NavigationSystem (415)
[2019.02.11-18.22.58:607][614]LogModuleManager: Shutting down and abandoning module ImageWriteQueue (412)
[2019.02.11-18.22.58:611][614]LogModuleManager: Shutting down and abandoning module ProfilerService (410)
[2019.02.11-18.22.58:686][614]LogModuleManager: Shutting down and abandoning module TaskGraph (408)
[2019.02.11-18.22.58:687][614]LogModuleManager: Shutting down and abandoning module SteamVRController (406)
[2019.02.11-18.22.58:687][614]LogModuleManager: Shutting down and abandoning module ProceduralMeshComponentEditor (404)
[2019.02.11-18.22.58:687][614]LogModuleManager: Shutting down and abandoning module ProceduralMeshComponent (402)
[2019.02.11-18.22.58:687][614]LogModuleManager: Shutting down and abandoning module OculusInput (400)
[2019.02.11-18.22.58:687][614]LogModuleManager: Shutting down and abandoning module MobilePatchingUtils (398)
[2019.02.11-18.22.58:687][614]LogModuleManager: Shutting down and abandoning module LeapMotion (396)
[2019.02.11-18.22.58:687][614]LeapMotionLog: Leap Plugin shutdown.
[2019.02.11-18.22.58:687][614]BodyStateLog: Id: 1
[2019.02.11-18.22.58:687][614]LogUObjectArray: Warning: Empty slot
[2019.02.11-18.22.58:687][614]BodyStateLog: BodyState::Device Detached: Leap Motion (1)
[2019.02.11-18.22.58:687][614]LeapMotionLog: ServiceMessageLoop stopped.
[2019.02.11-18.22.58:687][614]LeapMotionLog: Connection successfully closed.
[2019.02.11-18.22.58:688][614]LogModuleManager: Shutting down and abandoning module EditableMesh (394)
[2019.02.11-18.22.58:688][614]LogModuleManager: Shutting down and abandoning module CustomMeshComponent (392)
[2019.02.11-18.22.58:688][614]LogModuleManager: Shutting down and abandoning module CableComponent (390)
[2019.02.11-18.22.58:688][614]LogModuleManager: Shutting down and abandoning module AudioCapture (388)
[2019.02.11-18.22.58:688][614]LogModuleManager: Shutting down and abandoning module ArchVisCharacter (386)
[2019.02.11-18.22.58:688][614]LogModuleManager: Shutting down and abandoning module AndroidPermission (384)
[2019.02.11-18.22.58:688][614]LogModuleManager: Shutting down and abandoning module NUTUnrealEngine4 (382)
[2019.02.11-18.22.58:688][614]LogModuleManager: Shutting down and abandoning module NetcodeUnitTest (380)
[2019.02.11-18.22.58:688][614]LogModuleManager: Shutting down and abandoning module MediaCompositing (378)
[2019.02.11-18.22.58:688][614]LogModuleManager: Shutting down and abandoning module LinearTimecode (376)
[2019.02.11-18.22.58:688][614]LogModuleManager: Shutting down and abandoning module ImgMedia (374)
[2019.02.11-18.22.58:698][614]LogModuleManager: Shutting down and abandoning module HTML5Networking (372)
[2019.02.11-18.22.58:698][614]LogModuleManager: Shutting down and abandoning module GeometryCacheTracks (370)
[2019.02.11-18.22.58:698][614]LogModuleManager: Shutting down and abandoning module GeometryCacheSequencer (368)
[2019.02.11-18.22.58:698][614]LogModuleManager: Shutting down and abandoning module BackChannel (366)
[2019.02.11-18.22.58:698][614]LogModuleManager: Shutting down and abandoning module AppleVision (364)
[2019.02.11-18.22.58:698][614]LogModuleManager: Shutting down and abandoning module AppleImageUtilsBlueprintSupport (362)
[2019.02.11-18.22.58:698][614]LogModuleManager: Shutting down and abandoning module AppleImageUtils (360)
[2019.02.11-18.22.58:698][614]LogModuleManager: Shutting down and abandoning module AlembicImporter (358)
[2019.02.11-18.22.58:699][614]LogModuleManager: Shutting down and abandoning module AlembicLibrary (357)
[2019.02.11-18.22.58:699][614]LogModuleManager: Shutting down and abandoning module GeometryCache (356)
[2019.02.11-18.22.58:699][614]LogModuleManager: Shutting down and abandoning module GeometryCacheEd (355)
[2019.02.11-18.22.58:699][614]LogModuleManager: Shutting down and abandoning module VariantManagerContent (350)
[2019.02.11-18.22.58:699][614]LogModuleManager: Shutting down and abandoning module DatasmithContentEditor (348)
[2019.02.11-18.22.58:699][614]LogModuleManager: Shutting down and abandoning module SpeedTreeImporter (346)
[2019.02.11-18.22.58:699][614]LogModuleManager: Shutting down and abandoning module PluginBrowser (344)
[2019.02.11-18.22.58:700][614]LogModuleManager: Shutting down and abandoning module MobileLauncherProfileWizard (342)
[2019.02.11-18.22.58:701][614]LogModuleManager: Shutting down and abandoning module PolygonModeling (340)
[2019.02.11-18.22.58:701][614]LogModuleManager: Shutting down and abandoning module MeshEditor (338)
[2019.02.11-18.22.58:701][614]LogModuleManager: Shutting down and abandoning module CryptoKeysOpenSSL (336)
[2019.02.11-18.22.58:701][614]LogModuleManager: Shutting down and abandoning module CryptoKeys (334)
[2019.02.11-18.22.58:703][614]LogModuleManager: Shutting down and abandoning module VisualStudioSourceCodeAccess (332)
[2019.02.11-18.22.58:703][614]LogModuleManager: Shutting down and abandoning module VisualStudioCodeSourceCodeAccess (330)
[2019.02.11-18.22.58:703][614]LogModuleManager: Shutting down and abandoning module UObjectPlugin (328)
[2019.02.11-18.22.58:703][614]LogModuleManager: Shutting down and abandoning module SubversionSourceControl (326)
[2019.02.11-18.22.58:703][614]LogModuleManager: Shutting down and abandoning module PerforceSourceControl (324)
[2019.02.11-18.22.58:704][614]LogModuleManager: Shutting down and abandoning module GitSourceControl (322)
[2019.02.11-18.22.58:704][614]LogModuleManager: Shutting down and abandoning module SourceControl (321)
[2019.02.11-18.22.58:705][614]LogModuleManager: Shutting down and abandoning module CLionSourceCodeAccess (318)
[2019.02.11-18.22.58:705][614]LogModuleManager: Shutting down and abandoning module ActorLayerUtilitiesEditor (316)
[2019.02.11-18.22.58:705][614]LogModuleManager: Shutting down and abandoning module ActorLayerUtilities (314)
[2019.02.11-18.22.58:705][614]LogModuleManager: Shutting down and abandoning module LightPropagationVolumeEditor (312)
[2019.02.11-18.22.58:705][614]LogModuleManager: Shutting down and abandoning module PaperTiledImporter (310)
[2019.02.11-18.22.58:705][614]LogModuleManager: Shutting down and abandoning module PaperSpriteSheetImporter (308)
[2019.02.11-18.22.58:705][614]LogModuleManager: Shutting down and abandoning module Paper2DEditor (306)
[2019.02.11-18.22.58:705][614]LogModuleManager: Shutting down and abandoning module MeshPaint (305)
[2019.02.11-18.22.58:705][614]LogModuleManager: Shutting down and abandoning module OPSYN (302)
[2019.02.11-18.22.58:705][614]LogModuleManager: Shutting down and abandoning module OSC (300)
[2019.02.11-18.22.58:705][614]LogOSC: Display: Shutdown
[2019.02.11-18.22.58:705][614]LogModuleManager: Shutting down and abandoning module RuntimePhysXCooking (298)
[2019.02.11-18.22.58:705][614]LogModuleManager: Shutting down and abandoning module PhysXVehiclesEditor (296)
[2019.02.11-18.22.58:705][614]LogModuleManager: Shutting down and abandoning module PhysXVehicles (294)
[2019.02.11-18.22.58:705][614]LogModuleManager: Shutting down and abandoning module OculusEditor (292)
[2019.02.11-18.22.58:705][614]LogModuleManager: Shutting down and abandoning module LocationServicesBPLibrary (290)
[2019.02.11-18.22.58:705][614]LogModuleManager: Shutting down and abandoning module BodyState (288)
[2019.02.11-18.22.58:705][614]BodyStateLog: Id: 2
[2019.02.11-18.22.58:705][614]LogUObjectArray: Warning: Empty slot
[2019.02.11-18.22.58:706][614]BodyStateLog: BodyState::Device Detached: HMD (0)
[2019.02.11-18.22.58:706][614]LogUObjectArray: Warning: Empty slot
[2019.02.11-18.22.58:706][614]LogModuleManager: Shutting down and abandoning module LeapMotionEditor (286)
[2019.02.11-18.22.58:706][614]LogModuleManager: Shutting down and abandoning module ActorSequence (284)
[2019.02.11-18.22.58:706][614]LogModuleManager: Shutting down and abandoning module UdpMessaging (282)
[2019.02.11-18.22.58:807][614]LogModuleManager: Shutting down and abandoning module TcpMessaging (280)
[2019.02.11-18.22.58:908][614]LogModuleManager: Shutting down and abandoning module MagicLeapAudio (278)
[2019.02.11-18.22.58:908][614]LogModuleManager: Shutting down and abandoning module GameplayTagsEditor (276)
[2019.02.11-18.22.58:908][614]LogModuleManager: Shutting down and abandoning module FacialAnimationEditor (274)
[2019.02.11-18.22.58:908][614]LogModuleManager: Shutting down and abandoning module FacialAnimation (272)
[2019.02.11-18.22.58:908][614]LogModuleManager: Shutting down and abandoning module DataValidation (270)
[2019.02.11-18.22.58:908][614]LogModuleManager: Shutting down and abandoning module AssetManagerEditor (268)
[2019.02.11-18.22.58:909][614]LogModuleManager: Shutting down and abandoning module LevelEditor (267)
[2019.02.11-18.22.58:910][614]LogModuleManager: Shutting down and abandoning module PixelInspectorModule (266)
[2019.02.11-18.22.58:910][614]LogModuleManager: Shutting down and abandoning module CommonMenuExtensions (264)
[2019.02.11-18.22.58:910][614]LogModuleManager: Shutting down and abandoning module MainFrame (262)
[2019.02.11-18.22.58:910][614]LogModuleManager: Shutting down and abandoning module HotReload (261)
[2019.02.11-18.22.58:911][614]LogModuleManager: Shutting down and abandoning module ContentBrowser (257)
[2019.02.11-18.22.58:912][614]LogModuleManager: Shutting down and abandoning module TreeMap (255)
[2019.02.11-18.22.58:912][614]LogModuleManager: Shutting down and abandoning module LightPropagationVolumeRuntime (252)
[2019.02.11-18.22.58:912][614]LogModuleManager: Shutting down and abandoning module AISupportModule (250)
[2019.02.11-18.22.58:912][614]LogModuleManager: Shutting down and abandoning module Paper2D (248)
[2019.02.11-18.22.58:912][614]LogModuleManager: Shutting down and abandoning module WindowsMoviePlayer (246)
[2019.02.11-18.22.58:913][614]LogModuleManager: Shutting down and abandoning module WebMMoviePlayer (244)
[2019.02.11-18.22.58:913][614]LogModuleManager: Shutting down and abandoning module WmfMedia (242)
[2019.02.11-18.22.58:914][614]LogModuleManager: Shutting down and abandoning module Media (241)
[2019.02.11-18.22.58:922][614]LogModuleManager: Shutting down and abandoning module PacketHandler (238)
[2019.02.11-18.22.58:923][614]LogModuleManager: Shutting down and abandoning module ClothingSystemEditor (236)
[2019.02.11-18.22.58:923][614]LogModuleManager: Shutting down and abandoning module ClothingSystemRuntime (234)
[2019.02.11-18.22.58:923][614]LogModuleManager: Shutting down and abandoning module MediaAssets (232)
[2019.02.11-18.22.58:923][614]LogModuleManager: Shutting down and abandoning module Overlay (230)
[2019.02.11-18.22.58:923][614]LogModuleManager: Shutting down and abandoning module OverlayEditor (229)
[2019.02.11-18.22.58:923][614]LogModuleManager: Shutting down and abandoning module VREditor (226)
[2019.02.11-18.22.58:923][614]LogModuleManager: Shutting down and abandoning module StringTableEditor (224)
[2019.02.11-18.22.58:923][614]LogModuleManager: Shutting down and abandoning module GameplayTasksEditor (222)
[2019.02.11-18.22.58:924][614]LogModuleManager: Shutting down and abandoning module BehaviorTreeEditor (220)
[2019.02.11-18.22.58:924][614]LogModuleManager: Shutting down and abandoning module FunctionalTesting (218)
[2019.02.11-18.22.58:924][614]LogModuleManager: Shutting down and abandoning module CollisionAnalyzer (216)
[2019.02.11-18.22.58:924][614]LogModuleManager: Shutting down and abandoning module WorkspaceMenuStructure (215)
[2019.02.11-18.22.58:924][614]LogModuleManager: Shutting down and abandoning module UMG (212)
[2019.02.11-18.22.58:925][614]LogModuleManager: Shutting down and abandoning module UMGEditor (211)
[2019.02.11-18.22.58:925][614]LogModuleManager: Shutting down and abandoning module Sequencer (210)
[2019.02.11-18.22.58:926][614]LogModuleManager: Shutting down and abandoning module MessageLog (207)
[2019.02.11-18.22.58:926][614]LogModuleManager: Shutting down and abandoning module SlateReflector (202)
[2019.02.11-18.22.58:927][614]LogModuleManager: Shutting down and abandoning module Slate (200)
[2019.02.11-18.22.58:927][614]LogModuleManager: Shutting down and abandoning module EditorStyle (198)
[2019.02.11-18.22.58:928][614]LogModuleManager: Shutting down and abandoning module MRMesh (196)
[2019.02.11-18.22.58:928][614]LogModuleManager: Shutting down and abandoning module SourceCodeAccess (194)
[2019.02.11-18.22.58:928][614]LogModuleManager: Shutting down and abandoning module HeadMountedDisplay (192)
[2019.02.11-18.22.58:930][614]LogModuleManager: Shutting down and abandoning module XAudio2 (190)
[2019.02.11-18.22.58:930][614]LogModuleManager: Shutting down and abandoning module Networking (188)
[2019.02.11-18.22.58:930][614]LogModuleManager: Shutting down and abandoning module Core (186)
[2019.02.11-18.22.58:930][614]LogModuleManager: Shutting down and abandoning module LevelSequence (184)
[2019.02.11-18.22.58:930][614]LogModuleManager: Shutting down and abandoning module KismetCompiler (182)
[2019.02.11-18.22.58:930][614]LogModuleManager: Shutting down and abandoning module MeshUtilities (180)
[2019.02.11-18.22.58:931][614]LogModuleManager: Shutting down and abandoning module MeshMergeUtilities (179)
[2019.02.11-18.22.58:931][614]LogModuleManager: Shutting down and abandoning module MeshReductionInterface (178)
[2019.02.11-18.22.58:931][614]LogModuleManager: Shutting down and abandoning module SimplygonSwarm (177)
[2019.02.11-18.22.58:932][614]LogModuleManager: Shutting down and abandoning module ProxyLODMeshReduction (175)
[2019.02.11-18.22.58:933][614]LogModuleManager: Shutting down and abandoning module SimplygonMeshReduction (173)
[2019.02.11-18.22.58:933][614]LogModuleManager: Shutting down and abandoning module QuadricMeshReduction (171)
[2019.02.11-18.22.58:933][614]LogModuleManager: Shutting down and abandoning module MaterialBaking (167)
[2019.02.11-18.22.58:933][614]LogModuleManager: Shutting down and abandoning module DirectoryWatcher (163)
[2019.02.11-18.22.58:933][614]LogModuleManager: Shutting down and abandoning module DerivedDataCache (160)
[2019.02.11-18.22.58:987][614]LogDerivedDataCache: Shutdown
[2019.02.11-18.22.58:987][614]LogModuleManager: Shutting down and abandoning module XGEController (158)
[2019.02.11-18.22.58:987][614]LogModuleManager: Shutting down and abandoning module TargetPlatform (156)
[2019.02.11-18.22.58:987][614]LogModuleManager: Shutting down and abandoning module VulkanShaderFormat (155)
[2019.02.11-18.22.58:987][614]LogModuleManager: Shutting down and abandoning module ShaderFormatVectorVM (153)
[2019.02.11-18.22.58:987][614]LogModuleManager: Shutting down and abandoning module ShaderFormatOpenGL (151)
[2019.02.11-18.22.58:987][614]LogModuleManager: Shutting down and abandoning module ShaderFormatD3D (149)
[2019.02.11-18.22.58:987][614]LogModuleManager: Shutting down and abandoning module MetalShaderFormat (147)
[2019.02.11-18.22.58:987][614]LogModuleManager: Shutting down and abandoning module TextureFormatUncompressed (145)
[2019.02.11-18.22.58:987][614]LogModuleManager: Shutting down and abandoning module TextureFormatPVR (143)
[2019.02.11-18.22.58:988][614]LogModuleManager: Shutting down and abandoning module TextureFormatDXT (141)
[2019.02.11-18.22.58:988][614]LogModuleManager: Shutting down and abandoning module TextureFormatIntelISPCTexComp (139)
[2019.02.11-18.22.58:988][614]LogModuleManager: Shutting down and abandoning module TextureFormatASTC (137)
[2019.02.11-18.22.58:988][614]LogModuleManager: Shutting down and abandoning module ImageWrapper (136)
[2019.02.11-18.22.58:988][614]LogModuleManager: Shutting down and abandoning module TextureFormatAndroid (133)
[2019.02.11-18.22.58:988][614]LogModuleManager: Shutting down and abandoning module AudioFormatOpus (131)
[2019.02.11-18.22.58:988][614]LogModuleManager: Shutting down and abandoning module AudioFormatOgg (129)
[2019.02.11-18.22.58:988][614]LogModuleManager: Shutting down and abandoning module AudioFormatADPCM (127)
[2019.02.11-18.22.58:988][614]LogModuleManager: Shutting down and abandoning module LuminTargetPlatform (125)
[2019.02.11-18.22.58:989][614]LogModuleManager: Shutting down and abandoning module LinuxTargetPlatform (123)
[2019.02.11-18.22.58:989][614]LogModuleManager: Shutting down and abandoning module LinuxServerTargetPlatform (121)
[2019.02.11-18.22.58:989][614]LogModuleManager: Shutting down and abandoning module LinuxNoEditorTargetPlatform (119)
[2019.02.11-18.22.58:989][614]LogModuleManager: Shutting down and abandoning module LinuxClientTargetPlatform (117)
[2019.02.11-18.22.58:989][614]LogModuleManager: Shutting down and abandoning module TVOSTargetPlatform (115)
[2019.02.11-18.22.58:990][614]LogModuleManager: Shutting down and abandoning module Messaging (113)
[2019.02.11-18.22.58:990][614]LogModuleManager: Shutting down and abandoning module IOSTargetPlatform (111)
[2019.02.11-18.22.58:990][614]LogModuleManager: Shutting down and abandoning module HTML5TargetPlatform (109)
[2019.02.11-18.22.58:990][614]LogModuleManager: Shutting down and abandoning module AndroidTargetPlatform (107)
[2019.02.11-18.22.59:001][614]LogModuleManager: Shutting down and abandoning module WindowsTargetPlatform (105)
[2019.02.11-18.22.59:001][614]LogModuleManager: Shutting down and abandoning module WindowsServerTargetPlatform (103)
[2019.02.11-18.22.59:001][614]LogModuleManager: Shutting down and abandoning module WindowsNoEditorTargetPlatform (101)
[2019.02.11-18.22.59:001][614]LogModuleManager: Shutting down and abandoning module WindowsClientTargetPlatform (99)
[2019.02.11-18.22.59:001][614]LogModuleManager: Shutting down and abandoning module MacTargetPlatform (97)
[2019.02.11-18.22.59:001][614]LogModuleManager: Shutting down and abandoning module MacServerTargetPlatform (95)
[2019.02.11-18.22.59:001][614]LogModuleManager: Shutting down and abandoning module MacNoEditorTargetPlatform (93)
[2019.02.11-18.22.59:001][614]LogModuleManager: Shutting down and abandoning module MacClientTargetPlatform (91)
[2019.02.11-18.22.59:001][614]LogModuleManager: Shutting down and abandoning module AllDesktopTargetPlatform (89)
[2019.02.11-18.22.59:002][614]LogModuleManager: Shutting down and abandoning module InputCore (86)
[2019.02.11-18.22.59:002][614]LogModuleManager: Shutting down and abandoning module Settings (84)
[2019.02.11-18.22.59:002][614]LogModuleManager: Shutting down and abandoning module PhysXCooking (82)
[2019.02.11-18.22.59:002][614]LogModuleManager: Shutting down and abandoning module SteamVR (80)
[2019.02.11-18.22.59:002][614]LogHMD: Freeing OpenVRDLLHandle.
[2019.02.11-18.22.59:002][614]LogModuleManager: Shutting down and abandoning module OculusHMD (78)
[2019.02.11-18.22.59:002][614]LogModuleManager: Shutting down and abandoning module ExampleDeviceProfileSelector (76)
[2019.02.11-18.22.59:002][614]LogModuleManager: Shutting down and abandoning module LauncherChunkInstaller (74)
[2019.02.11-18.22.59:002][614]LogModuleManager: Shutting down and abandoning module OnlineBlueprintSupport (72)
[2019.02.11-18.22.59:002][614]LogModuleManager: Shutting down and abandoning module OnlineSubsystem (68)
[2019.02.11-18.22.59:005][614]LogModuleManager: Shutting down and abandoning module XMPP (63)
[2019.02.11-18.22.59:006][614]LogModuleManager: Shutting down and abandoning module WebSockets (62)
[2019.02.11-18.22.59:032][614]LogModuleManager: Shutting down and abandoning module HTTP (59)
[2019.02.11-18.22.59:032][614]LogHttp: Display: Http module shutting down, but needs to wait on 1 outstanding Http requests:
[2019.02.11-18.22.59:032][614]LogHttp: Display: 	verb=[POST] url=[https://datarouter.ol.epicgames.com/datarouter/api/v1/public/data?SessionID=%7BE5289D99-407E-A9C2-532D-EEB51A4B8D27%7D&AppID=UEEditor.Rocket.Release&AppVersion=4.21.1-4613538%2B%2B%2BUE4%2BRelease-4.21&UserID=ad2ce3c842b0a61f8505f3bb91271840%7C5ac4efb3fdd94efd9448d5abd0820c37%7C3f082654-9d54-4b7d-bcd7-107a6bee479d&AppEnvironment=datacollector-binary&UploadType=eteventstream] status=Processing
[2019.02.11-18.22.59:066][614]LogModuleManager: Shutting down and abandoning module SSL (58)
[2019.02.11-18.22.59:071][614]LogModuleManager: Shutting down and abandoning module MagicLeapIdentity (54)
[2019.02.11-18.22.59:072][614]LogModuleManager: Shutting down and abandoning module MagicLeapHelperVulkan (52)
[2019.02.11-18.22.59:072][614]LogModuleManager: Shutting down and abandoning module MagicLeapHelperOpenGL (50)
[2019.02.11-18.22.59:072][614]LogModuleManager: Shutting down and abandoning module MagicLeapSecureStorage (48)
[2019.02.11-18.22.59:072][614]LogModuleManager: Shutting down and abandoning module MagicLeapHandTracking (46)
[2019.02.11-18.22.59:072][614]LogModuleManager: Shutting down and abandoning module MagicLeapEyeTracker (44)
[2019.02.11-18.22.59:072][614]LogModuleManager: Shutting down and abandoning module MagicLeapController (42)
[2019.02.11-18.22.59:072][614]LogSlate: Slate User Destroyed.  User Index 0, Is Virtual User: 0
[2019.02.11-18.22.59:072][614]LogModuleManager: Shutting down and abandoning module MagicLeap (40)
[2019.02.11-18.22.59:072][614]LogModuleManager: Shutting down and abandoning module DatasmithContent (38)
[2019.02.11-18.22.59:073][614]LogModuleManager: Shutting down and abandoning module AnimationModifiers (36)
[2019.02.11-18.22.59:073][614]LogModuleManager: Shutting down and abandoning module PropertyEditor (35)
[2019.02.11-18.22.59:073][614]LogModuleManager: Shutting down and abandoning module AudioEditor (32)
[2019.02.11-18.22.59:074][614]LogModuleManager: Shutting down and abandoning module TextureCompressor (30)
[2019.02.11-18.22.59:074][614]LogModuleManager: Shutting down and abandoning module ShaderCore (28)
[2019.02.11-18.22.59:074][614]LogModuleManager: Shutting down and abandoning module Landscape (26)
[2019.02.11-18.22.59:074][614]LogModuleManager: Shutting down and abandoning module SlateRHIRenderer (24)
[2019.02.11-18.22.59:074][614]LogModuleManager: Shutting down and abandoning module OpenGLDrv (22)
[2019.02.11-18.22.59:074][614]LogModuleManager: Shutting down and abandoning module D3D11RHI (20)
[2019.02.11-18.22.59:074][614]LogModuleManager: Shutting down and abandoning module AnimGraphRuntime (18)
[2019.02.11-18.22.59:074][614]LogModuleManager: Shutting down and abandoning module Renderer (16)
[2019.02.11-18.22.59:074][614]LogModuleManager: Shutting down and abandoning module Engine (14)
[2019.02.11-18.22.59:074][614]LogModuleManager: Shutting down and abandoning module CoreUObject (12)
[2019.02.11-18.22.59:074][614]LogModuleManager: Shutting down and abandoning module NetworkFile (10)
[2019.02.11-18.22.59:075][614]LogModuleManager: Shutting down and abandoning module CookedIterativeFile (8)
[2019.02.11-18.22.59:075][614]LogModuleManager: Shutting down and abandoning module StreamingFile (6)
[2019.02.11-18.22.59:075][614]LogModuleManager: Shutting down and abandoning module SandboxFile (4)
[2019.02.11-18.22.59:075][614]LogModuleManager: Shutting down and abandoning module PakFile (2)
[2019.02.11-18.22.59:087][614]LogExit: Exiting.
[2019.02.11-18.22.59:094][614]Log file closed, 02/11/19 13:22:59
