Log file open, 01/09/19 23:45:50
LogWindows: Failed to load 'aqProf.dll' (GetLastError=126)
LogWindows: File 'aqProf.dll' does not exist
LogWindows: Failed to load 'VtuneApi.dll' (GetLastError=126)
LogWindows: File 'VtuneApi.dll' does not exist
LogWindows: Failed to load 'VtuneApi32e.dll' (GetLastError=126)
LogWindows: File 'VtuneApi32e.dll' does not exist
LogConsoleResponse: Display: Failed to find resolution value strings in scalability ini. Falling back to default.
LogInit: Display: Running engine for game: OPSYN
LogPakFile: Registered encryption key '00000000000000000000000000000000': 0 pak files mounted, 0 remain pending
LogPlatformFile: Not using cached read wrapper
LogTaskGraph: Started task graph with 5 named threads and 23 total threads with 3 sets of task threads.
LogStats: Stats thread started at 0.288740
LogD3D11RHI: Loaded GFSDK_Aftermath_Lib.x64.dll
LogICUInternationalization: ICU TimeZone Detection - Raw Offset: -5:00, Platform Override: ''
LogPluginManager: Mounting plugin Paper2D
LogPluginManager: Mounting plugin AISupport
LogPluginManager: Mounting plugin LightPropagationVolume
LogPluginManager: Mounting plugin ActorLayerUtilities
LogPluginManager: Mounting plugin CLionSourceCodeAccess
LogPluginManager: Mounting plugin CodeLiteSourceCodeAccess
LogPluginManager: Mounting plugin GitSourceControl
LogPluginManager: Mounting plugin KDevelopSourceCodeAccess
LogPluginManager: Mounting plugin NullSourceCodeAccess
LogPluginManager: Mounting plugin PerforceSourceControl
LogPluginManager: Mounting plugin SubversionSourceControl
LogPluginManager: Mounting plugin UObjectPlugin
LogPluginManager: Mounting plugin VisualStudioCodeSourceCodeAccess
LogPluginManager: Mounting plugin VisualStudioSourceCodeAccess
LogPluginManager: Mounting plugin XCodeSourceCodeAccess
LogPluginManager: Mounting plugin AssetManagerEditor
LogPluginManager: Mounting plugin CryptoKeys
LogPluginManager: Mounting plugin DataValidation
LogPluginManager: Mounting plugin FacialAnimation
LogPluginManager: Mounting plugin GameplayTagsEditor
LogPluginManager: Mounting plugin MacGraphicsSwitching
LogPluginManager: Mounting plugin MeshEditor
LogPluginManager: Mounting plugin MobileLauncherProfileWizard
LogPluginManager: Mounting plugin PluginBrowser
LogPluginManager: Mounting plugin SpeedTreeImporter
LogPluginManager: Mounting plugin DatasmithContent
LogPluginManager: Mounting plugin VariantManagerContent
LogPluginManager: Mounting plugin AlembicImporter
LogPluginManager: Mounting plugin AppleImageUtils
LogPluginManager: Mounting plugin AppleVision
LogPluginManager: Mounting plugin BackChannel
LogPluginManager: Mounting plugin CharacterAI
LogPluginManager: Mounting plugin GeometryCache
LogPluginManager: Mounting plugin HTML5Networking
LogPluginManager: Mounting plugin ProxyLODPlugin
LogPluginManager: Mounting plugin MagicLeap
LogPluginManager: Mounting plugin MagicLeapMedia
LogPluginManager: Mounting plugin AndroidMedia
LogPluginManager: Mounting plugin AvfMedia
LogPluginManager: Mounting plugin ImgMedia
LogPluginManager: Mounting plugin LinearTimecode
LogPluginManager: Mounting plugin MediaCompositing
LogPluginManager: Mounting plugin MediaPlayerEditor
LogPluginManager: Mounting plugin WebMMedia
LogPluginManager: Mounting plugin WmfMedia
LogPluginManager: Mounting plugin TcpMessaging
LogPluginManager: Mounting plugin UdpMessaging
LogPluginManager: Mounting plugin ActorSequence
LogPluginManager: Mounting plugin LevelSequenceEditor
LogPluginManager: Mounting plugin MatineeToLevelSequence
LogPluginManager: Mounting plugin NetcodeUnitTest
LogPluginManager: Mounting plugin NUTUnrealEngine4
LogPluginManager: Mounting plugin OnlineSubsystemGooglePlay
LogPluginManager: Mounting plugin OnlineSubsystemIOS
LogPluginManager: Mounting plugin OnlineSubsystem
LogPluginManager: Mounting plugin OnlineSubsystemNull
LogPluginManager: Mounting plugin OnlineSubsystemUtils
LogPluginManager: Mounting plugin LauncherChunkInstaller
LogPluginManager: Mounting plugin AndroidDeviceProfileSelector
LogPluginManager: Mounting plugin AndroidMoviePlayer
LogPluginManager: Mounting plugin AndroidPermission
LogPluginManager: Mounting plugin AppleMoviePlayer
LogPluginManager: Mounting plugin ArchVisCharacter
LogPluginManager: Mounting plugin AudioCapture
LogPluginManager: Mounting plugin CableComponent
LogPluginManager: Mounting plugin CustomMeshComponent
LogPluginManager: Mounting plugin EditableMesh
LogPluginManager: Mounting plugin ExampleDeviceProfileSelector
LogPluginManager: Mounting plugin Firebase
LogPluginManager: Mounting plugin GoogleCloudMessaging
LogPluginManager: Mounting plugin IOSDeviceProfileSelector
LogPluginManager: Mounting plugin LinuxDeviceProfileSelector
LogPluginManager: Mounting plugin LocationServicesBPLibrary
LogPluginManager: Mounting plugin MobilePatchingUtils
LogPluginManager: Mounting plugin OculusVR
LogPluginManager: Mounting plugin PhysXVehicles
LogPluginManager: Mounting plugin ProceduralMeshComponent
LogPluginManager: Mounting plugin RuntimePhysXCooking
LogPluginManager: Mounting plugin SteamVR
LogPluginManager: Mounting plugin WebMMoviePlayer
LogPluginManager: Mounting plugin WindowsMoviePlayer
LogPluginManager: Mounting plugin OSC
LogStreaming: Display: Took  0.103s to configure plugins.
LogInit: Using libcurl 7.55.1-DEV
LogInit:  - built for x86_64-pc-win32
LogInit:  - supports SSL with OpenSSL/1.0.2h
LogInit:  - supports HTTP deflate (compression) using libz 1.2.8
LogInit:  - other features:
LogInit:      CURL_VERSION_SSL
LogInit:      CURL_VERSION_LIBZ
LogInit:      CURL_VERSION_IPV6
LogInit:      CURL_VERSION_ASYNCHDNS
LogInit:      CURL_VERSION_LARGEFILE
LogInit:      CURL_VERSION_IDN
LogInit:  CurlRequestOptions (configurable via config and command line):
LogInit:  - bVerifyPeer = true  - Libcurl will verify peer certificate
LogInit:  - bUseHttpProxy = false  - Libcurl will NOT use HTTP proxy
LogInit:  - bDontReuseConnections = false  - Libcurl will reuse connections
LogInit:  - MaxHostConnections = 16  - Libcurl will limit the number of connections to a host
LogInit:  - LocalHostAddr = Default
LogInit:  - BufferSize = 65536
LogInit: WinSock: version 1.1 (2.2), MaxSocks=32767, MaxUdp=65467
LogInit: Build: ++UE4+Release-4.21-CL-4613538
LogInit: Engine Version: 4.21.1-4613538+++UE4+Release-4.21
LogInit: Compatible Engine Version: 4.21.0-4541578+++UE4+Release-4.21
LogInit: Net CL: 4541578
LogInit: OS: Windows 10 (), CPU: Intel(R) Core(TM) i7-7700HQ CPU @ 2.80GHz, GPU: Intel(R) HD Graphics 630
LogInit: Compiled (64-bit): Nov 30 2018 04:13:25
LogInit: Compiled with Visual C++: 19.13.26129.00
LogInit: Build Configuration: Development
LogInit: Branch Name: ++UE4+Release-4.21
LogInit: Command Line: 
LogInit: Base Directory: C:/Program Files/Epic Games/UE_4.21/Engine/Binaries/Win64/
LogInit: Installed Engine Build: 1
LogDevObjectVersion: Number of dev versions registered: 22
LogDevObjectVersion:   Dev-Blueprints (B0D832E4-1F89-4F0D-ACCF-7EB736FD4AA2): 10
LogDevObjectVersion:   Dev-Build (E1C64328-A22C-4D53-A36C-8E866417BD8C): 0
LogDevObjectVersion:   Dev-Core (375EC13C-06E4-48FB-B500-84F0262A717E): 2
LogDevObjectVersion:   Dev-Editor (E4B068ED-F494-42E9-A231-DA0B2E46BB41): 26
LogDevObjectVersion:   Dev-Framework (CFFC743F-43B0-4480-9391-14DF171D2073): 34
LogDevObjectVersion:   Dev-Mobile (B02B49B5-BB20-44E9-A304-32B752E40360): 2
LogDevObjectVersion:   Dev-Networking (A4E4105C-59A1-49B5-A7C5-40C4547EDFEE): 0
LogDevObjectVersion:   Dev-Online (39C831C9-5AE6-47DC-9A44-9C173E1C8E7C): 0
LogDevObjectVersion:   Dev-Physics (78F01B33-EBEA-4F98-B9B4-84EACCB95AA2): 0
LogDevObjectVersion:   Dev-Platform (6631380F-2D4D-43E0-8009-CF276956A95A): 0
LogDevObjectVersion:   Dev-Rendering (12F88B9F-8875-4AFC-A67C-D90C383ABD29): 27
LogDevObjectVersion:   Dev-Sequencer (7B5AE74C-D270-4C10-A958-57980B212A5A): 9
LogDevObjectVersion:   Dev-VR (D7296918-1DD6-4BDD-9DE2-64A83CC13884): 2
LogDevObjectVersion:   Dev-LoadTimes (C2A15278-BFE7-4AFE-6C17-90FF531DF755): 1
LogDevObjectVersion:   Private-Geometry (6EACA3D4-40EC-4CC1-B786-8BED09428FC5): 3
LogDevObjectVersion:   Dev-AnimPhys (29E575DD-E0A3-4627-9D10-D276232CDCEA): 17
LogDevObjectVersion:   Dev-Anim (AF43A65D-7FD3-4947-9873-3E8ED9C1BB05): 2
LogDevObjectVersion:   Dev-ReflectionCapture (6B266CEC-1EC7-4B8F-A30B-E4D90942FC07): 1
LogDevObjectVersion:   Dev-Automation (0DF73D61-A23F-47EA-B727-89E90C41499A): 1
LogDevObjectVersion:   FortniteMain (601D1886-AC64-4F84-AA16-D3DE0DEAC7D6): 17
LogDevObjectVersion:   Dev-Enterprise (9DFFBCD6-494F-0158-E221-12823C92A888): 4
LogDevObjectVersion:   Dev-Niagara (F2AED0AC-9AFE-416F-8664-AA7FFA26D6FC): 1
LogStreaming: Display: Took  0.001s to delete old logs.
LogInit: Presizing for max 8388607 objects, including 0 objects not considered by GC, pre-allocating 0 bytes for permanent pool.
LogInit: Object subsystem initialized
LogConfig: Setting CVar [[con.DebugEarlyDefault:1]]
LogConfig: Setting CVar [[r.setres:1280x720]]
[2019.01.10-04.45.50:451][  0]LogConfig: Setting CVar [[r.VSync:0]]
[2019.01.10-04.45.50:451][  0]LogConfig: Setting CVar [[r.RHICmdBypass:0]]
[2019.01.10-04.45.50:451][  0]LogConfig: Applying CVar settings from Section [/Script/Engine.RendererSettings] File [C:/Users/luste/Documents/GitHub/OPSYN-Out-of-Place-Synthesizer-/OPSYN/Saved/Config/Windows/Engine.ini]
[2019.01.10-04.45.50:451][  0]LogConfig: Setting CVar [[r.GPUCrashDebugging:0]]
[2019.01.10-04.45.50:451][  0]LogConfig: Applying CVar settings from Section [/Script/Engine.RendererOverrideSettings] File [C:/Users/luste/Documents/GitHub/OPSYN-Out-of-Place-Synthesizer-/OPSYN/Saved/Config/Windows/Engine.ini]
[2019.01.10-04.45.50:451][  0]LogConfig: Applying CVar settings from Section [/Script/Engine.StreamingSettings] File [C:/Users/luste/Documents/GitHub/OPSYN-Out-of-Place-Synthesizer-/OPSYN/Saved/Config/Windows/Engine.ini]
[2019.01.10-04.45.50:451][  0]LogConfig: Setting CVar [[s.MinBulkDataSizeForAsyncLoading:131072]]
[2019.01.10-04.45.50:451][  0]LogConfig: Setting CVar [[s.AsyncLoadingThreadEnabled:0]]
[2019.01.10-04.45.50:451][  0]LogConfig: Setting CVar [[s.EventDrivenLoaderEnabled:1]]
[2019.01.10-04.45.50:451][  0]LogConfig: Setting CVar [[s.WarnIfTimeLimitExceeded:0]]
[2019.01.10-04.45.50:451][  0]LogConfig: Setting CVar [[s.TimeLimitExceededMultiplier:1.5]]
[2019.01.10-04.45.50:451][  0]LogConfig: Setting CVar [[s.TimeLimitExceededMinTime:0.005]]
[2019.01.10-04.45.50:451][  0]LogConfig: Setting CVar [[s.UseBackgroundLevelStreaming:1]]
[2019.01.10-04.45.50:451][  0]LogConfig: Setting CVar [[s.PriorityAsyncLoadingExtraTime:15.0]]
[2019.01.10-04.45.50:451][  0]LogConfig: Setting CVar [[s.LevelStreamingActorsUpdateTimeLimit:5.0]]
[2019.01.10-04.45.50:451][  0]LogConfig: Setting CVar [[s.PriorityLevelStreamingActorsUpdateExtraTime:5.0]]
[2019.01.10-04.45.50:451][  0]LogConfig: Setting CVar [[s.LevelStreamingComponentsRegistrationGranularity:10]]
[2019.01.10-04.45.50:451][  0]LogConfig: Setting CVar [[s.UnregisterComponentsTimeLimit:1.0]]
[2019.01.10-04.45.50:451][  0]LogConfig: Setting CVar [[s.LevelStreamingComponentsUnregistrationGranularity:5]]
[2019.01.10-04.45.50:451][  0]LogConfig: Applying CVar settings from Section [/Script/Engine.GarbageCollectionSettings] File [C:/Users/luste/Documents/GitHub/OPSYN-Out-of-Place-Synthesizer-/OPSYN/Saved/Config/Windows/Engine.ini]
[2019.01.10-04.45.50:451][  0]LogConfig: Setting CVar [[gc.MaxObjectsNotConsideredByGC:1]]
[2019.01.10-04.45.50:451][  0]LogConfig: Setting CVar [[gc.SizeOfPermanentObjectPool:0]]
[2019.01.10-04.45.50:451][  0]LogConfig: Setting CVar [[gc.FlushStreamingOnGC:0]]
[2019.01.10-04.45.50:451][  0]LogConfig: Setting CVar [[gc.NumRetriesBeforeForcingGC:10]]
[2019.01.10-04.45.50:451][  0]LogConfig: Setting CVar [[gc.AllowParallelGC:1]]
[2019.01.10-04.45.50:451][  0]LogConfig: Setting CVar [[gc.TimeBetweenPurgingPendingKillObjects:61.1]]
[2019.01.10-04.45.50:451][  0]LogConfig: Setting CVar [[gc.MaxObjectsInEditor:8388607]]
[2019.01.10-04.45.50:451][  0]LogConfig: Setting CVar [[gc.IncrementalBeginDestroyEnabled:1]]
[2019.01.10-04.45.50:451][  0]LogConfig: Setting CVar [[gc.CreateGCClusters:1]]
[2019.01.10-04.45.50:451][  0]LogConfig: Setting CVar [[gc.MergeGCClusters:0]]
[2019.01.10-04.45.50:451][  0]LogConfig: Setting CVar [[gc.MinGCClusterSize:5]]
[2019.01.10-04.45.50:451][  0]LogConfig: Setting CVar [[gc.ActorClusteringEnabled:0]]
[2019.01.10-04.45.50:451][  0]LogConfig: Setting CVar [[gc.BlueprintClusteringEnabled:0]]
[2019.01.10-04.45.50:451][  0]LogConfig: Setting CVar [[gc.UseDisregardForGCOnDedicatedServers:0]]
[2019.01.10-04.45.50:451][  0]LogConfig: Applying CVar settings from Section [/Script/Engine.NetworkSettings] File [C:/Users/luste/Documents/GitHub/OPSYN-Out-of-Place-Synthesizer-/OPSYN/Saved/Config/Windows/Engine.ini]
[2019.01.10-04.45.50:451][  0]LogConfig: Applying CVar settings from Section [/Script/UnrealEd.CookerSettings] File [C:/Users/luste/Documents/GitHub/OPSYN-Out-of-Place-Synthesizer-/OPSYN/Saved/Config/Windows/Engine.ini]
[2019.01.10-04.45.50:456][  0]LogConfig: Applying CVar settings from Section [ViewDistanceQuality@3] File [C:/Users/luste/Documents/GitHub/OPSYN-Out-of-Place-Synthesizer-/OPSYN/Saved/Config/Windows/Scalability.ini]
[2019.01.10-04.45.50:456][  0]LogConfig: Setting CVar [[r.SkeletalMeshLODBias:0]]
[2019.01.10-04.45.50:456][  0]LogConfig: Setting CVar [[r.ViewDistanceScale:1.0]]
[2019.01.10-04.45.50:456][  0]LogConfig: Applying CVar settings from Section [AntiAliasingQuality@3] File [C:/Users/luste/Documents/GitHub/OPSYN-Out-of-Place-Synthesizer-/OPSYN/Saved/Config/Windows/Scalability.ini]
[2019.01.10-04.45.50:456][  0]LogConfig: Setting CVar [[r.PostProcessAAQuality:4]]
[2019.01.10-04.45.50:456][  0]LogConfig: Applying CVar settings from Section [ShadowQuality@3] File [C:/Users/luste/Documents/GitHub/OPSYN-Out-of-Place-Synthesizer-/OPSYN/Saved/Config/Windows/Scalability.ini]
[2019.01.10-04.45.50:456][  0]LogConfig: Setting CVar [[r.LightFunctionQuality:1]]
[2019.01.10-04.45.50:456][  0]LogConfig: Setting CVar [[r.ShadowQuality:5]]
[2019.01.10-04.45.50:456][  0]LogConfig: Setting CVar [[r.Shadow.CSM.MaxCascades:10]]
[2019.01.10-04.45.50:456][  0]LogConfig: Setting CVar [[r.Shadow.MaxResolution:2048]]
[2019.01.10-04.45.50:456][  0]LogConfig: Setting CVar [[r.Shadow.MaxCSMResolution:2048]]
[2019.01.10-04.45.50:456][  0]LogConfig: Setting CVar [[r.Shadow.RadiusThreshold:0.01]]
[2019.01.10-04.45.50:456][  0]LogConfig: Setting CVar [[r.Shadow.DistanceScale:1.0]]
[2019.01.10-04.45.50:456][  0]LogConfig: Setting CVar [[r.Shadow.CSM.TransitionScale:1.0]]
[2019.01.10-04.45.50:456][  0]LogConfig: Setting CVar [[r.Shadow.PreShadowResolutionFactor:1.0]]
[2019.01.10-04.45.50:456][  0]LogConfig: Setting CVar [[r.DistanceFieldShadowing:1]]
[2019.01.10-04.45.50:456][  0]LogConfig: Setting CVar [[r.DistanceFieldAO:1]]
[2019.01.10-04.45.50:456][  0]LogConfig: Setting CVar [[r.AOQuality:2]]
[2019.01.10-04.45.50:456][  0]LogConfig: Setting CVar [[r.VolumetricFog:1]]
[2019.01.10-04.45.50:456][  0]LogConfig: Setting CVar [[r.VolumetricFog.GridPixelSize:8]]
[2019.01.10-04.45.50:456][  0]LogConfig: Setting CVar [[r.VolumetricFog.GridSizeZ:128]]
[2019.01.10-04.45.50:456][  0]LogConfig: Setting CVar [[r.VolumetricFog.HistoryMissSupersampleCount:4]]
[2019.01.10-04.45.50:456][  0]LogConfig: Setting CVar [[r.LightMaxDrawDistanceScale:1]]
[2019.01.10-04.45.50:456][  0]LogConfig: Setting CVar [[r.CapsuleShadows:1]]
[2019.01.10-04.45.50:456][  0]LogConfig: Applying CVar settings from Section [PostProcessQuality@3] File [C:/Users/luste/Documents/GitHub/OPSYN-Out-of-Place-Synthesizer-/OPSYN/Saved/Config/Windows/Scalability.ini]
[2019.01.10-04.45.50:456][  0]LogConfig: Setting CVar [[r.MotionBlurQuality:4]]
[2019.01.10-04.45.50:456][  0]LogConfig: Setting CVar [[r.AmbientOcclusionMipLevelFactor:0.4]]
[2019.01.10-04.45.50:456][  0]LogConfig: Setting CVar [[r.AmbientOcclusionMaxQuality:100]]
[2019.01.10-04.45.50:456][  0]LogConfig: Setting CVar [[r.AmbientOcclusionLevels:-1]]
[2019.01.10-04.45.50:456][  0]LogConfig: Setting CVar [[r.AmbientOcclusionRadiusScale:1.0]]
[2019.01.10-04.45.50:456][  0]LogConfig: Setting CVar [[r.DepthOfFieldQuality:2]]
[2019.01.10-04.45.50:456][  0]LogConfig: Setting CVar [[r.RenderTargetPoolMin:400]]
[2019.01.10-04.45.50:456][  0]LogConfig: Setting CVar [[r.LensFlareQuality:2]]
[2019.01.10-04.45.50:456][  0]LogConfig: Setting CVar [[r.SceneColorFringeQuality:1]]
[2019.01.10-04.45.50:456][  0]LogConfig: Setting CVar [[r.EyeAdaptationQuality:2]]
[2019.01.10-04.45.50:456][  0]LogConfig: Setting CVar [[r.BloomQuality:5]]
[2019.01.10-04.45.50:456][  0]LogConfig: Setting CVar [[r.FastBlurThreshold:100]]
[2019.01.10-04.45.50:456][  0]LogConfig: Setting CVar [[r.Upscale.Quality:3]]
[2019.01.10-04.45.50:456][  0]LogConfig: Setting CVar [[r.Tonemapper.GrainQuantization:1]]
[2019.01.10-04.45.50:456][  0]LogConfig: Setting CVar [[r.LightShaftQuality:1]]
[2019.01.10-04.45.50:456][  0]LogConfig: Setting CVar [[r.Filter.SizeScale:1]]
[2019.01.10-04.45.50:456][  0]LogConfig: Setting CVar [[r.Tonemapper.Quality:5]]
[2019.01.10-04.45.50:457][  0]LogConfig: Setting CVar [[r.DOF.Gather.AccumulatorQuality:1        ; higher gathering accumulator quality]]
[2019.01.10-04.45.50:457][  0]LogConfig: Setting CVar [[r.DOF.Gather.PostfilterMethod:1          ; Median3x3 postfilering method]]
[2019.01.10-04.45.50:457][  0]LogConfig: Setting CVar [[r.DOF.Gather.EnableBokehSettings:0       ; no bokeh simulation when gathering]]
[2019.01.10-04.45.50:457][  0]LogConfig: Setting CVar [[r.DOF.Gather.RingCount:4                 ; medium number of samples when gathering]]
[2019.01.10-04.45.50:457][  0]LogConfig: Setting CVar [[r.DOF.Scatter.ForegroundCompositing:1    ; additive foreground scattering]]
[2019.01.10-04.45.50:457][  0]LogConfig: Setting CVar [[r.DOF.Scatter.BackgroundCompositing:2    ; additive background scattering]]
[2019.01.10-04.45.50:457][  0]LogConfig: Setting CVar [[r.DOF.Scatter.EnableBokehSettings:1      ; bokeh simulation when scattering]]
[2019.01.10-04.45.50:457][  0]LogConfig: Setting CVar [[r.DOF.Scatter.MaxSpriteRatio:0.1         ; only a maximum of 10% of scattered bokeh]]
[2019.01.10-04.45.50:457][  0]LogConfig: Setting CVar [[r.DOF.Recombine.Quality:1                ; cheap slight out of focus]]
[2019.01.10-04.45.50:457][  0]LogConfig: Setting CVar [[r.DOF.Recombine.EnableBokehSettings:0    ; no bokeh simulation on slight out of focus]]
[2019.01.10-04.45.50:457][  0]LogConfig: Setting CVar [[r.DOF.TemporalAAQuality:1                ; more stable temporal accumulation]]
[2019.01.10-04.45.50:457][  0]LogConfig: Setting CVar [[r.DOF.Kernel.MaxForegroundRadius:0.025]]
[2019.01.10-04.45.50:457][  0]LogConfig: Setting CVar [[r.DOF.Kernel.MaxBackgroundRadius:0.025]]
[2019.01.10-04.45.50:457][  0]LogConfig: Applying CVar settings from Section [TextureQuality@3] File [C:/Users/luste/Documents/GitHub/OPSYN-Out-of-Place-Synthesizer-/OPSYN/Saved/Config/Windows/Scalability.ini]
[2019.01.10-04.45.50:457][  0]LogConfig: Setting CVar [[r.Streaming.MipBias:0]]
[2019.01.10-04.45.50:457][  0]LogConfig: Setting CVar [[r.Streaming.AmortizeCPUToGPUCopy:0]]
[2019.01.10-04.45.50:457][  0]LogConfig: Setting CVar [[r.Streaming.MaxNumTexturesToStreamPerFrame:0]]
[2019.01.10-04.45.50:457][  0]LogConfig: Setting CVar [[r.Streaming.Boost:1]]
[2019.01.10-04.45.50:457][  0]LogConfig: Setting CVar [[r.MaxAnisotropy:8]]
[2019.01.10-04.45.50:457][  0]LogConfig: Setting CVar [[r.Streaming.LimitPoolSizeToVRAM:0]]
[2019.01.10-04.45.50:457][  0]LogConfig: Setting CVar [[r.Streaming.PoolSize:1000]]
[2019.01.10-04.45.50:457][  0]LogConfig: Setting CVar [[r.Streaming.MaxEffectiveScreenSize:0]]
[2019.01.10-04.45.50:457][  0]LogConfig: Applying CVar settings from Section [EffectsQuality@3] File [C:/Users/luste/Documents/GitHub/OPSYN-Out-of-Place-Synthesizer-/OPSYN/Saved/Config/Windows/Scalability.ini]
[2019.01.10-04.45.50:457][  0]LogConfig: Setting CVar [[r.TranslucencyLightingVolumeDim:64]]
[2019.01.10-04.45.50:457][  0]LogConfig: Setting CVar [[r.RefractionQuality:2]]
[2019.01.10-04.45.50:457][  0]LogConfig: Setting CVar [[r.SSR.Quality:3]]
[2019.01.10-04.45.50:457][  0]LogConfig: Setting CVar [[r.SceneColorFormat:4]]
[2019.01.10-04.45.50:457][  0]LogConfig: Setting CVar [[r.DetailMode:2]]
[2019.01.10-04.45.50:457][  0]LogConfig: Setting CVar [[r.TranslucencyVolumeBlur:1]]
[2019.01.10-04.45.50:457][  0]LogConfig: Setting CVar [[r.MaterialQualityLevel:1 ; High quality]]
[2019.01.10-04.45.50:457][  0]LogConfig: Setting CVar [[r.SSS.Scale:1]]
[2019.01.10-04.45.50:457][  0]LogConfig: Setting CVar [[r.SSS.SampleSet:2]]
[2019.01.10-04.45.50:457][  0]LogConfig: Setting CVar [[r.SSS.Quality:1]]
[2019.01.10-04.45.50:457][  0]LogConfig: Setting CVar [[r.SSS.HalfRes:1]]
[2019.01.10-04.45.50:457][  0]LogConfig: Setting CVar [[r.EmitterSpawnRateScale:1.0]]
[2019.01.10-04.45.50:457][  0]LogConfig: Setting CVar [[r.ParticleLightQuality:2]]
[2019.01.10-04.45.50:457][  0]LogConfig: Applying CVar settings from Section [FoliageQuality@3] File [C:/Users/luste/Documents/GitHub/OPSYN-Out-of-Place-Synthesizer-/OPSYN/Saved/Config/Windows/Scalability.ini]
[2019.01.10-04.45.50:457][  0]LogConfig: Setting CVar [[foliage.DensityScale:1.0]]
[2019.01.10-04.45.50:457][  0]LogConfig: Setting CVar [[grass.DensityScale:1.0]]
[2019.01.10-04.45.50:457][  0]LogInit: Selected Device Profile: [Windows]
[2019.01.10-04.45.50:457][  0]LogInit: Applying CVar settings loaded from the selected device profile: [Windows]
[2019.01.10-04.45.50:482][  0]LogHAL: Display: Platform has ~ 16 GB [17065697280 / 17179869184 / 16], which maps to Larger [LargestMinGB=32, LargerMinGB=12, DefaultMinGB=8, SmallerMinGB=6, SmallestMinGB=0)
[2019.01.10-04.45.50:482][  0]LogConfig: Setting CVar [[r.Vulkan.UseRealUBs:1]]
[2019.01.10-04.45.50:482][  0]LogInit: Going up to parent DeviceProfile []
[2019.01.10-04.45.50:482][  0]LogConfig: Applying CVar settings from Section [ViewDistanceQuality@3] File [C:/Users/luste/Documents/GitHub/OPSYN-Out-of-Place-Synthesizer-/OPSYN/Saved/Config/Windows/Scalability.ini]
[2019.01.10-04.45.50:482][  0]LogConfig: Setting CVar [[r.SkeletalMeshLODBias:0]]
[2019.01.10-04.45.50:482][  0]LogConfig: Setting CVar [[r.ViewDistanceScale:1.0]]
[2019.01.10-04.45.50:482][  0]LogConfig: Applying CVar settings from Section [AntiAliasingQuality@3] File [C:/Users/luste/Documents/GitHub/OPSYN-Out-of-Place-Synthesizer-/OPSYN/Saved/Config/Windows/Scalability.ini]
[2019.01.10-04.45.50:482][  0]LogConfig: Setting CVar [[r.PostProcessAAQuality:4]]
[2019.01.10-04.45.50:482][  0]LogConfig: Applying CVar settings from Section [ShadowQuality@3] File [C:/Users/luste/Documents/GitHub/OPSYN-Out-of-Place-Synthesizer-/OPSYN/Saved/Config/Windows/Scalability.ini]
[2019.01.10-04.45.50:482][  0]LogConfig: Setting CVar [[r.LightFunctionQuality:1]]
[2019.01.10-04.45.50:482][  0]LogConfig: Setting CVar [[r.ShadowQuality:5]]
[2019.01.10-04.45.50:482][  0]LogConfig: Setting CVar [[r.Shadow.CSM.MaxCascades:10]]
[2019.01.10-04.45.50:482][  0]LogConfig: Setting CVar [[r.Shadow.MaxResolution:2048]]
[2019.01.10-04.45.50:482][  0]LogConfig: Setting CVar [[r.Shadow.MaxCSMResolution:2048]]
[2019.01.10-04.45.50:482][  0]LogConfig: Setting CVar [[r.Shadow.RadiusThreshold:0.01]]
[2019.01.10-04.45.50:482][  0]LogConfig: Setting CVar [[r.Shadow.DistanceScale:1.0]]
[2019.01.10-04.45.50:482][  0]LogConfig: Setting CVar [[r.Shadow.CSM.TransitionScale:1.0]]
[2019.01.10-04.45.50:482][  0]LogConfig: Setting CVar [[r.Shadow.PreShadowResolutionFactor:1.0]]
[2019.01.10-04.45.50:482][  0]LogConfig: Setting CVar [[r.DistanceFieldShadowing:1]]
[2019.01.10-04.45.50:482][  0]LogConfig: Setting CVar [[r.DistanceFieldAO:1]]
[2019.01.10-04.45.50:482][  0]LogConfig: Setting CVar [[r.AOQuality:2]]
[2019.01.10-04.45.50:482][  0]LogConfig: Setting CVar [[r.VolumetricFog:1]]
[2019.01.10-04.45.50:482][  0]LogConfig: Setting CVar [[r.VolumetricFog.GridPixelSize:8]]
[2019.01.10-04.45.50:482][  0]LogConfig: Setting CVar [[r.VolumetricFog.GridSizeZ:128]]
[2019.01.10-04.45.50:482][  0]LogConfig: Setting CVar [[r.VolumetricFog.HistoryMissSupersampleCount:4]]
[2019.01.10-04.45.50:482][  0]LogConfig: Setting CVar [[r.LightMaxDrawDistanceScale:1]]
[2019.01.10-04.45.50:482][  0]LogConfig: Setting CVar [[r.CapsuleShadows:1]]
[2019.01.10-04.45.50:482][  0]LogConfig: Applying CVar settings from Section [PostProcessQuality@3] File [C:/Users/luste/Documents/GitHub/OPSYN-Out-of-Place-Synthesizer-/OPSYN/Saved/Config/Windows/Scalability.ini]
[2019.01.10-04.45.50:482][  0]LogConfig: Setting CVar [[r.MotionBlurQuality:4]]
[2019.01.10-04.45.50:482][  0]LogConfig: Setting CVar [[r.AmbientOcclusionMipLevelFactor:0.4]]
[2019.01.10-04.45.50:482][  0]LogConfig: Setting CVar [[r.AmbientOcclusionMaxQuality:100]]
[2019.01.10-04.45.50:482][  0]LogConfig: Setting CVar [[r.AmbientOcclusionLevels:-1]]
[2019.01.10-04.45.50:482][  0]LogConfig: Setting CVar [[r.AmbientOcclusionRadiusScale:1.0]]
[2019.01.10-04.45.50:482][  0]LogConfig: Setting CVar [[r.DepthOfFieldQuality:2]]
[2019.01.10-04.45.50:482][  0]LogConfig: Setting CVar [[r.RenderTargetPoolMin:400]]
[2019.01.10-04.45.50:482][  0]LogConfig: Setting CVar [[r.LensFlareQuality:2]]
[2019.01.10-04.45.50:482][  0]LogConfig: Setting CVar [[r.SceneColorFringeQuality:1]]
[2019.01.10-04.45.50:482][  0]LogConfig: Setting CVar [[r.EyeAdaptationQuality:2]]
[2019.01.10-04.45.50:482][  0]LogConfig: Setting CVar [[r.BloomQuality:5]]
[2019.01.10-04.45.50:483][  0]LogConfig: Setting CVar [[r.FastBlurThreshold:100]]
[2019.01.10-04.45.50:483][  0]LogConfig: Setting CVar [[r.Upscale.Quality:3]]
[2019.01.10-04.45.50:483][  0]LogConfig: Setting CVar [[r.Tonemapper.GrainQuantization:1]]
[2019.01.10-04.45.50:483][  0]LogConfig: Setting CVar [[r.LightShaftQuality:1]]
[2019.01.10-04.45.50:483][  0]LogConfig: Setting CVar [[r.Filter.SizeScale:1]]
[2019.01.10-04.45.50:483][  0]LogConfig: Setting CVar [[r.Tonemapper.Quality:5]]
[2019.01.10-04.45.50:483][  0]LogConfig: Setting CVar [[r.DOF.Gather.AccumulatorQuality:1        ; higher gathering accumulator quality]]
[2019.01.10-04.45.50:483][  0]LogConfig: Setting CVar [[r.DOF.Gather.PostfilterMethod:1          ; Median3x3 postfilering method]]
[2019.01.10-04.45.50:483][  0]LogConfig: Setting CVar [[r.DOF.Gather.EnableBokehSettings:0       ; no bokeh simulation when gathering]]
[2019.01.10-04.45.50:483][  0]LogConfig: Setting CVar [[r.DOF.Gather.RingCount:4                 ; medium number of samples when gathering]]
[2019.01.10-04.45.50:483][  0]LogConfig: Setting CVar [[r.DOF.Scatter.ForegroundCompositing:1    ; additive foreground scattering]]
[2019.01.10-04.45.50:483][  0]LogConfig: Setting CVar [[r.DOF.Scatter.BackgroundCompositing:2    ; additive background scattering]]
[2019.01.10-04.45.50:483][  0]LogConfig: Setting CVar [[r.DOF.Scatter.EnableBokehSettings:1      ; bokeh simulation when scattering]]
[2019.01.10-04.45.50:483][  0]LogConfig: Setting CVar [[r.DOF.Scatter.MaxSpriteRatio:0.1         ; only a maximum of 10% of scattered bokeh]]
[2019.01.10-04.45.50:483][  0]LogConfig: Setting CVar [[r.DOF.Recombine.Quality:1                ; cheap slight out of focus]]
[2019.01.10-04.45.50:483][  0]LogConfig: Setting CVar [[r.DOF.Recombine.EnableBokehSettings:0    ; no bokeh simulation on slight out of focus]]
[2019.01.10-04.45.50:483][  0]LogConfig: Setting CVar [[r.DOF.TemporalAAQuality:1                ; more stable temporal accumulation]]
[2019.01.10-04.45.50:483][  0]LogConfig: Setting CVar [[r.DOF.Kernel.MaxForegroundRadius:0.025]]
[2019.01.10-04.45.50:483][  0]LogConfig: Setting CVar [[r.DOF.Kernel.MaxBackgroundRadius:0.025]]
[2019.01.10-04.45.50:483][  0]LogConfig: Applying CVar settings from Section [TextureQuality@3] File [C:/Users/luste/Documents/GitHub/OPSYN-Out-of-Place-Synthesizer-/OPSYN/Saved/Config/Windows/Scalability.ini]
[2019.01.10-04.45.50:483][  0]LogConfig: Setting CVar [[r.Streaming.MipBias:0]]
[2019.01.10-04.45.50:483][  0]LogConfig: Setting CVar [[r.Streaming.AmortizeCPUToGPUCopy:0]]
[2019.01.10-04.45.50:483][  0]LogConfig: Setting CVar [[r.Streaming.MaxNumTexturesToStreamPerFrame:0]]
[2019.01.10-04.45.50:483][  0]LogConfig: Setting CVar [[r.Streaming.Boost:1]]
[2019.01.10-04.45.50:483][  0]LogConfig: Setting CVar [[r.MaxAnisotropy:8]]
[2019.01.10-04.45.50:483][  0]LogConfig: Setting CVar [[r.Streaming.LimitPoolSizeToVRAM:0]]
[2019.01.10-04.45.50:483][  0]LogConfig: Setting CVar [[r.Streaming.PoolSize:1000]]
[2019.01.10-04.45.50:483][  0]LogConfig: Setting CVar [[r.Streaming.MaxEffectiveScreenSize:0]]
[2019.01.10-04.45.50:483][  0]LogConfig: Applying CVar settings from Section [EffectsQuality@3] File [C:/Users/luste/Documents/GitHub/OPSYN-Out-of-Place-Synthesizer-/OPSYN/Saved/Config/Windows/Scalability.ini]
[2019.01.10-04.45.50:483][  0]LogConfig: Setting CVar [[r.TranslucencyLightingVolumeDim:64]]
[2019.01.10-04.45.50:483][  0]LogConfig: Setting CVar [[r.RefractionQuality:2]]
[2019.01.10-04.45.50:483][  0]LogConfig: Setting CVar [[r.SSR.Quality:3]]
[2019.01.10-04.45.50:483][  0]LogConfig: Setting CVar [[r.SceneColorFormat:4]]
[2019.01.10-04.45.50:483][  0]LogConfig: Setting CVar [[r.DetailMode:2]]
[2019.01.10-04.45.50:483][  0]LogConfig: Setting CVar [[r.TranslucencyVolumeBlur:1]]
[2019.01.10-04.45.50:483][  0]LogConfig: Setting CVar [[r.MaterialQualityLevel:1 ; High quality]]
[2019.01.10-04.45.50:483][  0]LogConfig: Setting CVar [[r.SSS.Scale:1]]
[2019.01.10-04.45.50:484][  0]LogConfig: Setting CVar [[r.SSS.SampleSet:2]]
[2019.01.10-04.45.50:484][  0]LogConfig: Setting CVar [[r.SSS.Quality:1]]
[2019.01.10-04.45.50:484][  0]LogConfig: Setting CVar [[r.SSS.HalfRes:1]]
[2019.01.10-04.45.50:484][  0]LogConfig: Setting CVar [[r.EmitterSpawnRateScale:1.0]]
[2019.01.10-04.45.50:484][  0]LogConfig: Setting CVar [[r.ParticleLightQuality:2]]
[2019.01.10-04.45.50:484][  0]LogConfig: Applying CVar settings from Section [FoliageQuality@3] File [C:/Users/luste/Documents/GitHub/OPSYN-Out-of-Place-Synthesizer-/OPSYN/Saved/Config/Windows/Scalability.ini]
[2019.01.10-04.45.50:484][  0]LogConfig: Setting CVar [[foliage.DensityScale:1.0]]
[2019.01.10-04.45.50:484][  0]LogConfig: Setting CVar [[grass.DensityScale:1.0]]
[2019.01.10-04.45.50:484][  0]LogConfig: Applying CVar settings from Section [Startup] File [../../../Engine/Config/ConsoleVariables.ini]
[2019.01.10-04.45.50:484][  0]LogConfig: Setting CVar [[net.UseAdaptiveNetUpdateFrequency:0]]
[2019.01.10-04.45.50:484][  0]LogConfig: Applying CVar settings from Section [ConsoleVariables] File [C:/Users/luste/Documents/GitHub/OPSYN-Out-of-Place-Synthesizer-/OPSYN/Saved/Config/Windows/Engine.ini]
[2019.01.10-04.45.50:484][  0]LogInit: Computer: LAPTOP-SD3MDD22
[2019.01.10-04.45.50:484][  0]LogInit: User: luste
[2019.01.10-04.45.50:484][  0]LogInit: CPU Page size=4096, Cores=4
[2019.01.10-04.45.50:484][  0]LogInit: High frequency timer resolution =2.742186 MHz
[2019.01.10-04.45.50:484][  0]LogMemory: Memory total: Physical=15.9GB (16GB approx)
[2019.01.10-04.45.50:484][  0]LogMemory: Platform Memory Stats for Windows
[2019.01.10-04.45.50:484][  0]LogMemory: Process Physical Memory: 107.65 MB used, 107.65 MB peak
[2019.01.10-04.45.50:484][  0]LogMemory: Process Virtual Memory: 101.42 MB used, 101.42 MB peak
[2019.01.10-04.45.50:484][  0]LogMemory: Physical Memory: 9904.03 MB used,  6371.09 MB free, 16275.12 MB total
[2019.01.10-04.45.50:484][  0]LogMemory: Virtual Memory: 4677.42 MB used,  134213048.00 MB free, 134217728.00 MB total
[2019.01.10-04.45.50:505][  0]LogInit: Using OS detected language (en-US).
[2019.01.10-04.45.50:505][  0]LogInit: Using OS detected locale (en-US).
[2019.01.10-04.45.50:505][  0]LogTextLocalizationManager: No specific localization for 'en-US' exists, so the 'en' localization will be used.
[2019.01.10-04.45.51:028][  0]LogStreaming: Display: Took  0.524s to InitEngineTextLocalization.
[2019.01.10-04.45.51:028][  0]LogInit: Setting process to per monitor DPI aware
[2019.01.10-04.45.51:086][  0]LogSlate: New Slate User Created.  User Index 0, Is Virtual User: 0
[2019.01.10-04.45.51:086][  0]LogSlate: Slate User Registered.  User Index 0, Is Virtual User: 0
[2019.01.10-04.45.51:350][  0]LogD3D11RHI: D3D11 adapters:
[2019.01.10-04.45.51:451][  0]LogD3D11RHI:    0. 'NVIDIA GeForce GTX 1060' (Feature Level 11_0)
[2019.01.10-04.45.51:451][  0]LogD3D11RHI:       6052/0/8137 MB DedicatedVideo/DedicatedSystem/SharedSystem, Outputs:1, VendorId:0x10de
[2019.01.10-04.45.51:461][  0]LogD3D11RHI:    1. 'Intel(R) HD Graphics 630' (Feature Level 11_0)
[2019.01.10-04.45.51:461][  0]LogD3D11RHI:       128/0/8137 MB DedicatedVideo/DedicatedSystem/SharedSystem, Outputs:0, VendorId:0x8086
[2019.01.10-04.45.51:463][  0]LogD3D11RHI:    2. 'Microsoft Basic Render Driver' (Feature Level 11_0)
[2019.01.10-04.45.51:463][  0]LogD3D11RHI:       0/0/8137 MB DedicatedVideo/DedicatedSystem/SharedSystem, Outputs:0, VendorId:0x1414
[2019.01.10-04.45.51:463][  0]LogD3D11RHI: Chosen D3D11 Adapter: 0
[2019.01.10-04.45.51:487][  0]LogD3D11RHI: Creating new Direct3DDevice
[2019.01.10-04.45.51:487][  0]LogD3D11RHI:     GPU DeviceId: 0x1c20 (for the marketing name, search the web for "GPU Device Id")
[2019.01.10-04.45.51:487][  0]LogWindows: EnumDisplayDevices:
[2019.01.10-04.45.51:487][  0]LogWindows:    0. 'Intel(R) HD Graphics 630' (P:1 D:1)
[2019.01.10-04.45.51:487][  0]LogWindows:    1. 'Intel(R) HD Graphics 630' (P:0 D:0)
[2019.01.10-04.45.51:487][  0]LogWindows:    2. 'Intel(R) HD Graphics 630' (P:0 D:0)
[2019.01.10-04.45.51:488][  0]LogWindows:    3. 'NVIDIA GeForce GTX 1060' (P:0 D:0)
[2019.01.10-04.45.51:488][  0]LogWindows: DebugString: PrimaryIsNotTheChoosenAdapter PrimaryIsNotTheChoosenAdapter PrimaryIsNotTheChoosenAdapter 
[2019.01.10-04.45.51:488][  0]LogD3D11RHI:     Adapter Name: NVIDIA GeForce GTX 1060
[2019.01.10-04.45.51:488][  0]LogD3D11RHI:   Driver Version: 416.34 (internal:25.21.14.1634, unified:416.34)
[2019.01.10-04.45.51:488][  0]LogD3D11RHI:      Driver Date: 10-10-2018
[2019.01.10-04.45.51:488][  0]LogRHI: Texture pool is 4236 MB (70% of 6052 MB)
[2019.01.10-04.45.51:553][  0]LogD3D11RHI: Async texture creation enabled
[2019.01.10-04.45.51:601][  0]LogD3D11RHI: GPU Timing Frequency: 1000.000000 (Debug: 2 2)
[2019.01.10-04.45.51:977][  0]LogTemp: Display: Loaded TP AllDesktopTargetPlatform
[2019.01.10-04.45.51:992][  0]LogTemp: Display: Loaded TP MacClientTargetPlatform
[2019.01.10-04.45.52:006][  0]LogTemp: Display: Loaded TP MacNoEditorTargetPlatform
[2019.01.10-04.45.52:022][  0]LogTemp: Display: Loaded TP MacServerTargetPlatform
[2019.01.10-04.45.52:036][  0]LogTemp: Display: Loaded TP MacTargetPlatform
[2019.01.10-04.45.52:054][  0]LogTemp: Display: Loaded TP WindowsClientTargetPlatform
[2019.01.10-04.45.52:068][  0]LogTemp: Display: Loaded TP WindowsNoEditorTargetPlatform
[2019.01.10-04.45.52:084][  0]LogTemp: Display: Loaded TP WindowsServerTargetPlatform
[2019.01.10-04.45.52:090][  0]LogTemp: Display: Loaded TP WindowsTargetPlatform
[2019.01.10-04.45.52:181][  0]LogTemp: Display: Loaded TP AndroidTargetPlatform
[2019.01.10-04.45.52:181][  0]LogTemp: Display: Loaded TP AndroidTargetPlatform
[2019.01.10-04.45.52:181][  0]LogTemp: Display: Loaded TP AndroidTargetPlatform
[2019.01.10-04.45.52:181][  0]LogTemp: Display: Loaded TP AndroidTargetPlatform
[2019.01.10-04.45.52:181][  0]LogTemp: Display: Loaded TP AndroidTargetPlatform
[2019.01.10-04.45.52:181][  0]LogTemp: Display: Loaded TP AndroidTargetPlatform
[2019.01.10-04.45.52:181][  0]LogTemp: Display: Loaded TP AndroidTargetPlatform
[2019.01.10-04.45.52:181][  0]LogTemp: Display: Loaded TP AndroidTargetPlatform
[2019.01.10-04.45.52:181][  0]LogTemp: Display: Loaded TP AndroidTargetPlatform
[2019.01.10-04.45.52:181][  0]LogTemp: Display: Loaded TP AndroidTargetPlatform
[2019.01.10-04.45.52:181][  0]LogTemp: Display: Loaded TP AndroidTargetPlatform
[2019.01.10-04.45.52:181][  0]LogTemp: Display: Loaded TP AndroidTargetPlatform
[2019.01.10-04.45.52:181][  0]LogTemp: Display: Loaded TP AndroidTargetPlatform
[2019.01.10-04.45.52:181][  0]LogTemp: Display: Loaded TP AndroidTargetPlatform
[2019.01.10-04.45.52:181][  0]LogTemp: Display: Loaded TP AndroidTargetPlatform
[2019.01.10-04.45.52:181][  0]LogTemp: Display: Loaded TP AndroidTargetPlatform
[2019.01.10-04.45.52:181][  0]LogTemp: Display: Loaded TP AndroidTargetPlatform
[2019.01.10-04.45.52:181][  0]LogTemp: Display: Loaded TP AndroidTargetPlatform
[2019.01.10-04.45.52:182][  0]LogTemp: Display: Loaded TP HTML5TargetPlatform
[2019.01.10-04.45.52:251][  0]LogTemp: Display: Loaded TP IOSTargetPlatform
[2019.01.10-04.45.52:251][  0]LogTemp: Display: Loaded TP IOSTargetPlatform
[2019.01.10-04.45.52:279][  0]LogTemp: Display: Loaded TP TVOSTargetPlatform
[2019.01.10-04.45.52:279][  0]LogTemp: Display: Loaded TP TVOSTargetPlatform
[2019.01.10-04.45.52:293][  0]LogTemp: Display: Loaded TP LinuxClientTargetPlatform
[2019.01.10-04.45.52:310][  0]LogTemp: Display: Loaded TP LinuxNoEditorTargetPlatform
[2019.01.10-04.45.52:324][  0]LogTemp: Display: Loaded TP LinuxServerTargetPlatform
[2019.01.10-04.45.52:338][  0]LogTemp: Display: Loaded TP LinuxTargetPlatform
[2019.01.10-04.45.52:392][  0]LogTemp: Display: Loaded TP LuminTargetPlatform
[2019.01.10-04.45.52:392][  0]LogTemp: Display: Loaded TP LuminTargetPlatform
[2019.01.10-04.45.52:393][  0]LogTargetPlatformManager: Display: Building Assets For Windows
[2019.01.10-04.45.52:455][  0]LogShaderCompilers: Guid format shader working directory is -38 characters bigger than the processId version (../../../../../../Users/luste/Documents/GitHub/OPSYN-Out-of-Place-Synthesizer-/OPSYN/Intermediate/Shaders/WorkingDirectory/6440/).
[2019.01.10-04.45.52:455][  0]LogShaderCompilers: Cleaned the shader compiler working directory 'C:/Users/luste/AppData/Local/Temp/UnrealShaderWorkingDir/8C005F244E9A6A93256968942354C01C/'.
[2019.01.10-04.45.52:457][  0]LogXGEController: Cannot use XGE Controller as Incredibuild is not installed on this machine.
[2019.01.10-04.45.52:457][  0]LogShaderCompilers: Cannot use XGE Shader Compiler as Incredibuild is not installed on this machine.
[2019.01.10-04.45.52:457][  0]LogShaderCompilers: Display: Using Local Shader Compiler.
[2019.01.10-04.45.53:111][  0]LogDerivedDataCache: Display: Max Cache Size: 512 MB
[2019.01.10-04.45.53:187][  0]LogDerivedDataCache: Loaded boot cache 0.08s 71MB C:/Users/luste/AppData/Local/UnrealEngine/4.21/DerivedDataCache/Boot.ddc.
[2019.01.10-04.45.53:187][  0]LogDerivedDataCache: Display: Loaded Boot cache: C:/Users/luste/AppData/Local/UnrealEngine/4.21/DerivedDataCache/Boot.ddc
[2019.01.10-04.45.53:187][  0]LogDerivedDataCache: FDerivedDataBackendGraph:  Pak pak cache file ../../../../../../Users/luste/Documents/GitHub/OPSYN-Out-of-Place-Synthesizer-/OPSYN/DerivedDataCache/DDC.ddp not found, will not use a pak cache.
[2019.01.10-04.45.53:187][  0]LogDerivedDataCache: Unable to find inner node Pak for hierarchical cache Hierarchy.
[2019.01.10-04.45.53:187][  0]LogDerivedDataCache: FDerivedDataBackendGraph:  CompressedPak pak cache file ../../../../../../Users/luste/Documents/GitHub/OPSYN-Out-of-Place-Synthesizer-/OPSYN/DerivedDataCache/Compressed.ddp not found, will not use a pak cache.
[2019.01.10-04.45.53:187][  0]LogDerivedDataCache: Unable to find inner node CompressedPak for hierarchical cache Hierarchy.
[2019.01.10-04.45.53:204][  0]LogDerivedDataCache: Display: Pak cache opened for reading ../../../Engine/DerivedDataCache/Compressed.ddp.
[2019.01.10-04.45.53:204][  0]LogDerivedDataCache: FDerivedDataBackendGraph:  EnterprisePak pak cache file ../../../Enterprise/DerivedDataCache/Compressed.ddp not found, will not use a pak cache.
[2019.01.10-04.45.53:204][  0]LogDerivedDataCache: Unable to find inner node EnterprisePak for hierarchical cache Hierarchy.
[2019.01.10-04.45.53:216][  0]LogDerivedDataCache: Using Local data cache path C:/Users/luste/AppData/Local/UnrealEngine/Common/DerivedDataCache: Writable
[2019.01.10-04.45.53:216][  0]LogDerivedDataCache: Shared data cache path not found in *engine.ini, will not use an Shared cache.
[2019.01.10-04.45.53:216][  0]LogDerivedDataCache: Unable to find inner node Shared for hierarchical cache Hierarchy.
[2019.01.10-04.45.53:254][  0]LogMaterial: Verifying Global Shaders for PCD3D_SM5
[2019.01.10-04.45.53:255][  0]LogSlate: Using FreeType 2.6.0
[2019.01.10-04.45.53:256][  0]LogSlate: SlateFontServices - WITH_FREETYPE: 1, WITH_HARFBUZZ: 1
[2019.01.10-04.45.53:358][  0]LogAssetRegistry: FAssetRegistry took 0.0352 seconds to start up
[2019.01.10-04.45.53:768][  0]LogInit: Selected Device Profile: [Windows]
[2019.01.10-04.45.53:944][  0]LogSimplygon: Simplygon DLL not present - disabling.
[2019.01.10-04.45.53:949][  0]LogMeshReduction: Using SimplygonSwarm for distributed automatic mesh merging
[2019.01.10-04.45.53:949][  0]LogMeshReduction: Using ProxyLODMeshReduction for automatic mesh merging
[2019.01.10-04.45.53:949][  0]LogMeshReduction: Using QuadricMeshReduction for automatic static mesh reduction
[2019.01.10-04.45.53:949][  0]LogMeshReduction: No automatic skeletal mesh reduction module available
[2019.01.10-04.45.53:968][  0]LogNetVersion: OPSYN 1.0.0, NetCL: 4541578, EngineNetVer: 5, GameNetVer: 0 (Checksum: 2167866302)
[2019.01.10-04.45.54:726][  0]LogPackageLocalizationCache: Processed 11 localized package path(s) for 2 prioritized culture(s) in 0.149418 seconds
[2019.01.10-04.45.54:733][  0]LogUObjectArray: 39775 objects as part of root set at end of initial load.
[2019.01.10-04.45.54:733][  0]LogUObjectAllocator: 6914664 out of 0 bytes used by permanent object pool.
[2019.01.10-04.45.54:733][  0]LogUObjectArray: CloseDisregardForGC: 0/0 objects in disregard for GC pool
[2019.01.10-04.45.55:769][  0]LogTcpMessaging: Initializing TcpMessaging bridge
[2019.01.10-04.45.55:783][  0]LogUdpMessaging: Initializing bridge on interface 0.0.0.0:0 to multicast group 230.0.0.1:6666.
[2019.01.10-04.45.56:585][  0]LogOSC: Display: Update settings
[2019.01.10-04.45.56:585][  0]LogOSC: Display: Send targets cleared
[2019.01.10-04.45.56:585][  0]LogOSC: Display: Send target added: 127.0.0.1:8000
[2019.01.10-04.45.56:585][  0]LogOSC: Display: Startup succeed
[2019.01.10-04.45.56:663][  0]SourceControl: Source control is disabled
[2019.01.10-04.45.56:663][  0]SourceControl: Source control is disabled
[2019.01.10-04.45.56:664][  0]SourceControl: Source control is disabled
[2019.01.10-04.45.56:665][  0]SourceControl: Source control is disabled
[2019.01.10-04.45.56:834][  0]LogAndroidPermission: UAndroidPermissionCallbackProxy::GetInstance
[2019.01.10-04.45.56:952][  0]LogOcInput: OculusInput pre-init called
[2019.01.10-04.45.57:091][  0]LogEngine: Initializing Engine...
[2019.01.10-04.45.57:092][  0]LogHMD: Oculus plugin initialized. Version: 4.21.1-4613538+++UE4+Release-4.21, OVRPlugin: 1.28.0
[2019.01.10-04.45.57:093][  0]LogStats: UGameplayTagsManager::ConstructGameplayTagTree: ImportINI prefixes -  0.000 s
[2019.01.10-04.45.57:093][  0]LogStats: UGameplayTagsManager::ConstructGameplayTagTree: Construct from data asset -  0.000 s
[2019.01.10-04.45.57:093][  0]LogStats: UGameplayTagsManager::ConstructGameplayTagTree: ImportINI -  0.000 s
[2019.01.10-04.45.57:093][  0]LogStats: UGameplayTagsManager::ConstructGameplayTagTree: GameplayTagTreeChangedEvent.Broadcast -  0.000 s
[2019.01.10-04.45.57:401][  0]LogInit: Initializing FReadOnlyCVARCache
[2019.01.10-04.45.57:419][  0]LogAIModule: Creating AISystem for world Untitled
[2019.01.10-04.45.57:519][  0]LogInit: XAudio2 using 'Headphones (Rift Audio)' : 2 channels at 48 kHz using 16 bits per sample (channel mask 0x3)
[2019.01.10-04.45.57:535][  0]LogInit: FAudioDevice initialized.
[2019.01.10-04.45.57:535][  0]LogNetVersion: Set ProjectVersion to 1.0.0.0. Version Checksum will be recalculated on next use.
[2019.01.10-04.45.57:600][  0]LogDerivedDataCache: Saved boot cache 0.06s 71MB C:/Users/luste/AppData/Local/UnrealEngine/4.21/DerivedDataCache/Boot.ddc.
[2019.01.10-04.45.57:621][  0]LogInit: Texture streaming: Enabled
[2019.01.10-04.45.57:638][  0]LogEngineSessionManager: EngineSessionManager initialized
[2019.01.10-04.45.57:660][  0]LogInit: Transaction tracking system initialized
[2019.01.10-04.45.57:686][  0]BlueprintLog: New page: Editor Load
[2019.01.10-04.45.57:769][  0]LocalizationService: Localization service is disabled
[2019.01.10-04.45.58:324][  0]LogFileCache: Scanning file cache for directory 'C:/Users/luste/Documents/GitHub/OPSYN-Out-of-Place-Synthesizer-/OPSYN/Content/' took 0.02s
[2019.01.10-04.45.58:324][  0]LogCook: Display: Max memory allowance for cook 16384mb min free memory 0mb
[2019.01.10-04.45.58:324][  0]LogCook: Display: Mobile HDR setting 1
[2019.01.10-04.45.58:324][  0]LogGameplayTags: Display: UGameplayTagsManager::DoneAddingNativeTags. DelegateIsBound: 0
[2019.01.10-04.45.58:324][  0]LogStats: UGameplayTagsManager::ConstructGameplayTagTree: ImportINI prefixes -  0.000 s
[2019.01.10-04.45.58:324][  0]LogStats: UGameplayTagsManager::ConstructGameplayTagTree: Construct from data asset -  0.000 s
[2019.01.10-04.45.58:324][  0]LogStats: UGameplayTagsManager::ConstructGameplayTagTree: ImportINI -  0.000 s
[2019.01.10-04.45.58:324][  0]LogStats: UGameplayTagsManager::ConstructGameplayTagTree: GameplayTagTreeChangedEvent.Broadcast -  0.000 s
[2019.01.10-04.45.58:463][  0]SourceControl: Source control is disabled
[2019.01.10-04.45.58:463][  0]Cmd: MAP LOAD FILE="../../../Engine/Content/Maps/Templates/Template_Default.umap" TEMPLATE=1 SHOWPROGRESS=1 FEATURELEVEL=3
[2019.01.10-04.45.58:464][  0]LightingResults: New page: Lighting Build
[2019.01.10-04.45.58:466][  0]MapCheck: New page: Map Check
[2019.01.10-04.45.58:466][  0]LightingResults: New page: Lighting Build
[2019.01.10-04.45.58:667][  0]LogAIModule: Creating AISystem for world Untitled_1
[2019.01.10-04.45.58:677][  0]LogEditorServer: Finished looking for orphan Actors (0.000 secs)
[2019.01.10-04.45.58:703][  0]Cmd: MAP CHECKDEP NOCLEARLOG
[2019.01.10-04.45.58:704][  0]MapCheck: Map check complete: 0 Error(s), 0 Warning(s), took 0.248ms to complete.
[2019.01.10-04.45.58:704][  0]LogFileHelpers: Loading map 'Template_Default' took 0.240
[2019.01.10-04.45.58:824][  0]LogSlate: Updating window title bar state: overlay mode, drag disabled, window buttons hidden, title bar hidden
[2019.01.10-04.45.58:832][  0]LogSlate: Updating window title bar state: overlay mode, drag disabled, window buttons hidden, title bar hidden
[2019.01.10-04.45.58:839][  0]LogSlate: Updating window title bar state: overlay mode, drag disabled, window buttons hidden, title bar hidden
[2019.01.10-04.45.58:850][  0]LogSlate: Updating window title bar state: overlay mode, drag disabled, window buttons hidden, title bar hidden
[2019.01.10-04.45.58:856][  0]LogCollectionManager: Loaded 0 collections in 0.001585 seconds
[2019.01.10-04.45.58:884][  0]LogFileCache: Scanning file cache for directory 'C:/Users/luste/Documents/GitHub/OPSYN-Out-of-Place-Synthesizer-/OPSYN/Saved/Collections/' took 0.01s
[2019.01.10-04.45.58:885][  0]LogFileCache: Scanning file cache for directory 'C:/Users/luste/Documents/GitHub/OPSYN-Out-of-Place-Synthesizer-/OPSYN/Content/Developers/luste/Collections/' took 0.00s
[2019.01.10-04.45.58:885][  0]LogFileCache: Scanning file cache for directory 'C:/Users/luste/Documents/GitHub/OPSYN-Out-of-Place-Synthesizer-/OPSYN/Content/Collections/' took 0.01s
[2019.01.10-04.45.58:885][  0]LogCollectionManager: Rebuilt the GUID cache for 0 collections in 0.000000 seconds
[2019.01.10-04.45.58:895][  0]LogContentBrowser: Native class hierarchy populated in 0.0105 seconds. Added 2657 classes and 629 folders.
[2019.01.10-04.45.58:902][  0]LogContentBrowser: Native class hierarchy updated for 'WidgetCarousel' in 0.0003 seconds. Added 0 classes and 0 folders.
[2019.01.10-04.45.58:904][  0]LogPakFile: Registered encryption key '00000000000000000000000000000000': 0 pak files mounted, 0 remain pending
[2019.01.10-04.45.58:904][  0]LogPakFile: Registered encryption key '00000000000000000000000000000000': 0 pak files mounted, 0 remain pending
[2019.01.10-04.45.58:905][  0]LogPakFile: Registered encryption key '00000000000000000000000000000000': 0 pak files mounted, 0 remain pending
[2019.01.10-04.45.58:905][  0]LogPakFile: Registered encryption key '00000000000000000000000000000000': 0 pak files mounted, 0 remain pending
[2019.01.10-04.45.58:906][  0]LogPakFile: Registered encryption key '00000000000000000000000000000000': 0 pak files mounted, 0 remain pending
[2019.01.10-04.45.58:906][  0]LogPakFile: Registered encryption key '00000000000000000000000000000000': 0 pak files mounted, 0 remain pending
[2019.01.10-04.45.58:907][  0]LogPakFile: Registered encryption key '00000000000000000000000000000000': 0 pak files mounted, 0 remain pending
[2019.01.10-04.45.58:908][  0]LogPakFile: Registered encryption key '00000000000000000000000000000000': 0 pak files mounted, 0 remain pending
[2019.01.10-04.45.58:909][  0]LogPakFile: Registered encryption key '00000000000000000000000000000000': 0 pak files mounted, 0 remain pending
[2019.01.10-04.45.58:910][  0]LogPakFile: Registered encryption key '00000000000000000000000000000000': 0 pak files mounted, 0 remain pending
[2019.01.10-04.45.58:910][  0]LogPakFile: Registered encryption key '00000000000000000000000000000000': 0 pak files mounted, 0 remain pending
[2019.01.10-04.45.58:911][  0]LogPakFile: Registered encryption key '00000000000000000000000000000000': 0 pak files mounted, 0 remain pending
[2019.01.10-04.45.58:911][  0]LogPakFile: Registered encryption key '00000000000000000000000000000000': 0 pak files mounted, 0 remain pending
[2019.01.10-04.45.58:912][  0]LogPakFile: Registered encryption key '00000000000000000000000000000000': 0 pak files mounted, 0 remain pending
[2019.01.10-04.45.58:912][  0]LogPakFile: Registered encryption key '00000000000000000000000000000000': 0 pak files mounted, 0 remain pending
[2019.01.10-04.45.58:912][  0]LogPakFile: Registered encryption key '00000000000000000000000000000000': 0 pak files mounted, 0 remain pending
[2019.01.10-04.45.58:913][  0]LogPakFile: Registered encryption key '00000000000000000000000000000000': 0 pak files mounted, 0 remain pending
[2019.01.10-04.45.58:914][  0]LogPakFile: Registered encryption key '00000000000000000000000000000000': 0 pak files mounted, 0 remain pending
[2019.01.10-04.45.58:915][  0]LogPakFile: Registered encryption key '00000000000000000000000000000000': 0 pak files mounted, 0 remain pending
[2019.01.10-04.45.58:916][  0]LogPakFile: Registered encryption key '00000000000000000000000000000000': 0 pak files mounted, 0 remain pending
[2019.01.10-04.45.58:916][  0]LogPakFile: Registered encryption key '00000000000000000000000000000000': 0 pak files mounted, 0 remain pending
[2019.01.10-04.45.58:917][  0]LogPakFile: Registered encryption key '00000000000000000000000000000000': 0 pak files mounted, 0 remain pending
[2019.01.10-04.45.58:917][  0]LogPakFile: Registered encryption key '00000000000000000000000000000000': 0 pak files mounted, 0 remain pending
[2019.01.10-04.45.58:918][  0]LogPakFile: Registered encryption key '00000000000000000000000000000000': 0 pak files mounted, 0 remain pending
[2019.01.10-04.45.58:918][  0]LogPakFile: Registered encryption key '00000000000000000000000000000000': 0 pak files mounted, 0 remain pending
[2019.01.10-04.45.58:919][  0]LogPakFile: Registered encryption key '00000000000000000000000000000000': 0 pak files mounted, 0 remain pending
[2019.01.10-04.45.58:951][  0]LogContentBrowser: Native class hierarchy updated for 'AddContentDialog' in 0.0005 seconds. Added 0 classes and 0 folders.
[2019.01.10-04.45.58:956][  0]LogContentBrowser: Native class hierarchy updated for 'SceneOutliner' in 0.0006 seconds. Added 1 classes and 2 folders.
[2019.01.10-04.45.58:972][  0]LogSlate: Took 0.000183 seconds to synchronously load lazily loaded font '../../../Engine/Content/Slate/Fonts/Roboto-Regular.ttf' (155K)
[2019.01.10-04.45.58:975][  0]LogSlate: Took 0.000313 seconds to synchronously load lazily loaded font '../../../Engine/Content/Slate/Fonts/Roboto-Bold.ttf' (160K)
[2019.01.10-04.45.58:984][  0]LogSlate: Took 0.000230 seconds to synchronously load lazily loaded font '../../../Engine/Content/Editor/Slate/Fonts/FontAwesome.ttf' (139K)
[2019.01.10-04.45.59:073][  0]LogRenderer: Reallocating scene render targets to support 880x364 Format 10 NumSamples 1 (Frame:1).
[2019.01.10-04.45.59:430][  0]LogContentBrowser: Native class hierarchy updated for 'HierarchicalLODOutliner' in 0.0005 seconds. Added 0 classes and 0 folders.
[2019.01.10-04.45.59:430][  0]LogLoad: (Engine Initialization) Total time: 10.84 seconds
[2019.01.10-04.45.59:430][  0]LogLoad: (Engine Initialization) Total Blueprint compile time: 0.00 seconds
[2019.01.10-04.45.59:455][  0]LogWindowsTextInputMethodSystem: Display: IME system now deactivated.
[2019.01.10-04.45.59:457][  0]LogOcInput: OculusInput is initialized
[2019.01.10-04.45.59:513][  0]LogContentStreaming: Texture pool size now 1000 MB
[2019.01.10-04.45.59:635][  2]LogAssetRegistry: Asset discovery search completed in 6.3004 seconds
[2019.01.10-04.45.59:637][  2]LogCollectionManager: Rebuilt the object cache for 0 collections in 0.000000 seconds (found 0 objects)
[2019.01.10-04.45.59:637][  2]LogCollectionManager: Fixed up redirectors for 0 collections in 0.000055 seconds (updated 0 objects)
[2019.01.10-04.46.00:477][ 49]LogSlate: Took 0.000221 seconds to synchronously load lazily loaded font '../../../Engine/Content/Slate/Fonts/Roboto-Light.ttf' (167K)
[2019.01.10-04.46.05:956][367]LogSlate: FSceneViewport::OnFocusLost() reason 0
[2019.01.10-04.46.06:788][415]LogAssetEditorManager: Opening Asset editor for Blueprint /Game/VR_Pawn_Sitting.VR_Pawn_Sitting
[2019.01.10-04.46.07:412][415]LogContentBrowser: Native class hierarchy updated for 'BlueprintGraph' in 0.0009 seconds. Added 117 classes and 0 folders.
[2019.01.10-04.46.08:316][415]LogSlate: Took 0.000224 seconds to synchronously load lazily loaded font '../../../Engine/Content/Slate/Fonts/Roboto-BoldCondensed.ttf' (158K)
[2019.01.10-04.46.08:394][416]LogSlate: Took 0.000287 seconds to synchronously load lazily loaded font '../../../Engine/Content/Slate/Fonts/Roboto-Italic.ttf' (157K)
[2019.01.10-04.46.12:018][539]LogSlate: Window 'VR_Pawn_Sitting' being destroyed
[2019.01.10-04.47.59:693][827]LogUnrealEdMisc: Warning: Heartbeat event firing too frequently (49.118 sec). This should never happen. Something is wrong with the timer delegate!
[2019.01.10-04.55.22:564][346]LogSlate: Window 'OPSYN - Unreal Editor' being destroyed
[2019.01.10-04.55.22:811][347]Cmd: QUIT_EDITOR
[2019.01.10-04.55.22:842][347]LogWindowsTextInputMethodSystem: Display: IME system now deactivated.
[2019.01.10-04.55.22:866][347]LogExit: Preparing to exit.
[2019.01.10-04.55.23:127][347]LogOSC: Display: Stop listening
[2019.01.10-04.55.23:183][347]LogExit: Editor shut down
[2019.01.10-04.55.23:183][347]LogExit: Transaction tracking system shut down
[2019.01.10-04.55.23:529][347]LogExit: Object subsystem successfully closed.
[2019.01.10-04.55.23:553][347]LogShaderCompilers: Display: Shaders left to compile 0
[2019.01.10-04.55.23:560][347]LogD3D11RHI: Shutdown
[2019.01.10-04.55.23:560][347]LogD3D11RHI: CleanupD3DDevice
[2019.01.10-04.55.23:561][347]LogD3D11RHI: ~FD3D11DynamicRHI
[2019.01.10-04.55.23:590][347]LogModuleManager: Shutting down and abandoning module BlueprintGraph (630)
[2019.01.10-04.55.23:590][347]LogModuleManager: Shutting down and abandoning module HierarchicalLODOutliner (628)
[2019.01.10-04.55.23:590][347]LogModuleManager: Shutting down and abandoning module SceneOutliner (626)
[2019.01.10-04.55.23:591][347]LogModuleManager: Shutting down and abandoning module AddContentDialog (624)
[2019.01.10-04.55.23:591][347]LogModuleManager: Shutting down and abandoning module WidgetCarousel (623)
[2019.01.10-04.55.23:591][347]LogModuleManager: Shutting down and abandoning module EditorWidgets (620)
[2019.01.10-04.55.23:591][347]LogModuleManager: Shutting down and abandoning module CollectionManager (618)
[2019.01.10-04.55.23:591][347]LogModuleManager: Shutting down and abandoning module HierarchicalLODUtilities (616)
[2019.01.10-04.55.23:591][347]LogModuleManager: Shutting down and abandoning module StatsViewer (614)
[2019.01.10-04.55.23:591][347]LogModuleManager: Shutting down and abandoning module FoliageEdit (612)
[2019.01.10-04.55.23:591][347]LogModuleManager: Shutting down and abandoning module LandscapeEditor (610)
[2019.01.10-04.55.23:592][347]LogModuleManager: Shutting down and abandoning module MeshPaintMode (608)
[2019.01.10-04.55.23:592][347]LogModuleManager: Shutting down and abandoning module SceneDepthPickerMode (606)
[2019.01.10-04.55.23:592][347]LogModuleManager: Shutting down and abandoning module ActorPickerMode (604)
[2019.01.10-04.55.23:592][347]LogModuleManager: Shutting down and abandoning module GeometryMode (602)
[2019.01.10-04.55.23:592][347]LogModuleManager: Shutting down and abandoning module TextureAlignMode (600)
[2019.01.10-04.55.23:592][347]LogModuleManager: Shutting down and abandoning module BspMode (598)
[2019.01.10-04.55.23:592][347]LogModuleManager: Shutting down and abandoning module PIEPreviewDeviceProfileSelector (596)
[2019.01.10-04.55.23:592][347]LogModuleManager: Shutting down and abandoning module SequenceRecorderSections (594)
[2019.01.10-04.55.23:592][347]LogModuleManager: Shutting down and abandoning module AutomationWorker (592)
[2019.01.10-04.55.23:592][347]LogModuleManager: Shutting down and abandoning module AudioCaptureEditor (590)
[2019.01.10-04.55.23:592][347]LogModuleManager: Shutting down and abandoning module MatineeToLevelSequence (588)
[2019.01.10-04.55.23:592][347]LogModuleManager: Shutting down and abandoning module LevelSequenceEditor (586)
[2019.01.10-04.55.23:592][347]LogModuleManager: Shutting down and abandoning module PlacementMode (585)
[2019.01.10-04.55.23:592][347]LogModuleManager: Shutting down and abandoning module MaterialEditor (584)
[2019.01.10-04.55.23:592][347]LogModuleManager: Shutting down and abandoning module WmfMediaFactory (580)
[2019.01.10-04.55.23:592][347]LogModuleManager: Shutting down and abandoning module WmfMediaEditor (578)
[2019.01.10-04.55.23:592][347]LogModuleManager: Shutting down and abandoning module WebMMediaFactory (576)
[2019.01.10-04.55.23:592][347]LogModuleManager: Shutting down and abandoning module WebMMediaEditor (574)
[2019.01.10-04.55.23:592][347]LogModuleManager: Shutting down and abandoning module WebMMedia (572)
[2019.01.10-04.55.23:592][347]LogModuleManager: Shutting down and abandoning module MediaPlayerEditor (570)
[2019.01.10-04.55.23:592][347]LogModuleManager: Shutting down and abandoning module MediaCompositingEditor (568)
[2019.01.10-04.55.23:592][347]LogModuleManager: Shutting down and abandoning module SequenceRecorder (567)
[2019.01.10-04.55.23:592][347]LogModuleManager: Shutting down and abandoning module OpenExrWrapper (564)
[2019.01.10-04.55.23:592][347]LogModuleManager: Shutting down and abandoning module ImgMediaFactory (562)
[2019.01.10-04.55.23:592][347]LogModuleManager: Shutting down and abandoning module ImgMediaEditor (560)
[2019.01.10-04.55.23:592][347]LogModuleManager: Shutting down and abandoning module AvfMediaFactory (558)
[2019.01.10-04.55.23:592][347]LogModuleManager: Shutting down and abandoning module AvfMediaEditor (556)
[2019.01.10-04.55.23:592][347]LogModuleManager: Shutting down and abandoning module AndroidMediaFactory (554)
[2019.01.10-04.55.23:592][347]LogModuleManager: Shutting down and abandoning module AndroidMediaEditor (552)
[2019.01.10-04.55.23:592][347]LogModuleManager: Shutting down and abandoning module MagicLeapCameraPreviewFactory (550)
[2019.01.10-04.55.23:593][347]LogModuleManager: Shutting down and abandoning module MagicLeapMediaFactory (548)
[2019.01.10-04.55.23:593][347]LogModuleManager: Shutting down and abandoning module MagicLeapMediaEditor (546)
[2019.01.10-04.55.23:593][347]LogModuleManager: Shutting down and abandoning module CharacterAI (544)
[2019.01.10-04.55.23:593][347]LogModuleManager: Shutting down and abandoning module SmartSnapping (542)
[2019.01.10-04.55.23:593][347]LogModuleManager: Shutting down and abandoning module SessionServices (540)
[2019.01.10-04.55.23:593][347]LogModuleManager: Shutting down and abandoning module ViewportSnapping (538)
[2019.01.10-04.55.23:593][347]LogModuleManager: Shutting down and abandoning module ViewportInteraction (536)
[2019.01.10-04.55.23:593][347]LogModuleManager: Shutting down and abandoning module ClothPainter (534)
[2019.01.10-04.55.23:593][347]LogModuleManager: Shutting down and abandoning module SkeletalMeshEditor (533)
[2019.01.10-04.55.23:593][347]LogModuleManager: Shutting down and abandoning module LogVisualizer (530)
[2019.01.10-04.55.23:593][347]LogModuleManager: Shutting down and abandoning module IntroTutorials (528)
[2019.01.10-04.55.23:593][347]LogModuleManager: Shutting down and abandoning module GameProjectGeneration (527)
[2019.01.10-04.55.23:593][347]LogModuleManager: Shutting down and abandoning module LuminPlatformEditor (524)
[2019.01.10-04.55.23:593][347]LogModuleManager: Shutting down and abandoning module IOSPlatformEditor (522)
[2019.01.10-04.55.23:593][347]LogModuleManager: Shutting down and abandoning module HTML5PlatformEditor (520)
[2019.01.10-04.55.23:593][347]LogModuleManager: Shutting down and abandoning module AndroidPlatformEditor (518)
[2019.01.10-04.55.23:593][347]LogModuleManager: Shutting down and abandoning module AndroidDeviceDetection (517)
[2019.01.10-04.55.24:347][347]LogModuleManager: Shutting down and abandoning module WindowsPlatformEditor (514)
[2019.01.10-04.55.24:347][347]LogModuleManager: Shutting down and abandoning module LuminRuntimeSettings (512)
[2019.01.10-04.55.24:347][347]LogModuleManager: Shutting down and abandoning module IOSRuntimeSettings (510)
[2019.01.10-04.55.24:348][347]LogModuleManager: Shutting down and abandoning module AndroidRuntimeSettings (508)
[2019.01.10-04.55.24:348][347]LogModuleManager: Shutting down and abandoning module TimeManagementEditor (506)
[2019.01.10-04.55.24:348][347]LogModuleManager: Shutting down and abandoning module InputBindingEditor (504)
[2019.01.10-04.55.24:348][347]LogModuleManager: Shutting down and abandoning module MergeActors (502)
[2019.01.10-04.55.24:348][347]LogModuleManager: Shutting down and abandoning module LocalizationDashboard (500)
[2019.01.10-04.55.24:348][347]LogModuleManager: Shutting down and abandoning module LocalizationService (499)
[2019.01.10-04.55.24:348][347]LogModuleManager: Shutting down and abandoning module HardwareTargeting (496)
[2019.01.10-04.55.24:348][347]LogModuleManager: Shutting down and abandoning module DeviceProfileEditor (494)
[2019.01.10-04.55.24:348][347]LogModuleManager: Shutting down and abandoning module UndoHistory (492)
[2019.01.10-04.55.24:348][347]LogModuleManager: Shutting down and abandoning module XmlParser (490)
[2019.01.10-04.55.24:348][347]LogModuleManager: Shutting down and abandoning module Blutility (488)
[2019.01.10-04.55.24:348][347]LogModuleManager: Shutting down and abandoning module ProjectSettingsViewer (486)
[2019.01.10-04.55.24:348][347]LogModuleManager: Shutting down and abandoning module ProjectTargetPlatformEditor (485)
[2019.01.10-04.55.24:348][347]LogModuleManager: Shutting down and abandoning module EditorSettingsViewer (482)
[2019.01.10-04.55.24:348][347]LogModuleManager: Shutting down and abandoning module SettingsEditor (480)
[2019.01.10-04.55.24:348][347]LogModuleManager: Shutting down and abandoning module ProjectLauncher (478)
[2019.01.10-04.55.24:348][347]LogModuleManager: Shutting down and abandoning module SessionFrontend (476)
[2019.01.10-04.55.24:348][347]LogModuleManager: Shutting down and abandoning module ProfilerClient (474)
[2019.01.10-04.55.24:348][347]LogModuleManager: Shutting down and abandoning module DeviceManager (472)
[2019.01.10-04.55.24:348][347]LogModuleManager: Shutting down and abandoning module TargetDeviceServices (471)
[2019.01.10-04.55.24:413][347]LogModuleManager: Shutting down and abandoning module AutomationController (468)
[2019.01.10-04.55.24:413][347]LogModuleManager: Shutting down and abandoning module AutomationWindow (466)
[2019.01.10-04.55.24:413][347]LogModuleManager: Shutting down and abandoning module Layers (464)
[2019.01.10-04.55.24:413][347]LogModuleManager: Shutting down and abandoning module ComponentVisualizers (462)
[2019.01.10-04.55.24:413][347]LogModuleManager: Shutting down and abandoning module DetailCustomizations (460)
[2019.01.10-04.55.24:413][347]LogModuleManager: Shutting down and abandoning module PackagesDialog (458)
[2019.01.10-04.55.24:413][347]LogModuleManager: Shutting down and abandoning module Persona (456)
[2019.01.10-04.55.24:413][347]LogModuleManager: Shutting down and abandoning module AdvancedPreviewScene (455)
[2019.01.10-04.55.24:413][347]LogModuleManager: Shutting down and abandoning module AnimGraph (453)
[2019.01.10-04.55.24:413][347]LogModuleManager: Shutting down and abandoning module Kismet (450)
[2019.01.10-04.55.24:419][347]LogModuleManager: Shutting down and abandoning module GraphEditor (448)
[2019.01.10-04.55.24:420][347]LogModuleManager: Shutting down and abandoning module ClassViewer (446)
[2019.01.10-04.55.24:420][347]LogModuleManager: Shutting down and abandoning module Toolbox (444)
[2019.01.10-04.55.24:420][347]LogModuleManager: Shutting down and abandoning module DesktopPlatform (443)
[2019.01.10-04.55.24:420][347]LogModuleManager: Shutting down and abandoning module ModuleUI (440)
[2019.01.10-04.55.24:420][347]LogModuleManager: Shutting down and abandoning module MovieSceneTools (438)
[2019.01.10-04.55.24:420][347]LogModuleManager: Shutting down and abandoning module OutputLog (436)
[2019.01.10-04.55.24:420][347]LogModuleManager: Shutting down and abandoning module GammaUI (434)
[2019.01.10-04.55.24:420][347]LogModuleManager: Shutting down and abandoning module Documentation (432)
[2019.01.10-04.55.24:420][347]LogModuleManager: Shutting down and abandoning module MovieSceneTracks (430)
[2019.01.10-04.55.24:420][347]LogModuleManager: Shutting down and abandoning module MovieScene (428)
[2019.01.10-04.55.24:420][347]LogModuleManager: Shutting down and abandoning module StreamingPauseRendering (426)
[2019.01.10-04.55.24:420][347]LogModuleManager: Shutting down and abandoning module LauncherPlatform (424)
[2019.01.10-04.55.24:420][347]LogModuleManager: Shutting down and abandoning module AnalyticsET (422)
[2019.01.10-04.55.24:420][347]LogModuleManager: Shutting down and abandoning module PortalServices (420)
[2019.01.10-04.55.24:420][347]LogModuleManager: Shutting down and abandoning module PortalRpc (418)
[2019.01.10-04.55.24:420][347]LogModuleManager: Shutting down and abandoning module MessagingRpc (416)
[2019.01.10-04.55.24:420][347]LogModuleManager: Shutting down and abandoning module AIModule (414)
[2019.01.10-04.55.24:420][347]LogModuleManager: Shutting down and abandoning module GameplayDebugger (413)
[2019.01.10-04.55.24:420][347]LogModuleManager: Shutting down and abandoning module AITestSuite (411)
[2019.01.10-04.55.24:420][347]LogModuleManager: Shutting down and abandoning module NavigationSystem (409)
[2019.01.10-04.55.24:420][347]LogModuleManager: Shutting down and abandoning module ImageWriteQueue (406)
[2019.01.10-04.55.24:428][347]LogModuleManager: Shutting down and abandoning module ProfilerService (404)
[2019.01.10-04.55.24:654][347]LogModuleManager: Shutting down and abandoning module TaskGraph (402)
[2019.01.10-04.55.24:654][347]LogModuleManager: Shutting down and abandoning module SteamVRController (400)
[2019.01.10-04.55.24:654][347]LogModuleManager: Shutting down and abandoning module ProceduralMeshComponentEditor (398)
[2019.01.10-04.55.24:654][347]LogModuleManager: Shutting down and abandoning module ProceduralMeshComponent (396)
[2019.01.10-04.55.24:654][347]LogModuleManager: Shutting down and abandoning module OculusInput (394)
[2019.01.10-04.55.24:654][347]LogModuleManager: Shutting down and abandoning module MobilePatchingUtils (392)
[2019.01.10-04.55.24:654][347]LogModuleManager: Shutting down and abandoning module EditableMesh (390)
[2019.01.10-04.55.24:654][347]LogModuleManager: Shutting down and abandoning module CustomMeshComponent (388)
[2019.01.10-04.55.24:654][347]LogModuleManager: Shutting down and abandoning module CableComponent (386)
[2019.01.10-04.55.24:654][347]LogModuleManager: Shutting down and abandoning module AudioCapture (384)
[2019.01.10-04.55.24:654][347]LogModuleManager: Shutting down and abandoning module ArchVisCharacter (382)
[2019.01.10-04.55.24:654][347]LogModuleManager: Shutting down and abandoning module AndroidPermission (380)
[2019.01.10-04.55.24:654][347]LogModuleManager: Shutting down and abandoning module NUTUnrealEngine4 (378)
[2019.01.10-04.55.24:655][347]LogModuleManager: Shutting down and abandoning module NetcodeUnitTest (376)
[2019.01.10-04.55.24:655][347]LogModuleManager: Shutting down and abandoning module MediaCompositing (374)
[2019.01.10-04.55.24:655][347]LogModuleManager: Shutting down and abandoning module LinearTimecode (372)
[2019.01.10-04.55.24:655][347]LogModuleManager: Shutting down and abandoning module ImgMedia (370)
[2019.01.10-04.55.24:658][347]LogModuleManager: Shutting down and abandoning module HTML5Networking (368)
[2019.01.10-04.55.24:658][347]LogModuleManager: Shutting down and abandoning module GeometryCacheTracks (366)
[2019.01.10-04.55.24:658][347]LogModuleManager: Shutting down and abandoning module GeometryCacheSequencer (364)
[2019.01.10-04.55.24:658][347]LogModuleManager: Shutting down and abandoning module BackChannel (362)
[2019.01.10-04.55.24:658][347]LogModuleManager: Shutting down and abandoning module AppleVision (360)
[2019.01.10-04.55.24:658][347]LogModuleManager: Shutting down and abandoning module AppleImageUtilsBlueprintSupport (358)
[2019.01.10-04.55.24:658][347]LogModuleManager: Shutting down and abandoning module AppleImageUtils (356)
[2019.01.10-04.55.24:658][347]LogModuleManager: Shutting down and abandoning module AlembicImporter (354)
[2019.01.10-04.55.24:658][347]LogModuleManager: Shutting down and abandoning module AlembicLibrary (353)
[2019.01.10-04.55.24:658][347]LogModuleManager: Shutting down and abandoning module GeometryCache (352)
[2019.01.10-04.55.24:658][347]LogModuleManager: Shutting down and abandoning module GeometryCacheEd (351)
[2019.01.10-04.55.24:658][347]LogModuleManager: Shutting down and abandoning module VariantManagerContent (346)
[2019.01.10-04.55.24:658][347]LogModuleManager: Shutting down and abandoning module DatasmithContentEditor (344)
[2019.01.10-04.55.24:658][347]LogModuleManager: Shutting down and abandoning module SpeedTreeImporter (342)
[2019.01.10-04.55.24:658][347]LogModuleManager: Shutting down and abandoning module PluginBrowser (340)
[2019.01.10-04.55.24:658][347]LogModuleManager: Shutting down and abandoning module MobileLauncherProfileWizard (338)
[2019.01.10-04.55.24:658][347]LogModuleManager: Shutting down and abandoning module PolygonModeling (336)
[2019.01.10-04.55.24:658][347]LogModuleManager: Shutting down and abandoning module MeshEditor (334)
[2019.01.10-04.55.24:658][347]LogModuleManager: Shutting down and abandoning module CryptoKeysOpenSSL (332)
[2019.01.10-04.55.24:658][347]LogModuleManager: Shutting down and abandoning module CryptoKeys (330)
[2019.01.10-04.55.24:658][347]LogModuleManager: Shutting down and abandoning module VisualStudioSourceCodeAccess (328)
[2019.01.10-04.55.24:658][347]LogModuleManager: Shutting down and abandoning module VisualStudioCodeSourceCodeAccess (326)
[2019.01.10-04.55.24:658][347]LogModuleManager: Shutting down and abandoning module UObjectPlugin (324)
[2019.01.10-04.55.24:658][347]LogModuleManager: Shutting down and abandoning module SubversionSourceControl (322)
[2019.01.10-04.55.24:658][347]LogModuleManager: Shutting down and abandoning module PerforceSourceControl (320)
[2019.01.10-04.55.24:658][347]LogModuleManager: Shutting down and abandoning module GitSourceControl (318)
[2019.01.10-04.55.24:658][347]LogModuleManager: Shutting down and abandoning module SourceControl (317)
[2019.01.10-04.55.24:658][347]LogModuleManager: Shutting down and abandoning module CLionSourceCodeAccess (314)
[2019.01.10-04.55.24:658][347]LogModuleManager: Shutting down and abandoning module ActorLayerUtilitiesEditor (312)
[2019.01.10-04.55.24:658][347]LogModuleManager: Shutting down and abandoning module ActorLayerUtilities (310)
[2019.01.10-04.55.24:658][347]LogModuleManager: Shutting down and abandoning module LightPropagationVolumeEditor (308)
[2019.01.10-04.55.24:658][347]LogModuleManager: Shutting down and abandoning module PaperTiledImporter (306)
[2019.01.10-04.55.24:659][347]LogModuleManager: Shutting down and abandoning module PaperSpriteSheetImporter (304)
[2019.01.10-04.55.24:659][347]LogModuleManager: Shutting down and abandoning module Paper2DEditor (302)
[2019.01.10-04.55.24:659][347]LogModuleManager: Shutting down and abandoning module MeshPaint (301)
[2019.01.10-04.55.24:659][347]LogModuleManager: Shutting down and abandoning module OPSYN (298)
[2019.01.10-04.55.24:659][347]LogModuleManager: Shutting down and abandoning module OSC (296)
[2019.01.10-04.55.24:659][347]LogOSC: Display: Shutdown
[2019.01.10-04.55.24:659][347]LogModuleManager: Shutting down and abandoning module RuntimePhysXCooking (294)
[2019.01.10-04.55.24:659][347]LogModuleManager: Shutting down and abandoning module PhysXVehiclesEditor (292)
[2019.01.10-04.55.24:659][347]LogModuleManager: Shutting down and abandoning module PhysXVehicles (290)
[2019.01.10-04.55.24:659][347]LogModuleManager: Shutting down and abandoning module OculusEditor (288)
[2019.01.10-04.55.24:659][347]LogModuleManager: Shutting down and abandoning module LocationServicesBPLibrary (286)
[2019.01.10-04.55.24:659][347]LogModuleManager: Shutting down and abandoning module ActorSequence (284)
[2019.01.10-04.55.24:659][347]LogModuleManager: Shutting down and abandoning module UdpMessaging (282)
[2019.01.10-04.55.24:760][347]LogModuleManager: Shutting down and abandoning module TcpMessaging (280)
[2019.01.10-04.55.24:860][347]LogModuleManager: Shutting down and abandoning module MagicLeapAudio (278)
[2019.01.10-04.55.24:860][347]LogModuleManager: Shutting down and abandoning module GameplayTagsEditor (276)
[2019.01.10-04.55.24:860][347]LogModuleManager: Shutting down and abandoning module FacialAnimationEditor (274)
[2019.01.10-04.55.24:860][347]LogModuleManager: Shutting down and abandoning module FacialAnimation (272)
[2019.01.10-04.55.24:860][347]LogModuleManager: Shutting down and abandoning module DataValidation (270)
[2019.01.10-04.55.24:860][347]LogModuleManager: Shutting down and abandoning module AssetManagerEditor (268)
[2019.01.10-04.55.24:860][347]LogModuleManager: Shutting down and abandoning module LevelEditor (267)
[2019.01.10-04.55.24:860][347]LogModuleManager: Shutting down and abandoning module PixelInspectorModule (266)
[2019.01.10-04.55.24:860][347]LogModuleManager: Shutting down and abandoning module CommonMenuExtensions (264)
[2019.01.10-04.55.24:861][347]LogModuleManager: Shutting down and abandoning module MainFrame (262)
[2019.01.10-04.55.24:861][347]LogModuleManager: Shutting down and abandoning module HotReload (261)
[2019.01.10-04.55.24:861][347]LogModuleManager: Shutting down and abandoning module ContentBrowser (257)
[2019.01.10-04.55.24:862][347]LogModuleManager: Shutting down and abandoning module TreeMap (255)
[2019.01.10-04.55.24:862][347]LogModuleManager: Shutting down and abandoning module LightPropagationVolumeRuntime (252)
[2019.01.10-04.55.24:862][347]LogModuleManager: Shutting down and abandoning module AISupportModule (250)
[2019.01.10-04.55.24:862][347]LogModuleManager: Shutting down and abandoning module Paper2D (248)
[2019.01.10-04.55.24:862][347]LogModuleManager: Shutting down and abandoning module WindowsMoviePlayer (246)
[2019.01.10-04.55.24:862][347]LogModuleManager: Shutting down and abandoning module WebMMoviePlayer (244)
[2019.01.10-04.55.24:862][347]LogModuleManager: Shutting down and abandoning module WmfMedia (242)
[2019.01.10-04.55.24:864][347]LogModuleManager: Shutting down and abandoning module Media (241)
[2019.01.10-04.55.24:871][347]LogModuleManager: Shutting down and abandoning module PacketHandler (238)
[2019.01.10-04.55.24:871][347]LogModuleManager: Shutting down and abandoning module ClothingSystemEditor (236)
[2019.01.10-04.55.24:871][347]LogModuleManager: Shutting down and abandoning module ClothingSystemRuntime (234)
[2019.01.10-04.55.24:871][347]LogModuleManager: Shutting down and abandoning module MediaAssets (232)
[2019.01.10-04.55.24:871][347]LogModuleManager: Shutting down and abandoning module Overlay (230)
[2019.01.10-04.55.24:871][347]LogModuleManager: Shutting down and abandoning module OverlayEditor (229)
[2019.01.10-04.55.24:871][347]LogModuleManager: Shutting down and abandoning module VREditor (226)
[2019.01.10-04.55.24:871][347]LogModuleManager: Shutting down and abandoning module StringTableEditor (224)
[2019.01.10-04.55.24:871][347]LogModuleManager: Shutting down and abandoning module GameplayTasksEditor (222)
[2019.01.10-04.55.24:872][347]LogModuleManager: Shutting down and abandoning module BehaviorTreeEditor (220)
[2019.01.10-04.55.24:872][347]LogModuleManager: Shutting down and abandoning module FunctionalTesting (218)
[2019.01.10-04.55.24:872][347]LogModuleManager: Shutting down and abandoning module CollisionAnalyzer (216)
[2019.01.10-04.55.24:872][347]LogModuleManager: Shutting down and abandoning module WorkspaceMenuStructure (215)
[2019.01.10-04.55.24:872][347]LogModuleManager: Shutting down and abandoning module UMG (212)
[2019.01.10-04.55.24:872][347]LogModuleManager: Shutting down and abandoning module UMGEditor (211)
[2019.01.10-04.55.24:872][347]LogModuleManager: Shutting down and abandoning module Sequencer (210)
[2019.01.10-04.55.24:872][347]LogModuleManager: Shutting down and abandoning module MessageLog (207)
[2019.01.10-04.55.24:872][347]LogModuleManager: Shutting down and abandoning module SlateReflector (202)
[2019.01.10-04.55.24:872][347]LogModuleManager: Shutting down and abandoning module Slate (200)
[2019.01.10-04.55.24:872][347]LogModuleManager: Shutting down and abandoning module EditorStyle (198)
[2019.01.10-04.55.24:873][347]LogModuleManager: Shutting down and abandoning module MRMesh (196)
[2019.01.10-04.55.24:873][347]LogModuleManager: Shutting down and abandoning module SourceCodeAccess (194)
[2019.01.10-04.55.24:873][347]LogModuleManager: Shutting down and abandoning module HeadMountedDisplay (192)
[2019.01.10-04.55.24:873][347]LogModuleManager: Shutting down and abandoning module XAudio2 (190)
[2019.01.10-04.55.24:873][347]LogModuleManager: Shutting down and abandoning module Networking (188)
[2019.01.10-04.55.24:873][347]LogModuleManager: Shutting down and abandoning module Core (186)
[2019.01.10-04.55.24:873][347]LogModuleManager: Shutting down and abandoning module LevelSequence (184)
[2019.01.10-04.55.24:873][347]LogModuleManager: Shutting down and abandoning module KismetCompiler (182)
[2019.01.10-04.55.24:873][347]LogModuleManager: Shutting down and abandoning module MeshUtilities (180)
[2019.01.10-04.55.24:874][347]LogModuleManager: Shutting down and abandoning module MeshMergeUtilities (179)
[2019.01.10-04.55.24:874][347]LogModuleManager: Shutting down and abandoning module MeshReductionInterface (178)
[2019.01.10-04.55.24:874][347]LogModuleManager: Shutting down and abandoning module SimplygonSwarm (177)
[2019.01.10-04.55.24:874][347]LogModuleManager: Shutting down and abandoning module ProxyLODMeshReduction (175)
[2019.01.10-04.55.24:874][347]LogModuleManager: Shutting down and abandoning module SimplygonMeshReduction (173)
[2019.01.10-04.55.24:874][347]LogModuleManager: Shutting down and abandoning module QuadricMeshReduction (171)
[2019.01.10-04.55.24:874][347]LogModuleManager: Shutting down and abandoning module MaterialBaking (167)
[2019.01.10-04.55.24:874][347]LogModuleManager: Shutting down and abandoning module DirectoryWatcher (163)
[2019.01.10-04.55.24:874][347]LogModuleManager: Shutting down and abandoning module DerivedDataCache (160)
[2019.01.10-04.55.24:948][347]LogDerivedDataCache: Shutdown
[2019.01.10-04.55.24:948][347]LogModuleManager: Shutting down and abandoning module XGEController (158)
[2019.01.10-04.55.24:948][347]LogModuleManager: Shutting down and abandoning module TargetPlatform (156)
[2019.01.10-04.55.24:948][347]LogModuleManager: Shutting down and abandoning module VulkanShaderFormat (155)
[2019.01.10-04.55.24:948][347]LogModuleManager: Shutting down and abandoning module ShaderFormatVectorVM (153)
[2019.01.10-04.55.24:948][347]LogModuleManager: Shutting down and abandoning module ShaderFormatOpenGL (151)
[2019.01.10-04.55.24:948][347]LogModuleManager: Shutting down and abandoning module ShaderFormatD3D (149)
[2019.01.10-04.55.24:948][347]LogModuleManager: Shutting down and abandoning module MetalShaderFormat (147)
[2019.01.10-04.55.24:948][347]LogModuleManager: Shutting down and abandoning module TextureFormatUncompressed (145)
[2019.01.10-04.55.24:948][347]LogModuleManager: Shutting down and abandoning module TextureFormatPVR (143)
[2019.01.10-04.55.24:948][347]LogModuleManager: Shutting down and abandoning module TextureFormatDXT (141)
[2019.01.10-04.55.24:948][347]LogModuleManager: Shutting down and abandoning module TextureFormatIntelISPCTexComp (139)
[2019.01.10-04.55.24:949][347]LogModuleManager: Shutting down and abandoning module TextureFormatASTC (137)
[2019.01.10-04.55.24:949][347]LogModuleManager: Shutting down and abandoning module ImageWrapper (136)
[2019.01.10-04.55.24:949][347]LogModuleManager: Shutting down and abandoning module TextureFormatAndroid (133)
[2019.01.10-04.55.24:949][347]LogModuleManager: Shutting down and abandoning module AudioFormatOpus (131)
[2019.01.10-04.55.24:949][347]LogModuleManager: Shutting down and abandoning module AudioFormatOgg (129)
[2019.01.10-04.55.24:949][347]LogModuleManager: Shutting down and abandoning module AudioFormatADPCM (127)
[2019.01.10-04.55.24:949][347]LogModuleManager: Shutting down and abandoning module LuminTargetPlatform (125)
[2019.01.10-04.55.24:951][347]LogModuleManager: Shutting down and abandoning module LinuxTargetPlatform (123)
[2019.01.10-04.55.24:951][347]LogModuleManager: Shutting down and abandoning module LinuxServerTargetPlatform (121)
[2019.01.10-04.55.24:951][347]LogModuleManager: Shutting down and abandoning module LinuxNoEditorTargetPlatform (119)
[2019.01.10-04.55.24:951][347]LogModuleManager: Shutting down and abandoning module LinuxClientTargetPlatform (117)
[2019.01.10-04.55.24:951][347]LogModuleManager: Shutting down and abandoning module TVOSTargetPlatform (115)
[2019.01.10-04.55.24:953][347]LogModuleManager: Shutting down and abandoning module Messaging (113)
[2019.01.10-04.55.24:953][347]LogModuleManager: Shutting down and abandoning module IOSTargetPlatform (111)
[2019.01.10-04.55.24:954][347]LogModuleManager: Shutting down and abandoning module HTML5TargetPlatform (109)
[2019.01.10-04.55.24:954][347]LogModuleManager: Shutting down and abandoning module AndroidTargetPlatform (107)
[2019.01.10-04.55.24:966][347]LogModuleManager: Shutting down and abandoning module WindowsTargetPlatform (105)
[2019.01.10-04.55.24:966][347]LogModuleManager: Shutting down and abandoning module WindowsServerTargetPlatform (103)
[2019.01.10-04.55.24:967][347]LogModuleManager: Shutting down and abandoning module WindowsNoEditorTargetPlatform (101)
[2019.01.10-04.55.24:967][347]LogModuleManager: Shutting down and abandoning module WindowsClientTargetPlatform (99)
[2019.01.10-04.55.24:967][347]LogModuleManager: Shutting down and abandoning module MacTargetPlatform (97)
[2019.01.10-04.55.24:967][347]LogModuleManager: Shutting down and abandoning module MacServerTargetPlatform (95)
[2019.01.10-04.55.24:967][347]LogModuleManager: Shutting down and abandoning module MacNoEditorTargetPlatform (93)
[2019.01.10-04.55.24:967][347]LogModuleManager: Shutting down and abandoning module MacClientTargetPlatform (91)
[2019.01.10-04.55.24:967][347]LogModuleManager: Shutting down and abandoning module AllDesktopTargetPlatform (89)
[2019.01.10-04.55.24:967][347]LogModuleManager: Shutting down and abandoning module InputCore (86)
[2019.01.10-04.55.24:967][347]LogModuleManager: Shutting down and abandoning module Settings (84)
[2019.01.10-04.55.24:967][347]LogModuleManager: Shutting down and abandoning module PhysXCooking (82)
[2019.01.10-04.55.24:967][347]LogModuleManager: Shutting down and abandoning module SteamVR (80)
[2019.01.10-04.55.24:967][347]LogHMD: Freeing OpenVRDLLHandle.
[2019.01.10-04.55.24:967][347]LogModuleManager: Shutting down and abandoning module OculusHMD (78)
[2019.01.10-04.55.24:967][347]LogModuleManager: Shutting down and abandoning module ExampleDeviceProfileSelector (76)
[2019.01.10-04.55.24:967][347]LogModuleManager: Shutting down and abandoning module LauncherChunkInstaller (74)
[2019.01.10-04.55.24:968][347]LogModuleManager: Shutting down and abandoning module OnlineBlueprintSupport (72)
[2019.01.10-04.55.24:968][347]LogModuleManager: Shutting down and abandoning module OnlineSubsystem (68)
[2019.01.10-04.55.24:969][347]LogModuleManager: Shutting down and abandoning module XMPP (63)
[2019.01.10-04.55.24:970][347]LogModuleManager: Shutting down and abandoning module WebSockets (62)
[2019.01.10-04.55.24:985][347]LogModuleManager: Shutting down and abandoning module HTTP (59)
[2019.01.10-04.55.24:985][347]LogHttp: Display: Http module shutting down, but needs to wait on 1 outstanding Http requests:
[2019.01.10-04.55.24:985][347]LogHttp: Display: 	verb=[POST] url=[https://datarouter.ol.epicgames.com/datarouter/api/v1/public/data?SessionID=%7B230B3204-49CD-AE8A-5D44-F0B831059515%7D&AppID=UEEditor.Rocket.Release&AppVersion=4.21.1-4613538%2B%2B%2BUE4%2BRelease-4.21&UserID=ad2ce3c842b0a61f8505f3bb91271840%7C5ac4efb3fdd94efd9448d5abd0820c37%7C3f082654-9d54-4b7d-bcd7-107a6bee479d&AppEnvironment=datacollector-binary&UploadType=eteventstream] status=Processing
[2019.01.10-04.55.24:997][347]LogModuleManager: Shutting down and abandoning module SSL (58)
[2019.01.10-04.55.25:000][347]LogModuleManager: Shutting down and abandoning module MagicLeapIdentity (54)
[2019.01.10-04.55.25:000][347]LogModuleManager: Shutting down and abandoning module MagicLeapHelperVulkan (52)
[2019.01.10-04.55.25:000][347]LogModuleManager: Shutting down and abandoning module MagicLeapHelperOpenGL (50)
[2019.01.10-04.55.25:000][347]LogModuleManager: Shutting down and abandoning module MagicLeapSecureStorage (48)
[2019.01.10-04.55.25:000][347]LogModuleManager: Shutting down and abandoning module MagicLeapHandTracking (46)
[2019.01.10-04.55.25:000][347]LogModuleManager: Shutting down and abandoning module MagicLeapEyeTracker (44)
[2019.01.10-04.55.25:000][347]LogModuleManager: Shutting down and abandoning module MagicLeapController (42)
[2019.01.10-04.55.25:000][347]LogSlate: Slate User Destroyed.  User Index 0, Is Virtual User: 0
[2019.01.10-04.55.25:000][347]LogModuleManager: Shutting down and abandoning module MagicLeap (40)
[2019.01.10-04.55.25:001][347]LogModuleManager: Shutting down and abandoning module DatasmithContent (38)
[2019.01.10-04.55.25:001][347]LogModuleManager: Shutting down and abandoning module AnimationModifiers (36)
[2019.01.10-04.55.25:001][347]LogModuleManager: Shutting down and abandoning module PropertyEditor (35)
[2019.01.10-04.55.25:002][347]LogModuleManager: Shutting down and abandoning module AudioEditor (32)
[2019.01.10-04.55.25:002][347]LogModuleManager: Shutting down and abandoning module TextureCompressor (30)
[2019.01.10-04.55.25:002][347]LogModuleManager: Shutting down and abandoning module ShaderCore (28)
[2019.01.10-04.55.25:002][347]LogModuleManager: Shutting down and abandoning module Landscape (26)
[2019.01.10-04.55.25:002][347]LogModuleManager: Shutting down and abandoning module SlateRHIRenderer (24)
[2019.01.10-04.55.25:003][347]LogModuleManager: Shutting down and abandoning module OpenGLDrv (22)
[2019.01.10-04.55.25:003][347]LogModuleManager: Shutting down and abandoning module D3D11RHI (20)
[2019.01.10-04.55.25:003][347]LogModuleManager: Shutting down and abandoning module AnimGraphRuntime (18)
[2019.01.10-04.55.25:003][347]LogModuleManager: Shutting down and abandoning module Renderer (16)
[2019.01.10-04.55.25:003][347]LogModuleManager: Shutting down and abandoning module Engine (14)
[2019.01.10-04.55.25:003][347]LogModuleManager: Shutting down and abandoning module CoreUObject (12)
[2019.01.10-04.55.25:003][347]LogModuleManager: Shutting down and abandoning module NetworkFile (10)
[2019.01.10-04.55.25:003][347]LogModuleManager: Shutting down and abandoning module CookedIterativeFile (8)
[2019.01.10-04.55.25:003][347]LogModuleManager: Shutting down and abandoning module StreamingFile (6)
[2019.01.10-04.55.25:003][347]LogModuleManager: Shutting down and abandoning module SandboxFile (4)
[2019.01.10-04.55.25:003][347]LogModuleManager: Shutting down and abandoning module PakFile (2)
[2019.01.10-04.55.25:022][347]LogExit: Exiting.
[2019.01.10-04.55.25:027][347]Log file closed, 01/09/19 23:55:25
