Log file open, 01/05/19 01:59:51
LogWindows: Failed to load 'aqProf.dll' (GetLastError=126)
LogWindows: File 'aqProf.dll' does not exist
LogWindows: Failed to load 'VtuneApi.dll' (GetLastError=126)
LogWindows: File 'VtuneApi.dll' does not exist
LogWindows: Failed to load 'VtuneApi32e.dll' (GetLastError=126)
LogWindows: File 'VtuneApi32e.dll' does not exist
LogConsoleResponse: Display: Failed to find resolution value strings in scalability ini. Falling back to default.
LogInit: Display: Running engine for game: OSCTutorial
LogPakFile: Registered encryption key '00000000000000000000000000000000': 0 pak files mounted, 0 remain pending
LogPlatformFile: Not using cached read wrapper
LogTaskGraph: Started task graph with 5 named threads and 23 total threads with 3 sets of task threads.
LogStats: Stats thread started at 0.293278
LogD3D11RHI: Loaded GFSDK_Aftermath_Lib.x64.dll
LogICUInternationalization: ICU TimeZone Detection - Raw Offset: -5:00, Platform Override: ''
LogPluginManager: Mounting plugin Paper2D
LogPluginManager: Mounting plugin AISupport
LogPluginManager: Mounting plugin LightPropagationVolume
LogPluginManager: Mounting plugin ActorLayerUtilities
LogPluginManager: Mounting plugin CLionSourceCodeAccess
LogPluginManager: Mounting plugin CodeLiteSourceCodeAccess
LogPluginManager: Mounting plugin GitSourceControl
LogPluginManager: Mounting plugin KDevelopSourceCodeAccess
LogPluginManager: Mounting plugin NullSourceCodeAccess
LogPluginManager: Mounting plugin PerforceSourceControl
LogPluginManager: Mounting plugin SubversionSourceControl
LogPluginManager: Mounting plugin UObjectPlugin
LogPluginManager: Mounting plugin VisualStudioCodeSourceCodeAccess
LogPluginManager: Mounting plugin VisualStudioSourceCodeAccess
LogPluginManager: Mounting plugin XCodeSourceCodeAccess
LogPluginManager: Mounting plugin AssetManagerEditor
LogPluginManager: Mounting plugin CryptoKeys
LogPluginManager: Mounting plugin DataValidation
LogPluginManager: Mounting plugin FacialAnimation
LogPluginManager: Mounting plugin GameplayTagsEditor
LogPluginManager: Mounting plugin MacGraphicsSwitching
LogPluginManager: Mounting plugin MeshEditor
LogPluginManager: Mounting plugin MobileLauncherProfileWizard
LogPluginManager: Mounting plugin PluginBrowser
LogPluginManager: Mounting plugin SpeedTreeImporter
LogPluginManager: Mounting plugin DatasmithContent
LogPluginManager: Mounting plugin VariantManagerContent
LogPluginManager: Mounting plugin AlembicImporter
LogPluginManager: Mounting plugin AppleImageUtils
LogPluginManager: Mounting plugin AppleVision
LogPluginManager: Mounting plugin BackChannel
LogPluginManager: Mounting plugin CharacterAI
LogPluginManager: Mounting plugin GeometryCache
LogPluginManager: Mounting plugin HTML5Networking
LogPluginManager: Mounting plugin ProxyLODPlugin
LogPluginManager: Mounting plugin MagicLeap
LogPluginManager: Mounting plugin MagicLeapMedia
LogPluginManager: Mounting plugin AndroidMedia
LogPluginManager: Mounting plugin AvfMedia
LogPluginManager: Mounting plugin ImgMedia
LogPluginManager: Mounting plugin LinearTimecode
LogPluginManager: Mounting plugin MediaCompositing
LogPluginManager: Mounting plugin MediaPlayerEditor
LogPluginManager: Mounting plugin WebMMedia
LogPluginManager: Mounting plugin WmfMedia
LogPluginManager: Mounting plugin TcpMessaging
LogPluginManager: Mounting plugin UdpMessaging
LogPluginManager: Mounting plugin ActorSequence
LogPluginManager: Mounting plugin LevelSequenceEditor
LogPluginManager: Mounting plugin MatineeToLevelSequence
LogPluginManager: Mounting plugin NetcodeUnitTest
LogPluginManager: Mounting plugin NUTUnrealEngine4
LogPluginManager: Mounting plugin OnlineSubsystemGooglePlay
LogPluginManager: Mounting plugin OnlineSubsystemIOS
LogPluginManager: Mounting plugin OnlineSubsystem
LogPluginManager: Mounting plugin OnlineSubsystemNull
LogPluginManager: Mounting plugin OnlineSubsystemUtils
LogPluginManager: Mounting plugin LauncherChunkInstaller
LogPluginManager: Mounting plugin AndroidDeviceProfileSelector
LogPluginManager: Mounting plugin AndroidMoviePlayer
LogPluginManager: Mounting plugin AndroidPermission
LogPluginManager: Mounting plugin AppleMoviePlayer
LogPluginManager: Mounting plugin ArchVisCharacter
LogPluginManager: Mounting plugin AudioCapture
LogPluginManager: Mounting plugin CableComponent
LogPluginManager: Mounting plugin CustomMeshComponent
LogPluginManager: Mounting plugin EditableMesh
LogPluginManager: Mounting plugin ExampleDeviceProfileSelector
LogPluginManager: Mounting plugin Firebase
LogPluginManager: Mounting plugin GoogleCloudMessaging
LogPluginManager: Mounting plugin IOSDeviceProfileSelector
LogPluginManager: Mounting plugin LinuxDeviceProfileSelector
LogPluginManager: Mounting plugin LocationServicesBPLibrary
LogPluginManager: Mounting plugin MobilePatchingUtils
LogPluginManager: Mounting plugin OculusVR
LogPluginManager: Mounting plugin PhysXVehicles
LogPluginManager: Mounting plugin ProceduralMeshComponent
LogPluginManager: Mounting plugin RuntimePhysXCooking
LogPluginManager: Mounting plugin SteamVR
LogPluginManager: Mounting plugin WebMMoviePlayer
LogPluginManager: Mounting plugin WindowsMoviePlayer
LogPluginManager: Mounting plugin OSC
LogStreaming: Display: Took  0.172s to configure plugins.
LogInit: Using libcurl 7.55.1-DEV
LogInit:  - built for x86_64-pc-win32
LogInit:  - supports SSL with OpenSSL/1.0.2h
LogInit:  - supports HTTP deflate (compression) using libz 1.2.8
LogInit:  - other features:
LogInit:      CURL_VERSION_SSL
LogInit:      CURL_VERSION_LIBZ
LogInit:      CURL_VERSION_IPV6
LogInit:      CURL_VERSION_ASYNCHDNS
LogInit:      CURL_VERSION_LARGEFILE
LogInit:      CURL_VERSION_IDN
LogInit:  CurlRequestOptions (configurable via config and command line):
LogInit:  - bVerifyPeer = true  - Libcurl will verify peer certificate
LogInit:  - bUseHttpProxy = false  - Libcurl will NOT use HTTP proxy
LogInit:  - bDontReuseConnections = false  - Libcurl will reuse connections
LogInit:  - MaxHostConnections = 16  - Libcurl will limit the number of connections to a host
LogInit:  - LocalHostAddr = Default
LogInit:  - BufferSize = 65536
LogInit: WinSock: version 1.1 (2.2), MaxSocks=32767, MaxUdp=65467
LogHMD: Failed initializing OVRPlugin 1.28.0
LogInit: Build: ++UE4+Release-4.21-CL-4613538
LogInit: Engine Version: 4.21.1-4613538+++UE4+Release-4.21
LogInit: Compatible Engine Version: 4.21.0-4541578+++UE4+Release-4.21
LogInit: Net CL: 4541578
LogInit: OS: Windows 10 (), CPU: Intel(R) Core(TM) i7-7700HQ CPU @ 2.80GHz, GPU: Intel(R) HD Graphics 630
LogInit: Compiled (64-bit): Nov 30 2018 04:13:25
LogInit: Compiled with Visual C++: 19.13.26129.00
LogInit: Build Configuration: Development
LogInit: Branch Name: ++UE4+Release-4.21
LogInit: Command Line: 
LogInit: Base Directory: C:/Program Files/Epic Games/UE_4.21/Engine/Binaries/Win64/
LogInit: Installed Engine Build: 1
LogDevObjectVersion: Number of dev versions registered: 22
LogDevObjectVersion:   Dev-Blueprints (B0D832E4-1F89-4F0D-ACCF-7EB736FD4AA2): 10
LogDevObjectVersion:   Dev-Build (E1C64328-A22C-4D53-A36C-8E866417BD8C): 0
LogDevObjectVersion:   Dev-Core (375EC13C-06E4-48FB-B500-84F0262A717E): 2
LogDevObjectVersion:   Dev-Editor (E4B068ED-F494-42E9-A231-DA0B2E46BB41): 26
LogDevObjectVersion:   Dev-Framework (CFFC743F-43B0-4480-9391-14DF171D2073): 34
LogDevObjectVersion:   Dev-Mobile (B02B49B5-BB20-44E9-A304-32B752E40360): 2
LogDevObjectVersion:   Dev-Networking (A4E4105C-59A1-49B5-A7C5-40C4547EDFEE): 0
LogDevObjectVersion:   Dev-Online (39C831C9-5AE6-47DC-9A44-9C173E1C8E7C): 0
LogDevObjectVersion:   Dev-Physics (78F01B33-EBEA-4F98-B9B4-84EACCB95AA2): 0
LogDevObjectVersion:   Dev-Platform (6631380F-2D4D-43E0-8009-CF276956A95A): 0
LogDevObjectVersion:   Dev-Rendering (12F88B9F-8875-4AFC-A67C-D90C383ABD29): 27
LogDevObjectVersion:   Dev-Sequencer (7B5AE74C-D270-4C10-A958-57980B212A5A): 9
LogDevObjectVersion:   Dev-VR (D7296918-1DD6-4BDD-9DE2-64A83CC13884): 2
LogDevObjectVersion:   Dev-LoadTimes (C2A15278-BFE7-4AFE-6C17-90FF531DF755): 1
LogDevObjectVersion:   Private-Geometry (6EACA3D4-40EC-4CC1-B786-8BED09428FC5): 3
LogDevObjectVersion:   Dev-AnimPhys (29E575DD-E0A3-4627-9D10-D276232CDCEA): 17
LogDevObjectVersion:   Dev-Anim (AF43A65D-7FD3-4947-9873-3E8ED9C1BB05): 2
LogDevObjectVersion:   Dev-ReflectionCapture (6B266CEC-1EC7-4B8F-A30B-E4D90942FC07): 1
LogDevObjectVersion:   Dev-Automation (0DF73D61-A23F-47EA-B727-89E90C41499A): 1
LogDevObjectVersion:   FortniteMain (601D1886-AC64-4F84-AA16-D3DE0DEAC7D6): 17
LogDevObjectVersion:   Dev-Enterprise (9DFFBCD6-494F-0158-E221-12823C92A888): 4
LogDevObjectVersion:   Dev-Niagara (F2AED0AC-9AFE-416F-8664-AA7FFA26D6FC): 1
LogStreaming: Display: Took  0.003s to delete old logs.
LogInit: Presizing for max 8388607 objects, including 0 objects not considered by GC, pre-allocating 0 bytes for permanent pool.
LogInit: Object subsystem initialized
LogConfig: Setting CVar [[con.DebugEarlyDefault:1]]
LogConfig: Setting CVar [[r.setres:1280x720]]
[2019.01.05-06.59.52:349][  0]LogConfig: Setting CVar [[r.VSync:0]]
[2019.01.05-06.59.52:349][  0]LogConfig: Setting CVar [[r.RHICmdBypass:0]]
[2019.01.05-06.59.52:349][  0]LogConfig: Applying CVar settings from Section [/Script/Engine.RendererSettings] File [C:/Users/luste/Documents/Unreal/Unreal Project/OSCTutorial/Saved/Config/Windows/Engine.ini]
[2019.01.05-06.59.52:349][  0]LogConfig: Setting CVar [[r.GPUCrashDebugging:0]]
[2019.01.05-06.59.52:349][  0]LogConfig: Applying CVar settings from Section [/Script/Engine.RendererOverrideSettings] File [C:/Users/luste/Documents/Unreal/Unreal Project/OSCTutorial/Saved/Config/Windows/Engine.ini]
[2019.01.05-06.59.52:349][  0]LogConfig: Applying CVar settings from Section [/Script/Engine.StreamingSettings] File [C:/Users/luste/Documents/Unreal/Unreal Project/OSCTutorial/Saved/Config/Windows/Engine.ini]
[2019.01.05-06.59.52:349][  0]LogConfig: Setting CVar [[s.MinBulkDataSizeForAsyncLoading:131072]]
[2019.01.05-06.59.52:349][  0]LogConfig: Setting CVar [[s.AsyncLoadingThreadEnabled:0]]
[2019.01.05-06.59.52:349][  0]LogConfig: Setting CVar [[s.EventDrivenLoaderEnabled:1]]
[2019.01.05-06.59.52:349][  0]LogConfig: Setting CVar [[s.WarnIfTimeLimitExceeded:0]]
[2019.01.05-06.59.52:349][  0]LogConfig: Setting CVar [[s.TimeLimitExceededMultiplier:1.5]]
[2019.01.05-06.59.52:349][  0]LogConfig: Setting CVar [[s.TimeLimitExceededMinTime:0.005]]
[2019.01.05-06.59.52:349][  0]LogConfig: Setting CVar [[s.UseBackgroundLevelStreaming:1]]
[2019.01.05-06.59.52:349][  0]LogConfig: Setting CVar [[s.PriorityAsyncLoadingExtraTime:15.0]]
[2019.01.05-06.59.52:350][  0]LogConfig: Setting CVar [[s.LevelStreamingActorsUpdateTimeLimit:5.0]]
[2019.01.05-06.59.52:350][  0]LogConfig: Setting CVar [[s.PriorityLevelStreamingActorsUpdateExtraTime:5.0]]
[2019.01.05-06.59.52:350][  0]LogConfig: Setting CVar [[s.LevelStreamingComponentsRegistrationGranularity:10]]
[2019.01.05-06.59.52:350][  0]LogConfig: Setting CVar [[s.UnregisterComponentsTimeLimit:1.0]]
[2019.01.05-06.59.52:350][  0]LogConfig: Setting CVar [[s.LevelStreamingComponentsUnregistrationGranularity:5]]
[2019.01.05-06.59.52:350][  0]LogConfig: Applying CVar settings from Section [/Script/Engine.GarbageCollectionSettings] File [C:/Users/luste/Documents/Unreal/Unreal Project/OSCTutorial/Saved/Config/Windows/Engine.ini]
[2019.01.05-06.59.52:350][  0]LogConfig: Setting CVar [[gc.MaxObjectsNotConsideredByGC:1]]
[2019.01.05-06.59.52:350][  0]LogConfig: Setting CVar [[gc.SizeOfPermanentObjectPool:0]]
[2019.01.05-06.59.52:350][  0]LogConfig: Setting CVar [[gc.FlushStreamingOnGC:0]]
[2019.01.05-06.59.52:350][  0]LogConfig: Setting CVar [[gc.NumRetriesBeforeForcingGC:10]]
[2019.01.05-06.59.52:350][  0]LogConfig: Setting CVar [[gc.AllowParallelGC:1]]
[2019.01.05-06.59.52:350][  0]LogConfig: Setting CVar [[gc.TimeBetweenPurgingPendingKillObjects:61.1]]
[2019.01.05-06.59.52:350][  0]LogConfig: Setting CVar [[gc.MaxObjectsInEditor:8388607]]
[2019.01.05-06.59.52:350][  0]LogConfig: Setting CVar [[gc.IncrementalBeginDestroyEnabled:1]]
[2019.01.05-06.59.52:350][  0]LogConfig: Setting CVar [[gc.CreateGCClusters:1]]
[2019.01.05-06.59.52:350][  0]LogConfig: Setting CVar [[gc.MergeGCClusters:0]]
[2019.01.05-06.59.52:350][  0]LogConfig: Setting CVar [[gc.MinGCClusterSize:5]]
[2019.01.05-06.59.52:350][  0]LogConfig: Setting CVar [[gc.ActorClusteringEnabled:0]]
[2019.01.05-06.59.52:350][  0]LogConfig: Setting CVar [[gc.BlueprintClusteringEnabled:0]]
[2019.01.05-06.59.52:350][  0]LogConfig: Setting CVar [[gc.UseDisregardForGCOnDedicatedServers:0]]
[2019.01.05-06.59.52:350][  0]LogConfig: Applying CVar settings from Section [/Script/Engine.NetworkSettings] File [C:/Users/luste/Documents/Unreal/Unreal Project/OSCTutorial/Saved/Config/Windows/Engine.ini]
[2019.01.05-06.59.52:350][  0]LogConfig: Applying CVar settings from Section [/Script/UnrealEd.CookerSettings] File [C:/Users/luste/Documents/Unreal/Unreal Project/OSCTutorial/Saved/Config/Windows/Engine.ini]
[2019.01.05-06.59.52:358][  0]LogConfig: Applying CVar settings from Section [ViewDistanceQuality@3] File [C:/Users/luste/Documents/Unreal/Unreal Project/OSCTutorial/Saved/Config/Windows/Scalability.ini]
[2019.01.05-06.59.52:358][  0]LogConfig: Setting CVar [[r.SkeletalMeshLODBias:0]]
[2019.01.05-06.59.52:358][  0]LogConfig: Setting CVar [[r.ViewDistanceScale:1.0]]
[2019.01.05-06.59.52:358][  0]LogConfig: Applying CVar settings from Section [AntiAliasingQuality@3] File [C:/Users/luste/Documents/Unreal/Unreal Project/OSCTutorial/Saved/Config/Windows/Scalability.ini]
[2019.01.05-06.59.52:358][  0]LogConfig: Setting CVar [[r.PostProcessAAQuality:4]]
[2019.01.05-06.59.52:358][  0]LogConfig: Applying CVar settings from Section [ShadowQuality@3] File [C:/Users/luste/Documents/Unreal/Unreal Project/OSCTutorial/Saved/Config/Windows/Scalability.ini]
[2019.01.05-06.59.52:358][  0]LogConfig: Setting CVar [[r.LightFunctionQuality:1]]
[2019.01.05-06.59.52:358][  0]LogConfig: Setting CVar [[r.ShadowQuality:5]]
[2019.01.05-06.59.52:358][  0]LogConfig: Setting CVar [[r.Shadow.CSM.MaxCascades:10]]
[2019.01.05-06.59.52:358][  0]LogConfig: Setting CVar [[r.Shadow.MaxResolution:2048]]
[2019.01.05-06.59.52:358][  0]LogConfig: Setting CVar [[r.Shadow.MaxCSMResolution:2048]]
[2019.01.05-06.59.52:358][  0]LogConfig: Setting CVar [[r.Shadow.RadiusThreshold:0.01]]
[2019.01.05-06.59.52:358][  0]LogConfig: Setting CVar [[r.Shadow.DistanceScale:1.0]]
[2019.01.05-06.59.52:360][  0]LogConfig: Setting CVar [[r.Shadow.CSM.TransitionScale:1.0]]
[2019.01.05-06.59.52:360][  0]LogConfig: Setting CVar [[r.Shadow.PreShadowResolutionFactor:1.0]]
[2019.01.05-06.59.52:360][  0]LogConfig: Setting CVar [[r.DistanceFieldShadowing:1]]
[2019.01.05-06.59.52:360][  0]LogConfig: Setting CVar [[r.DistanceFieldAO:1]]
[2019.01.05-06.59.52:360][  0]LogConfig: Setting CVar [[r.AOQuality:2]]
[2019.01.05-06.59.52:360][  0]LogConfig: Setting CVar [[r.VolumetricFog:1]]
[2019.01.05-06.59.52:360][  0]LogConfig: Setting CVar [[r.VolumetricFog.GridPixelSize:8]]
[2019.01.05-06.59.52:360][  0]LogConfig: Setting CVar [[r.VolumetricFog.GridSizeZ:128]]
[2019.01.05-06.59.52:360][  0]LogConfig: Setting CVar [[r.VolumetricFog.HistoryMissSupersampleCount:4]]
[2019.01.05-06.59.52:360][  0]LogConfig: Setting CVar [[r.LightMaxDrawDistanceScale:1]]
[2019.01.05-06.59.52:360][  0]LogConfig: Setting CVar [[r.CapsuleShadows:1]]
[2019.01.05-06.59.52:360][  0]LogConfig: Applying CVar settings from Section [PostProcessQuality@3] File [C:/Users/luste/Documents/Unreal/Unreal Project/OSCTutorial/Saved/Config/Windows/Scalability.ini]
[2019.01.05-06.59.52:360][  0]LogConfig: Setting CVar [[r.MotionBlurQuality:4]]
[2019.01.05-06.59.52:360][  0]LogConfig: Setting CVar [[r.AmbientOcclusionMipLevelFactor:0.4]]
[2019.01.05-06.59.52:360][  0]LogConfig: Setting CVar [[r.AmbientOcclusionMaxQuality:100]]
[2019.01.05-06.59.52:360][  0]LogConfig: Setting CVar [[r.AmbientOcclusionLevels:-1]]
[2019.01.05-06.59.52:360][  0]LogConfig: Setting CVar [[r.AmbientOcclusionRadiusScale:1.0]]
[2019.01.05-06.59.52:360][  0]LogConfig: Setting CVar [[r.DepthOfFieldQuality:2]]
[2019.01.05-06.59.52:360][  0]LogConfig: Setting CVar [[r.RenderTargetPoolMin:400]]
[2019.01.05-06.59.52:360][  0]LogConfig: Setting CVar [[r.LensFlareQuality:2]]
[2019.01.05-06.59.52:360][  0]LogConfig: Setting CVar [[r.SceneColorFringeQuality:1]]
[2019.01.05-06.59.52:360][  0]LogConfig: Setting CVar [[r.EyeAdaptationQuality:2]]
[2019.01.05-06.59.52:360][  0]LogConfig: Setting CVar [[r.BloomQuality:5]]
[2019.01.05-06.59.52:360][  0]LogConfig: Setting CVar [[r.FastBlurThreshold:100]]
[2019.01.05-06.59.52:360][  0]LogConfig: Setting CVar [[r.Upscale.Quality:3]]
[2019.01.05-06.59.52:360][  0]LogConfig: Setting CVar [[r.Tonemapper.GrainQuantization:1]]
[2019.01.05-06.59.52:360][  0]LogConfig: Setting CVar [[r.LightShaftQuality:1]]
[2019.01.05-06.59.52:360][  0]LogConfig: Setting CVar [[r.Filter.SizeScale:1]]
[2019.01.05-06.59.52:360][  0]LogConfig: Setting CVar [[r.Tonemapper.Quality:5]]
[2019.01.05-06.59.52:360][  0]LogConfig: Setting CVar [[r.DOF.Gather.AccumulatorQuality:1        ; higher gathering accumulator quality]]
[2019.01.05-06.59.52:360][  0]LogConfig: Setting CVar [[r.DOF.Gather.PostfilterMethod:1          ; Median3x3 postfilering method]]
[2019.01.05-06.59.52:360][  0]LogConfig: Setting CVar [[r.DOF.Gather.EnableBokehSettings:0       ; no bokeh simulation when gathering]]
[2019.01.05-06.59.52:360][  0]LogConfig: Setting CVar [[r.DOF.Gather.RingCount:4                 ; medium number of samples when gathering]]
[2019.01.05-06.59.52:360][  0]LogConfig: Setting CVar [[r.DOF.Scatter.ForegroundCompositing:1    ; additive foreground scattering]]
[2019.01.05-06.59.52:360][  0]LogConfig: Setting CVar [[r.DOF.Scatter.BackgroundCompositing:2    ; additive background scattering]]
[2019.01.05-06.59.52:360][  0]LogConfig: Setting CVar [[r.DOF.Scatter.EnableBokehSettings:1      ; bokeh simulation when scattering]]
[2019.01.05-06.59.52:360][  0]LogConfig: Setting CVar [[r.DOF.Scatter.MaxSpriteRatio:0.1         ; only a maximum of 10% of scattered bokeh]]
[2019.01.05-06.59.52:360][  0]LogConfig: Setting CVar [[r.DOF.Recombine.Quality:1                ; cheap slight out of focus]]
[2019.01.05-06.59.52:360][  0]LogConfig: Setting CVar [[r.DOF.Recombine.EnableBokehSettings:0    ; no bokeh simulation on slight out of focus]]
[2019.01.05-06.59.52:360][  0]LogConfig: Setting CVar [[r.DOF.TemporalAAQuality:1                ; more stable temporal accumulation]]
[2019.01.05-06.59.52:360][  0]LogConfig: Setting CVar [[r.DOF.Kernel.MaxForegroundRadius:0.025]]
[2019.01.05-06.59.52:360][  0]LogConfig: Setting CVar [[r.DOF.Kernel.MaxBackgroundRadius:0.025]]
[2019.01.05-06.59.52:360][  0]LogConfig: Applying CVar settings from Section [TextureQuality@3] File [C:/Users/luste/Documents/Unreal/Unreal Project/OSCTutorial/Saved/Config/Windows/Scalability.ini]
[2019.01.05-06.59.52:360][  0]LogConfig: Setting CVar [[r.Streaming.MipBias:0]]
[2019.01.05-06.59.52:360][  0]LogConfig: Setting CVar [[r.Streaming.AmortizeCPUToGPUCopy:0]]
[2019.01.05-06.59.52:360][  0]LogConfig: Setting CVar [[r.Streaming.MaxNumTexturesToStreamPerFrame:0]]
[2019.01.05-06.59.52:360][  0]LogConfig: Setting CVar [[r.Streaming.Boost:1]]
[2019.01.05-06.59.52:360][  0]LogConfig: Setting CVar [[r.MaxAnisotropy:8]]
[2019.01.05-06.59.52:362][  0]LogConfig: Setting CVar [[r.Streaming.LimitPoolSizeToVRAM:0]]
[2019.01.05-06.59.52:362][  0]LogConfig: Setting CVar [[r.Streaming.PoolSize:1000]]
[2019.01.05-06.59.52:362][  0]LogConfig: Setting CVar [[r.Streaming.MaxEffectiveScreenSize:0]]
[2019.01.05-06.59.52:362][  0]LogConfig: Applying CVar settings from Section [EffectsQuality@3] File [C:/Users/luste/Documents/Unreal/Unreal Project/OSCTutorial/Saved/Config/Windows/Scalability.ini]
[2019.01.05-06.59.52:362][  0]LogConfig: Setting CVar [[r.TranslucencyLightingVolumeDim:64]]
[2019.01.05-06.59.52:362][  0]LogConfig: Setting CVar [[r.RefractionQuality:2]]
[2019.01.05-06.59.52:362][  0]LogConfig: Setting CVar [[r.SSR.Quality:3]]
[2019.01.05-06.59.52:362][  0]LogConfig: Setting CVar [[r.SceneColorFormat:4]]
[2019.01.05-06.59.52:362][  0]LogConfig: Setting CVar [[r.DetailMode:2]]
[2019.01.05-06.59.52:362][  0]LogConfig: Setting CVar [[r.TranslucencyVolumeBlur:1]]
[2019.01.05-06.59.52:362][  0]LogConfig: Setting CVar [[r.MaterialQualityLevel:1 ; High quality]]
[2019.01.05-06.59.52:362][  0]LogConfig: Setting CVar [[r.SSS.Scale:1]]
[2019.01.05-06.59.52:362][  0]LogConfig: Setting CVar [[r.SSS.SampleSet:2]]
[2019.01.05-06.59.52:362][  0]LogConfig: Setting CVar [[r.SSS.Quality:1]]
[2019.01.05-06.59.52:362][  0]LogConfig: Setting CVar [[r.SSS.HalfRes:1]]
[2019.01.05-06.59.52:362][  0]LogConfig: Setting CVar [[r.EmitterSpawnRateScale:1.0]]
[2019.01.05-06.59.52:362][  0]LogConfig: Setting CVar [[r.ParticleLightQuality:2]]
[2019.01.05-06.59.52:362][  0]LogConfig: Applying CVar settings from Section [FoliageQuality@3] File [C:/Users/luste/Documents/Unreal/Unreal Project/OSCTutorial/Saved/Config/Windows/Scalability.ini]
[2019.01.05-06.59.52:362][  0]LogConfig: Setting CVar [[foliage.DensityScale:1.0]]
[2019.01.05-06.59.52:362][  0]LogConfig: Setting CVar [[grass.DensityScale:1.0]]
[2019.01.05-06.59.52:362][  0]LogInit: Selected Device Profile: [Windows]
[2019.01.05-06.59.52:363][  0]LogInit: Applying CVar settings loaded from the selected device profile: [Windows]
[2019.01.05-06.59.52:414][  0]LogHAL: Display: Platform has ~ 16 GB [17065697280 / 17179869184 / 16], which maps to Larger [LargestMinGB=32, LargerMinGB=12, DefaultMinGB=8, SmallerMinGB=6, SmallestMinGB=0)
[2019.01.05-06.59.52:414][  0]LogConfig: Setting CVar [[r.Vulkan.UseRealUBs:1]]
[2019.01.05-06.59.52:415][  0]LogInit: Going up to parent DeviceProfile []
[2019.01.05-06.59.52:415][  0]LogConfig: Applying CVar settings from Section [ViewDistanceQuality@3] File [C:/Users/luste/Documents/Unreal/Unreal Project/OSCTutorial/Saved/Config/Windows/Scalability.ini]
[2019.01.05-06.59.52:416][  0]LogConfig: Setting CVar [[r.SkeletalMeshLODBias:0]]
[2019.01.05-06.59.52:416][  0]LogConfig: Setting CVar [[r.ViewDistanceScale:1.0]]
[2019.01.05-06.59.52:416][  0]LogConfig: Applying CVar settings from Section [AntiAliasingQuality@3] File [C:/Users/luste/Documents/Unreal/Unreal Project/OSCTutorial/Saved/Config/Windows/Scalability.ini]
[2019.01.05-06.59.52:416][  0]LogConfig: Setting CVar [[r.PostProcessAAQuality:4]]
[2019.01.05-06.59.52:416][  0]LogConfig: Applying CVar settings from Section [ShadowQuality@3] File [C:/Users/luste/Documents/Unreal/Unreal Project/OSCTutorial/Saved/Config/Windows/Scalability.ini]
[2019.01.05-06.59.52:416][  0]LogConfig: Setting CVar [[r.LightFunctionQuality:1]]
[2019.01.05-06.59.52:416][  0]LogConfig: Setting CVar [[r.ShadowQuality:5]]
[2019.01.05-06.59.52:416][  0]LogConfig: Setting CVar [[r.Shadow.CSM.MaxCascades:10]]
[2019.01.05-06.59.52:416][  0]LogConfig: Setting CVar [[r.Shadow.MaxResolution:2048]]
[2019.01.05-06.59.52:416][  0]LogConfig: Setting CVar [[r.Shadow.MaxCSMResolution:2048]]
[2019.01.05-06.59.52:416][  0]LogConfig: Setting CVar [[r.Shadow.RadiusThreshold:0.01]]
[2019.01.05-06.59.52:416][  0]LogConfig: Setting CVar [[r.Shadow.DistanceScale:1.0]]
[2019.01.05-06.59.52:416][  0]LogConfig: Setting CVar [[r.Shadow.CSM.TransitionScale:1.0]]
[2019.01.05-06.59.52:416][  0]LogConfig: Setting CVar [[r.Shadow.PreShadowResolutionFactor:1.0]]
[2019.01.05-06.59.52:416][  0]LogConfig: Setting CVar [[r.DistanceFieldShadowing:1]]
[2019.01.05-06.59.52:416][  0]LogConfig: Setting CVar [[r.DistanceFieldAO:1]]
[2019.01.05-06.59.52:416][  0]LogConfig: Setting CVar [[r.AOQuality:2]]
[2019.01.05-06.59.52:416][  0]LogConfig: Setting CVar [[r.VolumetricFog:1]]
[2019.01.05-06.59.52:416][  0]LogConfig: Setting CVar [[r.VolumetricFog.GridPixelSize:8]]
[2019.01.05-06.59.52:416][  0]LogConfig: Setting CVar [[r.VolumetricFog.GridSizeZ:128]]
[2019.01.05-06.59.52:416][  0]LogConfig: Setting CVar [[r.VolumetricFog.HistoryMissSupersampleCount:4]]
[2019.01.05-06.59.52:416][  0]LogConfig: Setting CVar [[r.LightMaxDrawDistanceScale:1]]
[2019.01.05-06.59.52:416][  0]LogConfig: Setting CVar [[r.CapsuleShadows:1]]
[2019.01.05-06.59.52:416][  0]LogConfig: Applying CVar settings from Section [PostProcessQuality@3] File [C:/Users/luste/Documents/Unreal/Unreal Project/OSCTutorial/Saved/Config/Windows/Scalability.ini]
[2019.01.05-06.59.52:416][  0]LogConfig: Setting CVar [[r.MotionBlurQuality:4]]
[2019.01.05-06.59.52:416][  0]LogConfig: Setting CVar [[r.AmbientOcclusionMipLevelFactor:0.4]]
[2019.01.05-06.59.52:416][  0]LogConfig: Setting CVar [[r.AmbientOcclusionMaxQuality:100]]
[2019.01.05-06.59.52:416][  0]LogConfig: Setting CVar [[r.AmbientOcclusionLevels:-1]]
[2019.01.05-06.59.52:416][  0]LogConfig: Setting CVar [[r.AmbientOcclusionRadiusScale:1.0]]
[2019.01.05-06.59.52:416][  0]LogConfig: Setting CVar [[r.DepthOfFieldQuality:2]]
[2019.01.05-06.59.52:416][  0]LogConfig: Setting CVar [[r.RenderTargetPoolMin:400]]
[2019.01.05-06.59.52:416][  0]LogConfig: Setting CVar [[r.LensFlareQuality:2]]
[2019.01.05-06.59.52:416][  0]LogConfig: Setting CVar [[r.SceneColorFringeQuality:1]]
[2019.01.05-06.59.52:416][  0]LogConfig: Setting CVar [[r.EyeAdaptationQuality:2]]
[2019.01.05-06.59.52:416][  0]LogConfig: Setting CVar [[r.BloomQuality:5]]
[2019.01.05-06.59.52:416][  0]LogConfig: Setting CVar [[r.FastBlurThreshold:100]]
[2019.01.05-06.59.52:416][  0]LogConfig: Setting CVar [[r.Upscale.Quality:3]]
[2019.01.05-06.59.52:416][  0]LogConfig: Setting CVar [[r.Tonemapper.GrainQuantization:1]]
[2019.01.05-06.59.52:416][  0]LogConfig: Setting CVar [[r.LightShaftQuality:1]]
[2019.01.05-06.59.52:416][  0]LogConfig: Setting CVar [[r.Filter.SizeScale:1]]
[2019.01.05-06.59.52:417][  0]LogConfig: Setting CVar [[r.Tonemapper.Quality:5]]
[2019.01.05-06.59.52:417][  0]LogConfig: Setting CVar [[r.DOF.Gather.AccumulatorQuality:1        ; higher gathering accumulator quality]]
[2019.01.05-06.59.52:417][  0]LogConfig: Setting CVar [[r.DOF.Gather.PostfilterMethod:1          ; Median3x3 postfilering method]]
[2019.01.05-06.59.52:417][  0]LogConfig: Setting CVar [[r.DOF.Gather.EnableBokehSettings:0       ; no bokeh simulation when gathering]]
[2019.01.05-06.59.52:417][  0]LogConfig: Setting CVar [[r.DOF.Gather.RingCount:4                 ; medium number of samples when gathering]]
[2019.01.05-06.59.52:417][  0]LogConfig: Setting CVar [[r.DOF.Scatter.ForegroundCompositing:1    ; additive foreground scattering]]
[2019.01.05-06.59.52:417][  0]LogConfig: Setting CVar [[r.DOF.Scatter.BackgroundCompositing:2    ; additive background scattering]]
[2019.01.05-06.59.52:417][  0]LogConfig: Setting CVar [[r.DOF.Scatter.EnableBokehSettings:1      ; bokeh simulation when scattering]]
[2019.01.05-06.59.52:417][  0]LogConfig: Setting CVar [[r.DOF.Scatter.MaxSpriteRatio:0.1         ; only a maximum of 10% of scattered bokeh]]
[2019.01.05-06.59.52:417][  0]LogConfig: Setting CVar [[r.DOF.Recombine.Quality:1                ; cheap slight out of focus]]
[2019.01.05-06.59.52:417][  0]LogConfig: Setting CVar [[r.DOF.Recombine.EnableBokehSettings:0    ; no bokeh simulation on slight out of focus]]
[2019.01.05-06.59.52:417][  0]LogConfig: Setting CVar [[r.DOF.TemporalAAQuality:1                ; more stable temporal accumulation]]
[2019.01.05-06.59.52:417][  0]LogConfig: Setting CVar [[r.DOF.Kernel.MaxForegroundRadius:0.025]]
[2019.01.05-06.59.52:417][  0]LogConfig: Setting CVar [[r.DOF.Kernel.MaxBackgroundRadius:0.025]]
[2019.01.05-06.59.52:417][  0]LogConfig: Applying CVar settings from Section [TextureQuality@3] File [C:/Users/luste/Documents/Unreal/Unreal Project/OSCTutorial/Saved/Config/Windows/Scalability.ini]
[2019.01.05-06.59.52:417][  0]LogConfig: Setting CVar [[r.Streaming.MipBias:0]]
[2019.01.05-06.59.52:417][  0]LogConfig: Setting CVar [[r.Streaming.AmortizeCPUToGPUCopy:0]]
[2019.01.05-06.59.52:417][  0]LogConfig: Setting CVar [[r.Streaming.MaxNumTexturesToStreamPerFrame:0]]
[2019.01.05-06.59.52:417][  0]LogConfig: Setting CVar [[r.Streaming.Boost:1]]
[2019.01.05-06.59.52:417][  0]LogConfig: Setting CVar [[r.MaxAnisotropy:8]]
[2019.01.05-06.59.52:417][  0]LogConfig: Setting CVar [[r.Streaming.LimitPoolSizeToVRAM:0]]
[2019.01.05-06.59.52:417][  0]LogConfig: Setting CVar [[r.Streaming.PoolSize:1000]]
[2019.01.05-06.59.52:417][  0]LogConfig: Setting CVar [[r.Streaming.MaxEffectiveScreenSize:0]]
[2019.01.05-06.59.52:418][  0]LogConfig: Applying CVar settings from Section [EffectsQuality@3] File [C:/Users/luste/Documents/Unreal/Unreal Project/OSCTutorial/Saved/Config/Windows/Scalability.ini]
[2019.01.05-06.59.52:418][  0]LogConfig: Setting CVar [[r.TranslucencyLightingVolumeDim:64]]
[2019.01.05-06.59.52:418][  0]LogConfig: Setting CVar [[r.RefractionQuality:2]]
[2019.01.05-06.59.52:418][  0]LogConfig: Setting CVar [[r.SSR.Quality:3]]
[2019.01.05-06.59.52:418][  0]LogConfig: Setting CVar [[r.SceneColorFormat:4]]
[2019.01.05-06.59.52:418][  0]LogConfig: Setting CVar [[r.DetailMode:2]]
[2019.01.05-06.59.52:418][  0]LogConfig: Setting CVar [[r.TranslucencyVolumeBlur:1]]
[2019.01.05-06.59.52:418][  0]LogConfig: Setting CVar [[r.MaterialQualityLevel:1 ; High quality]]
[2019.01.05-06.59.52:418][  0]LogConfig: Setting CVar [[r.SSS.Scale:1]]
[2019.01.05-06.59.52:418][  0]LogConfig: Setting CVar [[r.SSS.SampleSet:2]]
[2019.01.05-06.59.52:418][  0]LogConfig: Setting CVar [[r.SSS.Quality:1]]
[2019.01.05-06.59.52:418][  0]LogConfig: Setting CVar [[r.SSS.HalfRes:1]]
[2019.01.05-06.59.52:418][  0]LogConfig: Setting CVar [[r.EmitterSpawnRateScale:1.0]]
[2019.01.05-06.59.52:418][  0]LogConfig: Setting CVar [[r.ParticleLightQuality:2]]
[2019.01.05-06.59.52:418][  0]LogConfig: Applying CVar settings from Section [FoliageQuality@3] File [C:/Users/luste/Documents/Unreal/Unreal Project/OSCTutorial/Saved/Config/Windows/Scalability.ini]
[2019.01.05-06.59.52:418][  0]LogConfig: Setting CVar [[foliage.DensityScale:1.0]]
[2019.01.05-06.59.52:418][  0]LogConfig: Setting CVar [[grass.DensityScale:1.0]]
[2019.01.05-06.59.52:418][  0]LogConfig: Applying CVar settings from Section [Startup] File [../../../Engine/Config/ConsoleVariables.ini]
[2019.01.05-06.59.52:420][  0]LogConfig: Setting CVar [[net.UseAdaptiveNetUpdateFrequency:0]]
[2019.01.05-06.59.52:420][  0]LogConfig: Applying CVar settings from Section [ConsoleVariables] File [C:/Users/luste/Documents/Unreal/Unreal Project/OSCTutorial/Saved/Config/Windows/Engine.ini]
[2019.01.05-06.59.52:420][  0]LogInit: Computer: LAPTOP-SD3MDD22
[2019.01.05-06.59.52:420][  0]LogInit: User: luste
[2019.01.05-06.59.52:420][  0]LogInit: CPU Page size=4096, Cores=4
[2019.01.05-06.59.52:420][  0]LogInit: High frequency timer resolution =2.742186 MHz
[2019.01.05-06.59.52:421][  0]LogMemory: Memory total: Physical=15.9GB (16GB approx)
[2019.01.05-06.59.52:421][  0]LogMemory: Platform Memory Stats for Windows
[2019.01.05-06.59.52:421][  0]LogMemory: Process Physical Memory: 104.85 MB used, 104.85 MB peak
[2019.01.05-06.59.52:421][  0]LogMemory: Process Virtual Memory: 95.17 MB used, 95.17 MB peak
[2019.01.05-06.59.52:421][  0]LogMemory: Physical Memory: 7677.61 MB used,  8597.50 MB free, 16275.12 MB total
[2019.01.05-06.59.52:421][  0]LogMemory: Virtual Memory: 4668.22 MB used,  134213056.00 MB free, 134217728.00 MB total
[2019.01.05-06.59.52:484][  0]LogInit: Using OS detected language (en-US).
[2019.01.05-06.59.52:484][  0]LogInit: Using OS detected locale (en-US).
[2019.01.05-06.59.52:486][  0]LogTextLocalizationManager: No specific localization for 'en-US' exists, so the 'en' localization will be used.
[2019.01.05-06.59.53:302][  0]LogStreaming: Display: Took  0.818s to InitEngineTextLocalization.
[2019.01.05-06.59.53:302][  0]LogInit: Setting process to per monitor DPI aware
[2019.01.05-06.59.53:404][  0]LogSlate: New Slate User Created.  User Index 0, Is Virtual User: 0
[2019.01.05-06.59.53:404][  0]LogSlate: Slate User Registered.  User Index 0, Is Virtual User: 0
[2019.01.05-06.59.53:741][  0]LogHMD: Failed to initialize OpenVR with code 126
[2019.01.05-06.59.53:741][  0]LogD3D11RHI: D3D11 adapters:
[2019.01.05-06.59.53:823][  0]LogD3D11RHI:    0. 'NVIDIA GeForce GTX 1060' (Feature Level 11_0)
[2019.01.05-06.59.53:823][  0]LogD3D11RHI:       6052/0/8137 MB DedicatedVideo/DedicatedSystem/SharedSystem, Outputs:1, VendorId:0x10de
[2019.01.05-06.59.53:837][  0]LogD3D11RHI:    1. 'Intel(R) HD Graphics 630' (Feature Level 11_0)
[2019.01.05-06.59.53:837][  0]LogD3D11RHI:       128/0/8137 MB DedicatedVideo/DedicatedSystem/SharedSystem, Outputs:0, VendorId:0x8086
[2019.01.05-06.59.53:840][  0]LogD3D11RHI:    2. 'Microsoft Basic Render Driver' (Feature Level 11_0)
[2019.01.05-06.59.53:840][  0]LogD3D11RHI:       0/0/8137 MB DedicatedVideo/DedicatedSystem/SharedSystem, Outputs:0, VendorId:0x1414
[2019.01.05-06.59.53:840][  0]LogD3D11RHI: Chosen D3D11 Adapter: 0
[2019.01.05-06.59.53:868][  0]LogD3D11RHI: Creating new Direct3DDevice
[2019.01.05-06.59.53:868][  0]LogD3D11RHI:     GPU DeviceId: 0x1c20 (for the marketing name, search the web for "GPU Device Id")
[2019.01.05-06.59.53:868][  0]LogWindows: EnumDisplayDevices:
[2019.01.05-06.59.53:868][  0]LogWindows:    0. 'Intel(R) HD Graphics 630' (P:1 D:1)
[2019.01.05-06.59.53:868][  0]LogWindows:    1. 'Intel(R) HD Graphics 630' (P:0 D:0)
[2019.01.05-06.59.53:869][  0]LogWindows:    2. 'Intel(R) HD Graphics 630' (P:0 D:0)
[2019.01.05-06.59.53:869][  0]LogWindows:    3. 'NVIDIA GeForce GTX 1060' (P:0 D:0)
[2019.01.05-06.59.53:869][  0]LogWindows: DebugString: PrimaryIsNotTheChoosenAdapter PrimaryIsNotTheChoosenAdapter PrimaryIsNotTheChoosenAdapter 
[2019.01.05-06.59.53:869][  0]LogD3D11RHI:     Adapter Name: NVIDIA GeForce GTX 1060
[2019.01.05-06.59.53:869][  0]LogD3D11RHI:   Driver Version: 416.34 (internal:25.21.14.1634, unified:416.34)
[2019.01.05-06.59.53:869][  0]LogD3D11RHI:      Driver Date: 10-10-2018
[2019.01.05-06.59.53:869][  0]LogRHI: Texture pool is 4236 MB (70% of 6052 MB)
[2019.01.05-06.59.53:920][  0]LogD3D11RHI: Async texture creation enabled
[2019.01.05-06.59.54:002][  0]LogD3D11RHI: GPU Timing Frequency: 1000.000000 (Debug: 2 2)
[2019.01.05-06.59.54:706][  0]LogTemp: Display: Loaded TP AllDesktopTargetPlatform
[2019.01.05-06.59.54:739][  0]LogTemp: Display: Loaded TP MacClientTargetPlatform
[2019.01.05-06.59.54:766][  0]LogTemp: Display: Loaded TP MacNoEditorTargetPlatform
[2019.01.05-06.59.54:801][  0]LogTemp: Display: Loaded TP MacServerTargetPlatform
[2019.01.05-06.59.54:847][  0]LogTemp: Display: Loaded TP MacTargetPlatform
[2019.01.05-06.59.54:886][  0]LogTemp: Display: Loaded TP WindowsClientTargetPlatform
[2019.01.05-06.59.54:909][  0]LogTemp: Display: Loaded TP WindowsNoEditorTargetPlatform
[2019.01.05-06.59.54:928][  0]LogTemp: Display: Loaded TP WindowsServerTargetPlatform
[2019.01.05-06.59.54:936][  0]LogTemp: Display: Loaded TP WindowsTargetPlatform
[2019.01.05-06.59.55:025][  0]LogTemp: Display: Loaded TP AndroidTargetPlatform
[2019.01.05-06.59.55:025][  0]LogTemp: Display: Loaded TP AndroidTargetPlatform
[2019.01.05-06.59.55:025][  0]LogTemp: Display: Loaded TP AndroidTargetPlatform
[2019.01.05-06.59.55:025][  0]LogTemp: Display: Loaded TP AndroidTargetPlatform
[2019.01.05-06.59.55:026][  0]LogTemp: Display: Loaded TP AndroidTargetPlatform
[2019.01.05-06.59.55:026][  0]LogTemp: Display: Loaded TP AndroidTargetPlatform
[2019.01.05-06.59.55:026][  0]LogTemp: Display: Loaded TP AndroidTargetPlatform
[2019.01.05-06.59.55:026][  0]LogTemp: Display: Loaded TP AndroidTargetPlatform
[2019.01.05-06.59.55:026][  0]LogTemp: Display: Loaded TP AndroidTargetPlatform
[2019.01.05-06.59.55:026][  0]LogTemp: Display: Loaded TP AndroidTargetPlatform
[2019.01.05-06.59.55:026][  0]LogTemp: Display: Loaded TP AndroidTargetPlatform
[2019.01.05-06.59.55:027][  0]LogTemp: Display: Loaded TP AndroidTargetPlatform
[2019.01.05-06.59.55:027][  0]LogTemp: Display: Loaded TP AndroidTargetPlatform
[2019.01.05-06.59.55:027][  0]LogTemp: Display: Loaded TP AndroidTargetPlatform
[2019.01.05-06.59.55:027][  0]LogTemp: Display: Loaded TP AndroidTargetPlatform
[2019.01.05-06.59.55:027][  0]LogTemp: Display: Loaded TP AndroidTargetPlatform
[2019.01.05-06.59.55:027][  0]LogTemp: Display: Loaded TP AndroidTargetPlatform
[2019.01.05-06.59.55:027][  0]LogTemp: Display: Loaded TP AndroidTargetPlatform
[2019.01.05-06.59.55:030][  0]LogTemp: Display: Loaded TP HTML5TargetPlatform
[2019.01.05-06.59.55:153][  0]LogTemp: Display: Loaded TP IOSTargetPlatform
[2019.01.05-06.59.55:153][  0]LogTemp: Display: Loaded TP IOSTargetPlatform
[2019.01.05-06.59.55:214][  0]LogTemp: Display: Loaded TP TVOSTargetPlatform
[2019.01.05-06.59.55:215][  0]LogTemp: Display: Loaded TP TVOSTargetPlatform
[2019.01.05-06.59.55:236][  0]LogTemp: Display: Loaded TP LinuxClientTargetPlatform
[2019.01.05-06.59.55:252][  0]LogTemp: Display: Loaded TP LinuxNoEditorTargetPlatform
[2019.01.05-06.59.55:267][  0]LogTemp: Display: Loaded TP LinuxServerTargetPlatform
[2019.01.05-06.59.55:284][  0]LogTemp: Display: Loaded TP LinuxTargetPlatform
[2019.01.05-06.59.55:330][  0]LogTemp: Display: Loaded TP LuminTargetPlatform
[2019.01.05-06.59.55:330][  0]LogTemp: Display: Loaded TP LuminTargetPlatform
[2019.01.05-06.59.55:330][  0]LogTargetPlatformManager: Display: Building Assets For Windows
[2019.01.05-06.59.55:409][  0]LogShaderCompilers: Guid format shader working directory is -28 characters bigger than the processId version (../../../../../../Users/luste/Documents/Unreal/Unreal Project/OSCTutorial/Intermediate/Shaders/WorkingDirectory/21492/).
[2019.01.05-06.59.55:409][  0]LogShaderCompilers: Cleaned the shader compiler working directory 'C:/Users/luste/AppData/Local/Temp/UnrealShaderWorkingDir/DF5074D34A0AF33D3A14EA849D911469/'.
[2019.01.05-06.59.55:414][  0]LogXGEController: Cleaning working directory: C:/Users/luste/AppData/Local/Temp/UnrealXGEWorkingDir/
[2019.01.05-06.59.55:415][  0]LogXGEController: Cannot use XGE Controller as Incredibuild is not installed on this machine.
[2019.01.05-06.59.55:415][  0]LogShaderCompilers: Cannot use XGE Shader Compiler as Incredibuild is not installed on this machine.
[2019.01.05-06.59.55:415][  0]LogShaderCompilers: Display: Using Local Shader Compiler.
[2019.01.05-06.59.56:259][  0]LogDerivedDataCache: Display: Max Cache Size: 512 MB
[2019.01.05-06.59.56:314][  0]LogDerivedDataCache: Loaded boot cache 0.05s 71MB C:/Users/luste/AppData/Local/UnrealEngine/4.21/DerivedDataCache/Boot.ddc.
[2019.01.05-06.59.56:314][  0]LogDerivedDataCache: Display: Loaded Boot cache: C:/Users/luste/AppData/Local/UnrealEngine/4.21/DerivedDataCache/Boot.ddc
[2019.01.05-06.59.56:314][  0]LogDerivedDataCache: FDerivedDataBackendGraph:  Pak pak cache file ../../../../../../Users/luste/Documents/Unreal/Unreal Project/OSCTutorial/DerivedDataCache/DDC.ddp not found, will not use a pak cache.
[2019.01.05-06.59.56:314][  0]LogDerivedDataCache: Unable to find inner node Pak for hierarchical cache Hierarchy.
[2019.01.05-06.59.56:314][  0]LogDerivedDataCache: FDerivedDataBackendGraph:  CompressedPak pak cache file ../../../../../../Users/luste/Documents/Unreal/Unreal Project/OSCTutorial/DerivedDataCache/Compressed.ddp not found, will not use a pak cache.
[2019.01.05-06.59.56:314][  0]LogDerivedDataCache: Unable to find inner node CompressedPak for hierarchical cache Hierarchy.
[2019.01.05-06.59.56:330][  0]LogDerivedDataCache: Display: Pak cache opened for reading ../../../Engine/DerivedDataCache/Compressed.ddp.
[2019.01.05-06.59.56:330][  0]LogDerivedDataCache: FDerivedDataBackendGraph:  EnterprisePak pak cache file ../../../Enterprise/DerivedDataCache/Compressed.ddp not found, will not use a pak cache.
[2019.01.05-06.59.56:330][  0]LogDerivedDataCache: Unable to find inner node EnterprisePak for hierarchical cache Hierarchy.
[2019.01.05-06.59.56:343][  0]LogDerivedDataCache: Using Local data cache path C:/Users/luste/AppData/Local/UnrealEngine/Common/DerivedDataCache: Writable
[2019.01.05-06.59.56:343][  0]LogDerivedDataCache: Shared data cache path not found in *engine.ini, will not use an Shared cache.
[2019.01.05-06.59.56:343][  0]LogDerivedDataCache: Unable to find inner node Shared for hierarchical cache Hierarchy.
[2019.01.05-06.59.56:369][  0]LogMaterial: Verifying Global Shaders for PCD3D_SM5
[2019.01.05-06.59.56:370][  0]LogSlate: Using FreeType 2.6.0
[2019.01.05-06.59.56:371][  0]LogSlate: SlateFontServices - WITH_FREETYPE: 1, WITH_HARFBUZZ: 1
[2019.01.05-06.59.56:503][  0]LogAssetRegistry: FAssetRegistry took 0.0447 seconds to start up
[2019.01.05-06.59.56:880][  0]LogInit: Selected Device Profile: [Windows]
[2019.01.05-06.59.57:199][  0]LogSimplygon: Simplygon DLL not present - disabling.
[2019.01.05-06.59.57:205][  0]LogMeshReduction: Using SimplygonSwarm for distributed automatic mesh merging
[2019.01.05-06.59.57:206][  0]LogMeshReduction: Using ProxyLODMeshReduction for automatic mesh merging
[2019.01.05-06.59.57:206][  0]LogMeshReduction: Using QuadricMeshReduction for automatic static mesh reduction
[2019.01.05-06.59.57:206][  0]LogMeshReduction: No automatic skeletal mesh reduction module available
[2019.01.05-06.59.57:244][  0]LogNetVersion: OSCTutorial 1.0.0, NetCL: 4541578, EngineNetVer: 5, GameNetVer: 0 (Checksum: 3998640546)
[2019.01.05-06.59.58:803][  0]LogPackageLocalizationCache: Processed 11 localized package path(s) for 2 prioritized culture(s) in 0.257646 seconds
[2019.01.05-06.59.58:820][  0]LogUObjectArray: 39775 objects as part of root set at end of initial load.
[2019.01.05-06.59.58:820][  0]LogUObjectAllocator: 6914656 out of 0 bytes used by permanent object pool.
[2019.01.05-06.59.58:820][  0]LogUObjectArray: CloseDisregardForGC: 0/0 objects in disregard for GC pool
[2019.01.05-07.00.00:232][  0]LogTcpMessaging: Initializing TcpMessaging bridge
[2019.01.05-07.00.00:247][  0]LogUdpMessaging: Initializing bridge on interface 0.0.0.0:0 to multicast group 230.0.0.1:6666.
[2019.01.05-07.00.01:476][  0]LogOSC: Display: Update settings
[2019.01.05-07.00.01:476][  0]LogOSC: Display: Send targets cleared
[2019.01.05-07.00.01:476][  0]LogOSC: Display: Send target added: 127.0.0.1:8000
[2019.01.05-07.00.01:476][  0]LogOSC: Display: Send target added: 192.168.0.4:8080
[2019.01.05-07.00.01:476][  0]LogOSC: Display: Send target added: 192.168.0.133:8080
[2019.01.05-07.00.01:476][  0]LogOSC: Display: Send target added: 192.168.0.189:8000
[2019.01.05-07.00.01:476][  0]LogOSC: Display: Startup succeed
[2019.01.05-07.00.01:534][  0]SourceControl: Source control is disabled
[2019.01.05-07.00.01:534][  0]SourceControl: Source control is disabled
[2019.01.05-07.00.01:538][  0]SourceControl: Source control is disabled
[2019.01.05-07.00.01:541][  0]SourceControl: Source control is disabled
[2019.01.05-07.00.01:806][  0]LogAndroidPermission: UAndroidPermissionCallbackProxy::GetInstance
[2019.01.05-07.00.01:984][  0]LogOcInput: OculusInput pre-init called
[2019.01.05-07.00.02:256][  0]LogEngine: Initializing Engine...
[2019.01.05-07.00.02:296][  0]LogHMD: Failed to initialize OpenVR with code 126
[2019.01.05-07.00.02:298][  0]LogStats: UGameplayTagsManager::ConstructGameplayTagTree: ImportINI prefixes -  0.000 s
[2019.01.05-07.00.02:298][  0]LogStats: UGameplayTagsManager::ConstructGameplayTagTree: Construct from data asset -  0.000 s
[2019.01.05-07.00.02:298][  0]LogStats: UGameplayTagsManager::ConstructGameplayTagTree: ImportINI -  0.000 s
[2019.01.05-07.00.02:298][  0]LogStats: UGameplayTagsManager::ConstructGameplayTagTree: GameplayTagTreeChangedEvent.Broadcast -  0.000 s
[2019.01.05-07.00.02:969][  0]LogInit: Initializing FReadOnlyCVARCache
[2019.01.05-07.00.03:013][  0]LogAIModule: Creating AISystem for world Untitled
[2019.01.05-07.00.03:046][  0]LogInit: XAudio2 using 'Speakers (Realtek High Definition Audio)' : 2 channels at 48 kHz using 32 bits per sample (channel mask 0x3)
[2019.01.05-07.00.03:196][  0]LogInit: FAudioDevice initialized.
[2019.01.05-07.00.03:197][  0]LogNetVersion: Set ProjectVersion to 1.0.0.0. Version Checksum will be recalculated on next use.
[2019.01.05-07.00.03:330][  0]LogDerivedDataCache: Saved boot cache 0.13s 71MB C:/Users/luste/AppData/Local/UnrealEngine/4.21/DerivedDataCache/Boot.ddc.
[2019.01.05-07.00.03:372][  0]LogInit: Texture streaming: Enabled
[2019.01.05-07.00.03:413][  0]LogEngineSessionManager: EngineSessionManager initialized
[2019.01.05-07.00.03:413][  0]LogEngineSessionManager: EngineSessionManager sent abnormal shutdown report. Type=Crashed, SessionId={3CD27298-4674-92F6-78F9-739E88590C40}
[2019.01.05-07.00.03:454][  0]LogInit: Transaction tracking system initialized
[2019.01.05-07.00.03:522][  0]BlueprintLog: New page: Editor Load
[2019.01.05-07.00.03:723][  0]LocalizationService: Localization service is disabled
[2019.01.05-07.00.04:723][  0]LogFileCache: Scanning file cache for directory 'C:/Users/luste/Documents/Unreal/Unreal Project/OSCTutorial/Content/' took 0.01s
[2019.01.05-07.00.04:723][  0]LogCook: Display: Max memory allowance for cook 16384mb min free memory 0mb
[2019.01.05-07.00.04:723][  0]LogCook: Display: Mobile HDR setting 1
[2019.01.05-07.00.04:723][  0]LogGameplayTags: Display: UGameplayTagsManager::DoneAddingNativeTags. DelegateIsBound: 0
[2019.01.05-07.00.04:723][  0]LogStats: UGameplayTagsManager::ConstructGameplayTagTree: ImportINI prefixes -  0.000 s
[2019.01.05-07.00.04:723][  0]LogStats: UGameplayTagsManager::ConstructGameplayTagTree: Construct from data asset -  0.000 s
[2019.01.05-07.00.04:723][  0]LogStats: UGameplayTagsManager::ConstructGameplayTagTree: ImportINI -  0.000 s
[2019.01.05-07.00.04:723][  0]LogStats: UGameplayTagsManager::ConstructGameplayTagTree: GameplayTagTreeChangedEvent.Broadcast -  0.000 s
[2019.01.05-07.00.04:959][  0]SourceControl: Source control is disabled
[2019.01.05-07.00.04:960][  0]Cmd: MAP LOAD FILE="../../../Engine/Content/Maps/Templates/Template_Default.umap" TEMPLATE=1 SHOWPROGRESS=1 FEATURELEVEL=3
[2019.01.05-07.00.04:960][  0]LightingResults: New page: Lighting Build
[2019.01.05-07.00.04:964][  0]MapCheck: New page: Map Check
[2019.01.05-07.00.04:964][  0]LightingResults: New page: Lighting Build
[2019.01.05-07.00.05:376][  0]LogAIModule: Creating AISystem for world Untitled_1
[2019.01.05-07.00.05:387][  0]LogEditorServer: Finished looking for orphan Actors (0.000 secs)
[2019.01.05-07.00.05:437][  0]Cmd: MAP CHECKDEP NOCLEARLOG
[2019.01.05-07.00.05:437][  0]MapCheck: Map check complete: 0 Error(s), 0 Warning(s), took 0.171ms to complete.
[2019.01.05-07.00.05:437][  0]LogFileHelpers: Loading map 'Template_Default' took 0.477
[2019.01.05-07.00.05:676][  0]LogSlate: Updating window title bar state: overlay mode, drag disabled, window buttons hidden, title bar hidden
[2019.01.05-07.00.05:693][  0]LogSlate: Updating window title bar state: overlay mode, drag disabled, window buttons hidden, title bar hidden
[2019.01.05-07.00.05:706][  0]LogSlate: Updating window title bar state: overlay mode, drag disabled, window buttons hidden, title bar hidden
[2019.01.05-07.00.05:716][  0]LogSlate: Updating window title bar state: overlay mode, drag disabled, window buttons hidden, title bar hidden
[2019.01.05-07.00.05:722][  0]LogCollectionManager: Loaded 0 collections in 0.001734 seconds
[2019.01.05-07.00.05:739][  0]LogFileCache: Scanning file cache for directory 'C:/Users/luste/Documents/Unreal/Unreal Project/OSCTutorial/Saved/Collections/' took 0.01s
[2019.01.05-07.00.05:739][  0]LogFileCache: Scanning file cache for directory 'C:/Users/luste/Documents/Unreal/Unreal Project/OSCTutorial/Content/Developers/luste/Collections/' took 0.00s
[2019.01.05-07.00.05:739][  0]LogFileCache: Scanning file cache for directory 'C:/Users/luste/Documents/Unreal/Unreal Project/OSCTutorial/Content/Collections/' took 0.00s
[2019.01.05-07.00.05:739][  0]LogCollectionManager: Rebuilt the GUID cache for 0 collections in 0.000000 seconds
[2019.01.05-07.00.05:750][  0]LogContentBrowser: Native class hierarchy populated in 0.0110 seconds. Added 2657 classes and 629 folders.
[2019.01.05-07.00.05:757][  0]LogContentBrowser: Native class hierarchy updated for 'WidgetCarousel' in 0.0004 seconds. Added 0 classes and 0 folders.
[2019.01.05-07.00.05:761][  0]LogPakFile: Registered encryption key '00000000000000000000000000000000': 0 pak files mounted, 0 remain pending
[2019.01.05-07.00.05:763][  0]LogPakFile: Registered encryption key '00000000000000000000000000000000': 0 pak files mounted, 0 remain pending
[2019.01.05-07.00.05:765][  0]LogPakFile: Registered encryption key '00000000000000000000000000000000': 0 pak files mounted, 0 remain pending
[2019.01.05-07.00.05:766][  0]LogPakFile: Registered encryption key '00000000000000000000000000000000': 0 pak files mounted, 0 remain pending
[2019.01.05-07.00.05:768][  0]LogPakFile: Registered encryption key '00000000000000000000000000000000': 0 pak files mounted, 0 remain pending
[2019.01.05-07.00.05:769][  0]LogPakFile: Registered encryption key '00000000000000000000000000000000': 0 pak files mounted, 0 remain pending
[2019.01.05-07.00.05:770][  0]LogPakFile: Registered encryption key '00000000000000000000000000000000': 0 pak files mounted, 0 remain pending
[2019.01.05-07.00.05:772][  0]LogPakFile: Registered encryption key '00000000000000000000000000000000': 0 pak files mounted, 0 remain pending
[2019.01.05-07.00.05:773][  0]LogPakFile: Registered encryption key '00000000000000000000000000000000': 0 pak files mounted, 0 remain pending
[2019.01.05-07.00.05:774][  0]LogPakFile: Registered encryption key '00000000000000000000000000000000': 0 pak files mounted, 0 remain pending
[2019.01.05-07.00.05:776][  0]LogPakFile: Registered encryption key '00000000000000000000000000000000': 0 pak files mounted, 0 remain pending
[2019.01.05-07.00.05:777][  0]LogPakFile: Registered encryption key '00000000000000000000000000000000': 0 pak files mounted, 0 remain pending
[2019.01.05-07.00.05:779][  0]LogPakFile: Registered encryption key '00000000000000000000000000000000': 0 pak files mounted, 0 remain pending
[2019.01.05-07.00.05:781][  0]LogPakFile: Registered encryption key '00000000000000000000000000000000': 0 pak files mounted, 0 remain pending
[2019.01.05-07.00.05:782][  0]LogPakFile: Registered encryption key '00000000000000000000000000000000': 0 pak files mounted, 0 remain pending
[2019.01.05-07.00.05:784][  0]LogPakFile: Registered encryption key '00000000000000000000000000000000': 0 pak files mounted, 0 remain pending
[2019.01.05-07.00.05:785][  0]LogPakFile: Registered encryption key '00000000000000000000000000000000': 0 pak files mounted, 0 remain pending
[2019.01.05-07.00.05:787][  0]LogPakFile: Registered encryption key '00000000000000000000000000000000': 0 pak files mounted, 0 remain pending
[2019.01.05-07.00.05:788][  0]LogPakFile: Registered encryption key '00000000000000000000000000000000': 0 pak files mounted, 0 remain pending
[2019.01.05-07.00.05:789][  0]LogPakFile: Registered encryption key '00000000000000000000000000000000': 0 pak files mounted, 0 remain pending
[2019.01.05-07.00.05:791][  0]LogPakFile: Registered encryption key '00000000000000000000000000000000': 0 pak files mounted, 0 remain pending
[2019.01.05-07.00.05:791][  0]LogPakFile: Registered encryption key '00000000000000000000000000000000': 0 pak files mounted, 0 remain pending
[2019.01.05-07.00.05:792][  0]LogPakFile: Registered encryption key '00000000000000000000000000000000': 0 pak files mounted, 0 remain pending
[2019.01.05-07.00.05:793][  0]LogPakFile: Registered encryption key '00000000000000000000000000000000': 0 pak files mounted, 0 remain pending
[2019.01.05-07.00.05:794][  0]LogPakFile: Registered encryption key '00000000000000000000000000000000': 0 pak files mounted, 0 remain pending
[2019.01.05-07.00.05:795][  0]LogPakFile: Registered encryption key '00000000000000000000000000000000': 0 pak files mounted, 0 remain pending
[2019.01.05-07.00.05:849][  0]LogContentBrowser: Native class hierarchy updated for 'AddContentDialog' in 0.0007 seconds. Added 0 classes and 0 folders.
[2019.01.05-07.00.05:860][  0]LogContentBrowser: Native class hierarchy updated for 'SceneOutliner' in 0.0011 seconds. Added 1 classes and 2 folders.
[2019.01.05-07.00.05:919][  0]LogSlate: Took 0.000764 seconds to synchronously load lazily loaded font '../../../Engine/Content/Slate/Fonts/Roboto-Regular.ttf' (155K)
[2019.01.05-07.00.05:928][  0]LogSlate: Took 0.000600 seconds to synchronously load lazily loaded font '../../../Engine/Content/Slate/Fonts/Roboto-Bold.ttf' (160K)
[2019.01.05-07.00.05:950][  0]LogSlate: Took 0.000604 seconds to synchronously load lazily loaded font '../../../Engine/Content/Editor/Slate/Fonts/FontAwesome.ttf' (139K)
[2019.01.05-07.00.06:105][  0]LogRenderer: Reallocating scene render targets to support 964x416 Format 10 NumSamples 1 (Frame:1).
[2019.01.05-07.00.06:408][  0]LogContentBrowser: Native class hierarchy updated for 'HierarchicalLODOutliner' in 0.0011 seconds. Added 0 classes and 0 folders.
[2019.01.05-07.00.06:409][  0]LogLoad: (Engine Initialization) Total time: 17.63 seconds
[2019.01.05-07.00.06:409][  0]LogLoad: (Engine Initialization) Total Blueprint compile time: 0.00 seconds
[2019.01.05-07.00.06:433][  0]LogWindowsTextInputMethodSystem: Display: IME system now deactivated.
[2019.01.05-07.00.06:523][  0]LogContentStreaming: Texture pool size now 1000 MB
[2019.01.05-07.00.06:645][  2]LogAssetRegistry: Asset discovery search completed in 10.1652 seconds
[2019.01.05-07.00.06:648][  2]LogCollectionManager: Rebuilt the object cache for 0 collections in 0.000000 seconds (found 0 objects)
[2019.01.05-07.00.06:648][  2]LogCollectionManager: Fixed up redirectors for 0 collections in 0.000103 seconds (updated 0 objects)
[2019.01.05-07.00.13:035][179]LogSlate: FSceneViewport::OnFocusLost() reason 0
[2019.01.05-07.00.13:499][185]LogSlate: Took 0.000190 seconds to synchronously load lazily loaded font '../../../Engine/Content/Slate/Fonts/Roboto-Light.ttf' (167K)
[2019.01.05-07.00.13:666][185]LogAIModule: Creating AISystem for world OSC_test
[2019.01.05-07.00.13:680][185]LogAssetEditorManager: Opening Asset editor for World /Game/OSC_test.OSC_test
[2019.01.05-07.00.13:736][185]Cmd: MAP LOAD FILE="../../../../../../Users/luste/Documents/Unreal/Unreal Project/OSCTutorial/Content/OSC_test.umap" TEMPLATE=0 SHOWPROGRESS=1 FEATURELEVEL=3
[2019.01.05-07.00.13:737][185]LightingResults: New page: Lighting Build
[2019.01.05-07.00.13:737][185]LoadErrors: New page: Loading map: OSC_test.umap
[2019.01.05-07.00.13:738][185]MapCheck: New page: Map Check
[2019.01.05-07.00.13:738][185]LightingResults: New page: Lighting Build
[2019.01.05-07.00.13:779][185]LogEditorServer: Finished looking for orphan Actors (0.000 secs)
[2019.01.05-07.00.13:914][185]Cmd: MAP CHECKDEP NOCLEARLOG
[2019.01.05-07.00.13:915][185]MapCheck: Map check complete: 0 Error(s), 0 Warning(s), took 2.475ms to complete.
[2019.01.05-07.00.13:916][185]LogFileHelpers: Loading map 'OSC_test' took 0.181
[2019.01.05-07.00.31:017][334]LogEditorViewport: Clicking on Actor (LMB): BP_Sky_Sphere_C (Sky Sphere)
[2019.01.05-07.00.32:171][368]LogSlate: FSceneViewport::OnFocusLost() reason 0
[2019.01.05-07.00.32:231][369]LogTemp: Repeating last play command: Selected Viewport
[2019.01.05-07.00.32:269][369]LogBlueprintUserMessages: Early PlayInEditor Detection: Level '/Game/OSC_test.OSC_test:PersistentLevel' has LevelScriptBlueprint '/Game/OSC_test.OSC_test:PersistentLevel.OSC_test' with GeneratedClass '/Game/OSC_test.OSC_test_C' with ClassGeneratedBy '/Game/OSC_test.OSC_test:PersistentLevel.OSC_test'
[2019.01.05-07.00.32:269][369]LogOSC: Display: Stop listening
[2019.01.05-07.00.32:281][369]LogOSC: Display: Listen to port 8060
[2019.01.05-07.00.32:281][369]LogPlayLevel: PlayLevel: No blueprints needed recompiling
[2019.01.05-07.00.32:281][369]PIE: New page: PIE session: OSC_test (Jan 4, 2019, 9:00:32 PM)
[2019.01.05-07.00.32:294][369]LogPlayLevel: Creating play world package: /Game/UEDPIE_0_OSC_test
[2019.01.05-07.00.32:299][369]LogPlayLevel: PIE: StaticDuplicateObject took: (0.003956s)
[2019.01.05-07.00.32:299][369]LogAIModule: Creating AISystem for world OSC_test
[2019.01.05-07.00.32:299][369]LogPlayLevel: PIE: World Init took: (0.000562s)
[2019.01.05-07.00.32:299][369]LogPlayLevel: PIE: Created PIE world by copying editor world from /Game/OSC_test.OSC_test to /Game/UEDPIE_0_OSC_test.OSC_test (0.004886s)
[2019.01.05-07.00.32:336][369]LogInit: XAudio2 using 'Speakers (Realtek High Definition Audio)' : 2 channels at 48 kHz using 32 bits per sample (channel mask 0x3)
[2019.01.05-07.00.32:355][369]LogInit: FAudioDevice initialized.
[2019.01.05-07.00.32:407][369]LogLoad: Game class is 'GameModeBase'
[2019.01.05-07.00.32:413][369]LogWorld: Bringing World /Game/UEDPIE_0_OSC_test.OSC_test up for play (max tick rate 60) at 2019.01.05-02.00.32
[2019.01.05-07.00.32:414][369]LogWorld: Bringing up level for play took: 0.002125
[2019.01.05-07.00.32:449][369]LogContentBrowser: Native class hierarchy updated for 'MovieSceneCapture' in 0.0017 seconds. Added 20 classes and 0 folders.
[2019.01.05-07.00.32:451][369]LogBlueprintUserMessages: [OSC_BP_2] BP STARTED
[2019.01.05-07.00.32:452][369]PIE: Play in editor start time for /Game/UEDPIE_0_OSC_test -0.519
[2019.01.05-07.00.32:452][369]LogBlueprintUserMessages: Late PlayInEditor Detection: Level '/Game/OSC_test.OSC_test:PersistentLevel' has LevelScriptBlueprint '/Game/OSC_test.OSC_test:PersistentLevel.OSC_test' with GeneratedClass '/Game/OSC_test.OSC_test_C' with ClassGeneratedBy '/Game/OSC_test.OSC_test:PersistentLevel.OSC_test'
[2019.01.05-07.00.35:958][473]LogBlueprintUserMessages: Early EndPlayMap Detection: Level '/Game/OSC_test.OSC_test:PersistentLevel' has LevelScriptBlueprint '/Game/OSC_test.OSC_test:PersistentLevel.OSC_test' with GeneratedClass '/Game/OSC_test.OSC_test_C' with ClassGeneratedBy '/Game/OSC_test.OSC_test:PersistentLevel.OSC_test'
[2019.01.05-07.00.35:958][473]LogOSC: Display: Stop listening
[2019.01.05-07.00.35:992][473]LogSlate: Updating window title bar state: overlay mode, drag disabled, window buttons hidden, title bar hidden
[2019.01.05-07.00.36:048][473]LogPlayLevel: Display: Shutting down PIE online subsystems
[2019.01.05-07.00.36:049][473]LogBlueprintUserMessages: Late EndPlayMap Detection: Level '/Game/OSC_test.OSC_test:PersistentLevel' has LevelScriptBlueprint '/Game/OSC_test.OSC_test:PersistentLevel.OSC_test' with GeneratedClass '/Game/OSC_test.OSC_test_C' with ClassGeneratedBy '/Game/OSC_test.OSC_test:PersistentLevel.OSC_test'
[2019.01.05-07.00.36:124][473]LogSlate: Updating window title bar state: overlay mode, drag disabled, window buttons hidden, title bar hidden
[2019.01.05-07.00.36:172][474]LogPlayLevel: Display: Destroying online subsystem :Context_1
[2019.01.05-07.00.39:907][576]LogSlate: FSceneViewport::OnFocusLost() reason 0
[2019.01.05-07.00.40:090][579]LogRenderer: Reallocating scene render targets to support 1040x560 Format 10 NumSamples 1 (Frame:259).
[2019.01.05-07.00.51:086][751]LogAssetEditorManager: Opening Asset editor for Blueprint /Game/OSC_BP.OSC_BP
[2019.01.05-07.00.52:945][751]LogContentBrowser: Native class hierarchy updated for 'BlueprintGraph' in 0.0023 seconds. Added 117 classes and 0 folders.
[2019.01.05-07.00.55:683][751]LogSlate: Took 0.000540 seconds to synchronously load lazily loaded font '../../../Engine/Content/Slate/Fonts/Roboto-BoldCondensed.ttf' (158K)
[2019.01.05-07.00.55:928][752]LogSlate: Took 0.001026 seconds to synchronously load lazily loaded font '../../../Engine/Content/Slate/Fonts/Roboto-Italic.ttf' (157K)
[2019.01.05-07.01.15:406][ 55]LogSlate: Window 'OSC_BP' being destroyed
[2019.01.05-07.01.26:332][286]LogAssetEditorManager: Opening Asset editor for Blueprint /Game/OSCSender.OSCSender
[2019.01.05-07.01.51:622][758]LogTemp: Repeating last play command: Selected Viewport
[2019.01.05-07.01.51:696][758]LogBlueprintUserMessages: Early PlayInEditor Detection: Level '/Game/OSC_test.OSC_test:PersistentLevel' has LevelScriptBlueprint '/Game/OSC_test.OSC_test:PersistentLevel.OSC_test' with GeneratedClass '/Game/OSC_test.OSC_test_C' with ClassGeneratedBy '/Game/OSC_test.OSC_test:PersistentLevel.OSC_test'
[2019.01.05-07.01.51:696][758]LogOSC: Display: Stop listening
[2019.01.05-07.01.51:709][758]LogOSC: Display: Listen to port 8060
[2019.01.05-07.01.51:709][758]LogPlayLevel: PlayLevel: No blueprints needed recompiling
[2019.01.05-07.01.51:709][758]PIE: New page: PIE session: OSC_test (Jan 4, 2019, 9:01:51 PM)
[2019.01.05-07.01.51:710][758]LogPlayLevel: Creating play world package: /Game/UEDPIE_0_OSC_test
[2019.01.05-07.01.51:717][758]LogPlayLevel: PIE: StaticDuplicateObject took: (0.007194s)
[2019.01.05-07.01.51:717][758]LogAIModule: Creating AISystem for world OSC_test
[2019.01.05-07.01.51:718][758]LogPlayLevel: PIE: World Init took: (0.001483s)
[2019.01.05-07.01.51:718][758]LogPlayLevel: PIE: Created PIE world by copying editor world from /Game/OSC_test.OSC_test to /Game/UEDPIE_0_OSC_test.OSC_test (0.008991s)
[2019.01.05-07.01.51:826][758]LogInit: XAudio2 using 'Speakers (Realtek High Definition Audio)' : 2 channels at 48 kHz using 32 bits per sample (channel mask 0x3)
[2019.01.05-07.01.51:871][758]LogInit: FAudioDevice initialized.
[2019.01.05-07.01.51:902][758]LogSlate: Updating window title bar state: overlay mode, drag disabled, window buttons hidden, title bar hidden
[2019.01.05-07.01.52:058][758]LogLoad: Game class is 'GameModeBase'
[2019.01.05-07.01.52:063][758]LogWorld: Bringing World /Game/UEDPIE_0_OSC_test.OSC_test up for play (max tick rate 60) at 2019.01.05-02.01.52
[2019.01.05-07.01.52:063][758]LogWorld: Bringing up level for play took: 0.002471
[2019.01.05-07.01.52:081][758]LogBlueprintUserMessages: [OSC_BP_2] BP STARTED
[2019.01.05-07.01.52:087][758]PIE: Play in editor start time for /Game/UEDPIE_0_OSC_test 1.116
[2019.01.05-07.01.52:088][758]LogBlueprintUserMessages: Late PlayInEditor Detection: Level '/Game/OSC_test.OSC_test:PersistentLevel' has LevelScriptBlueprint '/Game/OSC_test.OSC_test:PersistentLevel.OSC_test' with GeneratedClass '/Game/OSC_test.OSC_test_C' with ClassGeneratedBy '/Game/OSC_test.OSC_test:PersistentLevel.OSC_test'
[2019.01.05-07.02.12:283][363]LogSlate: FSceneViewport::OnFocusLost() reason 2
[2019.01.05-07.02.22:646][597]LogBlueprintUserMessages: Early EndPlayMap Detection: Level '/Game/OSC_test.OSC_test:PersistentLevel' has LevelScriptBlueprint '/Game/OSC_test.OSC_test:PersistentLevel.OSC_test' with GeneratedClass '/Game/OSC_test.OSC_test_C' with ClassGeneratedBy '/Game/OSC_test.OSC_test:PersistentLevel.OSC_test'
[2019.01.05-07.02.22:646][597]LogOSC: Display: Stop listening
[2019.01.05-07.02.22:654][597]LogSlate: Updating window title bar state: overlay mode, drag disabled, window buttons hidden, title bar hidden
[2019.01.05-07.02.22:695][597]LogSlate: Window 'OSCTutorial Game Preview Standalone (64-bit/PCD3D_SM5)' being destroyed
[2019.01.05-07.02.22:744][597]LogPlayLevel: Display: Shutting down PIE online subsystems
[2019.01.05-07.02.22:745][597]LogBlueprintUserMessages: Late EndPlayMap Detection: Level '/Game/OSC_test.OSC_test:PersistentLevel' has LevelScriptBlueprint '/Game/OSC_test.OSC_test:PersistentLevel.OSC_test' with GeneratedClass '/Game/OSC_test.OSC_test_C' with ClassGeneratedBy '/Game/OSC_test.OSC_test:PersistentLevel.OSC_test'
[2019.01.05-07.02.22:973][598]LogPlayLevel: Display: Destroying online subsystem :Context_4
[2019.01.05-07.02.41:578][415]LogActorComponent: UnregisterComponent: (/Engine/Transient.EditorFloorComp) Not registered. Aborting.
[2019.01.05-07.02.41:678][415]LogSlate: Window 'OSCTutorial - Unreal Editor' being destroyed
[2019.01.05-07.02.41:680][415]LogWindowsTextInputMethodSystem: Display: IME system now deactivated.
[2019.01.05-07.02.42:183][416]Cmd: QUIT_EDITOR
[2019.01.05-07.02.43:174][416]LogExit: Preparing to exit.
[2019.01.05-07.02.43:504][416]LogOSC: Display: Stop listening
[2019.01.05-07.02.43:589][416]LogExit: Editor shut down
[2019.01.05-07.02.43:589][416]LogExit: Transaction tracking system shut down
[2019.01.05-07.02.44:074][416]LogExit: Object subsystem successfully closed.
[2019.01.05-07.02.44:120][416]LogShaderCompilers: Display: Shaders left to compile 0
[2019.01.05-07.02.44:129][416]LogD3D11RHI: Shutdown
[2019.01.05-07.02.44:129][416]LogD3D11RHI: CleanupD3DDevice
[2019.01.05-07.02.44:132][416]LogD3D11RHI: ~FD3D11DynamicRHI
[2019.01.05-07.02.44:199][416]LogModuleManager: Shutting down and abandoning module BlueprintGraph (634)
[2019.01.05-07.02.44:199][416]LogModuleManager: Shutting down and abandoning module MovieSceneCapture (632)
[2019.01.05-07.02.44:199][416]LogModuleManager: Shutting down and abandoning module Voice (630)
[2019.01.05-07.02.44:199][416]LogModuleManager: Shutting down and abandoning module HierarchicalLODOutliner (628)
[2019.01.05-07.02.44:199][416]LogModuleManager: Shutting down and abandoning module SceneOutliner (626)
[2019.01.05-07.02.44:199][416]LogModuleManager: Shutting down and abandoning module AddContentDialog (624)
[2019.01.05-07.02.44:200][416]LogModuleManager: Shutting down and abandoning module WidgetCarousel (623)
[2019.01.05-07.02.44:200][416]LogModuleManager: Shutting down and abandoning module EditorWidgets (620)
[2019.01.05-07.02.44:200][416]LogModuleManager: Shutting down and abandoning module CollectionManager (618)
[2019.01.05-07.02.44:201][416]LogModuleManager: Shutting down and abandoning module HierarchicalLODUtilities (616)
[2019.01.05-07.02.44:201][416]LogModuleManager: Shutting down and abandoning module StatsViewer (614)
[2019.01.05-07.02.44:201][416]LogModuleManager: Shutting down and abandoning module FoliageEdit (612)
[2019.01.05-07.02.44:201][416]LogModuleManager: Shutting down and abandoning module LandscapeEditor (610)
[2019.01.05-07.02.44:201][416]LogModuleManager: Shutting down and abandoning module MeshPaintMode (608)
[2019.01.05-07.02.44:201][416]LogModuleManager: Shutting down and abandoning module SceneDepthPickerMode (606)
[2019.01.05-07.02.44:201][416]LogModuleManager: Shutting down and abandoning module ActorPickerMode (604)
[2019.01.05-07.02.44:201][416]LogModuleManager: Shutting down and abandoning module GeometryMode (602)
[2019.01.05-07.02.44:201][416]LogModuleManager: Shutting down and abandoning module TextureAlignMode (600)
[2019.01.05-07.02.44:201][416]LogModuleManager: Shutting down and abandoning module BspMode (598)
[2019.01.05-07.02.44:201][416]LogModuleManager: Shutting down and abandoning module PIEPreviewDeviceProfileSelector (596)
[2019.01.05-07.02.44:202][416]LogModuleManager: Shutting down and abandoning module SequenceRecorderSections (594)
[2019.01.05-07.02.44:202][416]LogModuleManager: Shutting down and abandoning module AutomationWorker (592)
[2019.01.05-07.02.44:202][416]LogModuleManager: Shutting down and abandoning module AudioCaptureEditor (590)
[2019.01.05-07.02.44:202][416]LogModuleManager: Shutting down and abandoning module MatineeToLevelSequence (588)
[2019.01.05-07.02.44:202][416]LogModuleManager: Shutting down and abandoning module LevelSequenceEditor (586)
[2019.01.05-07.02.44:202][416]LogModuleManager: Shutting down and abandoning module PlacementMode (585)
[2019.01.05-07.02.44:202][416]LogModuleManager: Shutting down and abandoning module MaterialEditor (584)
[2019.01.05-07.02.44:202][416]LogModuleManager: Shutting down and abandoning module WmfMediaFactory (580)
[2019.01.05-07.02.44:202][416]LogModuleManager: Shutting down and abandoning module WmfMediaEditor (578)
[2019.01.05-07.02.44:202][416]LogModuleManager: Shutting down and abandoning module WebMMediaFactory (576)
[2019.01.05-07.02.44:202][416]LogModuleManager: Shutting down and abandoning module WebMMediaEditor (574)
[2019.01.05-07.02.44:202][416]LogModuleManager: Shutting down and abandoning module WebMMedia (572)
[2019.01.05-07.02.44:202][416]LogModuleManager: Shutting down and abandoning module MediaPlayerEditor (570)
[2019.01.05-07.02.44:203][416]LogModuleManager: Shutting down and abandoning module MediaCompositingEditor (568)
[2019.01.05-07.02.44:203][416]LogModuleManager: Shutting down and abandoning module SequenceRecorder (567)
[2019.01.05-07.02.44:203][416]LogModuleManager: Shutting down and abandoning module OpenExrWrapper (564)
[2019.01.05-07.02.44:203][416]LogModuleManager: Shutting down and abandoning module ImgMediaFactory (562)
[2019.01.05-07.02.44:203][416]LogModuleManager: Shutting down and abandoning module ImgMediaEditor (560)
[2019.01.05-07.02.44:203][416]LogModuleManager: Shutting down and abandoning module AvfMediaFactory (558)
[2019.01.05-07.02.44:203][416]LogModuleManager: Shutting down and abandoning module AvfMediaEditor (556)
[2019.01.05-07.02.44:203][416]LogModuleManager: Shutting down and abandoning module AndroidMediaFactory (554)
[2019.01.05-07.02.44:203][416]LogModuleManager: Shutting down and abandoning module AndroidMediaEditor (552)
[2019.01.05-07.02.44:203][416]LogModuleManager: Shutting down and abandoning module MagicLeapCameraPreviewFactory (550)
[2019.01.05-07.02.44:203][416]LogModuleManager: Shutting down and abandoning module MagicLeapMediaFactory (548)
[2019.01.05-07.02.44:203][416]LogModuleManager: Shutting down and abandoning module MagicLeapMediaEditor (546)
[2019.01.05-07.02.44:203][416]LogModuleManager: Shutting down and abandoning module CharacterAI (544)
[2019.01.05-07.02.44:204][416]LogModuleManager: Shutting down and abandoning module SmartSnapping (542)
[2019.01.05-07.02.44:204][416]LogModuleManager: Shutting down and abandoning module SessionServices (540)
[2019.01.05-07.02.44:204][416]LogModuleManager: Shutting down and abandoning module ViewportSnapping (538)
[2019.01.05-07.02.44:204][416]LogModuleManager: Shutting down and abandoning module ViewportInteraction (536)
[2019.01.05-07.02.44:204][416]LogModuleManager: Shutting down and abandoning module ClothPainter (534)
[2019.01.05-07.02.44:204][416]LogModuleManager: Shutting down and abandoning module SkeletalMeshEditor (533)
[2019.01.05-07.02.44:204][416]LogModuleManager: Shutting down and abandoning module LogVisualizer (530)
[2019.01.05-07.02.44:204][416]LogModuleManager: Shutting down and abandoning module IntroTutorials (528)
[2019.01.05-07.02.44:204][416]LogModuleManager: Shutting down and abandoning module GameProjectGeneration (527)
[2019.01.05-07.02.44:204][416]LogModuleManager: Shutting down and abandoning module LuminPlatformEditor (524)
[2019.01.05-07.02.44:204][416]LogModuleManager: Shutting down and abandoning module IOSPlatformEditor (522)
[2019.01.05-07.02.44:204][416]LogModuleManager: Shutting down and abandoning module HTML5PlatformEditor (520)
[2019.01.05-07.02.44:205][416]LogModuleManager: Shutting down and abandoning module AndroidPlatformEditor (518)
[2019.01.05-07.02.44:205][416]LogModuleManager: Shutting down and abandoning module AndroidDeviceDetection (517)
[2019.01.05-07.02.44:377][416]LogModuleManager: Shutting down and abandoning module WindowsPlatformEditor (514)
[2019.01.05-07.02.44:377][416]LogModuleManager: Shutting down and abandoning module LuminRuntimeSettings (512)
[2019.01.05-07.02.44:378][416]LogModuleManager: Shutting down and abandoning module IOSRuntimeSettings (510)
[2019.01.05-07.02.44:378][416]LogModuleManager: Shutting down and abandoning module AndroidRuntimeSettings (508)
[2019.01.05-07.02.44:378][416]LogModuleManager: Shutting down and abandoning module TimeManagementEditor (506)
[2019.01.05-07.02.44:378][416]LogModuleManager: Shutting down and abandoning module InputBindingEditor (504)
[2019.01.05-07.02.44:378][416]LogModuleManager: Shutting down and abandoning module MergeActors (502)
[2019.01.05-07.02.44:378][416]LogModuleManager: Shutting down and abandoning module LocalizationDashboard (500)
[2019.01.05-07.02.44:378][416]LogModuleManager: Shutting down and abandoning module LocalizationService (499)
[2019.01.05-07.02.44:378][416]LogModuleManager: Shutting down and abandoning module HardwareTargeting (496)
[2019.01.05-07.02.44:378][416]LogModuleManager: Shutting down and abandoning module DeviceProfileEditor (494)
[2019.01.05-07.02.44:378][416]LogModuleManager: Shutting down and abandoning module UndoHistory (492)
[2019.01.05-07.02.44:378][416]LogModuleManager: Shutting down and abandoning module XmlParser (490)
[2019.01.05-07.02.44:378][416]LogModuleManager: Shutting down and abandoning module Blutility (488)
[2019.01.05-07.02.44:378][416]LogModuleManager: Shutting down and abandoning module ProjectSettingsViewer (486)
[2019.01.05-07.02.44:379][416]LogModuleManager: Shutting down and abandoning module ProjectTargetPlatformEditor (485)
[2019.01.05-07.02.44:379][416]LogModuleManager: Shutting down and abandoning module EditorSettingsViewer (482)
[2019.01.05-07.02.44:379][416]LogModuleManager: Shutting down and abandoning module SettingsEditor (480)
[2019.01.05-07.02.44:379][416]LogModuleManager: Shutting down and abandoning module ProjectLauncher (478)
[2019.01.05-07.02.44:379][416]LogModuleManager: Shutting down and abandoning module SessionFrontend (476)
[2019.01.05-07.02.44:379][416]LogModuleManager: Shutting down and abandoning module ProfilerClient (474)
[2019.01.05-07.02.44:379][416]LogModuleManager: Shutting down and abandoning module DeviceManager (472)
[2019.01.05-07.02.44:379][416]LogModuleManager: Shutting down and abandoning module TargetDeviceServices (471)
[2019.01.05-07.02.44:444][416]LogModuleManager: Shutting down and abandoning module AutomationController (468)
[2019.01.05-07.02.44:444][416]LogModuleManager: Shutting down and abandoning module AutomationWindow (466)
[2019.01.05-07.02.44:444][416]LogModuleManager: Shutting down and abandoning module Layers (464)
[2019.01.05-07.02.44:444][416]LogModuleManager: Shutting down and abandoning module ComponentVisualizers (462)
[2019.01.05-07.02.44:444][416]LogModuleManager: Shutting down and abandoning module DetailCustomizations (460)
[2019.01.05-07.02.44:444][416]LogModuleManager: Shutting down and abandoning module PackagesDialog (458)
[2019.01.05-07.02.44:444][416]LogModuleManager: Shutting down and abandoning module Persona (456)
[2019.01.05-07.02.44:444][416]LogModuleManager: Shutting down and abandoning module AdvancedPreviewScene (455)
[2019.01.05-07.02.44:446][416]LogModuleManager: Shutting down and abandoning module AnimGraph (453)
[2019.01.05-07.02.44:446][416]LogModuleManager: Shutting down and abandoning module Kismet (450)
[2019.01.05-07.02.44:456][416]LogModuleManager: Shutting down and abandoning module GraphEditor (448)
[2019.01.05-07.02.44:456][416]LogModuleManager: Shutting down and abandoning module ClassViewer (446)
[2019.01.05-07.02.44:456][416]LogModuleManager: Shutting down and abandoning module Toolbox (444)
[2019.01.05-07.02.44:456][416]LogModuleManager: Shutting down and abandoning module DesktopPlatform (443)
[2019.01.05-07.02.44:456][416]LogModuleManager: Shutting down and abandoning module ModuleUI (440)
[2019.01.05-07.02.44:456][416]LogModuleManager: Shutting down and abandoning module MovieSceneTools (438)
[2019.01.05-07.02.44:456][416]LogModuleManager: Shutting down and abandoning module OutputLog (436)
[2019.01.05-07.02.44:457][416]LogModuleManager: Shutting down and abandoning module GammaUI (434)
[2019.01.05-07.02.44:457][416]LogModuleManager: Shutting down and abandoning module Documentation (432)
[2019.01.05-07.02.44:457][416]LogModuleManager: Shutting down and abandoning module MovieSceneTracks (430)
[2019.01.05-07.02.44:457][416]LogModuleManager: Shutting down and abandoning module MovieScene (428)
[2019.01.05-07.02.44:457][416]LogModuleManager: Shutting down and abandoning module StreamingPauseRendering (426)
[2019.01.05-07.02.44:457][416]LogModuleManager: Shutting down and abandoning module LauncherPlatform (424)
[2019.01.05-07.02.44:457][416]LogModuleManager: Shutting down and abandoning module AnalyticsET (422)
[2019.01.05-07.02.44:457][416]LogModuleManager: Shutting down and abandoning module PortalServices (420)
[2019.01.05-07.02.44:457][416]LogModuleManager: Shutting down and abandoning module PortalRpc (418)
[2019.01.05-07.02.44:457][416]LogModuleManager: Shutting down and abandoning module MessagingRpc (416)
[2019.01.05-07.02.44:457][416]LogModuleManager: Shutting down and abandoning module AIModule (414)
[2019.01.05-07.02.44:457][416]LogModuleManager: Shutting down and abandoning module GameplayDebugger (413)
[2019.01.05-07.02.44:457][416]LogModuleManager: Shutting down and abandoning module AITestSuite (411)
[2019.01.05-07.02.44:457][416]LogModuleManager: Shutting down and abandoning module NavigationSystem (409)
[2019.01.05-07.02.44:457][416]LogModuleManager: Shutting down and abandoning module ImageWriteQueue (406)
[2019.01.05-07.02.44:467][416]LogModuleManager: Shutting down and abandoning module ProfilerService (404)
[2019.01.05-07.02.44:612][416]LogModuleManager: Shutting down and abandoning module TaskGraph (402)
[2019.01.05-07.02.44:612][416]LogModuleManager: Shutting down and abandoning module SteamVRController (400)
[2019.01.05-07.02.44:612][416]LogModuleManager: Shutting down and abandoning module ProceduralMeshComponentEditor (398)
[2019.01.05-07.02.44:612][416]LogModuleManager: Shutting down and abandoning module ProceduralMeshComponent (396)
[2019.01.05-07.02.44:612][416]LogModuleManager: Shutting down and abandoning module OculusInput (394)
[2019.01.05-07.02.44:613][416]LogModuleManager: Shutting down and abandoning module MobilePatchingUtils (392)
[2019.01.05-07.02.44:613][416]LogModuleManager: Shutting down and abandoning module EditableMesh (390)
[2019.01.05-07.02.44:613][416]LogModuleManager: Shutting down and abandoning module CustomMeshComponent (388)
[2019.01.05-07.02.44:613][416]LogModuleManager: Shutting down and abandoning module CableComponent (386)
[2019.01.05-07.02.44:613][416]LogModuleManager: Shutting down and abandoning module AudioCapture (384)
[2019.01.05-07.02.44:613][416]LogModuleManager: Shutting down and abandoning module ArchVisCharacter (382)
[2019.01.05-07.02.44:613][416]LogModuleManager: Shutting down and abandoning module AndroidPermission (380)
[2019.01.05-07.02.44:613][416]LogModuleManager: Shutting down and abandoning module NUTUnrealEngine4 (378)
[2019.01.05-07.02.44:613][416]LogModuleManager: Shutting down and abandoning module NetcodeUnitTest (376)
[2019.01.05-07.02.44:613][416]LogModuleManager: Shutting down and abandoning module MediaCompositing (374)
[2019.01.05-07.02.44:613][416]LogModuleManager: Shutting down and abandoning module LinearTimecode (372)
[2019.01.05-07.02.44:613][416]LogModuleManager: Shutting down and abandoning module ImgMedia (370)
[2019.01.05-07.02.44:624][416]LogModuleManager: Shutting down and abandoning module HTML5Networking (368)
[2019.01.05-07.02.44:624][416]LogModuleManager: Shutting down and abandoning module GeometryCacheTracks (366)
[2019.01.05-07.02.44:625][416]LogModuleManager: Shutting down and abandoning module GeometryCacheSequencer (364)
[2019.01.05-07.02.44:625][416]LogModuleManager: Shutting down and abandoning module BackChannel (362)
[2019.01.05-07.02.44:625][416]LogModuleManager: Shutting down and abandoning module AppleVision (360)
[2019.01.05-07.02.44:625][416]LogModuleManager: Shutting down and abandoning module AppleImageUtilsBlueprintSupport (358)
[2019.01.05-07.02.44:625][416]LogModuleManager: Shutting down and abandoning module AppleImageUtils (356)
[2019.01.05-07.02.44:625][416]LogModuleManager: Shutting down and abandoning module AlembicImporter (354)
[2019.01.05-07.02.44:625][416]LogModuleManager: Shutting down and abandoning module AlembicLibrary (353)
[2019.01.05-07.02.44:625][416]LogModuleManager: Shutting down and abandoning module GeometryCache (352)
[2019.01.05-07.02.44:625][416]LogModuleManager: Shutting down and abandoning module GeometryCacheEd (351)
[2019.01.05-07.02.44:625][416]LogModuleManager: Shutting down and abandoning module VariantManagerContent (346)
[2019.01.05-07.02.44:625][416]LogModuleManager: Shutting down and abandoning module DatasmithContentEditor (344)
[2019.01.05-07.02.44:625][416]LogModuleManager: Shutting down and abandoning module SpeedTreeImporter (342)
[2019.01.05-07.02.44:625][416]LogModuleManager: Shutting down and abandoning module PluginBrowser (340)
[2019.01.05-07.02.44:626][416]LogModuleManager: Shutting down and abandoning module MobileLauncherProfileWizard (338)
[2019.01.05-07.02.44:626][416]LogModuleManager: Shutting down and abandoning module PolygonModeling (336)
[2019.01.05-07.02.44:626][416]LogModuleManager: Shutting down and abandoning module MeshEditor (334)
[2019.01.05-07.02.44:626][416]LogModuleManager: Shutting down and abandoning module CryptoKeysOpenSSL (332)
[2019.01.05-07.02.44:626][416]LogModuleManager: Shutting down and abandoning module CryptoKeys (330)
[2019.01.05-07.02.44:626][416]LogModuleManager: Shutting down and abandoning module VisualStudioSourceCodeAccess (328)
[2019.01.05-07.02.44:626][416]LogModuleManager: Shutting down and abandoning module VisualStudioCodeSourceCodeAccess (326)
[2019.01.05-07.02.44:626][416]LogModuleManager: Shutting down and abandoning module UObjectPlugin (324)
[2019.01.05-07.02.44:626][416]LogModuleManager: Shutting down and abandoning module SubversionSourceControl (322)
[2019.01.05-07.02.44:626][416]LogModuleManager: Shutting down and abandoning module PerforceSourceControl (320)
[2019.01.05-07.02.44:626][416]LogModuleManager: Shutting down and abandoning module GitSourceControl (318)
[2019.01.05-07.02.44:626][416]LogModuleManager: Shutting down and abandoning module SourceControl (317)
[2019.01.05-07.02.44:627][416]LogModuleManager: Shutting down and abandoning module CLionSourceCodeAccess (314)
[2019.01.05-07.02.44:627][416]LogModuleManager: Shutting down and abandoning module ActorLayerUtilitiesEditor (312)
[2019.01.05-07.02.44:627][416]LogModuleManager: Shutting down and abandoning module ActorLayerUtilities (310)
[2019.01.05-07.02.44:627][416]LogModuleManager: Shutting down and abandoning module LightPropagationVolumeEditor (308)
[2019.01.05-07.02.44:627][416]LogModuleManager: Shutting down and abandoning module PaperTiledImporter (306)
[2019.01.05-07.02.44:627][416]LogModuleManager: Shutting down and abandoning module PaperSpriteSheetImporter (304)
[2019.01.05-07.02.44:627][416]LogModuleManager: Shutting down and abandoning module Paper2DEditor (302)
[2019.01.05-07.02.44:627][416]LogModuleManager: Shutting down and abandoning module MeshPaint (301)
[2019.01.05-07.02.44:628][416]LogModuleManager: Shutting down and abandoning module OSCTutorial (298)
[2019.01.05-07.02.44:628][416]LogModuleManager: Shutting down and abandoning module OSC (296)
[2019.01.05-07.02.44:628][416]LogOSC: Display: Shutdown
[2019.01.05-07.02.44:628][416]LogModuleManager: Shutting down and abandoning module RuntimePhysXCooking (294)
[2019.01.05-07.02.44:628][416]LogModuleManager: Shutting down and abandoning module PhysXVehiclesEditor (292)
[2019.01.05-07.02.44:628][416]LogModuleManager: Shutting down and abandoning module PhysXVehicles (290)
[2019.01.05-07.02.44:628][416]LogModuleManager: Shutting down and abandoning module OculusEditor (288)
[2019.01.05-07.02.44:629][416]LogModuleManager: Shutting down and abandoning module LocationServicesBPLibrary (286)
[2019.01.05-07.02.44:629][416]LogModuleManager: Shutting down and abandoning module ActorSequence (284)
[2019.01.05-07.02.44:629][416]LogModuleManager: Shutting down and abandoning module UdpMessaging (282)
[2019.01.05-07.02.44:730][416]LogModuleManager: Shutting down and abandoning module TcpMessaging (280)
[2019.01.05-07.02.44:830][416]LogModuleManager: Shutting down and abandoning module MagicLeapAudio (278)
[2019.01.05-07.02.44:830][416]LogModuleManager: Shutting down and abandoning module GameplayTagsEditor (276)
[2019.01.05-07.02.44:830][416]LogModuleManager: Shutting down and abandoning module FacialAnimationEditor (274)
[2019.01.05-07.02.44:830][416]LogModuleManager: Shutting down and abandoning module FacialAnimation (272)
[2019.01.05-07.02.44:830][416]LogModuleManager: Shutting down and abandoning module DataValidation (270)
[2019.01.05-07.02.44:830][416]LogModuleManager: Shutting down and abandoning module AssetManagerEditor (268)
[2019.01.05-07.02.44:830][416]LogModuleManager: Shutting down and abandoning module LevelEditor (267)
[2019.01.05-07.02.44:832][416]LogModuleManager: Shutting down and abandoning module PixelInspectorModule (266)
[2019.01.05-07.02.44:832][416]LogModuleManager: Shutting down and abandoning module CommonMenuExtensions (264)
[2019.01.05-07.02.44:832][416]LogModuleManager: Shutting down and abandoning module MainFrame (262)
[2019.01.05-07.02.44:833][416]LogModuleManager: Shutting down and abandoning module HotReload (261)
[2019.01.05-07.02.44:834][416]LogModuleManager: Shutting down and abandoning module ContentBrowser (257)
[2019.01.05-07.02.44:836][416]LogModuleManager: Shutting down and abandoning module TreeMap (255)
[2019.01.05-07.02.44:837][416]LogModuleManager: Shutting down and abandoning module LightPropagationVolumeRuntime (252)
[2019.01.05-07.02.44:837][416]LogModuleManager: Shutting down and abandoning module AISupportModule (250)
[2019.01.05-07.02.44:837][416]LogModuleManager: Shutting down and abandoning module Paper2D (248)
[2019.01.05-07.02.44:837][416]LogModuleManager: Shutting down and abandoning module WindowsMoviePlayer (246)
[2019.01.05-07.02.44:837][416]LogModuleManager: Shutting down and abandoning module WebMMoviePlayer (244)
[2019.01.05-07.02.44:837][416]LogModuleManager: Shutting down and abandoning module WmfMedia (242)
[2019.01.05-07.02.44:842][416]LogModuleManager: Shutting down and abandoning module Media (241)
[2019.01.05-07.02.44:850][416]LogModuleManager: Shutting down and abandoning module PacketHandler (238)
[2019.01.05-07.02.44:850][416]LogModuleManager: Shutting down and abandoning module ClothingSystemEditor (236)
[2019.01.05-07.02.44:850][416]LogModuleManager: Shutting down and abandoning module ClothingSystemRuntime (234)
[2019.01.05-07.02.44:850][416]LogModuleManager: Shutting down and abandoning module MediaAssets (232)
[2019.01.05-07.02.44:850][416]LogModuleManager: Shutting down and abandoning module Overlay (230)
[2019.01.05-07.02.44:850][416]LogModuleManager: Shutting down and abandoning module OverlayEditor (229)
[2019.01.05-07.02.44:850][416]LogModuleManager: Shutting down and abandoning module VREditor (226)
[2019.01.05-07.02.44:850][416]LogModuleManager: Shutting down and abandoning module StringTableEditor (224)
[2019.01.05-07.02.44:850][416]LogModuleManager: Shutting down and abandoning module GameplayTasksEditor (222)
[2019.01.05-07.02.44:850][416]LogModuleManager: Shutting down and abandoning module BehaviorTreeEditor (220)
[2019.01.05-07.02.44:850][416]LogModuleManager: Shutting down and abandoning module FunctionalTesting (218)
[2019.01.05-07.02.44:850][416]LogModuleManager: Shutting down and abandoning module CollisionAnalyzer (216)
[2019.01.05-07.02.44:850][416]LogModuleManager: Shutting down and abandoning module WorkspaceMenuStructure (215)
[2019.01.05-07.02.44:850][416]LogModuleManager: Shutting down and abandoning module UMG (212)
[2019.01.05-07.02.44:850][416]LogModuleManager: Shutting down and abandoning module UMGEditor (211)
[2019.01.05-07.02.44:850][416]LogModuleManager: Shutting down and abandoning module Sequencer (210)
[2019.01.05-07.02.44:850][416]LogModuleManager: Shutting down and abandoning module MessageLog (207)
[2019.01.05-07.02.44:851][416]LogModuleManager: Shutting down and abandoning module SlateReflector (202)
[2019.01.05-07.02.44:851][416]LogModuleManager: Shutting down and abandoning module Slate (200)
[2019.01.05-07.02.44:851][416]LogModuleManager: Shutting down and abandoning module EditorStyle (198)
[2019.01.05-07.02.44:856][416]LogModuleManager: Shutting down and abandoning module MRMesh (196)
[2019.01.05-07.02.44:856][416]LogModuleManager: Shutting down and abandoning module SourceCodeAccess (194)
[2019.01.05-07.02.44:856][416]LogModuleManager: Shutting down and abandoning module HeadMountedDisplay (192)
[2019.01.05-07.02.44:856][416]LogModuleManager: Shutting down and abandoning module XAudio2 (190)
[2019.01.05-07.02.44:856][416]LogModuleManager: Shutting down and abandoning module Networking (188)
[2019.01.05-07.02.44:856][416]LogModuleManager: Shutting down and abandoning module Core (186)
[2019.01.05-07.02.44:856][416]LogModuleManager: Shutting down and abandoning module LevelSequence (184)
[2019.01.05-07.02.44:856][416]LogModuleManager: Shutting down and abandoning module KismetCompiler (182)
[2019.01.05-07.02.44:856][416]LogModuleManager: Shutting down and abandoning module MeshUtilities (180)
[2019.01.05-07.02.44:856][416]LogModuleManager: Shutting down and abandoning module MeshMergeUtilities (179)
[2019.01.05-07.02.44:856][416]LogModuleManager: Shutting down and abandoning module MeshReductionInterface (178)
[2019.01.05-07.02.44:856][416]LogModuleManager: Shutting down and abandoning module SimplygonSwarm (177)
[2019.01.05-07.02.44:856][416]LogModuleManager: Shutting down and abandoning module ProxyLODMeshReduction (175)
[2019.01.05-07.02.44:856][416]LogModuleManager: Shutting down and abandoning module SimplygonMeshReduction (173)
[2019.01.05-07.02.44:857][416]LogModuleManager: Shutting down and abandoning module QuadricMeshReduction (171)
[2019.01.05-07.02.44:857][416]LogModuleManager: Shutting down and abandoning module MaterialBaking (167)
[2019.01.05-07.02.44:858][416]LogModuleManager: Shutting down and abandoning module DirectoryWatcher (163)
[2019.01.05-07.02.44:858][416]LogModuleManager: Shutting down and abandoning module DerivedDataCache (160)
[2019.01.05-07.02.44:912][416]LogDerivedDataCache: Shutdown
[2019.01.05-07.02.44:912][416]LogModuleManager: Shutting down and abandoning module XGEController (158)
[2019.01.05-07.02.44:912][416]LogXGEController: Cleaning working directory: C:/Users/luste/AppData/Local/Temp/UnrealXGEWorkingDir/
[2019.01.05-07.02.44:912][416]LogModuleManager: Shutting down and abandoning module TargetPlatform (156)
[2019.01.05-07.02.44:912][416]LogModuleManager: Shutting down and abandoning module VulkanShaderFormat (155)
[2019.01.05-07.02.44:912][416]LogModuleManager: Shutting down and abandoning module ShaderFormatVectorVM (153)
[2019.01.05-07.02.44:912][416]LogModuleManager: Shutting down and abandoning module ShaderFormatOpenGL (151)
[2019.01.05-07.02.44:913][416]LogModuleManager: Shutting down and abandoning module ShaderFormatD3D (149)
[2019.01.05-07.02.44:913][416]LogModuleManager: Shutting down and abandoning module MetalShaderFormat (147)
[2019.01.05-07.02.44:913][416]LogModuleManager: Shutting down and abandoning module TextureFormatUncompressed (145)
[2019.01.05-07.02.44:913][416]LogModuleManager: Shutting down and abandoning module TextureFormatPVR (143)
[2019.01.05-07.02.44:913][416]LogModuleManager: Shutting down and abandoning module TextureFormatDXT (141)
[2019.01.05-07.02.44:913][416]LogModuleManager: Shutting down and abandoning module TextureFormatIntelISPCTexComp (139)
[2019.01.05-07.02.44:913][416]LogModuleManager: Shutting down and abandoning module TextureFormatASTC (137)
[2019.01.05-07.02.44:913][416]LogModuleManager: Shutting down and abandoning module ImageWrapper (136)
[2019.01.05-07.02.44:913][416]LogModuleManager: Shutting down and abandoning module TextureFormatAndroid (133)
[2019.01.05-07.02.44:913][416]LogModuleManager: Shutting down and abandoning module AudioFormatOpus (131)
[2019.01.05-07.02.44:913][416]LogModuleManager: Shutting down and abandoning module AudioFormatOgg (129)
[2019.01.05-07.02.44:913][416]LogModuleManager: Shutting down and abandoning module AudioFormatADPCM (127)
[2019.01.05-07.02.44:913][416]LogModuleManager: Shutting down and abandoning module LuminTargetPlatform (125)
[2019.01.05-07.02.44:915][416]LogModuleManager: Shutting down and abandoning module LinuxTargetPlatform (123)
[2019.01.05-07.02.44:915][416]LogModuleManager: Shutting down and abandoning module LinuxServerTargetPlatform (121)
[2019.01.05-07.02.44:915][416]LogModuleManager: Shutting down and abandoning module LinuxNoEditorTargetPlatform (119)
[2019.01.05-07.02.44:915][416]LogModuleManager: Shutting down and abandoning module LinuxClientTargetPlatform (117)
[2019.01.05-07.02.44:915][416]LogModuleManager: Shutting down and abandoning module TVOSTargetPlatform (115)
[2019.01.05-07.02.44:917][416]LogModuleManager: Shutting down and abandoning module Messaging (113)
[2019.01.05-07.02.44:917][416]LogModuleManager: Shutting down and abandoning module IOSTargetPlatform (111)
[2019.01.05-07.02.44:919][416]LogModuleManager: Shutting down and abandoning module HTML5TargetPlatform (109)
[2019.01.05-07.02.44:919][416]LogModuleManager: Shutting down and abandoning module AndroidTargetPlatform (107)
[2019.01.05-07.02.44:935][416]LogModuleManager: Shutting down and abandoning module WindowsTargetPlatform (105)
[2019.01.05-07.02.44:935][416]LogModuleManager: Shutting down and abandoning module WindowsServerTargetPlatform (103)
[2019.01.05-07.02.44:935][416]LogModuleManager: Shutting down and abandoning module WindowsNoEditorTargetPlatform (101)
[2019.01.05-07.02.44:935][416]LogModuleManager: Shutting down and abandoning module WindowsClientTargetPlatform (99)
[2019.01.05-07.02.44:935][416]LogModuleManager: Shutting down and abandoning module MacTargetPlatform (97)
[2019.01.05-07.02.44:935][416]LogModuleManager: Shutting down and abandoning module MacServerTargetPlatform (95)
[2019.01.05-07.02.44:935][416]LogModuleManager: Shutting down and abandoning module MacNoEditorTargetPlatform (93)
[2019.01.05-07.02.44:935][416]LogModuleManager: Shutting down and abandoning module MacClientTargetPlatform (91)
[2019.01.05-07.02.44:935][416]LogModuleManager: Shutting down and abandoning module AllDesktopTargetPlatform (89)
[2019.01.05-07.02.44:935][416]LogModuleManager: Shutting down and abandoning module InputCore (86)
[2019.01.05-07.02.44:935][416]LogModuleManager: Shutting down and abandoning module Settings (84)
[2019.01.05-07.02.44:935][416]LogModuleManager: Shutting down and abandoning module PhysXCooking (82)
[2019.01.05-07.02.44:935][416]LogModuleManager: Shutting down and abandoning module SteamVR (80)
[2019.01.05-07.02.44:935][416]LogHMD: Freeing OpenVRDLLHandle.
[2019.01.05-07.02.44:935][416]LogModuleManager: Shutting down and abandoning module OculusHMD (78)
[2019.01.05-07.02.44:935][416]LogModuleManager: Shutting down and abandoning module ExampleDeviceProfileSelector (76)
[2019.01.05-07.02.44:935][416]LogModuleManager: Shutting down and abandoning module LauncherChunkInstaller (74)
[2019.01.05-07.02.44:936][416]LogModuleManager: Shutting down and abandoning module OnlineBlueprintSupport (72)
[2019.01.05-07.02.44:936][416]LogModuleManager: Shutting down and abandoning module OnlineSubsystem (68)
[2019.01.05-07.02.44:937][416]LogModuleManager: Shutting down and abandoning module XMPP (63)
[2019.01.05-07.02.44:937][416]LogModuleManager: Shutting down and abandoning module WebSockets (62)
[2019.01.05-07.02.44:946][416]LogModuleManager: Shutting down and abandoning module HTTP (59)
[2019.01.05-07.02.44:946][416]LogHttp: Display: Http module shutting down, but needs to wait on 1 outstanding Http requests:
[2019.01.05-07.02.44:946][416]LogHttp: Display: 	verb=[POST] url=[https://datarouter.ol.epicgames.com/datarouter/api/v1/public/data?SessionID=%7BB593DD2F-48BF-3844-7274-C1984D04F17F%7D&AppID=UEEditor.Rocket.Release&AppVersion=4.21.1-4613538%2B%2B%2BUE4%2BRelease-4.21&UserID=ad2ce3c842b0a61f8505f3bb91271840%7C5ac4efb3fdd94efd9448d5abd0820c37%7C3f082654-9d54-4b7d-bcd7-107a6bee479d&AppEnvironment=datacollector-binary&UploadType=eteventstream] status=Processing
[2019.01.05-07.02.44:974][416]LogModuleManager: Shutting down and abandoning module SSL (58)
[2019.01.05-07.02.44:979][416]LogModuleManager: Shutting down and abandoning module MagicLeapIdentity (54)
[2019.01.05-07.02.44:979][416]LogModuleManager: Shutting down and abandoning module MagicLeapHelperVulkan (52)
[2019.01.05-07.02.44:979][416]LogModuleManager: Shutting down and abandoning module MagicLeapHelperOpenGL (50)
[2019.01.05-07.02.44:979][416]LogModuleManager: Shutting down and abandoning module MagicLeapSecureStorage (48)
[2019.01.05-07.02.44:979][416]LogModuleManager: Shutting down and abandoning module MagicLeapHandTracking (46)
[2019.01.05-07.02.44:979][416]LogModuleManager: Shutting down and abandoning module MagicLeapEyeTracker (44)
[2019.01.05-07.02.44:979][416]LogModuleManager: Shutting down and abandoning module MagicLeapController (42)
[2019.01.05-07.02.44:979][416]LogSlate: Slate User Destroyed.  User Index 0, Is Virtual User: 0
[2019.01.05-07.02.44:979][416]LogModuleManager: Shutting down and abandoning module MagicLeap (40)
[2019.01.05-07.02.44:980][416]LogModuleManager: Shutting down and abandoning module DatasmithContent (38)
[2019.01.05-07.02.44:981][416]LogModuleManager: Shutting down and abandoning module AnimationModifiers (36)
[2019.01.05-07.02.44:981][416]LogModuleManager: Shutting down and abandoning module PropertyEditor (35)
[2019.01.05-07.02.44:981][416]LogModuleManager: Shutting down and abandoning module AudioEditor (32)
[2019.01.05-07.02.44:981][416]LogModuleManager: Shutting down and abandoning module TextureCompressor (30)
[2019.01.05-07.02.44:981][416]LogModuleManager: Shutting down and abandoning module ShaderCore (28)
[2019.01.05-07.02.44:981][416]LogModuleManager: Shutting down and abandoning module Landscape (26)
[2019.01.05-07.02.44:982][416]LogModuleManager: Shutting down and abandoning module SlateRHIRenderer (24)
[2019.01.05-07.02.44:983][416]LogModuleManager: Shutting down and abandoning module OpenGLDrv (22)
[2019.01.05-07.02.44:983][416]LogModuleManager: Shutting down and abandoning module D3D11RHI (20)
[2019.01.05-07.02.44:983][416]LogModuleManager: Shutting down and abandoning module AnimGraphRuntime (18)
[2019.01.05-07.02.44:983][416]LogModuleManager: Shutting down and abandoning module Renderer (16)
[2019.01.05-07.02.44:983][416]LogModuleManager: Shutting down and abandoning module Engine (14)
[2019.01.05-07.02.44:983][416]LogModuleManager: Shutting down and abandoning module CoreUObject (12)
[2019.01.05-07.02.44:983][416]LogModuleManager: Shutting down and abandoning module NetworkFile (10)
[2019.01.05-07.02.44:983][416]LogModuleManager: Shutting down and abandoning module CookedIterativeFile (8)
[2019.01.05-07.02.44:984][416]LogModuleManager: Shutting down and abandoning module StreamingFile (6)
[2019.01.05-07.02.44:984][416]LogModuleManager: Shutting down and abandoning module SandboxFile (4)
[2019.01.05-07.02.44:984][416]LogModuleManager: Shutting down and abandoning module PakFile (2)
[2019.01.05-07.02.45:007][416]LogExit: Exiting.
[2019.01.05-07.02.45:017][416]Log file closed, 01/05/19 02:02:45
